INFO:Loader:Loader started
INFO:Loader:Total loading time: 1
INFO:Joiner:Started Joiner
INFO:Joiner Init:Initialize link took:  0
INFO:Joiner Filtering:Filtering time 130
INFO:Joiner Filtering:Number of node processed:  1050
INFO:Joiner Filtering:Number of node filtered:  133
INFO:Joiner Filtering:Average filtering time for one node: 0
INFO:Joiner Validating:Number of remaining leaf nodes after Filtering: 804
INFO:Joiner Validating:Number of remaining leaf nodes of root after validation: 3
INFO:Joiner Validating:validation time 169
INFO:Joiner Validating:Results: 
INFO:Joiner Validating:Node: Orderline:[['1.1064.10', '1.689.15'], [43728.0, 43753.0]]
INFO:Joiner Validating:Entry: ['1.1601.10', 43749.0]
INFO:Joiner Validating:{'Orderline': '1.1601.10', 'asin': '1.1601.10.2', 'price': None}{'Orderline': 43749.0, 'asin': 76469.0, 'price': None}
INFO:Joiner Validating:Node: Orderline:[['1.1230.10', '1.899.25'], [44074.0, 44106.0]]
INFO:Joiner Validating:Entry: ['1.1745.20', 44106.0]
INFO:Joiner Validating:{'Orderline': '1.1745.20', 'asin': '1.1745.20.2', 'price': None}{'Orderline': 44106.0, 'asin': 40727.0, 'price': None}
INFO:Joiner Validating:Node: Orderline:[['1.140.15', '1.599.5'], [45060.0, 45104.0]]
INFO:Joiner Validating:Entry: ['1.1851.15', 45088.0]
INFO:Joiner Validating:{'Orderline': '1.1851.15', 'asin': '1.1851.15.2', 'price': '1.1851.15.4'}{'Orderline': 45088.0, 'asin': 31739.0, 'price': 176505.0}
INFO:Joiner Validating:Entry: ['1.1492.15', 45091.0]
INFO:Joiner Validating:{'Orderline': '1.1492.15', 'asin': None, 'price': None}{'Orderline': 45091.0, 'asin': 46625.0, 'price': None}
INFO:Main:#####################
INFO:Main:#####################
INFO:Main:#####################
