INFO:Main:Initialize link took:  0
INFO:Main:query root node Orderline:[['1.1.10', '1.999.5'], [5002.0, 49998.0]] filter time: 0 filtered: False 
INFO:Main:query root node Orderline:[['1.1.10', '1.999.5'], [5002.0, 49917.0]] filter time: 0 filtered: False 
INFO:Main:query root node Orderline:[['1.108.10', '1.895.20'], [49922.0, 49998.0]] filter time: 0 filtered: True Value Filter: Orderline_asin is empty
INFO:Main:query root node Orderline:[['1.1.5', '1.999.20'], [5002.0, 9543.0]] filter time: 0 filtered: False 
INFO:Main:query root node Orderline:[['1.1000.25', '1.999.15'], [9545.0, 14003.0]] filter time: 0 filtered: True Value Filter: Orderline_asin is empty
INFO:Main:query root node Orderline:[['1.1000.25', '1.999.15'], [9545.0, 14003.0]] filter time: 0 filtered: True Value Filter: Orderline_asin is empty
INFO:Main:query root node Orderline:[['1.10.10', '1.995.5'], [14004.0, 18680.0]] filter time: 0 filtered: True Value Filter: Orderline_asin is empty
INFO:Main:query root node Orderline:[['1.10.10', '1.995.5'], [14004.0, 18680.0]] filter time: 0 filtered: True Value Filter: Orderline_asin is empty
INFO:Main:query root node Orderline:[['1.100.10', '1.998.15'], [18686.0, 23320.0]] filter time: 0 filtered: True Value Filter: Orderline_asin is empty
INFO:Main:query root node Orderline:[['1.100.10', '1.998.15'], [18686.0, 23320.0]] filter time: 0 filtered: True Value Filter: Orderline_asin is empty
INFO:Main:query root node Orderline:[['1.1002.20', '1.998.20'], [23321.0, 27800.0]] filter time: 0 filtered: True Value Filter: Orderline_asin is empty
INFO:Main:query root node Orderline:[['1.1002.20', '1.998.20'], [23321.0, 27800.0]] filter time: 0 filtered: True Value Filter: Orderline_asin is empty
INFO:Main:query root node Orderline:[['1.1.20', '1.999.5'], [27801.0, 32179.0]] filter time: 0 filtered: True Value Filter: Orderline_asin is empty
INFO:Main:query root node Orderline:[['1.1.20', '1.999.5'], [27801.0, 32179.0]] filter time: 0 filtered: True Value Filter: Orderline_asin is empty
INFO:Main:query root node Orderline:[['1.10.20', '1.999.25'], [32181.0, 36670.0]] filter time: 0 filtered: True Value Filter: Orderline_asin is empty
INFO:Main:query root node Orderline:[['1.10.20', '1.999.25'], [32181.0, 36670.0]] filter time: 0 filtered: True Value Filter: Orderline_asin is empty
INFO:Main:query root node Orderline:[['1.100.20', '1.997.5'], [36672.0, 41127.0]] filter time: 0 filtered: True Value Filter: Orderline_asin is empty
INFO:Main:query root node Orderline:[['1.100.20', '1.997.5'], [36672.0, 41127.0]] filter time: 0 filtered: True Value Filter: Orderline_asin is empty
INFO:Main:query root node Orderline:[['1.1.10', '1.998.5'], [41130.0, 45523.0]] filter time: 0 filtered: True Value Filter: Orderline_asin is empty
INFO:Main:query root node Orderline:[['1.1.10', '1.998.5'], [41130.0, 45523.0]] filter time: 0 filtered: True Value Filter: Orderline_asin is empty
INFO:Main:query root node Orderline:[['1.1.10', '1.998.5'], [41130.0, 45523.0]] filter time: 0 filtered: True Value Filter: Orderline_asin is empty
INFO:Main:query root node Orderline:[['1.1.25', '1.992.5'], [45526.0, 49917.0]] filter time: 0 filtered: False 
INFO:Main:query root node Orderline:[['1.1022.15', '1.999.20'], [5002.0, 5399.0]] filter time: 0 filtered: False 
INFO:Main:query root node Orderline:[['1.1013.10', '1.990.5'], [5408.0, 5859.0]] filter time: 0 filtered: True Value Filter: Orderline_asin is empty
INFO:Main:query root node Orderline:[['1.1013.10', '1.990.5'], [5408.0, 5859.0]] filter time: 0 filtered: True Value Filter: Orderline_asin is empty
INFO:Main:query root node Orderline:[['1.1053.15', '1.994.5'], [5869.0, 6347.0]] filter time: 0 filtered: True Value Filter: Orderline_asin is empty
INFO:Main:query root node Orderline:[['1.1053.15', '1.994.5'], [5869.0, 6347.0]] filter time: 0 filtered: True Value Filter: Orderline_asin is empty
INFO:Main:query root node Orderline:[['1.1013.15', '1.973.20'], [6354.0, 6818.0]] filter time: 0 filtered: True Value Filter: Orderline_asin is empty
INFO:Main:query root node Orderline:[['1.1013.15', '1.973.20'], [6354.0, 6818.0]] filter time: 0 filtered: True Value Filter: Orderline_asin is empty
INFO:Main:query root node Orderline:[['1.1013.15', '1.973.20'], [6354.0, 6818.0]] filter time: 0 filtered: True Value Filter: Orderline_asin is empty
INFO:Main:query root node Orderline:[['1.1035.5', '1.981.5'], [6826.0, 7185.0]] filter time: 0 filtered: True Value Filter: Orderline_asin is empty
INFO:Main:query root node Orderline:[['1.1035.5', '1.981.5'], [6826.0, 7185.0]] filter time: 0 filtered: True Value Filter: Orderline_asin is empty
INFO:Main:query root node Orderline:[['1.1000.10', '1.947.10'], [7187.0, 7637.0]] filter time: 0 filtered: False 
INFO:Main:query root node Orderline:[['1.1002.25', '1.976.20'], [7639.0, 8055.0]] filter time: 0 filtered: False 
INFO:Main:query root node Orderline:[['1.1.5', '1.99.15'], [8056.0, 8517.0]] filter time: 0 filtered: True Value Filter: Orderline_asin is empty
INFO:Main:query root node Orderline:[['1.1.5', '1.99.15'], [8056.0, 8517.0]] filter time: 0 filtered: True Value Filter: Orderline_asin is empty
INFO:Main:query root node Orderline:[['1.1056.10', '1.959.25'], [8518.0, 8988.0]] filter time: 0 filtered: True Value Filter: Orderline_asin is empty
INFO:Main:query root node Orderline:[['1.1056.10', '1.959.25'], [8518.0, 8988.0]] filter time: 0 filtered: True Value Filter: Orderline_asin is empty
INFO:Main:query root node Orderline:[['1.1009.20', '1.998.10'], [8995.0, 9543.0]] filter time: 0 filtered: True Value Filter: Orderline_asin is empty
INFO:Main:query root node Orderline:[['1.1009.20', '1.998.10'], [8995.0, 9543.0]] filter time: 0 filtered: True Value Filter: Orderline_asin is empty
INFO:Main:query root node Orderline:[['1.101.5', '1.943.20'], [45526.0, 45928.0]] filter time: 0 filtered: False 
INFO:Main:query root node Orderline:[['1.1009.5', '1.987.5'], [45929.0, 46367.0]] filter time: 0 filtered: True Value Filter: Orderline_asin is empty
INFO:Main:query root node Orderline:[['1.1009.5', '1.987.5'], [45929.0, 46367.0]] filter time: 0 filtered: True Value Filter: Orderline_asin is empty
INFO:Main:query root node Orderline:[['1.1001.25', '1.958.20'], [46371.0, 46825.0]] filter time: 0 filtered: True Value Filter: Orderline_asin is empty
INFO:Main:query root node Orderline:[['1.1001.25', '1.958.20'], [46371.0, 46825.0]] filter time: 0 filtered: True Value Filter: Orderline_asin is empty
INFO:Main:query root node Orderline:[['1.1.25', '1.940.15'], [46844.0, 47306.0]] filter time: 0 filtered: True Value Filter: Orderline_asin is empty
INFO:Main:query root node Orderline:[['1.1.25', '1.940.15'], [46844.0, 47306.0]] filter time: 0 filtered: True Value Filter: Orderline_asin is empty
INFO:Main:query root node Orderline:[['1.1011.20', '1.981.20'], [47312.0, 47761.0]] filter time: 0 filtered: True Value Filter: Orderline_asin is empty
INFO:Main:query root node Orderline:[['1.1011.20', '1.981.20'], [47312.0, 47761.0]] filter time: 0 filtered: True Value Filter: Orderline_asin is empty
INFO:Main:query root node Orderline:[['1.1025.5', '1.992.15'], [47771.0, 48180.0]] filter time: 0 filtered: True Value Filter: Orderline_asin is empty
INFO:Main:query root node Orderline:[['1.1025.5', '1.992.15'], [47771.0, 48180.0]] filter time: 0 filtered: True Value Filter: Orderline_asin is empty
INFO:Main:query root node Orderline:[['1.1003.10', '1.992.5'], [48181.0, 48581.0]] filter time: 0 filtered: False 
INFO:Main:query root node Orderline:[['1.1034.10', '1.983.20'], [48588.0, 49028.0]] filter time: 0 filtered: False 
INFO:Main:query root node Orderline:[['1.1013.5', '1.984.15'], [49032.0, 49461.0]] filter time: 0 filtered: True Value Filter: Orderline_asin is empty
INFO:Main:query root node Orderline:[['1.1013.5', '1.984.15'], [49032.0, 49461.0]] filter time: 0 filtered: True Value Filter: Orderline_asin is empty
INFO:Main:query root node Orderline:[['1.10.5', '1.977.20'], [49469.0, 49917.0]] filter time: 0 filtered: True Value Filter: Orderline_asin is empty
INFO:Main:query root node Orderline:[['1.10.5', '1.977.20'], [49469.0, 49917.0]] filter time: 0 filtered: True Value Filter: Orderline_asin is empty
INFO:Main:query root node Orderline:[['1.1133.10', '1.948.10'], [5002.0, 5053.0]] filter time: 0 filtered: True Value Filter: Orderline_asin is empty
INFO:Main:query root node Orderline:[['1.1133.10', '1.948.10'], [5002.0, 5053.0]] filter time: 0 filtered: True Value Filter: Orderline_asin is empty
INFO:Main:query root node Orderline:[['1.1173.10', '1.871.25'], [5054.0, 5096.0]] filter time: 0 filtered: True Value Filter: Orderline_asin is empty
INFO:Main:query root node Orderline:[['1.1173.10', '1.871.25'], [5054.0, 5096.0]] filter time: 0 filtered: True Value Filter: Orderline_asin is empty
INFO:Main:query root node Orderline:[['1.1238.5', '1.660.5'], [5100.0, 5139.0]] filter time: 0 filtered: True Value Filter: Orderline_asin is empty
INFO:Main:query root node Orderline:[['1.1238.5', '1.660.5'], [5100.0, 5139.0]] filter time: 0 filtered: True Value Filter: Orderline_asin is empty
INFO:Main:query root node Orderline:[['1.1238.5', '1.660.5'], [5100.0, 5139.0]] filter time: 0 filtered: True Value Filter: Orderline_asin is empty
INFO:Main:query root node Orderline:[['1.1150.20', '1.680.10'], [5145.0, 5178.0]] filter time: 0 filtered: True Value Filter: Orderline_asin is empty
INFO:Main:query root node Orderline:[['1.1150.20', '1.680.10'], [5145.0, 5178.0]] filter time: 0 filtered: True Value Filter: Orderline_asin is empty
INFO:Main:query root node Orderline:[['1.1295.20', '1.703.10'], [5180.0, 5206.0]] filter time: 0 filtered: True Value Filter: Orderline_asin is empty
INFO:Main:query root node Orderline:[['1.1022.15', '1.999.20'], [5210.0, 5245.0]] filter time: 0 filtered: True Value Filter: Orderline_asin is empty
INFO:Main:query root node Orderline:[['1.1022.15', '1.999.20'], [5210.0, 5245.0]] filter time: 0 filtered: True Value Filter: Orderline_asin is empty
INFO:Main:query root node Orderline:[['1.1033.5', '1.767.10'], [5250.0, 5286.0]] filter time: 0 filtered: True Value Filter: Orderline_asin is empty
INFO:Main:query root node Orderline:[['1.1033.5', '1.767.10'], [5250.0, 5286.0]] filter time: 0 filtered: True Value Filter: Orderline_asin is empty
INFO:Main:query root node Orderline:[['1.1116.15', '1.455.5'], [5287.0, 5319.0]] filter time: 0 filtered: True Value Filter: Orderline_asin is empty
INFO:Main:query root node Orderline:[['1.1116.15', '1.455.5'], [5287.0, 5319.0]] filter time: 0 filtered: True Value Filter: Orderline_asin is empty
INFO:Main:query root node Orderline:[['1.1163.5', '1.886.5'], [5322.0, 5357.0]] filter time: 0 filtered: True Value Filter: Orderline_asin is empty
INFO:Main:query root node Orderline:[['1.1163.5', '1.886.5'], [5322.0, 5357.0]] filter time: 0 filtered: True Value Filter: Orderline_asin is empty
INFO:Main:query root node Orderline:[['1.1163.5', '1.886.5'], [5322.0, 5357.0]] filter time: 0 filtered: True Value Filter: Orderline_asin is empty
INFO:Main:query root node Orderline:[['1.1193.10', '1.961.20'], [5365.0, 5399.0]] filter time: 0 filtered: True Value Filter: Orderline_asin is empty
INFO:Main:query root node Orderline:[['1.1193.10', '1.961.20'], [5365.0, 5399.0]] filter time: 0 filtered: True Value Filter: Orderline_asin is empty
INFO:Main:query root node Orderline:[['1.1391.25', '1.898.25'], [7227.0, 7279.0]] filter time: 0 filtered: True Value Filter: Orderline_asin is empty
INFO:Main:query root node Orderline:[['1.1391.25', '1.898.25'], [7227.0, 7279.0]] filter time: 0 filtered: True Value Filter: Orderline_asin is empty
INFO:Main:query root node Orderline:[['1.1325.25', '1.947.10'], [7283.0, 7320.0]] filter time: 0 filtered: True Value Filter: Orderline_asin is empty
INFO:Main:query root node Orderline:[['1.108.25', '1.759.15'], [7324.0, 7378.0]] filter time: 0 filtered: False 
INFO:Main:query root node Orderline:[['1.1000.10', '1.485.5'], [7386.0, 7425.0]] filter time: 0 filtered: False 
INFO:Main:query root node Orderline:[['1.155.15', '1.635.10'], [7427.0, 7469.0]] filter time: 0 filtered: True Value Filter: Orderline_asin is empty
INFO:Main:query root node Orderline:[['1.155.15', '1.635.10'], [7427.0, 7469.0]] filter time: 0 filtered: True Value Filter: Orderline_asin is empty
INFO:Main:query root node Orderline:[['1.1013.20', '1.8.25'], [7472.0, 7510.0]] filter time: 0 filtered: True Value Filter: Orderline_asin is empty
INFO:Main:query root node Orderline:[['1.1013.20', '1.8.25'], [7472.0, 7510.0]] filter time: 0 filtered: True Value Filter: Orderline_asin is empty
INFO:Main:query root node Orderline:[['1.1317.10', '1.853.10'], [7512.0, 7553.0]] filter time: 0 filtered: True Value Filter: Orderline_asin is empty
INFO:Main:query root node Orderline:[['1.1317.10', '1.853.10'], [7512.0, 7553.0]] filter time: 0 filtered: True Value Filter: Orderline_asin is empty
INFO:Main:query root node Orderline:[['1.1114.25', '1.892.25'], [7554.0, 7582.0]] filter time: 0 filtered: True Value Filter: Orderline_asin is empty
INFO:Main:query root node Orderline:[['1.1114.25', '1.892.25'], [7554.0, 7582.0]] filter time: 0 filtered: True Value Filter: Orderline_asin is empty
INFO:Main:query root node Orderline:[['1.1032.25', '1.889.20'], [7588.0, 7637.0]] filter time: 0 filtered: True Value Filter: Orderline_asin is empty
INFO:Main:query root node Orderline:[['1.1032.25', '1.889.20'], [7588.0, 7637.0]] filter time: 0 filtered: True Value Filter: Orderline_asin is empty
INFO:Main:query root node Orderline:[['1.1042.20', '1.592.10'], [7639.0, 7664.0]] filter time: 0 filtered: False 
INFO:Main:query root node Orderline:[['1.1494.10', '1.884.10'], [7672.0, 7709.0]] filter time: 0 filtered: True Value Filter: Orderline_asin is empty
INFO:Main:query root node Orderline:[['1.124.25', '1.892.10'], [7714.0, 7748.0]] filter time: 0 filtered: False 
INFO:Main:query root node Orderline:[['1.1007.25', '1.332.20'], [7752.0, 7778.0]] filter time: 0 filtered: True Value Filter: Orderline_asin is empty
INFO:Main:query root node Orderline:[['1.1007.25', '1.332.20'], [7752.0, 7778.0]] filter time: 0 filtered: True Value Filter: Orderline_asin is empty
INFO:Main:query root node Orderline:[['1.1016.10', '1.976.20'], [7791.0, 7831.0]] filter time: 0 filtered: True Value Filter: Orderline_asin is empty
INFO:Main:query root node Orderline:[['1.106.15', '1.956.20'], [7832.0, 7879.0]] filter time: 0 filtered: False 
INFO:Main:query root node Orderline:[['1.1451.5', '1.949.10'], [7881.0, 7927.0]] filter time: 0 filtered: True Value Filter: Orderline_asin is empty
INFO:Main:query root node Orderline:[['1.1451.5', '1.949.10'], [7881.0, 7927.0]] filter time: 0 filtered: True Value Filter: Orderline_asin is empty
INFO:Main:query root node Orderline:[['1.1451.5', '1.949.10'], [7881.0, 7927.0]] filter time: 0 filtered: True Value Filter: Orderline_asin is empty
INFO:Main:query root node Orderline:[['1.1252.20', '1.931.25'], [7937.0, 7968.0]] filter time: 0 filtered: True Value Filter: Orderline_asin is empty
INFO:Main:query root node Orderline:[['1.1252.20', '1.931.25'], [7937.0, 7968.0]] filter time: 0 filtered: True Value Filter: Orderline_asin is empty
INFO:Main:query root node Orderline:[['1.1002.25', '1.420.5'], [7969.0, 8010.0]] filter time: 0 filtered: True Value Filter: Orderline_asin is empty
INFO:Main:query root node Orderline:[['1.1137.10', '1.516.15'], [8012.0, 8055.0]] filter time: 0 filtered: True Value Filter: Orderline_asin is empty
INFO:Main:query root node Orderline:[['1.1137.10', '1.516.15'], [8012.0, 8055.0]] filter time: 0 filtered: True Value Filter: Orderline_asin is empty
INFO:Main:query root node Orderline:[['1.102.15', '1.63.5'], [45868.0, 45904.0]] filter time: 0 filtered: False 
INFO:Main:query root node Orderline:[['1.12.10', '1.76.5'], [45909.0, 45928.0]] filter time: 0 filtered: True Value Filter: Orderline_asin is empty
INFO:Main:query root node Orderline:[['1.1151.25', '1.986.10'], [48227.0, 48262.0]] filter time: 0 filtered: False 
INFO:Main:query root node Orderline:[['1.1003.10', '1.968.15'], [48264.0, 48285.0]] filter time: 0 filtered: True Value Filter: Orderline_asin is empty
INFO:Main:query root node Orderline:[['1.1061.25', '1.478.10'], [48286.0, 48328.0]] filter time: 0 filtered: True Value Filter: Orderline_asin is empty
INFO:Main:query root node Orderline:[['1.1061.25', '1.478.10'], [48286.0, 48328.0]] filter time: 0 filtered: True Value Filter: Orderline_asin is empty
INFO:Main:query root node Orderline:[['1.130.20', '1.992.5'], [48329.0, 48371.0]] filter time: 0 filtered: True Value Filter: Orderline_asin is empty
INFO:Main:query root node Orderline:[['1.130.20', '1.992.5'], [48329.0, 48371.0]] filter time: 0 filtered: True Value Filter: Orderline_asin is empty
INFO:Main:query root node Orderline:[['1.1058.20', '1.663.25'], [48373.0, 48395.0]] filter time: 0 filtered: False 
INFO:Main:query root node Orderline:[['1.1512.15', '1.948.5'], [48402.0, 48448.0]] filter time: 0 filtered: True Value Filter: Orderline_asin is empty
INFO:Main:query root node Orderline:[['1.1512.15', '1.948.5'], [48402.0, 48448.0]] filter time: 0 filtered: True Value Filter: Orderline_asin is empty
INFO:Main:query root node Orderline:[['1.1512.15', '1.948.5'], [48402.0, 48448.0]] filter time: 0 filtered: True Value Filter: Orderline_asin is empty
INFO:Main:query root node Orderline:[['1.1512.15', '1.948.5'], [48402.0, 48448.0]] filter time: 0 filtered: True Value Filter: Orderline_asin is empty
INFO:Main:query root node Orderline:[['1.107.15', '1.591.10'], [48449.0, 48503.0]] filter time: 0 filtered: True Value Filter: Orderline_asin is empty
INFO:Main:query root node Orderline:[['1.107.15', '1.591.10'], [48449.0, 48503.0]] filter time: 0 filtered: True Value Filter: Orderline_asin is empty
INFO:Main:query root node Orderline:[['1.1558.25', '1.807.5'], [48509.0, 48536.0]] filter time: 0 filtered: True Value Filter: Orderline_asin is empty
INFO:Main:query root node Orderline:[['1.1272.10', '1.705.20'], [48537.0, 48581.0]] filter time: 0 filtered: True Value Filter: Orderline_asin is empty
INFO:Main:query root node Orderline:[['1.1477.10', '1.930.5'], [48588.0, 48629.0]] filter time: 0 filtered: False 
INFO:Main:query root node Orderline:[['1.1466.15', '1.852.5'], [48632.0, 48675.0]] filter time: 0 filtered: True Value Filter: Orderline_asin is empty
INFO:Main:query root node Orderline:[['1.1466.15', '1.852.5'], [48632.0, 48675.0]] filter time: 0 filtered: True Value Filter: Orderline_asin is empty
INFO:Main:query root node Orderline:[['1.1466.15', '1.852.5'], [48632.0, 48675.0]] filter time: 0 filtered: True Value Filter: Orderline_asin is empty
INFO:Main:query root node Orderline:[['1.1126.25', '1.672.15'], [48676.0, 48710.0]] filter time: 0 filtered: True Value Filter: Orderline_asin is empty
INFO:Main:query root node Orderline:[['1.1126.25', '1.672.15'], [48676.0, 48710.0]] filter time: 0 filtered: True Value Filter: Orderline_asin is empty
INFO:Main:query root node Orderline:[['1.1050.20', '1.634.5'], [48711.0, 48741.0]] filter time: 0 filtered: True Value Filter: Orderline_asin is empty
INFO:Main:query root node Orderline:[['1.1228.10', '1.891.10'], [48747.0, 48782.0]] filter time: 0 filtered: True Value Filter: Orderline_asin is empty
INFO:Main:query root node Orderline:[['1.1228.10', '1.891.10'], [48747.0, 48782.0]] filter time: 0 filtered: True Value Filter: Orderline_asin is empty
INFO:Main:query root node Orderline:[['1.1039.15', '1.831.5'], [48796.0, 48840.0]] filter time: 0 filtered: False 
INFO:Main:query root node Orderline:[['1.1390.15', '1.597.10'], [48842.0, 48891.0]] filter time: 0 filtered: True Value Filter: Orderline_asin is empty
INFO:Main:query root node Orderline:[['1.1390.15', '1.597.10'], [48842.0, 48891.0]] filter time: 0 filtered: True Value Filter: Orderline_asin is empty
INFO:Main:query root node Orderline:[['1.1209.15', '1.983.20'], [48894.0, 48945.0]] filter time: 0 filtered: True Value Filter: Orderline_asin is empty
INFO:Main:query root node Orderline:[['1.1209.15', '1.983.20'], [48894.0, 48945.0]] filter time: 0 filtered: True Value Filter: Orderline_asin is empty
INFO:Main:query root node Orderline:[['1.1034.10', '1.945.10'], [48948.0, 48995.0]] filter time: 0 filtered: True Value Filter: Orderline_asin is empty
INFO:Main:query root node Orderline:[['1.1034.10', '1.945.10'], [48948.0, 48995.0]] filter time: 0 filtered: True Value Filter: Orderline_asin is empty
INFO:Main:query root node Orderline:[['1.1065.10', '1.761.25'], [48997.0, 49028.0]] filter time: 0 filtered: True Value Filter: Orderline_asin is empty
INFO:Main:Filtering time 0
INFO:Main:Average filtering time for one node: 0
INFO:Validator Main:Number of remaining leaf nodes after Filtering: 10
INFO:Validator Main:Number of remaining leaf nodes of root after validation: 0
INFO:Main:validation time 1
INFO:Main:Results: 
INFO:Runner:#####################
INFO:Runner:#####################
INFO:Runner:#####################
