INFO:Main:Initialize link took:  0
INFO:Main:query root node Orderline:[['1.1.10', '1.999.5'], [5002.0, 49998.0]] filter time: 0 filtered: False 
INFO:Main:query root node Orderline:[['1.1.5', '1.999.20'], [5002.0, 16364.0]] filter time: 0 filtered: False 
INFO:Main:query root node Orderline:[['1.10.25', '1.998.20'], [16366.0, 27800.0]] filter time: 0 filtered: False 
INFO:Main:query root node Orderline:[['1.1.20', '1.999.5'], [27801.0, 38961.0]] filter time: 0 filtered: False 
INFO:Main:query root node Orderline:[['1.1.10', '1.998.5'], [38963.0, 49917.0]] filter time: 0 filtered: False 
INFO:Main:query root node Orderline:[['1.108.10', '1.895.20'], [49922.0, 49998.0]] filter time: 0 filtered: True Value Filter: Orderline_asin is empty
INFO:Main:query root node Orderline:[['1.1133.10', '1.948.10'], [5002.0, 5206.0]] filter time: 0 filtered: False 
INFO:Main:query root node Orderline:[['1.1022.15', '1.999.20'], [5210.0, 5399.0]] filter time: 0 filtered: False 
INFO:Main:query root node Orderline:[['1.1013.10', '1.978.20'], [5408.0, 5629.0]] filter time: 0 filtered: False 
INFO:Main:query root node Orderline:[['1.1088.15', '1.990.5'], [5630.0, 5859.0]] filter time: 0 filtered: False 
INFO:Main:query root node Orderline:[['1.1053.15', '1.994.5'], [5869.0, 6076.0]] filter time: 0 filtered: False 
INFO:Main:query root node Orderline:[['1.1065.15', '1.960.25'], [6077.0, 6347.0]] filter time: 0 filtered: False 
INFO:Main:query root node Orderline:[['1.1035.15', '1.973.20'], [6354.0, 6606.0]] filter time: 0 filtered: False 
INFO:Main:query root node Orderline:[['1.1013.15', '1.933.25'], [6609.0, 6818.0]] filter time: 0 filtered: False 
INFO:Main:query root node Orderline:[['1.1035.5', '1.971.5'], [6826.0, 7004.0]] filter time: 0 filtered: False 
INFO:Main:query root node Orderline:[['1.1037.10', '1.981.5'], [7009.0, 7185.0]] filter time: 0 filtered: False 
INFO:Main:query root node Orderline:[['1.1000.10', '1.947.10'], [7187.0, 7425.0]] filter time: 0 filtered: True Value Filter: Orderline_asin is empty
INFO:Main:query root node Orderline:[['1.1013.20', '1.892.25'], [7427.0, 7637.0]] filter time: 0 filtered: False 
INFO:Main:query root node Orderline:[['1.1007.25', '1.976.20'], [7639.0, 7831.0]] filter time: 0 filtered: False 
INFO:Main:query root node Orderline:[['1.1002.25', '1.956.20'], [7832.0, 8055.0]] filter time: 0 filtered: False 
INFO:Main:query root node Orderline:[['1.100.25', '1.99.15'], [8056.0, 8295.0]] filter time: 0 filtered: False 
INFO:Main:query root node Orderline:[['1.1.5', '1.898.20'], [8306.0, 8517.0]] filter time: 0 filtered: False 
INFO:Main:query root node Orderline:[['1.1056.10', '1.953.5'], [8518.0, 8735.0]] filter time: 0 filtered: False 
INFO:Main:query root node Orderline:[['1.1123.20', '1.959.25'], [8737.0, 8988.0]] filter time: 0 filtered: False 
INFO:Main:query root node Orderline:[['1.1009.20', '1.983.25'], [8995.0, 9234.0]] filter time: 0 filtered: False 
INFO:Main:query root node Orderline:[['1.1010.20', '1.998.10'], [9237.0, 9543.0]] filter time: 0 filtered: False 
INFO:Main:query root node Orderline:[['1.1051.25', '1.953.15'], [9545.0, 9767.0]] filter time: 0 filtered: False 
INFO:Main:query root node Orderline:[['1.1014.20', '1.948.25'], [9769.0, 10033.0]] filter time: 0 filtered: False 
INFO:Main:query root node Orderline:[['1.1134.20', '1.997.25'], [10039.0, 10189.0]] filter time: 0 filtered: False 
INFO:Main:query root node Orderline:[['1.1077.20', '1.967.10'], [10195.0, 10408.0]] filter time: 0 filtered: False 
INFO:Main:query root node Orderline:[['1.1145.5', '1.937.25'], [10409.0, 10631.0]] filter time: 0 filtered: False 
INFO:Main:query root node Orderline:[['1.1020.10', '1.949.15'], [10634.0, 10860.0]] filter time: 0 filtered: False 
INFO:Main:query root node Orderline:[['1.1000.25', '1.934.5'], [10866.0, 11102.0]] filter time: 0 filtered: False 
INFO:Main:query root node Orderline:[['1.1014.5', '1.938.25'], [11103.0, 11338.0]] filter time: 0 filtered: False 
INFO:Main:query root node Orderline:[['1.1034.25', '1.928.25'], [11342.0, 11589.0]] filter time: 0 filtered: False 
INFO:Main:query root node Orderline:[['1.107.20', '1.992.20'], [11593.0, 11831.0]] filter time: 0 filtered: False 
INFO:Main:query root node Orderline:[['1.1079.10', '1.949.20'], [11832.0, 12029.0]] filter time: 0 filtered: False 
INFO:Main:query root node Orderline:[['1.1016.25', '1.886.10'], [12033.0, 12256.0]] filter time: 0 filtered: False 
INFO:Main:query root node Orderline:[['1.1005.5', '1.973.5'], [12264.0, 12510.0]] filter time: 0 filtered: False 
INFO:Main:query root node Orderline:[['1.1074.10', '1.953.10'], [12514.0, 12769.0]] filter time: 0 filtered: False 
INFO:Main:query root node Orderline:[['1.1071.10', '1.965.10'], [12771.0, 12946.0]] filter time: 0 filtered: False 
INFO:Main:query root node Orderline:[['1.1079.25', '1.960.10'], [12956.0, 13135.0]] filter time: 0 filtered: False 
INFO:Main:query root node Orderline:[['1.1100.10', '1.970.5'], [13136.0, 13405.0]] filter time: 0 filtered: False 
INFO:Main:query root node Orderline:[['1.1012.10', '1.999.15'], [13407.0, 13611.0]] filter time: 0 filtered: False 
INFO:Main:query root node Orderline:[['1.1042.15', '1.982.10'], [13617.0, 13798.0]] filter time: 0 filtered: True Value Filter: Orderline_asin is empty
INFO:Main:query root node Orderline:[['1.1115.15', '1.936.15'], [13799.0, 14003.0]] filter time: 0 filtered: False 
INFO:Main:query root node Orderline:[['1.1102.15', '1.988.20'], [14004.0, 14219.0]] filter time: 0 filtered: False 
INFO:Main:query root node Orderline:[['1.1010.10', '1.931.5'], [14220.0, 14466.0]] filter time: 0 filtered: False 
INFO:Main:query root node Orderline:[['1.10.10', '1.995.20'], [14468.0, 14705.0]] filter time: 0 filtered: False 
INFO:Main:query root node Orderline:[['1.1007.5', '1.965.5'], [14707.0, 14965.0]] filter time: 0 filtered: False 
INFO:Main:query root node Orderline:[['1.1023.5', '1.995.5'], [14970.0, 15245.0]] filter time: 0 filtered: False 
INFO:Main:query root node Orderline:[['1.1022.25', '1.900.15'], [15253.0, 15473.0]] filter time: 0 filtered: False 
INFO:Main:query root node Orderline:[['1.1009.10', '1.952.15'], [15482.0, 15717.0]] filter time: 0 filtered: False 
INFO:Main:query root node Orderline:[['1.1020.15', '1.941.20'], [15718.0, 15940.0]] filter time: 0 filtered: False 
INFO:Main:query root node Orderline:[['1.1092.15', '1.991.10'], [15941.0, 16134.0]] filter time: 0 filtered: True Value Filter: Orderline_asin is empty
INFO:Main:query root node Orderline:[['1.1015.5', '1.976.10'], [16136.0, 16364.0]] filter time: 0 filtered: False 
INFO:Main:query root node Orderline:[['1.1127.15', '1.976.25'], [16803.0, 17023.0]] filter time: 0 filtered: False 
INFO:Main:query root node Orderline:[['1.1004.25', '1.985.15'], [17030.0, 17226.0]] filter time: 0 filtered: False 
INFO:Main:query root node Orderline:[['1.10.25', '1.993.15'], [17229.0, 17463.0]] filter time: 0 filtered: False 
INFO:Main:query root node Orderline:[['1.1045.10', '1.987.25'], [17487.0, 17756.0]] filter time: 0 filtered: False 
INFO:Main:query root node Orderline:[['1.1084.25', '1.972.15'], [17757.0, 18015.0]] filter time: 0 filtered: False 
INFO:Main:query root node Orderline:[['1.1034.15', '1.980.10'], [18018.0, 18251.0]] filter time: 0 filtered: False 
INFO:Main:query root node Orderline:[['1.1037.25', '1.985.5'], [18253.0, 18480.0]] filter time: 0 filtered: False 
INFO:Main:query root node Orderline:[['1.102.20', '1.968.5'], [18481.0, 18680.0]] filter time: 0 filtered: False 
INFO:Main:query root node Orderline:[['1.1030.10', '1.99.10'], [18686.0, 18919.0]] filter time: 0 filtered: False 
INFO:Main:query root node Orderline:[['1.1007.20', '1.997.10'], [18930.0, 19150.0]] filter time: 0 filtered: False 
INFO:Main:query root node Orderline:[['1.1000.20', '1.988.5'], [19155.0, 19405.0]] filter time: 0 filtered: False 
INFO:Main:query root node Orderline:[['1.1085.5', '1.913.20'], [19408.0, 19729.0]] filter time: 0 filtered: False 
INFO:Main:query root node Orderline:[['1.1031.15', '1.913.10'], [19733.0, 19930.0]] filter time: 0 filtered: False 
INFO:Main:query root node Orderline:[['1.1013.25', '1.996.15'], [19936.0, 20202.0]] filter time: 0 filtered: False 
INFO:Main:query root node Orderline:[['1.1053.10', '1.983.10'], [20204.0, 20412.0]] filter time: 0 filtered: False 
INFO:Main:query root node Orderline:[['1.1055.25', '1.911.20'], [20417.0, 20620.0]] filter time: 0 filtered: False 
INFO:Main:query root node Orderline:[['1.1176.25', '1.993.25'], [20624.0, 20873.0]] filter time: 0 filtered: False 
INFO:Main:query root node Orderline:[['1.1002.15', '1.833.5'], [20875.0, 21058.0]] filter time: 0 filtered: False 
INFO:Main:query root node Orderline:[['1.1036.5', '1.971.25'], [21059.0, 21308.0]] filter time: 0 filtered: False 
INFO:Main:query root node Orderline:[['1.1018.15', '1.981.10'], [21312.0, 21525.0]] filter time: 0 filtered: False 
INFO:Main:query root node Orderline:[['1.1009.15', '1.986.5'], [21535.0, 21716.0]] filter time: 0 filtered: False 
INFO:Main:query root node Orderline:[['1.1036.10', '1.987.10'], [21727.0, 21964.0]] filter time: 0 filtered: False 
INFO:Main:query root node Orderline:[['1.1055.10', '1.97.25'], [21966.0, 22207.0]] filter time: 0 filtered: False 
INFO:Main:query root node Orderline:[['1.101.15', '1.998.15'], [22209.0, 22442.0]] filter time: 0 filtered: False 
INFO:Main:query root node Orderline:[['1.100.10', '1.995.15'], [22443.0, 22688.0]] filter time: 0 filtered: False 
INFO:Main:query root node Orderline:[['1.1020.5', '1.872.5'], [22692.0, 22882.0]] filter time: 0 filtered: False 
INFO:Main:query root node Orderline:[['1.1030.25', '1.96.20'], [22884.0, 23096.0]] filter time: 0 filtered: False 
INFO:Main:query root node Orderline:[['1.1001.5', '1.964.15'], [23098.0, 23320.0]] filter time: 0 filtered: False 
INFO:Main:query root node Orderline:[['1.1017.15', '1.925.10'], [23321.0, 23491.0]] filter time: 0 filtered: False 
INFO:Main:query root node Orderline:[['1.1089.5', '1.988.15'], [23495.0, 23695.0]] filter time: 0 filtered: False 
INFO:Main:query root node Orderline:[['1.1200.25', '1.978.10'], [23698.0, 23932.0]] filter time: 0 filtered: False 
INFO:Main:query root node Orderline:[['1.1008.5', '1.917.10'], [23934.0, 24163.0]] filter time: 0 filtered: False 
INFO:Main:query root node Orderline:[['1.1002.20', '1.977.5'], [24164.0, 24402.0]] filter time: 0 filtered: False 
INFO:Main:query root node Orderline:[['1.1008.15', '1.941.5'], [24405.0, 24599.0]] filter time: 0 filtered: False 
INFO:Main:query root node Orderline:[['1.1003.5', '1.996.10'], [24601.0, 24821.0]] filter time: 0 filtered: False 
INFO:Main:query root node Orderline:[['1.1008.10', '1.951.10'], [24844.0, 25081.0]] filter time: 0 filtered: False 
INFO:Main:query root node Orderline:[['1.1026.5', '1.989.15'], [25085.0, 25316.0]] filter time: 0 filtered: False 
INFO:Main:query root node Orderline:[['1.1038.5', '1.975.10'], [25319.0, 25548.0]] filter time: 0 filtered: False 
INFO:Main:query root node Orderline:[['1.1096.20', '1.862.25'], [25559.0, 25777.0]] filter time: 0 filtered: False 
INFO:Main:query root node Orderline:[['1.1025.25', '1.900.5'], [25780.0, 25994.0]] filter time: 0 filtered: False 
INFO:Main:query root node Orderline:[['1.1029.20', '1.995.25'], [25996.0, 26219.0]] filter time: 0 filtered: True Value Filter: Orderline_asin is empty
INFO:Main:query root node Orderline:[['1.1041.10', '1.971.20'], [26220.0, 26404.0]] filter time: 0 filtered: False 
INFO:Main:query root node Orderline:[['1.103.5', '1.941.25'], [26405.0, 26649.0]] filter time: 0 filtered: False 
INFO:Main:query root node Orderline:[['1.1004.20', '1.925.25'], [26656.0, 26864.0]] filter time: 0 filtered: False 
INFO:Main:query root node Orderline:[['1.1006.10', '1.98.5'], [26867.0, 27086.0]] filter time: 0 filtered: False 
INFO:Main:query root node Orderline:[['1.1016.5', '1.998.20'], [27092.0, 27309.0]] filter time: 0 filtered: False 
INFO:Main:query root node Orderline:[['1.1071.25', '1.965.20'], [27314.0, 27550.0]] filter time: 0 filtered: False 
INFO:Main:query root node Orderline:[['1.107.10', '1.997.20'], [27551.0, 27800.0]] filter time: 0 filtered: False 
INFO:Main:query root node Orderline:[['1.1009.25', '1.964.25'], [27801.0, 28059.0]] filter time: 0 filtered: False 
INFO:Main:query root node Orderline:[['1.1017.10', '1.974.15'], [28065.0, 28310.0]] filter time: 0 filtered: False 
INFO:Main:query root node Orderline:[['1.102.25', '1.987.15'], [28322.0, 28548.0]] filter time: 0 filtered: False 
INFO:Main:query root node Orderline:[['1.10.15', '1.991.25'], [28553.0, 28752.0]] filter time: 0 filtered: False 
INFO:Main:query root node Orderline:[['1.1037.15', '1.969.5'], [28753.0, 28948.0]] filter time: 0 filtered: False 
INFO:Main:query root node Orderline:[['1.1016.20', '1.965.15'], [28951.0, 29214.0]] filter time: 0 filtered: False 
INFO:Main:query root node Orderline:[['1.1031.25', '1.978.5'], [29215.0, 29457.0]] filter time: 0 filtered: False 
INFO:Main:query root node Orderline:[['1.1187.10', '1.999.5'], [29462.0, 29622.0]] filter time: 0 filtered: False 
INFO:Main:query root node Orderline:[['1.102.5', '1.967.20'], [29623.0, 29819.0]] filter time: 0 filtered: True Value Filter: Orderline_asin is empty
INFO:Main:query root node Orderline:[['1.1006.25', '1.974.10'], [29824.0, 30090.0]] filter time: 0 filtered: False 
INFO:Main:query root node Orderline:[['1.1003.25', '1.926.10'], [30093.0, 30352.0]] filter time: 0 filtered: False 
INFO:Main:query root node Orderline:[['1.1020.20', '1.98.10'], [30363.0, 30542.0]] filter time: 0 filtered: False 
INFO:Main:query root node Orderline:[['1.1029.15', '1.986.15'], [30543.0, 30723.0]] filter time: 0 filtered: True Value Filter: Orderline_asin is empty
INFO:Main:query root node Orderline:[['1.108.15', '1.973.15'], [30728.0, 30935.0]] filter time: 0 filtered: False 
INFO:Main:query root node Orderline:[['1.1011.25', '1.955.20'], [30940.0, 31118.0]] filter time: 0 filtered: False 
INFO:Main:query root node Orderline:[['1.1012.5', '1.990.10'], [31132.0, 31329.0]] filter time: 0 filtered: False 
INFO:Main:query root node Orderline:[['1.1.20', '1.940.10'], [31333.0, 31522.0]] filter time: 0 filtered: False 
INFO:Main:query root node Orderline:[['1.1194.20', '1.988.25'], [31528.0, 31718.0]] filter time: 0 filtered: False 
INFO:Main:query root node Orderline:[['1.1004.15', '1.972.10'], [31730.0, 32004.0]] filter time: 0 filtered: False 
INFO:Main:query root node Orderline:[['1.1015.10', '1.991.20'], [32005.0, 32179.0]] filter time: 0 filtered: False 
INFO:Main:query root node Orderline:[['1.1029.10', '1.999.10'], [32181.0, 32403.0]] filter time: 0 filtered: False 
INFO:Main:query root node Orderline:[['1.10.20', '1.996.20'], [32412.0, 32669.0]] filter time: 0 filtered: False 
INFO:Main:query root node Orderline:[['1.1005.10', '1.999.25'], [32670.0, 32876.0]] filter time: 0 filtered: False 
INFO:Main:query root node Orderline:[['1.1071.5', '1.963.25'], [32884.0, 33075.0]] filter time: 0 filtered: False 
INFO:Main:query root node Orderline:[['1.1087.20', '1.952.10'], [33080.0, 33312.0]] filter time: 0 filtered: False 
INFO:Main:query root node Orderline:[['1.1113.5', '1.933.20'], [33317.0, 33554.0]] filter time: 0 filtered: False 
INFO:Main:query root node Orderline:[['1.1005.15', '1.985.20'], [33560.0, 33788.0]] filter time: 0 filtered: False 
INFO:Main:query root node Orderline:[['1.1049.25', '1.926.15'], [33789.0, 33974.0]] filter time: 0 filtered: False 
INFO:Main:query root node Orderline:[['1.1001.20', '1.995.10'], [33979.0, 34233.0]] filter time: 0 filtered: False 
INFO:Main:query root node Orderline:[['1.1000.15', '1.987.20'], [34236.0, 34420.0]] filter time: 0 filtered: False 
INFO:Main:query root node Orderline:[['1.1034.5', '1.990.20'], [34421.0, 34711.0]] filter time: 0 filtered: False 
INFO:Main:query root node Orderline:[['1.1038.25', '1.985.10'], [34715.0, 34935.0]] filter time: 0 filtered: False 
INFO:Main:query root node Orderline:[['1.1001.10', '1.969.25'], [34939.0, 35134.0]] filter time: 0 filtered: True Value Filter: Orderline_asin is empty
INFO:Main:query root node Orderline:[['1.1021.15', '1.937.5'], [35135.0, 35356.0]] filter time: 0 filtered: False 
INFO:Main:query root node Orderline:[['1.1056.15', '1.961.25'], [35357.0, 35584.0]] filter time: 0 filtered: False 
INFO:Main:query root node Orderline:[['1.1012.15', '1.945.25'], [35587.0, 35787.0]] filter time: 0 filtered: True Value Filter: Orderline_asin is empty
INFO:Main:query root node Orderline:[['1.1061.10', '1.939.15'], [35792.0, 35999.0]] filter time: 0 filtered: False 
INFO:Main:query root node Orderline:[['1.1032.10', '1.959.15'], [36001.0, 36230.0]] filter time: 0 filtered: False 
INFO:Main:query root node Orderline:[['1.1033.10', '1.962.15'], [36231.0, 36490.0]] filter time: 0 filtered: False 
INFO:Main:query root node Orderline:[['1.1157.10', '1.963.10'], [36498.0, 36670.0]] filter time: 0 filtered: False 
INFO:Main:query root node Orderline:[['1.1010.5', '1.997.15'], [36672.0, 36934.0]] filter time: 0 filtered: False 
INFO:Main:query root node Orderline:[['1.1123.10', '1.970.25'], [36941.0, 37140.0]] filter time: 0 filtered: False 
INFO:Main:query root node Orderline:[['1.1080.20', '1.950.15'], [37148.0, 37371.0]] filter time: 0 filtered: False 
INFO:Main:query root node Orderline:[['1.1007.10', '1.977.10'], [37377.0, 37618.0]] filter time: 0 filtered: False 
INFO:Main:query root node Orderline:[['1.1040.20', '1.943.25'], [37624.0, 37847.0]] filter time: 0 filtered: False 
INFO:Main:query root node Orderline:[['1.109.20', '1.988.10'], [37854.0, 38078.0]] filter time: 0 filtered: False 
INFO:Main:query root node Orderline:[['1.1021.5', '1.977.15'], [38080.0, 38313.0]] filter time: 0 filtered: False 
INFO:Main:query root node Orderline:[['1.1018.20', '1.961.5'], [38323.0, 38498.0]] filter time: 0 filtered: False 
INFO:Main:query root node Orderline:[['1.1052.10', '1.984.20'], [38512.0, 38717.0]] filter time: 0 filtered: False 
INFO:Main:query root node Orderline:[['1.1014.10', '1.954.10'], [38723.0, 38961.0]] filter time: 0 filtered: False 
INFO:Main:query root node Orderline:[['1.1070.5', '1.946.20'], [38963.0, 39179.0]] filter time: 0 filtered: False 
INFO:Main:query root node Orderline:[['1.100.20', '1.979.5'], [39181.0, 39386.0]] filter time: 0 filtered: False 
INFO:Main:query root node Orderline:[['1.101.10', '1.975.20'], [39388.0, 39608.0]] filter time: 0 filtered: False 
INFO:Main:query root node Orderline:[['1.105.5', '1.944.10'], [39614.0, 39849.0]] filter time: 0 filtered: False 
INFO:Main:query root node Orderline:[['1.101.25', '1.917.5'], [39853.0, 40041.0]] filter time: 0 filtered: False 
INFO:Main:query root node Orderline:[['1.1004.5', '1.993.5'], [40045.0, 40281.0]] filter time: 0 filtered: False 
INFO:Main:query root node Orderline:[['1.1086.10', '1.949.5'], [40291.0, 40480.0]] filter time: 0 filtered: False 
INFO:Main:query root node Orderline:[['1.1040.25', '1.88.5'], [40485.0, 40686.0]] filter time: 0 filtered: False 
INFO:Main:query root node Orderline:[['1.1041.5', '1.997.5'], [40691.0, 40924.0]] filter time: 0 filtered: False 
INFO:Main:query root node Orderline:[['1.1002.5', '1.963.15'], [40926.0, 41127.0]] filter time: 0 filtered: False 
INFO:Main:query root node Orderline:[['1.1022.5', '1.980.25'], [41130.0, 41338.0]] filter time: 0 filtered: False 
INFO:Main:query root node Orderline:[['1.1003.20', '1.943.5'], [41339.0, 41537.0]] filter time: 0 filtered: False 
INFO:Main:query root node Orderline:[['1.1006.15', '1.937.15'], [41540.0, 41749.0]] filter time: 0 filtered: False 
INFO:Main:query root node Orderline:[['1.1000.5', '1.99.20'], [41752.0, 41964.0]] filter time: 0 filtered: False 
INFO:Main:query root node Orderline:[['1.1032.20', '1.945.15'], [41966.0, 42173.0]] filter time: 0 filtered: False 
INFO:Main:query root node Orderline:[['1.1051.5', '1.998.5'], [42175.0, 42379.0]] filter time: 0 filtered: False 
INFO:Main:query root node Orderline:[['1.1054.15', '1.989.20'], [42387.0, 42619.0]] filter time: 0 filtered: False 
INFO:Main:query root node Orderline:[['1.1015.25', '1.793.5'], [42622.0, 42882.0]] filter time: 0 filtered: False 
INFO:Main:query root node Orderline:[['1.1063.15', '1.992.25'], [42884.0, 43097.0]] filter time: 0 filtered: False 
INFO:Main:query root node Orderline:[['1.1039.25', '1.990.25'], [43098.0, 43322.0]] filter time: 0 filtered: False 
INFO:Main:query root node Orderline:[['1.1050.25', '1.968.25'], [43323.0, 43512.0]] filter time: 0 filtered: False 
INFO:Main:query root node Orderline:[['1.1049.15', '1.960.15'], [43516.0, 43727.0]] filter time: 0 filtered: False 
INFO:Main:query root node Orderline:[['1.1.10', '1.947.5'], [43728.0, 43945.0]] filter time: 0 filtered: False 
INFO:Main:query root node Orderline:[['1.1028.15', '1.998.25'], [43952.0, 44145.0]] filter time: 0 filtered: False 
INFO:Main:query root node Orderline:[['1.1014.25', '1.964.5'], [44160.0, 44390.0]] filter time: 0 filtered: False 
INFO:Main:query root node Orderline:[['1.1.15', '1.929.20'], [44395.0, 44658.0]] filter time: 0 filtered: False 
INFO:Main:query root node Orderline:[['1.1054.25', '1.976.15'], [44659.0, 44857.0]] filter time: 0 filtered: False 
INFO:Main:query root node Orderline:[['1.1040.5', '1.993.10'], [44858.0, 45104.0]] filter time: 0 filtered: False 
INFO:Main:query root node Orderline:[['1.1040.15', '1.971.15'], [45115.0, 45323.0]] filter time: 0 filtered: False 
INFO:Main:query root node Orderline:[['1.1083.15', '1.960.20'], [45325.0, 45523.0]] filter time: 0 filtered: False 
INFO:Main:query root node Orderline:[['1.101.5', '1.943.20'], [45526.0, 45715.0]] filter time: 0 filtered: False 
INFO:Main:query root node Orderline:[['1.102.15', '1.923.5'], [45716.0, 45928.0]] filter time: 0 filtered: False 
INFO:Main:query root node Orderline:[['1.1009.5', '1.987.5'], [45929.0, 46140.0]] filter time: 0 filtered: False 
INFO:Main:query root node Orderline:[['1.1069.15', '1.962.10'], [46144.0, 46367.0]] filter time: 0 filtered: False 
INFO:Main:query root node Orderline:[['1.1001.25', '1.950.25'], [46371.0, 46623.0]] filter time: 0 filtered: False 
INFO:Main:query root node Orderline:[['1.1051.20', '1.958.20'], [46624.0, 46825.0]] filter time: 0 filtered: False 
INFO:Main:query root node Orderline:[['1.1.25', '1.940.15'], [46844.0, 47090.0]] filter time: 0 filtered: False 
INFO:Main:query root node Orderline:[['1.1018.25', '1.892.5'], [47093.0, 47306.0]] filter time: 0 filtered: False 
INFO:Main:query root node Orderline:[['1.1011.20', '1.96.5'], [47312.0, 47548.0]] filter time: 0 filtered: False 
INFO:Main:query root node Orderline:[['1.1055.15', '1.981.20'], [47549.0, 47761.0]] filter time: 0 filtered: False 
INFO:Main:query root node Orderline:[['1.1025.5', '1.951.5'], [47771.0, 47988.0]] filter time: 0 filtered: False 
INFO:Main:query root node Orderline:[['1.1033.25', '1.992.15'], [47993.0, 48180.0]] filter time: 0 filtered: False 
INFO:Main:query root node Orderline:[['1.1003.10', '1.992.5'], [48181.0, 48371.0]] filter time: 0 filtered: False 
INFO:Main:query root node Orderline:[['1.1058.20', '1.948.5'], [48373.0, 48581.0]] filter time: 0 filtered: True Value Filter: Orderline_asin is empty
INFO:Main:query root node Orderline:[['1.1050.20', '1.930.5'], [48588.0, 48782.0]] filter time: 0 filtered: False 
INFO:Main:query root node Orderline:[['1.1034.10', '1.983.20'], [48796.0, 49028.0]] filter time: 0 filtered: False 
INFO:Main:query root node Orderline:[['1.1021.20', '1.984.15'], [49032.0, 49248.0]] filter time: 0 filtered: False 
INFO:Main:query root node Orderline:[['1.1013.5', '1.968.20'], [49251.0, 49461.0]] filter time: 0 filtered: False 
INFO:Main:query root node Orderline:[['1.1001.15', '1.9.25'], [49469.0, 49676.0]] filter time: 0 filtered: False 
INFO:Main:query root node Orderline:[['1.10.5', '1.977.20'], [49678.0, 49917.0]] filter time: 0 filtered: False 
INFO:Main:Filtering time 3
INFO:Main:Average filtering time for one node: 0
INFO:Validator Main:Number of remaining leaf nodes after Filtering: 189
INFO:Main:Initialize link took:  0
INFO:Main:query root node Orderline:[['1.1.10', '1.999.5'], [5002.0, 49998.0]] filter time: 0 filtered: False 
INFO:Main:query root node Orderline:[['1.1.10', '1.999.5'], [5002.0, 49917.0]] filter time: 0 filtered: False 
INFO:Main:query root node Orderline:[['1.108.10', '1.895.20'], [49922.0, 49998.0]] filter time: 0 filtered: True Value Filter: Orderline_asin is empty
INFO:Main:query root node Orderline:[['1.1022.15', '1.999.20'], [5002.0, 5399.0]] filter time: 0 filtered: False 
INFO:Main:query root node Orderline:[['1.1013.10', '1.990.5'], [5408.0, 5859.0]] filter time: 0 filtered: True Value Filter: Orderline_asin is empty
INFO:Main:query root node Orderline:[['1.1013.10', '1.990.5'], [5408.0, 5859.0]] filter time: 0 filtered: True Value Filter: Orderline_asin is empty
INFO:Main:query root node Orderline:[['1.1053.15', '1.994.5'], [5869.0, 6347.0]] filter time: 0 filtered: True Value Filter: Orderline_asin is empty
INFO:Main:query root node Orderline:[['1.1053.15', '1.994.5'], [5869.0, 6347.0]] filter time: 0 filtered: True Value Filter: Orderline_asin is empty
INFO:Main:query root node Orderline:[['1.1013.15', '1.973.20'], [6354.0, 6818.0]] filter time: 0 filtered: True Value Filter: Orderline_asin is empty
INFO:Main:query root node Orderline:[['1.1013.15', '1.973.20'], [6354.0, 6818.0]] filter time: 0 filtered: True Value Filter: Orderline_asin is empty
INFO:Main:query root node Orderline:[['1.1013.15', '1.973.20'], [6354.0, 6818.0]] filter time: 0 filtered: True Value Filter: Orderline_asin is empty
INFO:Main:query root node Orderline:[['1.1035.5', '1.981.5'], [6826.0, 7185.0]] filter time: 0 filtered: True Value Filter: Orderline_asin is empty
INFO:Main:query root node Orderline:[['1.1035.5', '1.981.5'], [6826.0, 7185.0]] filter time: 0 filtered: True Value Filter: Orderline_asin is empty
INFO:Main:query root node Orderline:[['1.1000.10', '1.947.10'], [7187.0, 7637.0]] filter time: 0 filtered: True Value Filter: Orderline_asin is empty
INFO:Main:query root node Orderline:[['1.1002.25', '1.976.20'], [7639.0, 8055.0]] filter time: 0 filtered: False 
INFO:Main:query root node Orderline:[['1.1.5', '1.99.15'], [8056.0, 8517.0]] filter time: 0 filtered: True Value Filter: Orderline_asin is empty
INFO:Main:query root node Orderline:[['1.1.5', '1.99.15'], [8056.0, 8517.0]] filter time: 0 filtered: True Value Filter: Orderline_asin is empty
INFO:Main:query root node Orderline:[['1.1056.10', '1.959.25'], [8518.0, 8988.0]] filter time: 0 filtered: True Value Filter: Orderline_asin is empty
INFO:Main:query root node Orderline:[['1.1056.10', '1.959.25'], [8518.0, 8988.0]] filter time: 0 filtered: True Value Filter: Orderline_asin is empty
INFO:Main:query root node Orderline:[['1.1009.20', '1.998.10'], [8995.0, 9543.0]] filter time: 0 filtered: True Value Filter: Orderline_asin is empty
INFO:Main:query root node Orderline:[['1.1009.20', '1.998.10'], [8995.0, 9543.0]] filter time: 0 filtered: True Value Filter: Orderline_asin is empty
INFO:Main:query root node Orderline:[['1.1014.20', '1.953.15'], [9545.0, 10033.0]] filter time: 0 filtered: True Value Filter: Orderline_asin is empty
INFO:Main:query root node Orderline:[['1.1014.20', '1.953.15'], [9545.0, 10033.0]] filter time: 0 filtered: True Value Filter: Orderline_asin is empty
INFO:Main:query root node Orderline:[['1.1077.20', '1.997.25'], [10039.0, 10408.0]] filter time: 0 filtered: True Value Filter: Orderline_asin is empty
INFO:Main:query root node Orderline:[['1.1077.20', '1.997.25'], [10039.0, 10408.0]] filter time: 0 filtered: True Value Filter: Orderline_asin is empty
INFO:Main:query root node Orderline:[['1.1020.10', '1.949.15'], [10409.0, 10860.0]] filter time: 0 filtered: True Value Filter: Orderline_asin is empty
INFO:Main:query root node Orderline:[['1.1020.10', '1.949.15'], [10409.0, 10860.0]] filter time: 0 filtered: True Value Filter: Orderline_asin is empty
INFO:Main:query root node Orderline:[['1.1000.25', '1.938.25'], [10866.0, 11338.0]] filter time: 0 filtered: True Value Filter: Orderline_asin is empty
INFO:Main:query root node Orderline:[['1.1000.25', '1.938.25'], [10866.0, 11338.0]] filter time: 0 filtered: True Value Filter: Orderline_asin is empty
INFO:Main:query root node Orderline:[['1.1034.25', '1.992.20'], [11342.0, 11831.0]] filter time: 0 filtered: True Value Filter: Orderline_asin is empty
INFO:Main:query root node Orderline:[['1.1034.25', '1.992.20'], [11342.0, 11831.0]] filter time: 0 filtered: True Value Filter: Orderline_asin is empty
INFO:Main:query root node Orderline:[['1.1016.25', '1.949.20'], [11832.0, 12256.0]] filter time: 0 filtered: True Value Filter: Orderline_asin is empty
INFO:Main:query root node Orderline:[['1.1016.25', '1.949.20'], [11832.0, 12256.0]] filter time: 0 filtered: True Value Filter: Orderline_asin is empty
INFO:Main:query root node Orderline:[['1.1005.5', '1.973.5'], [12264.0, 12769.0]] filter time: 0 filtered: True Value Filter: Orderline_asin is empty
INFO:Main:query root node Orderline:[['1.1005.5', '1.973.5'], [12264.0, 12769.0]] filter time: 0 filtered: True Value Filter: Orderline_asin is empty
INFO:Main:query root node Orderline:[['1.1071.10', '1.965.10'], [12771.0, 13135.0]] filter time: 0 filtered: True Value Filter: Orderline_asin is empty
INFO:Main:query root node Orderline:[['1.1071.10', '1.965.10'], [12771.0, 13135.0]] filter time: 0 filtered: True Value Filter: Orderline_asin is empty
INFO:Main:query root node Orderline:[['1.1012.10', '1.999.15'], [13136.0, 13611.0]] filter time: 0 filtered: True Value Filter: Orderline_asin is empty
INFO:Main:query root node Orderline:[['1.1012.10', '1.999.15'], [13136.0, 13611.0]] filter time: 0 filtered: True Value Filter: Orderline_asin is empty
INFO:Main:query root node Orderline:[['1.1042.15', '1.982.10'], [13617.0, 14003.0]] filter time: 0 filtered: True Value Filter: Orderline_asin is empty
INFO:Main:query root node Orderline:[['1.1042.15', '1.982.10'], [13617.0, 14003.0]] filter time: 0 filtered: True Value Filter: Orderline_asin is empty
INFO:Main:query root node Orderline:[['1.1042.15', '1.982.10'], [13617.0, 14003.0]] filter time: 0 filtered: True Value Filter: Orderline_asin is empty
INFO:Main:query root node Orderline:[['1.1010.10', '1.988.20'], [14004.0, 14466.0]] filter time: 0 filtered: True Value Filter: Orderline_asin is empty
INFO:Main:query root node Orderline:[['1.1010.10', '1.988.20'], [14004.0, 14466.0]] filter time: 0 filtered: True Value Filter: Orderline_asin is empty
INFO:Main:query root node Orderline:[['1.10.10', '1.995.20'], [14468.0, 14965.0]] filter time: 0 filtered: True Value Filter: Orderline_asin is empty
INFO:Main:query root node Orderline:[['1.10.10', '1.995.20'], [14468.0, 14965.0]] filter time: 0 filtered: True Value Filter: Orderline_asin is empty
INFO:Main:query root node Orderline:[['1.1022.25', '1.995.5'], [14970.0, 15473.0]] filter time: 0 filtered: True Value Filter: Orderline_asin is empty
INFO:Main:query root node Orderline:[['1.1022.25', '1.995.5'], [14970.0, 15473.0]] filter time: 0 filtered: True Value Filter: Orderline_asin is empty
INFO:Main:query root node Orderline:[['1.1009.10', '1.952.15'], [15482.0, 15940.0]] filter time: 0 filtered: True Value Filter: Orderline_asin is empty
INFO:Main:query root node Orderline:[['1.1009.10', '1.952.15'], [15482.0, 15940.0]] filter time: 0 filtered: True Value Filter: Orderline_asin is empty
INFO:Main:query root node Orderline:[['1.1015.5', '1.991.10'], [15941.0, 16364.0]] filter time: 0 filtered: True Value Filter: Orderline_asin is empty
INFO:Main:query root node Orderline:[['1.1015.5', '1.991.10'], [15941.0, 16364.0]] filter time: 0 filtered: True Value Filter: Orderline_asin is empty
INFO:Main:query root node Orderline:[['1.1010.25', '1.989.25'], [16366.0, 16800.0]] filter time: 0 filtered: True Value Filter: Orderline_asin is empty
INFO:Main:query root node Orderline:[['1.1004.25', '1.985.15'], [16803.0, 17226.0]] filter time: 0 filtered: True Value Filter: Orderline_asin is empty
INFO:Main:query root node Orderline:[['1.1004.25', '1.985.15'], [16803.0, 17226.0]] filter time: 0 filtered: True Value Filter: Orderline_asin is empty
INFO:Main:query root node Orderline:[['1.10.25', '1.993.15'], [17229.0, 17756.0]] filter time: 0 filtered: True Value Filter: Orderline_asin is empty
INFO:Main:query root node Orderline:[['1.10.25', '1.993.15'], [17229.0, 17756.0]] filter time: 0 filtered: True Value Filter: Orderline_asin is empty
INFO:Main:query root node Orderline:[['1.10.25', '1.993.15'], [17229.0, 17756.0]] filter time: 0 filtered: True Value Filter: Orderline_asin is empty
INFO:Main:query root node Orderline:[['1.1034.15', '1.980.10'], [17757.0, 18251.0]] filter time: 0 filtered: True Value Filter: Orderline_asin is empty
INFO:Main:query root node Orderline:[['1.1034.15', '1.980.10'], [17757.0, 18251.0]] filter time: 0 filtered: True Value Filter: Orderline_asin is empty
INFO:Main:query root node Orderline:[['1.102.20', '1.985.5'], [18253.0, 18680.0]] filter time: 0 filtered: True Value Filter: Orderline_asin is empty
INFO:Main:query root node Orderline:[['1.102.20', '1.985.5'], [18253.0, 18680.0]] filter time: 0 filtered: True Value Filter: Orderline_asin is empty
INFO:Main:query root node Orderline:[['1.1007.20', '1.997.10'], [18686.0, 19150.0]] filter time: 0 filtered: True Value Filter: Orderline_asin is empty
INFO:Main:query root node Orderline:[['1.1007.20', '1.997.10'], [18686.0, 19150.0]] filter time: 0 filtered: True Value Filter: Orderline_asin is empty
INFO:Main:query root node Orderline:[['1.1000.20', '1.988.5'], [19155.0, 19729.0]] filter time: 0 filtered: True Value Filter: Orderline_asin is empty
INFO:Main:query root node Orderline:[['1.1000.20', '1.988.5'], [19155.0, 19729.0]] filter time: 0 filtered: True Value Filter: Orderline_asin is empty
INFO:Main:query root node Orderline:[['1.1013.25', '1.996.15'], [19733.0, 20202.0]] filter time: 0 filtered: True Value Filter: Orderline_asin is empty
INFO:Main:query root node Orderline:[['1.1013.25', '1.996.15'], [19733.0, 20202.0]] filter time: 0 filtered: True Value Filter: Orderline_asin is empty
INFO:Main:query root node Orderline:[['1.1053.10', '1.983.10'], [20204.0, 20620.0]] filter time: 0 filtered: True Value Filter: Orderline_asin is empty
INFO:Main:query root node Orderline:[['1.1053.10', '1.983.10'], [20204.0, 20620.0]] filter time: 0 filtered: True Value Filter: Orderline_asin is empty
INFO:Main:query root node Orderline:[['1.1002.15', '1.993.25'], [20624.0, 21058.0]] filter time: 0 filtered: True Value Filter: Orderline_asin is empty
INFO:Main:query root node Orderline:[['1.1002.15', '1.993.25'], [20624.0, 21058.0]] filter time: 0 filtered: True Value Filter: Orderline_asin is empty
INFO:Main:query root node Orderline:[['1.1018.15', '1.981.10'], [21059.0, 21525.0]] filter time: 0 filtered: True Value Filter: Orderline_asin is empty
INFO:Main:query root node Orderline:[['1.1018.15', '1.981.10'], [21059.0, 21525.0]] filter time: 0 filtered: True Value Filter: Orderline_asin is empty
INFO:Main:query root node Orderline:[['1.1009.15', '1.987.10'], [21535.0, 21964.0]] filter time: 0 filtered: True Value Filter: Orderline_asin is empty
INFO:Main:query root node Orderline:[['1.1009.15', '1.987.10'], [21535.0, 21964.0]] filter time: 0 filtered: True Value Filter: Orderline_asin is empty
INFO:Main:query root node Orderline:[['1.1009.15', '1.987.10'], [21535.0, 21964.0]] filter time: 0 filtered: True Value Filter: Orderline_asin is empty
INFO:Main:query root node Orderline:[['1.101.15', '1.998.15'], [21966.0, 22442.0]] filter time: 0 filtered: True Value Filter: Orderline_asin is empty
INFO:Main:query root node Orderline:[['1.101.15', '1.998.15'], [21966.0, 22442.0]] filter time: 0 filtered: True Value Filter: Orderline_asin is empty
INFO:Main:query root node Orderline:[['1.100.10', '1.995.15'], [22443.0, 22882.0]] filter time: 0 filtered: True Value Filter: Orderline_asin is empty
INFO:Main:query root node Orderline:[['1.100.10', '1.995.15'], [22443.0, 22882.0]] filter time: 0 filtered: True Value Filter: Orderline_asin is empty
INFO:Main:query root node Orderline:[['1.1001.5', '1.964.15'], [22884.0, 23320.0]] filter time: 0 filtered: True Value Filter: Orderline_asin is empty
INFO:Main:query root node Orderline:[['1.1001.5', '1.964.15'], [22884.0, 23320.0]] filter time: 0 filtered: True Value Filter: Orderline_asin is empty
INFO:Main:query root node Orderline:[['1.1017.15', '1.988.15'], [23321.0, 23695.0]] filter time: 0 filtered: True Value Filter: Orderline_asin is empty
INFO:Main:query root node Orderline:[['1.1017.15', '1.988.15'], [23321.0, 23695.0]] filter time: 0 filtered: True Value Filter: Orderline_asin is empty
INFO:Main:query root node Orderline:[['1.1008.5', '1.978.10'], [23698.0, 24163.0]] filter time: 0 filtered: True Value Filter: Orderline_asin is empty
INFO:Main:query root node Orderline:[['1.1008.5', '1.978.10'], [23698.0, 24163.0]] filter time: 0 filtered: True Value Filter: Orderline_asin is empty
INFO:Main:query root node Orderline:[['1.1002.20', '1.977.5'], [24164.0, 24599.0]] filter time: 0 filtered: True Value Filter: Orderline_asin is empty
INFO:Main:query root node Orderline:[['1.1002.20', '1.977.5'], [24164.0, 24599.0]] filter time: 0 filtered: True Value Filter: Orderline_asin is empty
INFO:Main:query root node Orderline:[['1.1003.5', '1.996.10'], [24601.0, 25081.0]] filter time: 0 filtered: True Value Filter: Orderline_asin is empty
INFO:Main:query root node Orderline:[['1.1003.5', '1.996.10'], [24601.0, 25081.0]] filter time: 0 filtered: True Value Filter: Orderline_asin is empty
INFO:Main:query root node Orderline:[['1.1003.5', '1.996.10'], [24601.0, 25081.0]] filter time: 0 filtered: True Value Filter: Orderline_asin is empty
INFO:Main:query root node Orderline:[['1.1026.5', '1.989.15'], [25085.0, 25548.0]] filter time: 0 filtered: True Value Filter: Orderline_asin is empty
INFO:Main:query root node Orderline:[['1.1026.5', '1.989.15'], [25085.0, 25548.0]] filter time: 0 filtered: True Value Filter: Orderline_asin is empty
INFO:Main:query root node Orderline:[['1.1025.25', '1.900.5'], [25559.0, 25994.0]] filter time: 0 filtered: True Value Filter: Orderline_asin is empty
INFO:Main:query root node Orderline:[['1.1025.25', '1.900.5'], [25559.0, 25994.0]] filter time: 0 filtered: True Value Filter: Orderline_asin is empty
INFO:Main:query root node Orderline:[['1.1029.20', '1.995.25'], [25996.0, 26404.0]] filter time: 0 filtered: True Value Filter: Orderline_asin is empty
INFO:Main:query root node Orderline:[['1.1029.20', '1.995.25'], [25996.0, 26404.0]] filter time: 0 filtered: True Value Filter: Orderline_asin is empty
INFO:Main:query root node Orderline:[['1.1004.20', '1.941.25'], [26405.0, 26864.0]] filter time: 0 filtered: True Value Filter: Orderline_asin is empty
INFO:Main:query root node Orderline:[['1.1004.20', '1.941.25'], [26405.0, 26864.0]] filter time: 0 filtered: True Value Filter: Orderline_asin is empty
INFO:Main:query root node Orderline:[['1.1006.10', '1.998.20'], [26867.0, 27309.0]] filter time: 0 filtered: True Value Filter: Orderline_asin is empty
INFO:Main:query root node Orderline:[['1.1006.10', '1.998.20'], [26867.0, 27309.0]] filter time: 0 filtered: True Value Filter: Orderline_asin is empty
INFO:Main:query root node Orderline:[['1.107.10', '1.997.20'], [27314.0, 27800.0]] filter time: 0 filtered: True Value Filter: Orderline_asin is empty
INFO:Main:query root node Orderline:[['1.107.10', '1.997.20'], [27314.0, 27800.0]] filter time: 0 filtered: True Value Filter: Orderline_asin is empty
INFO:Main:query root node Orderline:[['1.1009.25', '1.974.15'], [27801.0, 28310.0]] filter time: 0 filtered: True Value Filter: Orderline_asin is empty
INFO:Main:query root node Orderline:[['1.1009.25', '1.974.15'], [27801.0, 28310.0]] filter time: 0 filtered: True Value Filter: Orderline_asin is empty
INFO:Main:query root node Orderline:[['1.10.15', '1.991.25'], [28322.0, 28752.0]] filter time: 0 filtered: True Value Filter: Orderline_asin is empty
INFO:Main:query root node Orderline:[['1.10.15', '1.991.25'], [28322.0, 28752.0]] filter time: 0 filtered: True Value Filter: Orderline_asin is empty
INFO:Main:query root node Orderline:[['1.1016.20', '1.969.5'], [28753.0, 29214.0]] filter time: 0 filtered: True Value Filter: Orderline_asin is empty
INFO:Main:query root node Orderline:[['1.1016.20', '1.969.5'], [28753.0, 29214.0]] filter time: 0 filtered: True Value Filter: Orderline_asin is empty
INFO:Main:query root node Orderline:[['1.1016.20', '1.969.5'], [28753.0, 29214.0]] filter time: 0 filtered: True Value Filter: Orderline_asin is empty
INFO:Main:query root node Orderline:[['1.1031.25', '1.999.5'], [29215.0, 29622.0]] filter time: 0 filtered: True Value Filter: Orderline_asin is empty
INFO:Main:query root node Orderline:[['1.1031.25', '1.999.5'], [29215.0, 29622.0]] filter time: 0 filtered: True Value Filter: Orderline_asin is empty
INFO:Main:query root node Orderline:[['1.1006.25', '1.974.10'], [29623.0, 30090.0]] filter time: 0 filtered: True Value Filter: Orderline_asin is empty
INFO:Main:query root node Orderline:[['1.1006.25', '1.974.10'], [29623.0, 30090.0]] filter time: 0 filtered: True Value Filter: Orderline_asin is empty
INFO:Main:query root node Orderline:[['1.1003.25', '1.98.10'], [30093.0, 30542.0]] filter time: 0 filtered: True Value Filter: Orderline_asin is empty
INFO:Main:query root node Orderline:[['1.1003.25', '1.98.10'], [30093.0, 30542.0]] filter time: 0 filtered: True Value Filter: Orderline_asin is empty
INFO:Main:query root node Orderline:[['1.1029.15', '1.986.15'], [30543.0, 30935.0]] filter time: 0 filtered: True Value Filter: Orderline_asin is empty
INFO:Main:query root node Orderline:[['1.1029.15', '1.986.15'], [30543.0, 30935.0]] filter time: 0 filtered: True Value Filter: Orderline_asin is empty
INFO:Main:query root node Orderline:[['1.1011.25', '1.990.10'], [30940.0, 31329.0]] filter time: 0 filtered: True Value Filter: Orderline_asin is empty
INFO:Main:query root node Orderline:[['1.1011.25', '1.990.10'], [30940.0, 31329.0]] filter time: 0 filtered: True Value Filter: Orderline_asin is empty
INFO:Main:query root node Orderline:[['1.1.20', '1.988.25'], [31333.0, 31718.0]] filter time: 0 filtered: True Value Filter: Orderline_asin is empty
INFO:Main:query root node Orderline:[['1.1.20', '1.988.25'], [31333.0, 31718.0]] filter time: 0 filtered: True Value Filter: Orderline_asin is empty
INFO:Main:query root node Orderline:[['1.1004.15', '1.991.20'], [31730.0, 32179.0]] filter time: 0 filtered: True Value Filter: Orderline_asin is empty
INFO:Main:query root node Orderline:[['1.1004.15', '1.991.20'], [31730.0, 32179.0]] filter time: 0 filtered: True Value Filter: Orderline_asin is empty
INFO:Main:query root node Orderline:[['1.10.20', '1.999.10'], [32181.0, 32669.0]] filter time: 0 filtered: True Value Filter: Orderline_asin is empty
INFO:Main:query root node Orderline:[['1.10.20', '1.999.10'], [32181.0, 32669.0]] filter time: 0 filtered: True Value Filter: Orderline_asin is empty
INFO:Main:query root node Orderline:[['1.1005.10', '1.999.25'], [32670.0, 33075.0]] filter time: 0 filtered: True Value Filter: Orderline_asin is empty
INFO:Main:query root node Orderline:[['1.1005.10', '1.999.25'], [32670.0, 33075.0]] filter time: 0 filtered: True Value Filter: Orderline_asin is empty
INFO:Main:query root node Orderline:[['1.1087.20', '1.952.10'], [33080.0, 33554.0]] filter time: 0 filtered: True Value Filter: Orderline_asin is empty
INFO:Main:query root node Orderline:[['1.1087.20', '1.952.10'], [33080.0, 33554.0]] filter time: 0 filtered: True Value Filter: Orderline_asin is empty
INFO:Main:query root node Orderline:[['1.1005.15', '1.985.20'], [33560.0, 33974.0]] filter time: 0 filtered: True Value Filter: Orderline_asin is empty
INFO:Main:query root node Orderline:[['1.1005.15', '1.985.20'], [33560.0, 33974.0]] filter time: 0 filtered: True Value Filter: Orderline_asin is empty
INFO:Main:query root node Orderline:[['1.1000.15', '1.995.10'], [33979.0, 34420.0]] filter time: 0 filtered: True Value Filter: Orderline_asin is empty
INFO:Main:query root node Orderline:[['1.1000.15', '1.995.10'], [33979.0, 34420.0]] filter time: 0 filtered: True Value Filter: Orderline_asin is empty
INFO:Main:query root node Orderline:[['1.1034.5', '1.990.20'], [34421.0, 34935.0]] filter time: 0 filtered: True Value Filter: Orderline_asin is empty
INFO:Main:query root node Orderline:[['1.1034.5', '1.990.20'], [34421.0, 34935.0]] filter time: 0 filtered: True Value Filter: Orderline_asin is empty
INFO:Main:query root node Orderline:[['1.1001.10', '1.969.25'], [34939.0, 35356.0]] filter time: 0 filtered: True Value Filter: Orderline_asin is empty
INFO:Main:query root node Orderline:[['1.1001.10', '1.969.25'], [34939.0, 35356.0]] filter time: 0 filtered: True Value Filter: Orderline_asin is empty
INFO:Main:query root node Orderline:[['1.1001.10', '1.969.25'], [34939.0, 35356.0]] filter time: 0 filtered: True Value Filter: Orderline_asin is empty
INFO:Main:query root node Orderline:[['1.1012.15', '1.961.25'], [35357.0, 35787.0]] filter time: 0 filtered: True Value Filter: Orderline_asin is empty
INFO:Main:query root node Orderline:[['1.1012.15', '1.961.25'], [35357.0, 35787.0]] filter time: 0 filtered: True Value Filter: Orderline_asin is empty
INFO:Main:query root node Orderline:[['1.1032.10', '1.959.15'], [35792.0, 36230.0]] filter time: 0 filtered: True Value Filter: Orderline_asin is empty
INFO:Main:query root node Orderline:[['1.1032.10', '1.959.15'], [35792.0, 36230.0]] filter time: 0 filtered: True Value Filter: Orderline_asin is empty
INFO:Main:query root node Orderline:[['1.1033.10', '1.963.10'], [36231.0, 36670.0]] filter time: 0 filtered: True Value Filter: Orderline_asin is empty
INFO:Main:query root node Orderline:[['1.1033.10', '1.963.10'], [36231.0, 36670.0]] filter time: 0 filtered: True Value Filter: Orderline_asin is empty
INFO:Main:query root node Orderline:[['1.1010.5', '1.997.15'], [36672.0, 37140.0]] filter time: 0 filtered: True Value Filter: Orderline_asin is empty
INFO:Main:query root node Orderline:[['1.1010.5', '1.997.15'], [36672.0, 37140.0]] filter time: 0 filtered: True Value Filter: Orderline_asin is empty
INFO:Main:query root node Orderline:[['1.1007.10', '1.977.10'], [37148.0, 37618.0]] filter time: 0 filtered: True Value Filter: Orderline_asin is empty
INFO:Main:query root node Orderline:[['1.1007.10', '1.977.10'], [37148.0, 37618.0]] filter time: 0 filtered: True Value Filter: Orderline_asin is empty
INFO:Main:query root node Orderline:[['1.1007.10', '1.977.10'], [37148.0, 37618.0]] filter time: 0 filtered: True Value Filter: Orderline_asin is empty
INFO:Main:query root node Orderline:[['1.1040.20', '1.988.10'], [37624.0, 38078.0]] filter time: 0 filtered: True Value Filter: Orderline_asin is empty
INFO:Main:query root node Orderline:[['1.1040.20', '1.988.10'], [37624.0, 38078.0]] filter time: 0 filtered: True Value Filter: Orderline_asin is empty
INFO:Main:query root node Orderline:[['1.1018.20', '1.977.15'], [38080.0, 38498.0]] filter time: 0 filtered: True Value Filter: Orderline_asin is empty
INFO:Main:query root node Orderline:[['1.1018.20', '1.977.15'], [38080.0, 38498.0]] filter time: 0 filtered: True Value Filter: Orderline_asin is empty
INFO:Main:query root node Orderline:[['1.1018.20', '1.977.15'], [38080.0, 38498.0]] filter time: 0 filtered: True Value Filter: Orderline_asin is empty
INFO:Main:query root node Orderline:[['1.1014.10', '1.984.20'], [38512.0, 38961.0]] filter time: 0 filtered: True Value Filter: Orderline_asin is empty
INFO:Main:query root node Orderline:[['1.1014.10', '1.984.20'], [38512.0, 38961.0]] filter time: 0 filtered: True Value Filter: Orderline_asin is empty
INFO:Main:query root node Orderline:[['1.100.20', '1.979.5'], [38963.0, 39386.0]] filter time: 0 filtered: True Value Filter: Orderline_asin is empty
INFO:Main:query root node Orderline:[['1.100.20', '1.979.5'], [38963.0, 39386.0]] filter time: 0 filtered: True Value Filter: Orderline_asin is empty
INFO:Main:query root node Orderline:[['1.101.10', '1.975.20'], [39388.0, 39849.0]] filter time: 0 filtered: True Value Filter: Orderline_asin is empty
INFO:Main:query root node Orderline:[['1.101.10', '1.975.20'], [39388.0, 39849.0]] filter time: 0 filtered: True Value Filter: Orderline_asin is empty
INFO:Main:query root node Orderline:[['1.1004.5', '1.993.5'], [39853.0, 40281.0]] filter time: 0 filtered: True Value Filter: Orderline_asin is empty
INFO:Main:query root node Orderline:[['1.1004.5', '1.993.5'], [39853.0, 40281.0]] filter time: 0 filtered: True Value Filter: Orderline_asin is empty
INFO:Main:query root node Orderline:[['1.1040.25', '1.949.5'], [40291.0, 40686.0]] filter time: 0 filtered: True Value Filter: Orderline_asin is empty
INFO:Main:query root node Orderline:[['1.1040.25', '1.949.5'], [40291.0, 40686.0]] filter time: 0 filtered: True Value Filter: Orderline_asin is empty
INFO:Main:query root node Orderline:[['1.1002.5', '1.997.5'], [40691.0, 41127.0]] filter time: 0 filtered: True Value Filter: Orderline_asin is empty
INFO:Main:query root node Orderline:[['1.1002.5', '1.997.5'], [40691.0, 41127.0]] filter time: 0 filtered: True Value Filter: Orderline_asin is empty
INFO:Main:query root node Orderline:[['1.1003.20', '1.980.25'], [41130.0, 41537.0]] filter time: 0 filtered: True Value Filter: Orderline_asin is empty
INFO:Main:query root node Orderline:[['1.1003.20', '1.980.25'], [41130.0, 41537.0]] filter time: 0 filtered: True Value Filter: Orderline_asin is empty
INFO:Main:query root node Orderline:[['1.1000.5', '1.99.20'], [41540.0, 41964.0]] filter time: 0 filtered: True Value Filter: Orderline_asin is empty
INFO:Main:query root node Orderline:[['1.1000.5', '1.99.20'], [41540.0, 41964.0]] filter time: 0 filtered: True Value Filter: Orderline_asin is empty
INFO:Main:query root node Orderline:[['1.1032.20', '1.998.5'], [41966.0, 42379.0]] filter time: 0 filtered: True Value Filter: Orderline_asin is empty
INFO:Main:query root node Orderline:[['1.1032.20', '1.998.5'], [41966.0, 42379.0]] filter time: 0 filtered: True Value Filter: Orderline_asin is empty
INFO:Main:query root node Orderline:[['1.1015.25', '1.989.20'], [42387.0, 42882.0]] filter time: 0 filtered: True Value Filter: Orderline_asin is empty
INFO:Main:query root node Orderline:[['1.1015.25', '1.989.20'], [42387.0, 42882.0]] filter time: 0 filtered: True Value Filter: Orderline_asin is empty
INFO:Main:query root node Orderline:[['1.1039.25', '1.992.25'], [42884.0, 43322.0]] filter time: 0 filtered: True Value Filter: Orderline_asin is empty
INFO:Main:query root node Orderline:[['1.1039.25', '1.992.25'], [42884.0, 43322.0]] filter time: 0 filtered: True Value Filter: Orderline_asin is empty
INFO:Main:query root node Orderline:[['1.1049.15', '1.968.25'], [43323.0, 43727.0]] filter time: 0 filtered: True Value Filter: Orderline_asin is empty
INFO:Main:query root node Orderline:[['1.1049.15', '1.968.25'], [43323.0, 43727.0]] filter time: 0 filtered: True Value Filter: Orderline_asin is empty
INFO:Main:query root node Orderline:[['1.1.10', '1.998.25'], [43728.0, 44145.0]] filter time: 0 filtered: True Value Filter: Orderline_asin is empty
INFO:Main:query root node Orderline:[['1.1.10', '1.998.25'], [43728.0, 44145.0]] filter time: 0 filtered: True Value Filter: Orderline_asin is empty
INFO:Main:query root node Orderline:[['1.1.15', '1.964.5'], [44160.0, 44658.0]] filter time: 0 filtered: True Value Filter: Orderline_asin is empty
INFO:Main:query root node Orderline:[['1.1.15', '1.964.5'], [44160.0, 44658.0]] filter time: 0 filtered: True Value Filter: Orderline_asin is empty
INFO:Main:query root node Orderline:[['1.1040.5', '1.993.10'], [44659.0, 45104.0]] filter time: 0 filtered: True Value Filter: Orderline_asin is empty
INFO:Main:query root node Orderline:[['1.1040.5', '1.993.10'], [44659.0, 45104.0]] filter time: 0 filtered: True Value Filter: Orderline_asin is empty
INFO:Main:query root node Orderline:[['1.1040.15', '1.971.15'], [45115.0, 45523.0]] filter time: 0 filtered: True Value Filter: Orderline_asin is empty
INFO:Main:query root node Orderline:[['1.1040.15', '1.971.15'], [45115.0, 45523.0]] filter time: 0 filtered: True Value Filter: Orderline_asin is empty
INFO:Main:query root node Orderline:[['1.1040.15', '1.971.15'], [45115.0, 45523.0]] filter time: 0 filtered: True Value Filter: Orderline_asin is empty
INFO:Main:query root node Orderline:[['1.101.5', '1.943.20'], [45526.0, 45928.0]] filter time: 0 filtered: True Value Filter: Orderline_asin is empty
INFO:Main:query root node Orderline:[['1.101.5', '1.943.20'], [45526.0, 45928.0]] filter time: 0 filtered: True Value Filter: Orderline_asin is empty
INFO:Main:query root node Orderline:[['1.1009.5', '1.987.5'], [45929.0, 46367.0]] filter time: 0 filtered: True Value Filter: Orderline_asin is empty
INFO:Main:query root node Orderline:[['1.1009.5', '1.987.5'], [45929.0, 46367.0]] filter time: 0 filtered: True Value Filter: Orderline_asin is empty
INFO:Main:query root node Orderline:[['1.1001.25', '1.958.20'], [46371.0, 46825.0]] filter time: 0 filtered: True Value Filter: Orderline_asin is empty
INFO:Main:query root node Orderline:[['1.1001.25', '1.958.20'], [46371.0, 46825.0]] filter time: 0 filtered: True Value Filter: Orderline_asin is empty
INFO:Main:query root node Orderline:[['1.1.25', '1.940.15'], [46844.0, 47306.0]] filter time: 0 filtered: True Value Filter: Orderline_asin is empty
INFO:Main:query root node Orderline:[['1.1.25', '1.940.15'], [46844.0, 47306.0]] filter time: 0 filtered: True Value Filter: Orderline_asin is empty
INFO:Main:query root node Orderline:[['1.1011.20', '1.981.20'], [47312.0, 47761.0]] filter time: 0 filtered: True Value Filter: Orderline_asin is empty
INFO:Main:query root node Orderline:[['1.1011.20', '1.981.20'], [47312.0, 47761.0]] filter time: 0 filtered: True Value Filter: Orderline_asin is empty
INFO:Main:query root node Orderline:[['1.1025.5', '1.992.15'], [47771.0, 48180.0]] filter time: 0 filtered: True Value Filter: Orderline_asin is empty
INFO:Main:query root node Orderline:[['1.1025.5', '1.992.15'], [47771.0, 48180.0]] filter time: 0 filtered: True Value Filter: Orderline_asin is empty
INFO:Main:query root node Orderline:[['1.1003.10', '1.992.5'], [48181.0, 48581.0]] filter time: 0 filtered: True Value Filter: Orderline_asin is empty
INFO:Main:query root node Orderline:[['1.1034.10', '1.983.20'], [48588.0, 49028.0]] filter time: 0 filtered: False 
INFO:Main:query root node Orderline:[['1.1013.5', '1.984.15'], [49032.0, 49461.0]] filter time: 0 filtered: True Value Filter: Orderline_asin is empty
INFO:Main:query root node Orderline:[['1.1013.5', '1.984.15'], [49032.0, 49461.0]] filter time: 0 filtered: True Value Filter: Orderline_asin is empty
INFO:Main:query root node Orderline:[['1.10.5', '1.977.20'], [49469.0, 49917.0]] filter time: 0 filtered: True Value Filter: Orderline_asin is empty
INFO:Main:query root node Orderline:[['1.10.5', '1.977.20'], [49469.0, 49917.0]] filter time: 0 filtered: True Value Filter: Orderline_asin is empty
INFO:Main:Filtering time 0
INFO:Main:Average filtering time for one node: 0
INFO:Validator Main:Number of remaining leaf nodes after Filtering: 3
INFO:Validator Main:Number of remaining leaf nodes of root after validation: 0
INFO:Main:validation time 6
INFO:Main:Results: 
INFO:Runner:#####################
INFO:Runner:#####################
INFO:Runner:#####################
INFO:Main:Initialize link took:  0
INFO:Main:query root node Orderline:[['1.1.10', '1.999.5'], [5002.0, 49998.0]] filter time: 0 filtered: False 
INFO:Main:query root node Orderline:[['1.1.5', '1.999.20'], [5002.0, 9543.0]] filter time: 0 filtered: False 
INFO:Main:query root node Orderline:[['1.1000.25', '1.999.15'], [9545.0, 14003.0]] filter time: 0 filtered: False 
INFO:Main:query root node Orderline:[['1.10.10', '1.995.5'], [14004.0, 18680.0]] filter time: 0 filtered: False 
INFO:Main:query root node Orderline:[['1.100.10', '1.998.15'], [18686.0, 23320.0]] filter time: 0 filtered: False 
INFO:Main:query root node Orderline:[['1.1002.20', '1.998.20'], [23321.0, 27800.0]] filter time: 0 filtered: False 
INFO:Main:query root node Orderline:[['1.1.20', '1.999.5'], [27801.0, 32179.0]] filter time: 0 filtered: False 
INFO:Main:query root node Orderline:[['1.10.20', '1.999.25'], [32181.0, 36670.0]] filter time: 0 filtered: False 
INFO:Main:query root node Orderline:[['1.100.20', '1.997.5'], [36672.0, 41127.0]] filter time: 0 filtered: False 
INFO:Main:query root node Orderline:[['1.1.10', '1.998.5'], [41130.0, 45523.0]] filter time: 0 filtered: False 
INFO:Main:query root node Orderline:[['1.1.25', '1.992.5'], [45526.0, 49917.0]] filter time: 0 filtered: True Value Filter: Orderline_asin is empty
INFO:Main:query root node Orderline:[['1.108.10', '1.895.20'], [49922.0, 49998.0]] filter time: 0 filtered: True Value Filter: Orderline_asin is empty
INFO:Main:Filtering time 0
INFO:Main:Average filtering time for one node: 0
INFO:Validator Main:Number of remaining leaf nodes after Filtering: 9
INFO:Main:Initialize link took:  0
INFO:Main:query root node Orderline:[['1.1.10', '1.999.5'], [5002.0, 49998.0]] filter time: 0 filtered: False 
INFO:Main:query root node Orderline:[['1.1013.10', '1.999.20'], [5002.0, 5859.0]] filter time: 0 filtered: False 
INFO:Main:query root node Orderline:[['1.1013.15', '1.994.5'], [5869.0, 6818.0]] filter time: 0 filtered: False 
INFO:Main:query root node Orderline:[['1.1000.10', '1.981.5'], [6826.0, 7637.0]] filter time: 0 filtered: True Value Filter: Orderline_asin is empty
INFO:Main:query root node Orderline:[['1.1.5', '1.99.15'], [7639.0, 8517.0]] filter time: 0 filtered: False 
INFO:Main:query root node Orderline:[['1.1009.20', '1.998.10'], [8518.0, 9543.0]] filter time: 0 filtered: False 
INFO:Main:query root node Orderline:[['1.1014.20', '1.997.25'], [9545.0, 10408.0]] filter time: 0 filtered: False 
INFO:Main:query root node Orderline:[['1.1000.25', '1.949.15'], [10409.0, 11338.0]] filter time: 0 filtered: False 
INFO:Main:query root node Orderline:[['1.1016.25', '1.992.20'], [11342.0, 12256.0]] filter time: 0 filtered: False 
INFO:Main:query root node Orderline:[['1.1005.5', '1.973.5'], [12264.0, 13135.0]] filter time: 0 filtered: False 
INFO:Main:query root node Orderline:[['1.1012.10', '1.999.15'], [13136.0, 14003.0]] filter time: 0 filtered: False 
INFO:Main:query root node Orderline:[['1.10.10', '1.995.20'], [14004.0, 14965.0]] filter time: 0 filtered: False 
INFO:Main:query root node Orderline:[['1.1009.10', '1.995.5'], [14970.0, 15940.0]] filter time: 0 filtered: False 
INFO:Main:query root node Orderline:[['1.1010.25', '1.991.10'], [15941.0, 16800.0]] filter time: 0 filtered: False 
INFO:Main:query root node Orderline:[['1.10.25', '1.993.15'], [16803.0, 17756.0]] filter time: 0 filtered: False 
INFO:Main:query root node Orderline:[['1.102.20', '1.985.5'], [17757.0, 18680.0]] filter time: 0 filtered: False 
INFO:Main:query root node Orderline:[['1.1000.20', '1.997.10'], [18686.0, 19729.0]] filter time: 0 filtered: False 
INFO:Main:query root node Orderline:[['1.1013.25', '1.996.15'], [19733.0, 20620.0]] filter time: 0 filtered: False 
INFO:Main:query root node Orderline:[['1.1002.15', '1.993.25'], [20624.0, 21525.0]] filter time: 0 filtered: False 
INFO:Main:query root node Orderline:[['1.1009.15', '1.998.15'], [21535.0, 22442.0]] filter time: 0 filtered: False 
INFO:Main:query root node Orderline:[['1.100.10', '1.995.15'], [22443.0, 23320.0]] filter time: 0 filtered: False 
INFO:Main:query root node Orderline:[['1.1008.5', '1.988.15'], [23321.0, 24163.0]] filter time: 0 filtered: False 
INFO:Main:query root node Orderline:[['1.1002.20', '1.996.10'], [24164.0, 25081.0]] filter time: 0 filtered: False 
INFO:Main:query root node Orderline:[['1.1025.25', '1.989.15'], [25085.0, 25994.0]] filter time: 0 filtered: False 
INFO:Main:query root node Orderline:[['1.1004.20', '1.995.25'], [25996.0, 26864.0]] filter time: 0 filtered: False 
INFO:Main:query root node Orderline:[['1.1006.10', '1.998.20'], [26867.0, 27800.0]] filter time: 0 filtered: False 
INFO:Main:query root node Orderline:[['1.10.15', '1.991.25'], [27801.0, 28752.0]] filter time: 0 filtered: False 
INFO:Main:query root node Orderline:[['1.1016.20', '1.999.5'], [28753.0, 29622.0]] filter time: 0 filtered: False 
INFO:Main:query root node Orderline:[['1.1003.25', '1.98.10'], [29623.0, 30542.0]] filter time: 0 filtered: False 
INFO:Main:query root node Orderline:[['1.1011.25', '1.990.10'], [30543.0, 31329.0]] filter time: 0 filtered: False 
INFO:Main:query root node Orderline:[['1.1.20', '1.991.20'], [31333.0, 32179.0]] filter time: 0 filtered: False 
INFO:Main:query root node Orderline:[['1.10.20', '1.999.25'], [32181.0, 33075.0]] filter time: 0 filtered: False 
INFO:Main:query root node Orderline:[['1.1005.15', '1.985.20'], [33080.0, 33974.0]] filter time: 0 filtered: False 
INFO:Main:query root node Orderline:[['1.1000.15', '1.995.10'], [33979.0, 34935.0]] filter time: 0 filtered: False 
INFO:Main:query root node Orderline:[['1.1001.10', '1.969.25'], [34939.0, 35787.0]] filter time: 0 filtered: False 
INFO:Main:query root node Orderline:[['1.1032.10', '1.963.10'], [35792.0, 36670.0]] filter time: 0 filtered: False 
INFO:Main:query root node Orderline:[['1.1007.10', '1.997.15'], [36672.0, 37618.0]] filter time: 0 filtered: False 
INFO:Main:query root node Orderline:[['1.1018.20', '1.988.10'], [37624.0, 38498.0]] filter time: 0 filtered: False 
INFO:Main:query root node Orderline:[['1.100.20', '1.984.20'], [38512.0, 39386.0]] filter time: 0 filtered: False 
INFO:Main:query root node Orderline:[['1.1004.5', '1.993.5'], [39388.0, 40281.0]] filter time: 0 filtered: False 
INFO:Main:query root node Orderline:[['1.1002.5', '1.997.5'], [40291.0, 41127.0]] filter time: 0 filtered: False 
INFO:Main:query root node Orderline:[['1.1000.5', '1.99.20'], [41130.0, 41964.0]] filter time: 0 filtered: False 
INFO:Main:query root node Orderline:[['1.1015.25', '1.998.5'], [41966.0, 42882.0]] filter time: 0 filtered: False 
INFO:Main:query root node Orderline:[['1.1039.25', '1.992.25'], [42884.0, 43727.0]] filter time: 0 filtered: False 
INFO:Main:query root node Orderline:[['1.1.10', '1.998.25'], [43728.0, 44658.0]] filter time: 0 filtered: False 
INFO:Main:query root node Orderline:[['1.1040.15', '1.993.10'], [44659.0, 45523.0]] filter time: 0 filtered: False 
INFO:Main:query root node Orderline:[['1.1009.5', '1.987.5'], [45526.0, 46367.0]] filter time: 0 filtered: False 
INFO:Main:query root node Orderline:[['1.1.25', '1.958.20'], [46371.0, 47306.0]] filter time: 0 filtered: False 
INFO:Main:query root node Orderline:[['1.1011.20', '1.992.15'], [47312.0, 48180.0]] filter time: 0 filtered: False 
INFO:Main:query root node Orderline:[['1.1003.10', '1.992.5'], [48181.0, 49028.0]] filter time: 0 filtered: True Value Filter: Orderline_asin is empty
INFO:Main:query root node Orderline:[['1.10.5', '1.984.15'], [49032.0, 49917.0]] filter time: 0 filtered: False 
INFO:Main:query root node Orderline:[['1.108.10', '1.895.20'], [49922.0, 49998.0]] filter time: 0 filtered: True Value Filter: Orderline_asin is empty
INFO:Main:Filtering time 0
INFO:Main:Average filtering time for one node: 0
INFO:Validator Main:Number of remaining leaf nodes after Filtering: 48
INFO:Validator Main:Number of remaining leaf nodes of root after validation: 2
INFO:Main:validation time 209
INFO:Main:Results: 
INFO:Main:Node: Orderline:[['1.1.10', '1.998.25'], [43728.0, 44658.0]]
INFO:Main:Entry: ['1.664.25', 43827.0]
INFO:Main:{'price': None, 'Orderline': '1.664.25', 'asin': None}{'price': None, 'Orderline': 43827.0, 'asin': 98361.0}
INFO:Main:Entry: ['1.1677.25', 43829.0]
INFO:Main:{'price': None, 'Orderline': '1.1677.25', 'asin': None}{'price': None, 'Orderline': 43829.0, 'asin': 48228.0}
INFO:Main:Entry: ['1.2174.25', 43834.0]
INFO:Main:{'price': None, 'Orderline': '1.2174.25', 'asin': None}{'price': None, 'Orderline': 43834.0, 'asin': 15438.0}
INFO:Main:Entry: ['1.240.10', 43848.0]
INFO:Main:{'price': None, 'Orderline': '1.240.10', 'asin': None}{'price': None, 'Orderline': 43848.0, 'asin': 28288.0}
INFO:Main:{'price': None, 'Orderline': '1.240.10', 'asin': None}{'price': None, 'Orderline': 43848.0, 'asin': 13659.0}
INFO:Main:Entry: ['1.947.5', 43866.0]
INFO:Main:{'price': None, 'Orderline': '1.947.5', 'asin': None}{'price': None, 'Orderline': 43866.0, 'asin': 61280.0}
INFO:Main:Entry: ['1.1767.15', 43920.0]
INFO:Main:{'price': None, 'Orderline': '1.1767.15', 'asin': None}{'price': None, 'Orderline': 43920.0, 'asin': 35295.0}
INFO:Main:Entry: ['1.46.15', 43965.0]
INFO:Main:{'price': None, 'Orderline': '1.46.15', 'asin': None}{'price': None, 'Orderline': 43965.0, 'asin': 97786.0}
INFO:Main:Entry: ['1.383.15', 43977.0]
INFO:Main:{'price': None, 'Orderline': '1.383.15', 'asin': None}{'price': None, 'Orderline': 43977.0, 'asin': 24836.0}
INFO:Main:Entry: ['1.998.25', 44007.0]
INFO:Main:{'price': None, 'Orderline': '1.998.25', 'asin': None}{'price': None, 'Orderline': 44007.0, 'asin': 76959.0}
INFO:Main:Entry: ['1.594.5', 44041.0]
INFO:Main:{'price': None, 'Orderline': '1.594.5', 'asin': None}{'price': None, 'Orderline': 44041.0, 'asin': 78000.0}
INFO:Main:Entry: ['1.1044.10', 44049.0]
INFO:Main:{'price': None, 'Orderline': '1.1044.10', 'asin': None}{'price': None, 'Orderline': 44049.0, 'asin': 83887.0}
INFO:Main:Entry: ['1.1700.10', 44056.0]
INFO:Main:{'price': None, 'Orderline': '1.1700.10', 'asin': None}{'price': None, 'Orderline': 44056.0, 'asin': 19652.0}
INFO:Main:Entry: ['1.627.5', 44074.0]
INFO:Main:{'price': None, 'Orderline': '1.627.5', 'asin': None}{'price': None, 'Orderline': 44074.0, 'asin': 94826.0}
INFO:Main:Entry: ['1.1230.10', 44083.0]
INFO:Main:{'price': None, 'Orderline': '1.1230.10', 'asin': None}{'price': None, 'Orderline': 44083.0, 'asin': 74598.0}
INFO:Main:Entry: ['1.857.15', 44084.0]
INFO:Main:{'price': None, 'Orderline': '1.857.15', 'asin': None}{'price': None, 'Orderline': 44084.0, 'asin': 31537.0}
INFO:Main:Entry: ['1.8.15', 44099.0]
INFO:Main:{'price': None, 'Orderline': '1.8.15', 'asin': None}{'price': None, 'Orderline': 44099.0, 'asin': 42237.0}
INFO:Main:Entry: ['1.1745.20', 44106.0]
INFO:Main:{'price': None, 'Orderline': '1.1745.20', 'asin': '1.1745.20.2'}{'price': None, 'Orderline': 44106.0, 'asin': 40727.0}
INFO:Main:Entry: ['1.1693.25', 44145.0]
INFO:Main:{'price': None, 'Orderline': '1.1693.25', 'asin': None}{'price': None, 'Orderline': 44145.0, 'asin': 66789.0}
INFO:Main:{'price': None, 'Orderline': '1.1693.25', 'asin': None}{'price': None, 'Orderline': 44145.0, 'asin': 24041.0}
INFO:Main:Entry: ['1.726.5', 44220.0]
INFO:Main:{'price': None, 'Orderline': '1.726.5', 'asin': None}{'price': None, 'Orderline': 44220.0, 'asin': 88035.0}
INFO:Main:Entry: ['1.1014.25', 44222.0]
INFO:Main:{'price': None, 'Orderline': '1.1014.25', 'asin': None}{'price': None, 'Orderline': 44222.0, 'asin': 12381.0}
INFO:Main:Entry: ['1.1126.15', 44268.0]
INFO:Main:{'price': None, 'Orderline': '1.1126.15', 'asin': None}{'price': None, 'Orderline': 44268.0, 'asin': 94416.0}
INFO:Main:Entry: ['1.1383.15', 44307.0]
INFO:Main:{'price': None, 'Orderline': '1.1383.15', 'asin': None}{'price': None, 'Orderline': 44307.0, 'asin': 88445.0}
INFO:Main:Entry: ['1.1382.10', 44325.0]
INFO:Main:{'price': None, 'Orderline': '1.1382.10', 'asin': None}{'price': None, 'Orderline': 44325.0, 'asin': 38473.0}
INFO:Main:Entry: ['1.743.5', 44326.0]
INFO:Main:{'price': None, 'Orderline': '1.743.5', 'asin': None}{'price': None, 'Orderline': 44326.0, 'asin': 67287.0}
INFO:Main:Entry: ['1.802.25', 44408.0]
INFO:Main:{'price': None, 'Orderline': '1.802.25', 'asin': None}{'price': None, 'Orderline': 44408.0, 'asin': 12280.0}
INFO:Main:{'price': None, 'Orderline': '1.802.25', 'asin': None}{'price': None, 'Orderline': 44408.0, 'asin': 86703.0}
INFO:Main:{'price': None, 'Orderline': '1.802.25', 'asin': None}{'price': None, 'Orderline': 44408.0, 'asin': 39093.0}
INFO:Main:Entry: ['1.736.15', 44464.0]
INFO:Main:{'price': None, 'Orderline': '1.736.15', 'asin': None}{'price': None, 'Orderline': 44464.0, 'asin': 73265.0}
INFO:Main:Entry: ['1.2027.10', 44466.0]
INFO:Main:{'price': None, 'Orderline': '1.2027.10', 'asin': None}{'price': None, 'Orderline': 44466.0, 'asin': 68383.0}
INFO:Main:{'price': None, 'Orderline': '1.2027.10', 'asin': None}{'price': None, 'Orderline': 44466.0, 'asin': 35019.0}
INFO:Main:Entry: ['1.439.10', 44468.0]
INFO:Main:{'price': None, 'Orderline': '1.439.10', 'asin': None}{'price': None, 'Orderline': 44468.0, 'asin': 33027.0}
INFO:Main:Entry: ['1.1282.25', 44476.0]
INFO:Main:{'price': None, 'Orderline': '1.1282.25', 'asin': None}{'price': None, 'Orderline': 44476.0, 'asin': 68021.0}
INFO:Main:Entry: ['1.396.25', 44558.0]
INFO:Main:{'price': None, 'Orderline': '1.396.25', 'asin': None}{'price': None, 'Orderline': 44558.0, 'asin': 66969.0}
INFO:Main:Entry: ['1.1256.15', 44560.0]
INFO:Main:{'price': None, 'Orderline': '1.1256.15', 'asin': None}{'price': None, 'Orderline': 44560.0, 'asin': 69309.0}
INFO:Main:Entry: ['1.399.15', 44597.0]
INFO:Main:{'price': None, 'Orderline': '1.399.15', 'asin': None}{'price': None, 'Orderline': 44597.0, 'asin': 29714.0}
INFO:Main:Entry: ['1.1495.20', 44602.0]
INFO:Main:{'price': None, 'Orderline': '1.1495.20', 'asin': None}{'price': None, 'Orderline': 44602.0, 'asin': 36277.0}
INFO:Main:Entry: ['1.1987.10', 44608.0]
INFO:Main:{'price': None, 'Orderline': '1.1987.10', 'asin': None}{'price': None, 'Orderline': 44608.0, 'asin': 73528.0}
INFO:Main:Entry: ['1.1202.25', 44615.0]
INFO:Main:{'price': None, 'Orderline': '1.1202.25', 'asin': None}{'price': None, 'Orderline': 44615.0, 'asin': 92574.0}
INFO:Main:Entry: ['1.2008.25', 44645.0]
INFO:Main:{'price': None, 'Orderline': '1.2008.25', 'asin': None}{'price': None, 'Orderline': 44645.0, 'asin': 39588.0}
INFO:Main:Node: Orderline:[['1.1040.15', '1.993.10'], [44659.0, 45523.0]]
INFO:Main:Entry: ['1.1077.25', 44707.0]
INFO:Main:{'price': None, 'Orderline': '1.1077.25', 'asin': None}{'price': None, 'Orderline': 44707.0, 'asin': 62311.0}
INFO:Main:Entry: ['1.1374.25', 44739.0]
INFO:Main:{'price': None, 'Orderline': '1.1374.25', 'asin': None}{'price': None, 'Orderline': 44739.0, 'asin': 74935.0}
INFO:Main:Entry: ['1.1147.10', 44742.0]
INFO:Main:{'price': None, 'Orderline': '1.1147.10', 'asin': None}{'price': None, 'Orderline': 44742.0, 'asin': 25742.0}
INFO:Main:{'price': None, 'Orderline': '1.1147.10', 'asin': None}{'price': None, 'Orderline': 44742.0, 'asin': 25352.0}
INFO:Main:Entry: ['1.1690.15', 44765.0]
INFO:Main:{'price': None, 'Orderline': '1.1690.15', 'asin': None}{'price': None, 'Orderline': 44765.0, 'asin': 25606.0}
INFO:Main:{'price': None, 'Orderline': '1.1690.15', 'asin': None}{'price': None, 'Orderline': 44765.0, 'asin': 81470.0}
INFO:Main:Entry: ['1.399.20', 44776.0]
INFO:Main:{'price': None, 'Orderline': '1.399.20', 'asin': None}{'price': None, 'Orderline': 44776.0, 'asin': 76161.0}
INFO:Main:Entry: ['1.36.20', 44781.0]
INFO:Main:{'price': None, 'Orderline': '1.36.20', 'asin': None}{'price': None, 'Orderline': 44781.0, 'asin': 76789.0}
INFO:Main:Entry: ['1.1309.15', 44793.0]
INFO:Main:{'price': None, 'Orderline': '1.1309.15', 'asin': None}{'price': None, 'Orderline': 44793.0, 'asin': 69911.0}
INFO:Main:Entry: ['1.1179.10', 44806.0]
INFO:Main:{'price': None, 'Orderline': '1.1179.10', 'asin': None}{'price': None, 'Orderline': 44806.0, 'asin': 84449.0}
INFO:Main:Entry: ['1.62.10', 44824.0]
INFO:Main:{'price': None, 'Orderline': '1.62.10', 'asin': None}{'price': None, 'Orderline': 44824.0, 'asin': 12927.0}
INFO:Main:Entry: ['1.1919.10', 44828.0]
INFO:Main:{'price': None, 'Orderline': '1.1919.10', 'asin': None}{'price': None, 'Orderline': 44828.0, 'asin': 91388.0}
INFO:Main:{'price': None, 'Orderline': '1.1919.10', 'asin': None}{'price': None, 'Orderline': 44828.0, 'asin': 82137.0}
INFO:Main:Entry: ['1.944.5', 44839.0]
INFO:Main:{'price': None, 'Orderline': '1.944.5', 'asin': None}{'price': None, 'Orderline': 44839.0, 'asin': 40524.0}
INFO:Main:Entry: ['1.753.5', 44853.0]
INFO:Main:{'price': None, 'Orderline': '1.753.5', 'asin': None}{'price': None, 'Orderline': 44853.0, 'asin': 37346.0}
INFO:Main:Entry: ['1.1249.25', 44860.0]
INFO:Main:{'price': None, 'Orderline': '1.1249.25', 'asin': None}{'price': None, 'Orderline': 44860.0, 'asin': 99340.0}
INFO:Main:Entry: ['1.1639.10', 44891.0]
INFO:Main:{'price': None, 'Orderline': '1.1639.10', 'asin': None}{'price': None, 'Orderline': 44891.0, 'asin': 85344.0}
INFO:Main:Entry: ['1.2061.20', 44893.0]
INFO:Main:{'price': None, 'Orderline': '1.2061.20', 'asin': None}{'price': None, 'Orderline': 44893.0, 'asin': 84468.0}
INFO:Main:{'price': None, 'Orderline': '1.2061.20', 'asin': None}{'price': None, 'Orderline': 44893.0, 'asin': 47044.0}
INFO:Main:Entry: ['1.1300.5', 44954.0]
INFO:Main:{'price': None, 'Orderline': '1.1300.5', 'asin': None}{'price': None, 'Orderline': 44954.0, 'asin': 91356.0}
INFO:Main:Entry: ['1.732.5', 44975.0]
INFO:Main:{'price': None, 'Orderline': '1.732.5', 'asin': None}{'price': None, 'Orderline': 44975.0, 'asin': 82400.0}
INFO:Main:{'price': None, 'Orderline': '1.732.5', 'asin': None}{'price': None, 'Orderline': 44975.0, 'asin': 28063.0}
INFO:Main:Entry: ['1.1960.25', 45028.0]
INFO:Main:{'price': None, 'Orderline': '1.1960.25', 'asin': None}{'price': None, 'Orderline': 45028.0, 'asin': 47187.0}
INFO:Main:Entry: ['1.1851.15', 45088.0]
INFO:Main:{'price': None, 'Orderline': '1.1851.15', 'asin': '1.1851.15.2'}{'price': None, 'Orderline': 45088.0, 'asin': 31739.0}
INFO:Main:Entry: ['1.1492.15', 45091.0]
INFO:Main:{'price': None, 'Orderline': '1.1492.15', 'asin': None}{'price': None, 'Orderline': 45091.0, 'asin': 46625.0}
INFO:Main:Entry: ['1.971.15', 45115.0]
INFO:Main:{'price': None, 'Orderline': '1.971.15', 'asin': None}{'price': None, 'Orderline': 45115.0, 'asin': 94312.0}
INFO:Main:Entry: ['1.765.10', 45123.0]
INFO:Main:{'price': None, 'Orderline': '1.765.10', 'asin': None}{'price': None, 'Orderline': 45123.0, 'asin': 50328.0}
INFO:Main:Entry: ['1.1238.20', 45153.0]
INFO:Main:{'price': None, 'Orderline': '1.1238.20', 'asin': None}{'price': None, 'Orderline': 45153.0, 'asin': 95618.0}
INFO:Main:Entry: ['1.1728.25', 45160.0]
INFO:Main:{'price': None, 'Orderline': '1.1728.25', 'asin': None}{'price': None, 'Orderline': 45160.0, 'asin': 47712.0}
INFO:Main:Entry: ['1.1133.15', 45179.0]
INFO:Main:{'price': None, 'Orderline': '1.1133.15', 'asin': None}{'price': None, 'Orderline': 45179.0, 'asin': 61745.0}
INFO:Main:{'price': None, 'Orderline': '1.1133.15', 'asin': None}{'price': None, 'Orderline': 45179.0, 'asin': 38499.0}
INFO:Main:Entry: ['1.953.20', 45187.0]
INFO:Main:{'price': None, 'Orderline': '1.953.20', 'asin': None}{'price': None, 'Orderline': 45187.0, 'asin': 66206.0}
INFO:Main:Entry: ['1.1943.10', 45239.0]
INFO:Main:{'price': None, 'Orderline': '1.1943.10', 'asin': None}{'price': None, 'Orderline': 45239.0, 'asin': 62850.0}
INFO:Main:Entry: ['1.1999.5', 45292.0]
INFO:Main:{'price': None, 'Orderline': '1.1999.5', 'asin': None}{'price': None, 'Orderline': 45292.0, 'asin': 68491.0}
INFO:Main:Entry: ['1.1389.5', 45334.0]
INFO:Main:{'price': None, 'Orderline': '1.1389.5', 'asin': None}{'price': None, 'Orderline': 45334.0, 'asin': 28518.0}
INFO:Main:Entry: ['1.299.15', 45358.0]
INFO:Main:{'price': None, 'Orderline': '1.299.15', 'asin': None}{'price': None, 'Orderline': 45358.0, 'asin': 99867.0}
INFO:Main:Entry: ['1.1540.5', 45373.0]
INFO:Main:{'price': None, 'Orderline': '1.1540.5', 'asin': None}{'price': None, 'Orderline': 45373.0, 'asin': 74113.0}
INFO:Main:{'price': None, 'Orderline': '1.1540.5', 'asin': None}{'price': None, 'Orderline': 45373.0, 'asin': 43724.0}
INFO:Main:Entry: ['1.77.20', 45381.0]
INFO:Main:{'price': None, 'Orderline': '1.77.20', 'asin': None}{'price': None, 'Orderline': 45381.0, 'asin': 99298.0}
INFO:Main:Entry: ['1.1467.15', 45409.0]
INFO:Main:{'price': None, 'Orderline': '1.1467.15', 'asin': None}{'price': None, 'Orderline': 45409.0, 'asin': 87192.0}
INFO:Main:Entry: ['1.1985.25', 45418.0]
INFO:Main:{'price': None, 'Orderline': '1.1985.25', 'asin': None}{'price': None, 'Orderline': 45418.0, 'asin': 85516.0}
INFO:Main:Entry: ['1.132.20', 45427.0]
INFO:Main:{'price': None, 'Orderline': '1.132.20', 'asin': None}{'price': None, 'Orderline': 45427.0, 'asin': 78831.0}
INFO:Main:{'price': None, 'Orderline': '1.132.20', 'asin': None}{'price': None, 'Orderline': 45427.0, 'asin': 43803.0}
INFO:Main:Entry: ['1.20.15', 45428.0]
INFO:Main:{'price': None, 'Orderline': '1.20.15', 'asin': None}{'price': None, 'Orderline': 45428.0, 'asin': 89011.0}
INFO:Main:Entry: ['1.1364.25', 45430.0]
INFO:Main:{'price': None, 'Orderline': '1.1364.25', 'asin': None}{'price': None, 'Orderline': 45430.0, 'asin': 50588.0}
INFO:Main:Entry: ['1.960.20', 45436.0]
INFO:Main:{'price': None, 'Orderline': '1.960.20', 'asin': None}{'price': None, 'Orderline': 45436.0, 'asin': 62469.0}
INFO:Main:Entry: ['1.643.25', 45505.0]
INFO:Main:{'price': None, 'Orderline': '1.643.25', 'asin': None}{'price': None, 'Orderline': 45505.0, 'asin': 17693.0}
INFO:Main:Entry: ['1.1995.20', 45509.0]
INFO:Main:{'price': None, 'Orderline': '1.1995.20', 'asin': None}{'price': None, 'Orderline': 45509.0, 'asin': 61459.0}
INFO:Main:Entry: ['1.2117.5', 45512.0]
INFO:Main:{'price': None, 'Orderline': '1.2117.5', 'asin': None}{'price': None, 'Orderline': 45512.0, 'asin': 38602.0}
INFO:Runner:#####################
INFO:Runner:#####################
INFO:Runner:#####################
