INFO:Loader:Loader started
INFO:Loader:Total loading time: 0
INFO:Joiner:Started Joiner
INFO:Joiner Init:Initialize link took:  0
DEBUG:Main Filterer:--- Begin Filtering --- A:[['1.1', '5.7.4'], [0.0, 100.0]]
DEBUG:Main Filterer:	is Root
VERBOSE:Main Filterer:	Limit range: {'B': [12.0, 82.0], 'D': [3.0, 54.0], 'C': [13.0, 79.0], 'A': [0.0, 100.0]}
VERBOSE:Main Filterer:	Limit range updated based on node value{'B': [12.0, 82.0], 'D': [3.0, 54.0], 'C': [13.0, 79.0], 'A': [0.0, 100.0]}
DEBUG:Value Filterer:Begin Value Filtering A:[['1.1', '5.7.4'], [0.0, 100.0]]
VERBOSE:Value Filterer:Begin Pre-Filter
VERBOSE:Value Filterer:Find intersected value boundary
VERBOSE:Value Filterer:Checking C_A Nodes: [[[15.0, 400.0], [5.0, 99.0]]]
VERBOSE:Value Filterer:	current_table_node: C_A:[[15.0, 400.0], [5.0, 99.0]]
VERBOSE:Value Filterer:	current_value_boundary: {'B': [17.0, 600.0], 'D': [13.0, 72.0], 'A': [6.0, 118.0]}
VERBOSE:Value Filterer:		INTERSECT, Find element-wise intersection
VERBOSE:Value Filterer:			element check OK {'B': [17.0, 600.0], 'D': [13.0, 72.0], 'C': [15.0, 400.0], 'A': [6.0, 99.0]}
VERBOSE:Value Filterer:		Move to next table node
VERBOSE:Value Filterer:remaining nodes: [[[15.0, 400.0], [5.0, 99.0]]]
VERBOSE:Value Filterer:Updated intersected boundary: [{'B': [17.0, 600.0], 'D': [13.0, 72.0], 'C': [15.0, 400.0], 'A': [6.0, 99.0]}]
VERBOSE:Value Filterer:Checking D_A Nodes: [[[1.0, 50.0], [10.0, 94.0]]]
VERBOSE:Value Filterer:	current_table_node: D_A:[[1.0, 50.0], [10.0, 94.0]]
VERBOSE:Value Filterer:	current_value_boundary: {'B': [17.0, 600.0], 'D': [13.0, 72.0], 'C': [15.0, 400.0], 'A': [6.0, 99.0]}
VERBOSE:Value Filterer:		INTERSECT, Find element-wise intersection
VERBOSE:Value Filterer:			element check OK {'D': [13.0, 50.0], 'B': [17.0, 600.0], 'C': [15.0, 400.0], 'A': [10.0, 94.0]}
VERBOSE:Value Filterer:		Move to next table node
VERBOSE:Value Filterer:remaining nodes: [[[1.0, 50.0], [10.0, 94.0]]]
VERBOSE:Value Filterer:Updated intersected boundary: [{'D': [13.0, 50.0], 'B': [17.0, 600.0], 'C': [15.0, 400.0], 'A': [10.0, 94.0]}]
DEBUG:Value Filterer:Value Filter result
DEBUG:Value Filterer:	link sql: 
DEBUG:Value Filterer:		['C_A:[[15.0, 400.0], [5.0, 99.0]]']
DEBUG:Value Filterer:		['A_B_D:[[6.0, 118.0], [17.0, 600.0], [13.0, 72.0]]']
DEBUG:Value Filterer:		['D_A:[[1.0, 50.0], [10.0, 94.0]]']
DEBUG:Value Filterer:	intersection_range: 
DEBUG:Value Filterer:		D: ['[13.0, 50.0]']
DEBUG:Value Filterer:		B: ['[17.0, 600.0]']
DEBUG:Value Filterer:		C: ['[15.0, 400.0]']
DEBUG:Value Filterer:		A: ['[10.0, 94.0]']
VERBOSE:Main Filterer:Limit range updated based on value filtering {'B': [17.0, 82.0], 'D': [13.0, 50.0], 'C': [15.0, 79.0], 'A': [10.0, 94.0]}
DEBUG:Main Filterer:Begin Connected Element Filtering A:[['1.1', '5.7.4'], [0.0, 100.0]]
DEBUG:Connected Element:Connected element filtering
DEBUG:Connected Element:Limit range {'B': [17.0, 82.0], 'D': [13.0, 50.0], 'C': [15.0, 79.0], 'A': [10.0, 94.0]}
VERBOSE:Connected Element:	Checking: B
VERBOSE:Connected Element:		B:[['1.4', '5.6'], [12.0, 82.0]] OK
VERBOSE:Connected Element:	Checking: C
VERBOSE:Connected Element:		C:[['2.3', '3.7.3'], [13.0, 79.0]] OK
DEBUG:Connected Element:Connected Element Filter result
DEBUG:Connected Element:	link xml: 
DEBUG:Connected Element:		["B:[['1.4', '5.6'], [12.0, 82.0]]"]
DEBUG:Connected Element:		["C:[['2.3', '3.7.3'], [13.0, 79.0]]"]
DEBUG:Traversing Query:Start check lower lever A:[['1.1', '5.7.4'], [0.0, 100.0]]
VERBOSE:Traversing Query:	Traverse down B
DEBUG:Main Filterer:	--- Begin Filtering --- B:[['1.4', '5.6'], [12.0, 82.0]]
DEBUG:Main Filterer:		is Root
VERBOSE:Main Filterer:		Limit range: {'B': [17.0, 82.0], 'D': [13.0, 50.0], 'C': [15.0, 79.0], 'A': [10.0, 94.0]}
VERBOSE:Main Filterer:		Limit range updated based on node value{'B': [17.0, 82.0], 'D': [13.0, 50.0], 'C': [15.0, 79.0], 'A': [10.0, 94.0]}
DEBUG:Value Filterer:	Begin Value Filtering B:[['1.4', '5.6'], [12.0, 82.0]]
VERBOSE:Value Filterer:	Begin Pre-Filter
VERBOSE:Value Filterer:	Find intersected value boundary
DEBUG:Value Filterer:	Value Filter result
DEBUG:Value Filterer:		link sql: 
DEBUG:Value Filterer:			['B_C:[[5.0, 69.0], [6.0, 72.0]]']
DEBUG:Value Filterer:		intersection_range: 
DEBUG:Value Filterer:			B: ['[5.0, 69.0]']
DEBUG:Value Filterer:			C: ['[6.0, 72.0]']
VERBOSE:Main Filterer:	Limit range updated based on value filtering {'B': [17.0, 69.0], 'D': [13.0, 50.0], 'C': [15.0, 72.0], 'A': [10.0, 94.0]}
DEBUG:Main Filterer:	Begin Connected Element Filtering B:[['1.4', '5.6'], [12.0, 82.0]]
DEBUG:Connected Element:	Connected element filtering
DEBUG:Connected Element:	Limit range {'B': [17.0, 69.0], 'D': [13.0, 50.0], 'C': [15.0, 72.0], 'A': [10.0, 94.0]}
DEBUG:Connected Element:		EMPTY LINK_XML
DEBUG:Traversing Query:	Start check lower lever B:[['1.4', '5.6'], [12.0, 82.0]]
DEBUG:Init Children:	Start initialize children link B:[['1.4', '5.6'], [12.0, 82.0]]
VERBOSE:Init Children:	Init xml_link and check if connected_element_node_child can satisfy limit range and structure
VERBOSE:Init Children:	Init sql_link and check if connected_element_node_child can satisfy limit range
VERBOSE:Init Children:	limit_range {'B': [17.0, 69.0], 'D': [13.0, 50.0], 'C': [15.0, 72.0], 'A': [10.0, 94.0]}
VERBOSE:Init Children:		Checking table_node B_C:[[5.0, 69.0], [6.0, 72.0]]
DEBUG:Init Children:			B_C:[[5.0, 44.0], [13.0, 72.0]] OK
DEBUG:Init Children:			B_C:[[58.0, 69.0], [6.0, 34.0]] OK
DEBUG:Filter Children:	Begin Filter Children
DEBUG:Filter Children:	Begin Filter Children Node based on intersection range
VERBOSE:Filter Children:	filtering_node children: ["B:[['1.4', '5.6'], [12.0, 36.0]]", "B:[['4.15', '5.2'], [49.0, 82.0]]"]
VERBOSE:Filter Children:	allowed_value_boundary: [[5.0, 69.0]]
VERBOSE:Filter Children:		current_child: B:[['1.4', '5.6'], [12.0, 36.0]]
VERBOSE:Filter Children:		current_allowed_value_boundary: [5.0, 69.0]
VERBOSE:Filter Children:			INTERSECT, move to next child
VERBOSE:Filter Children:		current_child: B:[['4.15', '5.2'], [49.0, 82.0]]
VERBOSE:Filter Children:		current_allowed_value_boundary: [5.0, 69.0]
VERBOSE:Filter Children:			INTERSECT, move value boundary
DEBUG:Filter Children:	Begin Filter Children Node link sql based on intersection range
VERBOSE:Filter Children:		current link_sql[B_C]:['B_C:[[5.0, 44.0], [13.0, 72.0]]', 'B_C:[[58.0, 69.0], [6.0, 34.0]]']
VERBOSE:Filter Children:		Checking children B:[['1.4', '5.6'], [12.0, 36.0]]
VERBOSE:Filter Children:		allowed intersection range: 
VERBOSE:Filter Children:			B{'B': [[5.0, 69.0]], 'C': [[6.0, 72.0]]}
VERBOSE:Filter Children:			C{'B': [[5.0, 69.0]], 'C': [[6.0, 72.0]]}
VERBOSE:Filter Children:			Checking table: B_C
VERBOSE:Filter Children:				cursor: 0 current table node: B_C:[[5.0, 44.0], [13.0, 72.0]]
VERBOSE:Filter Children:				INTERSECT, proceed to check all elements
VERBOSE:Filter Children:					Checking allowed index: 0
VERBOSE:Filter Children:						OK
VERBOSE:Filter Children:				Add and move to next table node
VERBOSE:Filter Children:				cursor: 1 current table node: B_C:[[58.0, 69.0], [6.0, 34.0]]
VERBOSE:Filter Children:				NO INTERSECT, Move to next table or end
VERBOSE:Filter Children:		Checking children B:[['4.15', '5.2'], [49.0, 82.0]]
VERBOSE:Filter Children:		allowed intersection range: 
VERBOSE:Filter Children:			B{'B': [[5.0, 69.0]], 'C': [[6.0, 72.0]]}
VERBOSE:Filter Children:			C{'B': [[5.0, 69.0]], 'C': [[6.0, 72.0]]}
VERBOSE:Filter Children:			Checking table: B_C
VERBOSE:Filter Children:				cursor: 0 current table node: B_C:[[5.0, 44.0], [13.0, 72.0]]
VERBOSE:Filter Children:				NO INTERSECT, Move to next table node
VERBOSE:Filter Children:				cursor: 1 current table node: B_C:[[58.0, 69.0], [6.0, 34.0]]
VERBOSE:Filter Children:				INTERSECT, proceed to check all elements
VERBOSE:Filter Children:					Checking allowed index: 0
VERBOSE:Filter Children:						OK
VERBOSE:Filter Children:				Add and move to next table node
DEBUG:Filter Children:	Result
DEBUG:Filter Children:	Children: B:[['1.4', '5.6'], [12.0, 36.0]]
DEBUG:Filter Children:		link xml: 
DEBUG:Filter Children:		link sql: 
DEBUG:Filter Children:			['B_C:[[5.0, 44.0], [13.0, 72.0]]']
DEBUG:Filter Children:	Children: B:[['4.15', '5.2'], [49.0, 82.0]]
DEBUG:Filter Children:		link xml: 
DEBUG:Filter Children:		link sql: 
DEBUG:Filter Children:			['B_C:[[58.0, 69.0], [6.0, 34.0]]']
VERBOSE:Traversing Query:	Traverse down C
DEBUG:Main Filterer:		--- Begin Filtering --- C:[['2.3', '3.7.3'], [13.0, 79.0]]
DEBUG:Main Filterer:			is Root
VERBOSE:Main Filterer:			Limit range: {'B': [17.0, 69.0], 'D': [13.0, 50.0], 'C': [15.0, 72.0], 'A': [10.0, 94.0]}
VERBOSE:Main Filterer:			Limit range updated based on node value{'B': [17.0, 69.0], 'D': [13.0, 50.0], 'C': [15.0, 72.0], 'A': [10.0, 94.0]}
DEBUG:Value Filterer:		Begin Value Filtering C:[['2.3', '3.7.3'], [13.0, 79.0]]
DEBUG:Value Filterer:			EMPTY LINK_SQL
VERBOSE:Main Filterer:		Limit range updated based on value filtering {'B': [17.0, 69.0], 'D': [13.0, 50.0], 'C': [15.0, 72.0], 'A': [10.0, 94.0]}
DEBUG:Main Filterer:		Begin Connected Element Filtering C:[['2.3', '3.7.3'], [13.0, 79.0]]
DEBUG:Connected Element:		Connected element filtering
DEBUG:Connected Element:		Limit range {'B': [17.0, 69.0], 'D': [13.0, 50.0], 'C': [15.0, 72.0], 'A': [10.0, 94.0]}
VERBOSE:Connected Element:			Checking: D
VERBOSE:Connected Element:				D:[['1.71', '4.6.3'], [3.0, 54.0]] OK
DEBUG:Connected Element:		Connected Element Filter result
DEBUG:Connected Element:			link xml: 
DEBUG:Connected Element:				["D:[['1.71', '4.6.3'], [3.0, 54.0]]"]
DEBUG:Traversing Query:		Start check lower lever C:[['2.3', '3.7.3'], [13.0, 79.0]]
VERBOSE:Traversing Query:			Traverse down D
DEBUG:Main Filterer:			--- Begin Filtering --- D:[['1.71', '4.6.3'], [3.0, 54.0]]
DEBUG:Main Filterer:				is Root
VERBOSE:Main Filterer:				Limit range: {'B': [17.0, 69.0], 'D': [13.0, 50.0], 'C': [15.0, 72.0], 'A': [10.0, 94.0]}
VERBOSE:Main Filterer:				Limit range updated based on node value{'B': [17.0, 69.0], 'D': [13.0, 50.0], 'C': [15.0, 72.0], 'A': [10.0, 94.0]}
DEBUG:Value Filterer:			Begin Value Filtering D:[['1.71', '4.6.3'], [3.0, 54.0]]
DEBUG:Value Filterer:				EMPTY LINK_SQL
VERBOSE:Main Filterer:			Limit range updated based on value filtering {'B': [17.0, 69.0], 'D': [13.0, 50.0], 'C': [15.0, 72.0], 'A': [10.0, 94.0]}
DEBUG:Main Filterer:			Begin Connected Element Filtering D:[['1.71', '4.6.3'], [3.0, 54.0]]
DEBUG:Connected Element:			Connected element filtering
DEBUG:Connected Element:			Limit range {'B': [17.0, 69.0], 'D': [13.0, 50.0], 'C': [15.0, 72.0], 'A': [10.0, 94.0]}
DEBUG:Connected Element:				EMPTY LINK_XML
DEBUG:Traversing Query:			Start check lower lever D:[['1.71', '4.6.3'], [3.0, 54.0]]
DEBUG:Init Children:			Start initialize children link D:[['1.71', '4.6.3'], [3.0, 54.0]]
VERBOSE:Init Children:			Init xml_link and check if connected_element_node_child can satisfy limit range and structure
VERBOSE:Init Children:			Init sql_link and check if connected_element_node_child can satisfy limit range
VERBOSE:Init Children:			limit_range {'B': [17.0, 69.0], 'D': [13.0, 50.0], 'C': [15.0, 72.0], 'A': [10.0, 94.0]}
DEBUG:Filter Children:			No intersection range
VERBOSE:Filter Children:			Result
DEBUG:Filter Children:				link xml: 
DEBUG:Filter Children:				link sql: 
VERBOSE:Filter Children:			Result
DEBUG:Filter Children:				link xml: 
DEBUG:Filter Children:				link sql: 
DEBUG:Init Children:		Start initialize children link C:[['2.3', '3.7.3'], [13.0, 79.0]]
VERBOSE:Init Children:		Init xml_link and check if connected_element_node_child can satisfy limit range and structure
VERBOSE:Init Children:			Checking connected node D:[['1.71', '4.6.3'], [3.0, 54.0]]
VERBOSE:Init Children:				D:[['2.9.4.2', '4.6.3'], [3.0, 26.0]] OK
VERBOSE:Init Children:				D:[['1.71', '2.16.3'], [30.0, 54.0]] IGNORED: not satisfy structure requirement
VERBOSE:Init Children:		Init sql_link and check if connected_element_node_child can satisfy limit range
VERBOSE:Init Children:		limit_range {'B': [17.0, 69.0], 'D': [13.0, 50.0], 'C': [15.0, 72.0], 'A': [10.0, 94.0]}
DEBUG:Filter Children:		No intersection range
VERBOSE:Filter Children:		Result
DEBUG:Filter Children:			link xml: 
DEBUG:Filter Children:				["D:[['2.9.4.2', '4.6.3'], [3.0, 26.0]]"]
DEBUG:Filter Children:			link sql: 
VERBOSE:Filter Children:		Result
DEBUG:Filter Children:			link xml: 
DEBUG:Filter Children:				["D:[['2.9.4.2', '4.6.3'], [3.0, 26.0]]"]
DEBUG:Filter Children:			link sql: 
DEBUG:Init Children:Start initialize children link A:[['1.1', '5.7.4'], [0.0, 100.0]]
VERBOSE:Init Children:Init xml_link and check if connected_element_node_child can satisfy limit range and structure
VERBOSE:Init Children:	Checking connected node B:[['1.4', '5.6'], [12.0, 82.0]]
VERBOSE:Init Children:		B:[['1.4', '5.6'], [12.0, 36.0]] OK
VERBOSE:Init Children:		B:[['4.15', '5.2'], [49.0, 82.0]] OK
VERBOSE:Init Children:	Checking connected node C:[['2.3', '3.7.3'], [13.0, 79.0]]
VERBOSE:Init Children:		C:[['2.3', '3.5.2'], [13.0, 36.0]] OK
VERBOSE:Init Children:		C:[['3.4', '3.7.3'], [59.0, 79.0]] OK
VERBOSE:Init Children:Init sql_link and check if connected_element_node_child can satisfy limit range
VERBOSE:Init Children:limit_range {'B': [17.0, 69.0], 'D': [13.0, 50.0], 'C': [15.0, 72.0], 'A': [10.0, 94.0]}
VERBOSE:Init Children:	Checking table_node C_A:[[15.0, 400.0], [5.0, 99.0]]
DEBUG:Init Children:		C_A:[[24.0, 400.0], [5.0, 62.0]] OK
DEBUG:Init Children:		C_A:[[15.0, 71.0], [78.0, 99.0]] OK
VERBOSE:Init Children:	Checking table_node A_B_D:[[6.0, 118.0], [17.0, 600.0], [13.0, 72.0]]
DEBUG:Init Children:		A_B_D:[[6.0, 79.0], [31.0, 600.0], [13.0, 41.0]] OK
DEBUG:Init Children:		A_B_D:[[86.0, 118.0], [17.0, 85.0], [40.0, 72.0]] OK
VERBOSE:Init Children:	Checking table_node D_A:[[1.0, 50.0], [10.0, 94.0]]
VERBOSE:Init Children:		 is Leaf
DEBUG:Filter Children:Begin Filter Children
DEBUG:Filter Children:Begin Filter Children Node based on intersection range
VERBOSE:Filter Children:filtering_node children: ["A:[['2.2', '2.9'], [0.0, 34.0]]", "A:[['1.1', '3.9.2'], [40.0, 85.0]]", "A:[['3.8', '5.7.4'], [87.0, 100.0]]"]
VERBOSE:Filter Children:allowed_value_boundary: [[10.0, 94.0]]
VERBOSE:Filter Children:	current_child: A:[['2.2', '2.9'], [0.0, 34.0]]
VERBOSE:Filter Children:	current_allowed_value_boundary: [10.0, 94.0]
VERBOSE:Filter Children:		INTERSECT, move to next child
VERBOSE:Filter Children:	current_child: A:[['1.1', '3.9.2'], [40.0, 85.0]]
VERBOSE:Filter Children:	current_allowed_value_boundary: [10.0, 94.0]
VERBOSE:Filter Children:		INTERSECT, move to next child
VERBOSE:Filter Children:	current_child: A:[['3.8', '5.7.4'], [87.0, 100.0]]
VERBOSE:Filter Children:	current_allowed_value_boundary: [10.0, 94.0]
VERBOSE:Filter Children:		INTERSECT, move value boundary
DEBUG:Filter Children:Begin Filter Children Node link sql based on intersection range
VERBOSE:Filter Children:	current link_sql[C_A]:['C_A:[[24.0, 400.0], [5.0, 62.0]]', 'C_A:[[15.0, 71.0], [78.0, 99.0]]']
VERBOSE:Filter Children:	current link_sql[A_B_D]:['A_B_D:[[6.0, 79.0], [31.0, 600.0], [13.0, 41.0]]', 'A_B_D:[[86.0, 118.0], [17.0, 85.0], [40.0, 72.0]]']
VERBOSE:Filter Children:	current link_sql[D_A]:['D_A:[[1.0, 50.0], [10.0, 94.0]]']
VERBOSE:Filter Children:	Checking children A:[['2.2', '2.9'], [0.0, 34.0]]
VERBOSE:Filter Children:	allowed intersection range: 
VERBOSE:Filter Children:		D{'D': [[13.0, 50.0]], 'B': [[17.0, 600.0]], 'C': [[15.0, 400.0]], 'A': [[10.0, 94.0]]}
VERBOSE:Filter Children:		B{'D': [[13.0, 50.0]], 'B': [[17.0, 600.0]], 'C': [[15.0, 400.0]], 'A': [[10.0, 94.0]]}
VERBOSE:Filter Children:		C{'D': [[13.0, 50.0]], 'B': [[17.0, 600.0]], 'C': [[15.0, 400.0]], 'A': [[10.0, 94.0]]}
VERBOSE:Filter Children:		A{'D': [[13.0, 50.0]], 'B': [[17.0, 600.0]], 'C': [[15.0, 400.0]], 'A': [[10.0, 94.0]]}
VERBOSE:Filter Children:		Checking table: C_A
VERBOSE:Filter Children:			cursor: 0 current table node: C_A:[[24.0, 400.0], [5.0, 62.0]]
VERBOSE:Filter Children:			INTERSECT, proceed to check all elements
VERBOSE:Filter Children:				Checking allowed index: 0
VERBOSE:Filter Children:					OK
VERBOSE:Filter Children:			Add and move to next table node
VERBOSE:Filter Children:			cursor: 1 current table node: C_A:[[15.0, 71.0], [78.0, 99.0]]
VERBOSE:Filter Children:			NO INTERSECT, Move to next table or end
VERBOSE:Filter Children:		Checking table: A_B_D
VERBOSE:Filter Children:			cursor: 0 current table node: A_B_D:[[6.0, 79.0], [31.0, 600.0], [13.0, 41.0]]
VERBOSE:Filter Children:			INTERSECT, proceed to check all elements
VERBOSE:Filter Children:				Checking allowed index: 0
VERBOSE:Filter Children:					OK
VERBOSE:Filter Children:			Add and move to next table node
VERBOSE:Filter Children:			cursor: 1 current table node: A_B_D:[[86.0, 118.0], [17.0, 85.0], [40.0, 72.0]]
VERBOSE:Filter Children:			NO INTERSECT, Move to next table or end
VERBOSE:Filter Children:		Checking table: D_A
VERBOSE:Filter Children:			cursor: 0 current table node: D_A:[[1.0, 50.0], [10.0, 94.0]]
VERBOSE:Filter Children:			INTERSECT, proceed to check all elements
VERBOSE:Filter Children:				Checking allowed index: 0
VERBOSE:Filter Children:					OK
VERBOSE:Filter Children:			Add and move to next table node
VERBOSE:Filter Children:	Checking children A:[['1.1', '3.9.2'], [40.0, 85.0]]
VERBOSE:Filter Children:	allowed intersection range: 
VERBOSE:Filter Children:		D{'D': [[13.0, 50.0]], 'B': [[17.0, 600.0]], 'C': [[15.0, 400.0]], 'A': [[10.0, 94.0]]}
VERBOSE:Filter Children:		B{'D': [[13.0, 50.0]], 'B': [[17.0, 600.0]], 'C': [[15.0, 400.0]], 'A': [[10.0, 94.0]]}
VERBOSE:Filter Children:		C{'D': [[13.0, 50.0]], 'B': [[17.0, 600.0]], 'C': [[15.0, 400.0]], 'A': [[10.0, 94.0]]}
VERBOSE:Filter Children:		A{'D': [[13.0, 50.0]], 'B': [[17.0, 600.0]], 'C': [[15.0, 400.0]], 'A': [[10.0, 94.0]]}
VERBOSE:Filter Children:		Checking table: C_A
VERBOSE:Filter Children:			cursor: 0 current table node: C_A:[[24.0, 400.0], [5.0, 62.0]]
VERBOSE:Filter Children:			INTERSECT, proceed to check all elements
VERBOSE:Filter Children:				Checking allowed index: 0
VERBOSE:Filter Children:					OK
VERBOSE:Filter Children:			Add and move to next table node
VERBOSE:Filter Children:			cursor: 1 current table node: C_A:[[15.0, 71.0], [78.0, 99.0]]
VERBOSE:Filter Children:			INTERSECT, proceed to check all elements
VERBOSE:Filter Children:				Checking allowed index: 0
VERBOSE:Filter Children:					OK
VERBOSE:Filter Children:			Add and move to next table node
VERBOSE:Filter Children:		Checking table: A_B_D
VERBOSE:Filter Children:			cursor: 0 current table node: A_B_D:[[6.0, 79.0], [31.0, 600.0], [13.0, 41.0]]
VERBOSE:Filter Children:			INTERSECT, proceed to check all elements
VERBOSE:Filter Children:				Checking allowed index: 0
VERBOSE:Filter Children:					OK
VERBOSE:Filter Children:			Add and move to next table node
VERBOSE:Filter Children:			cursor: 1 current table node: A_B_D:[[86.0, 118.0], [17.0, 85.0], [40.0, 72.0]]
VERBOSE:Filter Children:			NO INTERSECT, Move to next table or end
VERBOSE:Filter Children:		Checking table: D_A
VERBOSE:Filter Children:			cursor: 0 current table node: D_A:[[1.0, 50.0], [10.0, 94.0]]
VERBOSE:Filter Children:			INTERSECT, proceed to check all elements
VERBOSE:Filter Children:				Checking allowed index: 0
VERBOSE:Filter Children:					OK
VERBOSE:Filter Children:			Add and move to next table node
VERBOSE:Filter Children:	Checking children A:[['3.8', '5.7.4'], [87.0, 100.0]]
VERBOSE:Filter Children:	allowed intersection range: 
VERBOSE:Filter Children:		D{'D': [[13.0, 50.0]], 'B': [[17.0, 600.0]], 'C': [[15.0, 400.0]], 'A': [[10.0, 94.0]]}
VERBOSE:Filter Children:		B{'D': [[13.0, 50.0]], 'B': [[17.0, 600.0]], 'C': [[15.0, 400.0]], 'A': [[10.0, 94.0]]}
VERBOSE:Filter Children:		C{'D': [[13.0, 50.0]], 'B': [[17.0, 600.0]], 'C': [[15.0, 400.0]], 'A': [[10.0, 94.0]]}
VERBOSE:Filter Children:		A{'D': [[13.0, 50.0]], 'B': [[17.0, 600.0]], 'C': [[15.0, 400.0]], 'A': [[10.0, 94.0]]}
VERBOSE:Filter Children:		Checking table: C_A
VERBOSE:Filter Children:			cursor: 1 current table node: C_A:[[15.0, 71.0], [78.0, 99.0]]
VERBOSE:Filter Children:			INTERSECT, proceed to check all elements
VERBOSE:Filter Children:				Checking allowed index: 0
VERBOSE:Filter Children:					OK
VERBOSE:Filter Children:			Add and move to next table node
VERBOSE:Filter Children:		Checking table: A_B_D
VERBOSE:Filter Children:			cursor: 0 current table node: A_B_D:[[6.0, 79.0], [31.0, 600.0], [13.0, 41.0]]
VERBOSE:Filter Children:			NO INTERSECT, Move to next table node
VERBOSE:Filter Children:			cursor: 1 current table node: A_B_D:[[86.0, 118.0], [17.0, 85.0], [40.0, 72.0]]
VERBOSE:Filter Children:			INTERSECT, proceed to check all elements
VERBOSE:Filter Children:				Checking allowed index: 0
VERBOSE:Filter Children:					OK
VERBOSE:Filter Children:			Add and move to next table node
VERBOSE:Filter Children:		Checking table: D_A
VERBOSE:Filter Children:			cursor: 0 current table node: D_A:[[1.0, 50.0], [10.0, 94.0]]
VERBOSE:Filter Children:			INTERSECT, proceed to check all elements
VERBOSE:Filter Children:				Checking allowed index: 0
VERBOSE:Filter Children:					OK
VERBOSE:Filter Children:			Add and move to next table node
DEBUG:Filter Children:Result
DEBUG:Filter Children:Children: A:[['2.2', '2.9'], [0.0, 34.0]]
DEBUG:Filter Children:	link xml: 
DEBUG:Filter Children:		["B:[['1.4', '5.6'], [12.0, 36.0]]", "B:[['4.15', '5.2'], [49.0, 82.0]]"]
DEBUG:Filter Children:		["C:[['2.3', '3.5.2'], [13.0, 36.0]]", "C:[['3.4', '3.7.3'], [59.0, 79.0]]"]
DEBUG:Filter Children:	link sql: 
DEBUG:Filter Children:		['C_A:[[24.0, 400.0], [5.0, 62.0]]']
DEBUG:Filter Children:		['A_B_D:[[6.0, 79.0], [31.0, 600.0], [13.0, 41.0]]']
DEBUG:Filter Children:		['D_A:[[1.0, 50.0], [10.0, 94.0]]']
DEBUG:Filter Children:Children: A:[['1.1', '3.9.2'], [40.0, 85.0]]
DEBUG:Filter Children:	link xml: 
DEBUG:Filter Children:		["B:[['1.4', '5.6'], [12.0, 36.0]]", "B:[['4.15', '5.2'], [49.0, 82.0]]"]
DEBUG:Filter Children:		["C:[['2.3', '3.5.2'], [13.0, 36.0]]", "C:[['3.4', '3.7.3'], [59.0, 79.0]]"]
DEBUG:Filter Children:	link sql: 
DEBUG:Filter Children:		['C_A:[[24.0, 400.0], [5.0, 62.0]]', 'C_A:[[15.0, 71.0], [78.0, 99.0]]']
DEBUG:Filter Children:		['A_B_D:[[6.0, 79.0], [31.0, 600.0], [13.0, 41.0]]']
DEBUG:Filter Children:		['D_A:[[1.0, 50.0], [10.0, 94.0]]']
DEBUG:Filter Children:Children: A:[['3.8', '5.7.4'], [87.0, 100.0]]
DEBUG:Filter Children:	link xml: 
DEBUG:Filter Children:		["B:[['1.4', '5.6'], [12.0, 36.0]]", "B:[['4.15', '5.2'], [49.0, 82.0]]"]
DEBUG:Filter Children:		["C:[['2.3', '3.5.2'], [13.0, 36.0]]", "C:[['3.4', '3.7.3'], [59.0, 79.0]]"]
DEBUG:Filter Children:	link sql: 
DEBUG:Filter Children:		['C_A:[[15.0, 71.0], [78.0, 99.0]]']
DEBUG:Filter Children:		['A_B_D:[[86.0, 118.0], [17.0, 85.0], [40.0, 72.0]]']
DEBUG:Filter Children:		['D_A:[[1.0, 50.0], [10.0, 94.0]]']
DEBUG:Main Filterer:--- Begin Filtering --- A:[['2.2', '2.9'], [0.0, 34.0]]
DEBUG:Main Filterer:	Parent: A:[['1.1', '5.7.4'], [0.0, 100.0]]
VERBOSE:Main Filterer:	Limit range: {'B': [17.0, 69.0], 'D': [13.0, 50.0], 'C': [15.0, 72.0], 'A': [10.0, 94.0]}
VERBOSE:Main Filterer:	Limit range updated based on node value{'B': [17.0, 69.0], 'D': [13.0, 50.0], 'C': [15.0, 72.0], 'A': [10.0, 34.0]}
DEBUG:Value Filterer:Begin Value Filtering A:[['2.2', '2.9'], [0.0, 34.0]]
VERBOSE:Value Filterer:Begin Pre-Filter
VERBOSE:Value Filterer:Find intersected value boundary
VERBOSE:Value Filterer:Checking C_A Nodes: [[[24.0, 400.0], [5.0, 62.0]]]
VERBOSE:Value Filterer:	current_table_node: C_A:[[24.0, 400.0], [5.0, 62.0]]
VERBOSE:Value Filterer:	current_value_boundary: {'B': [31.0, 600.0], 'D': [13.0, 41.0], 'A': [6.0, 79.0]}
VERBOSE:Value Filterer:		INTERSECT, Find element-wise intersection
VERBOSE:Value Filterer:			element check OK {'B': [31.0, 600.0], 'D': [13.0, 41.0], 'C': [24.0, 400.0], 'A': [6.0, 62.0]}
VERBOSE:Value Filterer:		Move to next table node
VERBOSE:Value Filterer:remaining nodes: [[[24.0, 400.0], [5.0, 62.0]]]
VERBOSE:Value Filterer:Updated intersected boundary: [{'B': [31.0, 600.0], 'D': [13.0, 41.0], 'C': [24.0, 400.0], 'A': [6.0, 62.0]}]
VERBOSE:Value Filterer:Checking D_A Nodes: [[[1.0, 50.0], [10.0, 94.0]]]
VERBOSE:Value Filterer:	current_table_node: D_A:[[1.0, 50.0], [10.0, 94.0]]
VERBOSE:Value Filterer:	current_value_boundary: {'B': [31.0, 600.0], 'D': [13.0, 41.0], 'C': [24.0, 400.0], 'A': [6.0, 62.0]}
VERBOSE:Value Filterer:		INTERSECT, Find element-wise intersection
VERBOSE:Value Filterer:			element check OK {'D': [13.0, 41.0], 'B': [31.0, 600.0], 'C': [24.0, 400.0], 'A': [10.0, 62.0]}
VERBOSE:Value Filterer:		Move to next boundary
VERBOSE:Value Filterer:remaining nodes: [[[1.0, 50.0], [10.0, 94.0]]]
VERBOSE:Value Filterer:Updated intersected boundary: [{'D': [13.0, 41.0], 'B': [31.0, 600.0], 'C': [24.0, 400.0], 'A': [10.0, 62.0]}]
DEBUG:Value Filterer:Value Filter result
DEBUG:Value Filterer:	link sql: 
DEBUG:Value Filterer:		['C_A:[[24.0, 400.0], [5.0, 62.0]]']
DEBUG:Value Filterer:		['A_B_D:[[6.0, 79.0], [31.0, 600.0], [13.0, 41.0]]']
DEBUG:Value Filterer:		['D_A:[[1.0, 50.0], [10.0, 94.0]]']
DEBUG:Value Filterer:	intersection_range: 
DEBUG:Value Filterer:		D: ['[13.0, 41.0]']
DEBUG:Value Filterer:		B: ['[31.0, 600.0]']
DEBUG:Value Filterer:		C: ['[24.0, 400.0]']
DEBUG:Value Filterer:		A: ['[10.0, 62.0]']
VERBOSE:Main Filterer:Limit range updated based on value filtering {'B': [31.0, 69.0], 'D': [13.0, 41.0], 'C': [24.0, 72.0], 'A': [10.0, 34.0]}
DEBUG:Main Filterer:Begin Connected Element Filtering A:[['2.2', '2.9'], [0.0, 34.0]]
DEBUG:Connected Element:Connected element filtering
DEBUG:Connected Element:Limit range {'B': [31.0, 69.0], 'D': [13.0, 41.0], 'C': [24.0, 72.0], 'A': [10.0, 34.0]}
VERBOSE:Connected Element:	Checking: B
VERBOSE:Connected Element:		B:[['1.4', '5.6'], [12.0, 36.0]] OK
VERBOSE:Connected Element:		B:[['4.15', '5.2'], [49.0, 82.0]] REMOVED by structure filtering
VERBOSE:Connected Element:	Checking: C
VERBOSE:Connected Element:		C:[['2.3', '3.5.2'], [13.0, 36.0]] OK
VERBOSE:Connected Element:		C:[['3.4', '3.7.3'], [59.0, 79.0]] REMOVED by structure filtering
DEBUG:Connected Element:Connected Element Filter result
DEBUG:Connected Element:	link xml: 
DEBUG:Connected Element:		["B:[['1.4', '5.6'], [12.0, 36.0]]"]
DEBUG:Connected Element:		["C:[['2.3', '3.5.2'], [13.0, 36.0]]"]
DEBUG:Traversing Query:Start check lower lever A:[['2.2', '2.9'], [0.0, 34.0]]
VERBOSE:Traversing Query:	Traverse down B
DEBUG:Main Filterer:	--- Begin Filtering --- B:[['1.4', '5.6'], [12.0, 36.0]]
DEBUG:Main Filterer:		Parent: B:[['1.4', '5.6'], [12.0, 82.0]]
VERBOSE:Main Filterer:		Limit range: {'B': [31.0, 69.0], 'D': [13.0, 41.0], 'C': [24.0, 72.0], 'A': [10.0, 34.0]}
VERBOSE:Main Filterer:		Limit range updated based on node value{'B': [31.0, 36.0], 'D': [13.0, 41.0], 'C': [24.0, 72.0], 'A': [10.0, 34.0]}
DEBUG:Value Filterer:	Begin Value Filtering B:[['1.4', '5.6'], [12.0, 36.0]]
VERBOSE:Value Filterer:	Begin Pre-Filter
VERBOSE:Value Filterer:	Find intersected value boundary
DEBUG:Value Filterer:	Value Filter result
DEBUG:Value Filterer:		link sql: 
DEBUG:Value Filterer:			['B_C:[[5.0, 44.0], [13.0, 72.0]]']
DEBUG:Value Filterer:		intersection_range: 
DEBUG:Value Filterer:			B: ['[5.0, 44.0]']
DEBUG:Value Filterer:			C: ['[13.0, 72.0]']
VERBOSE:Main Filterer:	Limit range updated based on value filtering {'B': [31.0, 36.0], 'D': [13.0, 41.0], 'C': [24.0, 72.0], 'A': [10.0, 34.0]}
DEBUG:Main Filterer:	Begin Connected Element Filtering B:[['1.4', '5.6'], [12.0, 36.0]]
DEBUG:Connected Element:	Connected element filtering
DEBUG:Connected Element:	Limit range {'B': [31.0, 36.0], 'D': [13.0, 41.0], 'C': [24.0, 72.0], 'A': [10.0, 34.0]}
DEBUG:Connected Element:		EMPTY LINK_XML
DEBUG:Traversing Query:	Start check lower lever B:[['1.4', '5.6'], [12.0, 36.0]]
DEBUG:Init Children:		 This is a leaf node 
DEBUG:Filter Children:		is a leaf node
VERBOSE:Traversing Query:	Traverse down C
DEBUG:Main Filterer:		--- Begin Filtering --- C:[['2.3', '3.5.2'], [13.0, 36.0]]
DEBUG:Main Filterer:			Parent: C:[['2.3', '3.7.3'], [13.0, 79.0]]
VERBOSE:Main Filterer:			Limit range: {'B': [31.0, 36.0], 'D': [13.0, 41.0], 'C': [24.0, 72.0], 'A': [10.0, 34.0]}
VERBOSE:Main Filterer:			Limit range updated based on node value{'B': [31.0, 36.0], 'D': [13.0, 41.0], 'C': [24.0, 36.0], 'A': [10.0, 34.0]}
DEBUG:Value Filterer:		Begin Value Filtering C:[['2.3', '3.5.2'], [13.0, 36.0]]
DEBUG:Value Filterer:			EMPTY LINK_SQL
VERBOSE:Main Filterer:		Limit range updated based on value filtering {'B': [31.0, 36.0], 'D': [13.0, 41.0], 'C': [24.0, 36.0], 'A': [10.0, 34.0]}
DEBUG:Main Filterer:		Begin Connected Element Filtering C:[['2.3', '3.5.2'], [13.0, 36.0]]
DEBUG:Connected Element:		Connected element filtering
DEBUG:Connected Element:		Limit range {'B': [31.0, 36.0], 'D': [13.0, 41.0], 'C': [24.0, 36.0], 'A': [10.0, 34.0]}
VERBOSE:Connected Element:			Checking: D
VERBOSE:Connected Element:				D:[['2.9.4.2', '4.6.3'], [3.0, 26.0]] OK
DEBUG:Connected Element:		Connected Element Filter result
DEBUG:Connected Element:			link xml: 
DEBUG:Connected Element:				["D:[['2.9.4.2', '4.6.3'], [3.0, 26.0]]"]
DEBUG:Traversing Query:		Start check lower lever C:[['2.3', '3.5.2'], [13.0, 36.0]]
VERBOSE:Traversing Query:			Traverse down D
DEBUG:Main Filterer:			--- Begin Filtering --- D:[['2.9.4.2', '4.6.3'], [3.0, 26.0]]
DEBUG:Main Filterer:				Parent: D:[['1.71', '4.6.3'], [3.0, 54.0]]
VERBOSE:Main Filterer:				Limit range: {'B': [31.0, 36.0], 'D': [13.0, 41.0], 'C': [24.0, 36.0], 'A': [10.0, 34.0]}
VERBOSE:Main Filterer:				Limit range updated based on node value{'B': [31.0, 36.0], 'D': [13.0, 26.0], 'C': [24.0, 36.0], 'A': [10.0, 34.0]}
DEBUG:Value Filterer:			Begin Value Filtering D:[['2.9.4.2', '4.6.3'], [3.0, 26.0]]
DEBUG:Value Filterer:				EMPTY LINK_SQL
VERBOSE:Main Filterer:			Limit range updated based on value filtering {'B': [31.0, 36.0], 'D': [13.0, 26.0], 'C': [24.0, 36.0], 'A': [10.0, 34.0]}
DEBUG:Main Filterer:			Begin Connected Element Filtering D:[['2.9.4.2', '4.6.3'], [3.0, 26.0]]
DEBUG:Connected Element:			Connected element filtering
DEBUG:Connected Element:			Limit range {'B': [31.0, 36.0], 'D': [13.0, 26.0], 'C': [24.0, 36.0], 'A': [10.0, 34.0]}
DEBUG:Connected Element:				EMPTY LINK_XML
DEBUG:Traversing Query:			Start check lower lever D:[['2.9.4.2', '4.6.3'], [3.0, 26.0]]
DEBUG:Init Children:				 This is a leaf node 
DEBUG:Filter Children:				is a leaf node
DEBUG:Init Children:			 This is a leaf node 
DEBUG:Filter Children:			is a leaf node
DEBUG:Init Children:	 This is a leaf node 
DEBUG:Filter Children:	is a leaf node
DEBUG:Main Filterer:--- Begin Filtering --- A:[['1.1', '3.9.2'], [40.0, 85.0]]
DEBUG:Main Filterer:	Parent: A:[['1.1', '5.7.4'], [0.0, 100.0]]
VERBOSE:Main Filterer:	Limit range: {'B': [17.0, 69.0], 'D': [13.0, 50.0], 'C': [15.0, 72.0], 'A': [10.0, 94.0]}
VERBOSE:Main Filterer:	Limit range updated based on node value{'B': [17.0, 69.0], 'D': [13.0, 50.0], 'C': [15.0, 72.0], 'A': [40.0, 85.0]}
DEBUG:Value Filterer:Begin Value Filtering A:[['1.1', '3.9.2'], [40.0, 85.0]]
VERBOSE:Value Filterer:Begin Pre-Filter
VERBOSE:Value Filterer:Find intersected value boundary
VERBOSE:Value Filterer:Checking C_A Nodes: [[[24.0, 400.0], [5.0, 62.0]], [[15.0, 71.0], [78.0, 99.0]]]
VERBOSE:Value Filterer:	current_table_node: C_A:[[24.0, 400.0], [5.0, 62.0]]
VERBOSE:Value Filterer:	current_value_boundary: {'B': [31.0, 600.0], 'D': [13.0, 41.0], 'A': [6.0, 79.0]}
VERBOSE:Value Filterer:		INTERSECT, Find element-wise intersection
VERBOSE:Value Filterer:			element check OK {'B': [31.0, 600.0], 'D': [13.0, 41.0], 'C': [24.0, 400.0], 'A': [6.0, 62.0]}
VERBOSE:Value Filterer:		Move to next table node
VERBOSE:Value Filterer:	current_table_node: C_A:[[15.0, 71.0], [78.0, 99.0]]
VERBOSE:Value Filterer:	current_value_boundary: {'B': [31.0, 600.0], 'D': [13.0, 41.0], 'A': [6.0, 79.0]}
VERBOSE:Value Filterer:		INTERSECT, Find element-wise intersection
VERBOSE:Value Filterer:			element check OK {'B': [31.0, 600.0], 'D': [13.0, 41.0], 'C': [15.0, 71.0], 'A': [78.0, 79.0]}
VERBOSE:Value Filterer:		Move to next boundary
VERBOSE:Value Filterer:remaining nodes: [[[24.0, 400.0], [5.0, 62.0]], [[15.0, 71.0], [78.0, 99.0]]]
VERBOSE:Value Filterer:Updated intersected boundary: [{'B': [31.0, 600.0], 'D': [13.0, 41.0], 'C': [24.0, 400.0], 'A': [6.0, 62.0]}, {'B': [31.0, 600.0], 'D': [13.0, 41.0], 'C': [15.0, 71.0], 'A': [78.0, 79.0]}]
VERBOSE:Value Filterer:Checking D_A Nodes: [[[1.0, 50.0], [10.0, 94.0]]]
VERBOSE:Value Filterer:	current_table_node: D_A:[[1.0, 50.0], [10.0, 94.0]]
VERBOSE:Value Filterer:	current_value_boundary: {'B': [31.0, 600.0], 'D': [13.0, 41.0], 'C': [24.0, 400.0], 'A': [6.0, 62.0]}
VERBOSE:Value Filterer:		INTERSECT, Find element-wise intersection
VERBOSE:Value Filterer:			element check OK {'D': [13.0, 41.0], 'B': [31.0, 600.0], 'C': [24.0, 400.0], 'A': [10.0, 62.0]}
VERBOSE:Value Filterer:		Move to next boundary
VERBOSE:Value Filterer:	current_table_node: D_A:[[1.0, 50.0], [10.0, 94.0]]
VERBOSE:Value Filterer:	current_value_boundary: {'B': [31.0, 600.0], 'D': [13.0, 41.0], 'C': [15.0, 71.0], 'A': [78.0, 79.0]}
VERBOSE:Value Filterer:		INTERSECT, Find element-wise intersection
VERBOSE:Value Filterer:			element check OK {'D': [13.0, 41.0], 'B': [31.0, 600.0], 'C': [15.0, 71.0], 'A': [78.0, 79.0]}
VERBOSE:Value Filterer:		Move to next boundary
VERBOSE:Value Filterer:remaining nodes: [[[1.0, 50.0], [10.0, 94.0]]]
VERBOSE:Value Filterer:Updated intersected boundary: [{'D': [13.0, 41.0], 'B': [31.0, 600.0], 'C': [24.0, 400.0], 'A': [10.0, 62.0]}, {'D': [13.0, 41.0], 'B': [31.0, 600.0], 'C': [15.0, 71.0], 'A': [78.0, 79.0]}]
DEBUG:Value Filterer:Value Filter result
DEBUG:Value Filterer:	link sql: 
DEBUG:Value Filterer:		['C_A:[[24.0, 400.0], [5.0, 62.0]]', 'C_A:[[15.0, 71.0], [78.0, 99.0]]']
DEBUG:Value Filterer:		['A_B_D:[[6.0, 79.0], [31.0, 600.0], [13.0, 41.0]]']
DEBUG:Value Filterer:		['D_A:[[1.0, 50.0], [10.0, 94.0]]']
DEBUG:Value Filterer:	intersection_range: 
DEBUG:Value Filterer:		D: ['[13.0, 41.0]', '[13.0, 41.0]']
DEBUG:Value Filterer:		B: ['[31.0, 600.0]', '[31.0, 600.0]']
DEBUG:Value Filterer:		C: ['[24.0, 400.0]', '[15.0, 71.0]']
DEBUG:Value Filterer:		A: ['[10.0, 62.0]', '[78.0, 79.0]']
VERBOSE:Main Filterer:Limit range updated based on value filtering {'B': [31.0, 69.0], 'D': [13.0, 41.0], 'C': [15.0, 72.0], 'A': [40.0, 79.0]}
DEBUG:Main Filterer:Begin Connected Element Filtering A:[['1.1', '3.9.2'], [40.0, 85.0]]
DEBUG:Connected Element:Connected element filtering
DEBUG:Connected Element:Limit range {'B': [31.0, 69.0], 'D': [13.0, 41.0], 'C': [15.0, 72.0], 'A': [40.0, 79.0]}
VERBOSE:Connected Element:	Checking: B
VERBOSE:Connected Element:		B:[['1.4', '5.6'], [12.0, 36.0]] OK
VERBOSE:Connected Element:		B:[['4.15', '5.2'], [49.0, 82.0]] REMOVED by structure filtering
VERBOSE:Connected Element:	Checking: C
VERBOSE:Connected Element:		C:[['2.3', '3.5.2'], [13.0, 36.0]] OK
VERBOSE:Connected Element:		C:[['3.4', '3.7.3'], [59.0, 79.0]] OK
DEBUG:Connected Element:Connected Element Filter result
DEBUG:Connected Element:	link xml: 
DEBUG:Connected Element:		["B:[['1.4', '5.6'], [12.0, 36.0]]"]
DEBUG:Connected Element:		["C:[['2.3', '3.5.2'], [13.0, 36.0]]", "C:[['3.4', '3.7.3'], [59.0, 79.0]]"]
DEBUG:Traversing Query:Start check lower lever A:[['1.1', '3.9.2'], [40.0, 85.0]]
VERBOSE:Traversing Query:	Traverse down B
DEBUG:Main Filterer:	--- Begin Filtering --- B:[['1.4', '5.6'], [12.0, 36.0]]
DEBUG:Main Filterer:		Parent: B:[['1.4', '5.6'], [12.0, 82.0]]
VERBOSE:Main Filterer:		Limit range: {'B': [31.0, 69.0], 'D': [13.0, 41.0], 'C': [15.0, 72.0], 'A': [40.0, 79.0]}
VERBOSE:Main Filterer:		Limit range updated based on node value{'B': [31.0, 36.0], 'D': [13.0, 41.0], 'C': [15.0, 72.0], 'A': [40.0, 79.0]}
VERBOSE:Main Filterer:	Limit range updated based on value filtering {'B': [31.0, 36.0], 'D': [13.0, 41.0], 'C': [15.0, 72.0], 'A': [40.0, 79.0]}
DEBUG:Main Filterer:	Begin Connected Element Filtering B:[['1.4', '5.6'], [12.0, 36.0]]
DEBUG:Connected Element:	Connected element filtering
DEBUG:Connected Element:	Limit range {'B': [31.0, 36.0], 'D': [13.0, 41.0], 'C': [15.0, 72.0], 'A': [40.0, 79.0]}
DEBUG:Connected Element:		EMPTY LINK_XML
DEBUG:Traversing Query:	Start check lower lever B:[['1.4', '5.6'], [12.0, 36.0]]
DEBUG:Init Children:		 This is a leaf node 
DEBUG:Filter Children:		is a leaf node
VERBOSE:Traversing Query:	Traverse down C
DEBUG:Main Filterer:		--- Begin Filtering --- C:[['2.3', '3.5.2'], [13.0, 36.0]]
DEBUG:Main Filterer:			Parent: C:[['2.3', '3.7.3'], [13.0, 79.0]]
VERBOSE:Main Filterer:			Limit range: {'B': [31.0, 36.0], 'D': [13.0, 41.0], 'C': [15.0, 72.0], 'A': [40.0, 79.0]}
VERBOSE:Main Filterer:			Limit range updated based on node value{'B': [31.0, 36.0], 'D': [13.0, 41.0], 'C': [15.0, 36.0], 'A': [40.0, 79.0]}
DEBUG:Value Filterer:		Begin Value Filtering C:[['2.3', '3.5.2'], [13.0, 36.0]]
DEBUG:Value Filterer:			EMPTY LINK_SQL
VERBOSE:Main Filterer:		Limit range updated based on value filtering {'B': [31.0, 36.0], 'D': [13.0, 41.0], 'C': [15.0, 36.0], 'A': [40.0, 79.0]}
DEBUG:Main Filterer:		Begin Connected Element Filtering C:[['2.3', '3.5.2'], [13.0, 36.0]]
DEBUG:Connected Element:		Connected element filtering
DEBUG:Connected Element:		Limit range {'B': [31.0, 36.0], 'D': [13.0, 41.0], 'C': [15.0, 36.0], 'A': [40.0, 79.0]}
VERBOSE:Connected Element:			Checking: D
VERBOSE:Connected Element:				D:[['2.9.4.2', '4.6.3'], [3.0, 26.0]] OK
DEBUG:Connected Element:		Connected Element Filter result
DEBUG:Connected Element:			link xml: 
DEBUG:Connected Element:				["D:[['2.9.4.2', '4.6.3'], [3.0, 26.0]]"]
DEBUG:Traversing Query:		Start check lower lever C:[['2.3', '3.5.2'], [13.0, 36.0]]
VERBOSE:Traversing Query:			Traverse down D
DEBUG:Main Filterer:			--- Begin Filtering --- D:[['2.9.4.2', '4.6.3'], [3.0, 26.0]]
DEBUG:Main Filterer:				Parent: D:[['1.71', '4.6.3'], [3.0, 54.0]]
VERBOSE:Main Filterer:				Limit range: {'B': [31.0, 36.0], 'D': [13.0, 41.0], 'C': [15.0, 36.0], 'A': [40.0, 79.0]}
VERBOSE:Main Filterer:				Limit range updated based on node value{'B': [31.0, 36.0], 'D': [13.0, 26.0], 'C': [15.0, 36.0], 'A': [40.0, 79.0]}
DEBUG:Value Filterer:			Begin Value Filtering D:[['2.9.4.2', '4.6.3'], [3.0, 26.0]]
DEBUG:Value Filterer:				EMPTY LINK_SQL
VERBOSE:Main Filterer:			Limit range updated based on value filtering {'B': [31.0, 36.0], 'D': [13.0, 26.0], 'C': [15.0, 36.0], 'A': [40.0, 79.0]}
DEBUG:Main Filterer:			Begin Connected Element Filtering D:[['2.9.4.2', '4.6.3'], [3.0, 26.0]]
DEBUG:Connected Element:			Connected element filtering
DEBUG:Connected Element:			Limit range {'B': [31.0, 36.0], 'D': [13.0, 26.0], 'C': [15.0, 36.0], 'A': [40.0, 79.0]}
DEBUG:Connected Element:				EMPTY LINK_XML
DEBUG:Traversing Query:			Start check lower lever D:[['2.9.4.2', '4.6.3'], [3.0, 26.0]]
DEBUG:Init Children:				 This is a leaf node 
DEBUG:Filter Children:				is a leaf node
DEBUG:Init Children:			 This is a leaf node 
DEBUG:Filter Children:			is a leaf node
DEBUG:Main Filterer:		--- Begin Filtering --- C:[['3.4', '3.7.3'], [59.0, 79.0]]
DEBUG:Main Filterer:			Parent: C:[['2.3', '3.7.3'], [13.0, 79.0]]
VERBOSE:Main Filterer:			Limit range: {'B': [31.0, 36.0], 'D': [13.0, 41.0], 'C': [15.0, 72.0], 'A': [40.0, 79.0]}
VERBOSE:Main Filterer:			Limit range updated based on node value{'B': [31.0, 36.0], 'D': [13.0, 41.0], 'C': [59.0, 72.0], 'A': [40.0, 79.0]}
DEBUG:Value Filterer:		Begin Value Filtering C:[['3.4', '3.7.3'], [59.0, 79.0]]
DEBUG:Value Filterer:			EMPTY LINK_SQL
VERBOSE:Main Filterer:		Limit range updated based on value filtering {'B': [31.0, 36.0], 'D': [13.0, 41.0], 'C': [59.0, 72.0], 'A': [40.0, 79.0]}
DEBUG:Main Filterer:		Begin Connected Element Filtering C:[['3.4', '3.7.3'], [59.0, 79.0]]
DEBUG:Connected Element:		Connected element filtering
DEBUG:Connected Element:		Limit range {'B': [31.0, 36.0], 'D': [13.0, 41.0], 'C': [59.0, 72.0], 'A': [40.0, 79.0]}
VERBOSE:Connected Element:			Checking: D
VERBOSE:Connected Element:				D:[['2.9.4.2', '4.6.3'], [3.0, 26.0]] OK
DEBUG:Connected Element:		Connected Element Filter result
DEBUG:Connected Element:			link xml: 
DEBUG:Connected Element:				["D:[['2.9.4.2', '4.6.3'], [3.0, 26.0]]"]
DEBUG:Traversing Query:		Start check lower lever C:[['3.4', '3.7.3'], [59.0, 79.0]]
VERBOSE:Traversing Query:			Traverse down D
DEBUG:Main Filterer:			--- Begin Filtering --- D:[['2.9.4.2', '4.6.3'], [3.0, 26.0]]
DEBUG:Main Filterer:				Parent: D:[['1.71', '4.6.3'], [3.0, 54.0]]
VERBOSE:Main Filterer:				Limit range: {'B': [31.0, 36.0], 'D': [13.0, 41.0], 'C': [59.0, 72.0], 'A': [40.0, 79.0]}
VERBOSE:Main Filterer:				Limit range updated based on node value{'B': [31.0, 36.0], 'D': [13.0, 26.0], 'C': [59.0, 72.0], 'A': [40.0, 79.0]}
DEBUG:Value Filterer:			Begin Value Filtering D:[['2.9.4.2', '4.6.3'], [3.0, 26.0]]
DEBUG:Value Filterer:				EMPTY LINK_SQL
VERBOSE:Main Filterer:			Limit range updated based on value filtering {'B': [31.0, 36.0], 'D': [13.0, 26.0], 'C': [59.0, 72.0], 'A': [40.0, 79.0]}
DEBUG:Main Filterer:			Begin Connected Element Filtering D:[['2.9.4.2', '4.6.3'], [3.0, 26.0]]
DEBUG:Connected Element:			Connected element filtering
DEBUG:Connected Element:			Limit range {'B': [31.0, 36.0], 'D': [13.0, 26.0], 'C': [59.0, 72.0], 'A': [40.0, 79.0]}
DEBUG:Connected Element:				EMPTY LINK_XML
DEBUG:Traversing Query:			Start check lower lever D:[['2.9.4.2', '4.6.3'], [3.0, 26.0]]
DEBUG:Init Children:				 This is a leaf node 
DEBUG:Filter Children:				is a leaf node
DEBUG:Init Children:			 This is a leaf node 
DEBUG:Filter Children:			is a leaf node
DEBUG:Init Children:	 This is a leaf node 
DEBUG:Filter Children:	is a leaf node
DEBUG:Main Filterer:--- Begin Filtering --- A:[['3.8', '5.7.4'], [87.0, 100.0]]
DEBUG:Main Filterer:	Parent: A:[['1.1', '5.7.4'], [0.0, 100.0]]
VERBOSE:Main Filterer:	Limit range: {'B': [17.0, 69.0], 'D': [13.0, 50.0], 'C': [15.0, 72.0], 'A': [10.0, 94.0]}
VERBOSE:Main Filterer:	Limit range updated based on node value{'B': [17.0, 69.0], 'D': [13.0, 50.0], 'C': [15.0, 72.0], 'A': [87.0, 94.0]}
DEBUG:Value Filterer:Begin Value Filtering A:[['3.8', '5.7.4'], [87.0, 100.0]]
VERBOSE:Value Filterer:Begin Pre-Filter
VERBOSE:Value Filterer:Find intersected value boundary
VERBOSE:Value Filterer:Checking C_A Nodes: [[[15.0, 71.0], [78.0, 99.0]]]
VERBOSE:Value Filterer:	current_table_node: C_A:[[15.0, 71.0], [78.0, 99.0]]
VERBOSE:Value Filterer:	current_value_boundary: {'B': [17.0, 85.0], 'D': [40.0, 72.0], 'A': [86.0, 118.0]}
VERBOSE:Value Filterer:		INTERSECT, Find element-wise intersection
VERBOSE:Value Filterer:			element check OK {'B': [17.0, 85.0], 'D': [40.0, 72.0], 'C': [15.0, 71.0], 'A': [86.0, 99.0]}
VERBOSE:Value Filterer:		Move to next table node
VERBOSE:Value Filterer:remaining nodes: [[[15.0, 71.0], [78.0, 99.0]]]
VERBOSE:Value Filterer:Updated intersected boundary: [{'B': [17.0, 85.0], 'D': [40.0, 72.0], 'C': [15.0, 71.0], 'A': [86.0, 99.0]}]
VERBOSE:Value Filterer:Checking D_A Nodes: [[[1.0, 50.0], [10.0, 94.0]]]
VERBOSE:Value Filterer:	current_table_node: D_A:[[1.0, 50.0], [10.0, 94.0]]
VERBOSE:Value Filterer:	current_value_boundary: {'B': [17.0, 85.0], 'D': [40.0, 72.0], 'C': [15.0, 71.0], 'A': [86.0, 99.0]}
VERBOSE:Value Filterer:		INTERSECT, Find element-wise intersection
VERBOSE:Value Filterer:			element check OK {'D': [40.0, 50.0], 'B': [17.0, 85.0], 'C': [15.0, 71.0], 'A': [86.0, 94.0]}
VERBOSE:Value Filterer:		Move to next table node
VERBOSE:Value Filterer:remaining nodes: [[[1.0, 50.0], [10.0, 94.0]]]
VERBOSE:Value Filterer:Updated intersected boundary: [{'D': [40.0, 50.0], 'B': [17.0, 85.0], 'C': [15.0, 71.0], 'A': [86.0, 94.0]}]
DEBUG:Value Filterer:Value Filter result
DEBUG:Value Filterer:	link sql: 
DEBUG:Value Filterer:		['C_A:[[15.0, 71.0], [78.0, 99.0]]']
DEBUG:Value Filterer:		['A_B_D:[[86.0, 118.0], [17.0, 85.0], [40.0, 72.0]]']
DEBUG:Value Filterer:		['D_A:[[1.0, 50.0], [10.0, 94.0]]']
DEBUG:Value Filterer:	intersection_range: 
DEBUG:Value Filterer:		D: ['[40.0, 50.0]']
DEBUG:Value Filterer:		B: ['[17.0, 85.0]']
DEBUG:Value Filterer:		C: ['[15.0, 71.0]']
DEBUG:Value Filterer:		A: ['[86.0, 94.0]']
VERBOSE:Main Filterer:Limit range updated based on value filtering {'B': [17.0, 69.0], 'D': [40.0, 50.0], 'C': [15.0, 71.0], 'A': [87.0, 94.0]}
DEBUG:Main Filterer:Begin Connected Element Filtering A:[['3.8', '5.7.4'], [87.0, 100.0]]
DEBUG:Connected Element:Connected element filtering
DEBUG:Connected Element:Limit range {'B': [17.0, 69.0], 'D': [40.0, 50.0], 'C': [15.0, 71.0], 'A': [87.0, 94.0]}
VERBOSE:Connected Element:	Checking: B
VERBOSE:Connected Element:		B:[['1.4', '5.6'], [12.0, 36.0]] OK
VERBOSE:Connected Element:		B:[['4.15', '5.2'], [49.0, 82.0]] OK
VERBOSE:Connected Element:	Checking: C
VERBOSE:Connected Element:		C:[['2.3', '3.5.2'], [13.0, 36.0]] REMOVED by structure filtering
VERBOSE:Connected Element:		C:[['3.4', '3.7.3'], [59.0, 79.0]] REMOVED by structure filtering
DEBUG:Connected Element:	###
DEBUG:Connected Element:	FILTERED: Connected Element Filter: Chas no satisfying node
DEBUG:Main Filterer:	A:[['3.8', '5.7.4'], [87.0, 100.0]] FILTERED by connected_element_filtering
INFO:Joiner Filtering:Filtering time 0
INFO:Joiner Filtering:Number of node processed:  4
INFO:Joiner Filtering:Number of node filtered:  1
INFO:Joiner Filtering:Average filtering time for one node: 0
INFO:Joiner Validating:Number of remaining leaf nodes after Filtering: 2
INFO:Joiner Validating:Number of remaining leaf nodes after Filtering: 2
INFO:Joiner Validating:Number of remaining leaf nodes of root after validation: 1
INFO:Joiner Validating:validation time 0
INFO:Joiner Validating:Results: 
INFO:Joiner Validating:Node: A:[['2.2', '2.9'], [0.0, 34.0]]
INFO:Joiner Validating:Entry: ['2.9', 10.0]
INFO:Joiner Validating:{'B': '2.9.2', 'D': '2.9.4.2', 'C': '2.9.4', 'A': '2.9'}{'B': 31.0, 'D': 26.0, 'C': 24.0, 'A': 10.0}
INFO:Main:#####################
INFO:Main:#####################
INFO:Main:#####################
INFO:Loader:Loader started
INFO:Loader:Total loading time: 0
INFO:Joiner:Started Joiner
INFO:Joiner Init:Initialize link took:  0
DEBUG:Main Filterer:--- Begin Filtering --- A:[['1.1', '5.7.4'], [0.0, 100.0]]
DEBUG:Main Filterer:	is Root
DEBUG:Value Filterer:Begin Value Filtering A:[['1.1', '5.7.4'], [0.0, 100.0]]
DEBUG:Value Filterer:Value Filter result
DEBUG:Value Filterer:	link sql: 
DEBUG:Value Filterer:		['D_A:[[1.0, 50.0], [10.0, 94.0]]']
DEBUG:Value Filterer:		['C_A:[[15.0, 400.0], [5.0, 99.0]]']
DEBUG:Value Filterer:		['A_B_D:[[6.0, 118.0], [17.0, 600.0], [13.0, 72.0]]']
DEBUG:Value Filterer:	intersection_range: 
DEBUG:Value Filterer:		A: ['[10.0, 94.0]']
DEBUG:Value Filterer:		B: ['[17.0, 600.0]']
DEBUG:Value Filterer:		C: ['[15.0, 400.0]']
DEBUG:Value Filterer:		D: ['[13.0, 50.0]']
DEBUG:Main Filterer:Begin Connected Element Filtering A:[['1.1', '5.7.4'], [0.0, 100.0]]
DEBUG:Connected Element:Connected element filtering
DEBUG:Connected Element:Limit range {'A': [10.0, 94.0], 'B': [17.0, 82.0], 'C': [15.0, 79.0], 'D': [13.0, 50.0]}
DEBUG:Connected Element:Connected Element Filter result
DEBUG:Connected Element:	link xml: 
DEBUG:Connected Element:		["B:[['1.4', '5.6'], [12.0, 82.0]]"]
DEBUG:Connected Element:		["C:[['2.3', '3.7.3'], [13.0, 79.0]]"]
DEBUG:Traversing Query:Start check lower lever A:[['1.1', '5.7.4'], [0.0, 100.0]]
DEBUG:Main Filterer:	--- Begin Filtering --- B:[['1.4', '5.6'], [12.0, 82.0]]
DEBUG:Main Filterer:		is Root
DEBUG:Value Filterer:	Begin Value Filtering B:[['1.4', '5.6'], [12.0, 82.0]]
DEBUG:Value Filterer:	Value Filter result
DEBUG:Value Filterer:		link sql: 
DEBUG:Value Filterer:			['B_C:[[5.0, 69.0], [6.0, 72.0]]']
DEBUG:Value Filterer:		intersection_range: 
DEBUG:Value Filterer:			B: ['[5.0, 69.0]']
DEBUG:Value Filterer:			C: ['[6.0, 72.0]']
DEBUG:Main Filterer:	Begin Connected Element Filtering B:[['1.4', '5.6'], [12.0, 82.0]]
DEBUG:Connected Element:	Connected element filtering
DEBUG:Connected Element:	Limit range {'A': [10.0, 94.0], 'B': [17.0, 69.0], 'C': [15.0, 72.0], 'D': [13.0, 50.0]}
DEBUG:Connected Element:		EMPTY LINK_XML
DEBUG:Traversing Query:	Start check lower lever B:[['1.4', '5.6'], [12.0, 82.0]]
DEBUG:Init Children:	Start initialize children link B:[['1.4', '5.6'], [12.0, 82.0]]
DEBUG:Init Children:			B_C:[[5.0, 44.0], [13.0, 72.0]] OK
DEBUG:Init Children:			B_C:[[58.0, 69.0], [6.0, 34.0]] OK
DEBUG:Filter Children:	Begin Filter Children
DEBUG:Filter Children:	Begin Filter Children Node based on intersection range
DEBUG:Filter Children:	Begin Filter Children Node link sql based on intersection range
DEBUG:Filter Children:	Result
DEBUG:Filter Children:	Children: B:[['1.4', '5.6'], [12.0, 36.0]]
DEBUG:Filter Children:		link xml: 
DEBUG:Filter Children:		link sql: 
DEBUG:Filter Children:			['B_C:[[5.0, 44.0], [13.0, 72.0]]']
DEBUG:Filter Children:	Children: B:[['4.15', '5.2'], [49.0, 82.0]]
DEBUG:Filter Children:		link xml: 
DEBUG:Filter Children:		link sql: 
DEBUG:Filter Children:			['B_C:[[58.0, 69.0], [6.0, 34.0]]']
DEBUG:Main Filterer:		--- Begin Filtering --- C:[['2.3', '3.7.3'], [13.0, 79.0]]
DEBUG:Main Filterer:			is Root
DEBUG:Value Filterer:		Begin Value Filtering C:[['2.3', '3.7.3'], [13.0, 79.0]]
DEBUG:Value Filterer:			EMPTY LINK_SQL
DEBUG:Main Filterer:		Begin Connected Element Filtering C:[['2.3', '3.7.3'], [13.0, 79.0]]
DEBUG:Connected Element:		Connected element filtering
DEBUG:Connected Element:		Limit range {'A': [10.0, 94.0], 'B': [17.0, 69.0], 'C': [15.0, 72.0], 'D': [13.0, 50.0]}
DEBUG:Connected Element:		Connected Element Filter result
DEBUG:Connected Element:			link xml: 
DEBUG:Connected Element:				["D:[['1.71', '4.6.3'], [3.0, 54.0]]"]
DEBUG:Traversing Query:		Start check lower lever C:[['2.3', '3.7.3'], [13.0, 79.0]]
DEBUG:Main Filterer:			--- Begin Filtering --- D:[['1.71', '4.6.3'], [3.0, 54.0]]
DEBUG:Main Filterer:				is Root
DEBUG:Value Filterer:			Begin Value Filtering D:[['1.71', '4.6.3'], [3.0, 54.0]]
DEBUG:Value Filterer:				EMPTY LINK_SQL
DEBUG:Main Filterer:			Begin Connected Element Filtering D:[['1.71', '4.6.3'], [3.0, 54.0]]
DEBUG:Connected Element:			Connected element filtering
DEBUG:Connected Element:			Limit range {'A': [10.0, 94.0], 'B': [17.0, 69.0], 'C': [15.0, 72.0], 'D': [13.0, 50.0]}
DEBUG:Connected Element:				EMPTY LINK_XML
DEBUG:Traversing Query:			Start check lower lever D:[['1.71', '4.6.3'], [3.0, 54.0]]
DEBUG:Init Children:			Start initialize children link D:[['1.71', '4.6.3'], [3.0, 54.0]]
DEBUG:Filter Children:			No intersection range
DEBUG:Filter Children:				link xml: 
DEBUG:Filter Children:				link sql: 
DEBUG:Filter Children:				link xml: 
DEBUG:Filter Children:				link sql: 
DEBUG:Init Children:		Start initialize children link C:[['2.3', '3.7.3'], [13.0, 79.0]]
DEBUG:Filter Children:		No intersection range
DEBUG:Filter Children:			link xml: 
DEBUG:Filter Children:				["D:[['2.9.4.2', '4.6.3'], [3.0, 26.0]]"]
DEBUG:Filter Children:			link sql: 
DEBUG:Filter Children:			link xml: 
DEBUG:Filter Children:				["D:[['2.9.4.2', '4.6.3'], [3.0, 26.0]]"]
DEBUG:Filter Children:			link sql: 
DEBUG:Init Children:Start initialize children link A:[['1.1', '5.7.4'], [0.0, 100.0]]
DEBUG:Init Children:		C_A:[[24.0, 400.0], [5.0, 62.0]] OK
DEBUG:Init Children:		C_A:[[15.0, 71.0], [78.0, 99.0]] OK
DEBUG:Init Children:		A_B_D:[[6.0, 79.0], [31.0, 600.0], [13.0, 41.0]] OK
DEBUG:Init Children:		A_B_D:[[86.0, 118.0], [17.0, 85.0], [40.0, 72.0]] OK
DEBUG:Filter Children:Begin Filter Children
DEBUG:Filter Children:Begin Filter Children Node based on intersection range
DEBUG:Filter Children:Begin Filter Children Node link sql based on intersection range
DEBUG:Filter Children:Result
DEBUG:Filter Children:Children: A:[['2.2', '2.9'], [0.0, 34.0]]
DEBUG:Filter Children:	link xml: 
DEBUG:Filter Children:		["B:[['1.4', '5.6'], [12.0, 36.0]]", "B:[['4.15', '5.2'], [49.0, 82.0]]"]
DEBUG:Filter Children:		["C:[['2.3', '3.5.2'], [13.0, 36.0]]", "C:[['3.4', '3.7.3'], [59.0, 79.0]]"]
DEBUG:Filter Children:	link sql: 
DEBUG:Filter Children:		['D_A:[[1.0, 50.0], [10.0, 94.0]]']
DEBUG:Filter Children:		['C_A:[[24.0, 400.0], [5.0, 62.0]]']
DEBUG:Filter Children:		['A_B_D:[[6.0, 79.0], [31.0, 600.0], [13.0, 41.0]]']
DEBUG:Filter Children:Children: A:[['1.1', '3.9.2'], [40.0, 85.0]]
DEBUG:Filter Children:	link xml: 
DEBUG:Filter Children:		["B:[['1.4', '5.6'], [12.0, 36.0]]", "B:[['4.15', '5.2'], [49.0, 82.0]]"]
DEBUG:Filter Children:		["C:[['2.3', '3.5.2'], [13.0, 36.0]]", "C:[['3.4', '3.7.3'], [59.0, 79.0]]"]
DEBUG:Filter Children:	link sql: 
DEBUG:Filter Children:		['D_A:[[1.0, 50.0], [10.0, 94.0]]']
DEBUG:Filter Children:		['C_A:[[24.0, 400.0], [5.0, 62.0]]', 'C_A:[[15.0, 71.0], [78.0, 99.0]]']
DEBUG:Filter Children:		['A_B_D:[[6.0, 79.0], [31.0, 600.0], [13.0, 41.0]]']
DEBUG:Filter Children:Children: A:[['3.8', '5.7.4'], [87.0, 100.0]]
DEBUG:Filter Children:	link xml: 
DEBUG:Filter Children:		["B:[['1.4', '5.6'], [12.0, 36.0]]", "B:[['4.15', '5.2'], [49.0, 82.0]]"]
DEBUG:Filter Children:		["C:[['2.3', '3.5.2'], [13.0, 36.0]]", "C:[['3.4', '3.7.3'], [59.0, 79.0]]"]
DEBUG:Filter Children:	link sql: 
DEBUG:Filter Children:		['D_A:[[1.0, 50.0], [10.0, 94.0]]']
DEBUG:Filter Children:		['C_A:[[15.0, 71.0], [78.0, 99.0]]']
DEBUG:Filter Children:		['A_B_D:[[86.0, 118.0], [17.0, 85.0], [40.0, 72.0]]']
DEBUG:Main Filterer:--- Begin Filtering --- A:[['2.2', '2.9'], [0.0, 34.0]]
DEBUG:Main Filterer:	Parent: A:[['1.1', '5.7.4'], [0.0, 100.0]]
DEBUG:Value Filterer:Begin Value Filtering A:[['2.2', '2.9'], [0.0, 34.0]]
DEBUG:Value Filterer:Value Filter result
DEBUG:Value Filterer:	link sql: 
DEBUG:Value Filterer:		['D_A:[[1.0, 50.0], [10.0, 94.0]]']
DEBUG:Value Filterer:		['C_A:[[24.0, 400.0], [5.0, 62.0]]']
DEBUG:Value Filterer:		['A_B_D:[[6.0, 79.0], [31.0, 600.0], [13.0, 41.0]]']
DEBUG:Value Filterer:	intersection_range: 
DEBUG:Value Filterer:		A: ['[10.0, 62.0]']
DEBUG:Value Filterer:		B: ['[31.0, 600.0]']
DEBUG:Value Filterer:		C: ['[24.0, 400.0]']
DEBUG:Value Filterer:		D: ['[13.0, 41.0]']
DEBUG:Main Filterer:Begin Connected Element Filtering A:[['2.2', '2.9'], [0.0, 34.0]]
DEBUG:Connected Element:Connected element filtering
DEBUG:Connected Element:Limit range {'A': [10.0, 34.0], 'B': [31.0, 69.0], 'C': [24.0, 72.0], 'D': [13.0, 41.0]}
DEBUG:Connected Element:Connected Element Filter result
DEBUG:Connected Element:	link xml: 
DEBUG:Connected Element:		["B:[['1.4', '5.6'], [12.0, 36.0]]"]
DEBUG:Connected Element:		["C:[['2.3', '3.5.2'], [13.0, 36.0]]"]
DEBUG:Traversing Query:Start check lower lever A:[['2.2', '2.9'], [0.0, 34.0]]
DEBUG:Main Filterer:	--- Begin Filtering --- B:[['1.4', '5.6'], [12.0, 36.0]]
DEBUG:Main Filterer:		Parent: B:[['1.4', '5.6'], [12.0, 82.0]]
DEBUG:Value Filterer:	Begin Value Filtering B:[['1.4', '5.6'], [12.0, 36.0]]
DEBUG:Value Filterer:	Value Filter result
DEBUG:Value Filterer:		link sql: 
DEBUG:Value Filterer:			['B_C:[[5.0, 44.0], [13.0, 72.0]]']
DEBUG:Value Filterer:		intersection_range: 
DEBUG:Value Filterer:			B: ['[5.0, 44.0]']
DEBUG:Value Filterer:			C: ['[13.0, 72.0]']
DEBUG:Main Filterer:	Begin Connected Element Filtering B:[['1.4', '5.6'], [12.0, 36.0]]
DEBUG:Connected Element:	Connected element filtering
DEBUG:Connected Element:	Limit range {'A': [10.0, 34.0], 'B': [31.0, 36.0], 'C': [24.0, 72.0], 'D': [13.0, 41.0]}
DEBUG:Connected Element:		EMPTY LINK_XML
DEBUG:Traversing Query:	Start check lower lever B:[['1.4', '5.6'], [12.0, 36.0]]
DEBUG:Init Children:		 This is a leaf node 
DEBUG:Filter Children:		is a leaf node
DEBUG:Main Filterer:		--- Begin Filtering --- C:[['2.3', '3.5.2'], [13.0, 36.0]]
DEBUG:Main Filterer:			Parent: C:[['2.3', '3.7.3'], [13.0, 79.0]]
DEBUG:Value Filterer:		Begin Value Filtering C:[['2.3', '3.5.2'], [13.0, 36.0]]
DEBUG:Value Filterer:			EMPTY LINK_SQL
DEBUG:Main Filterer:		Begin Connected Element Filtering C:[['2.3', '3.5.2'], [13.0, 36.0]]
DEBUG:Connected Element:		Connected element filtering
DEBUG:Connected Element:		Limit range {'A': [10.0, 34.0], 'B': [31.0, 36.0], 'C': [24.0, 36.0], 'D': [13.0, 41.0]}
DEBUG:Connected Element:		Connected Element Filter result
DEBUG:Connected Element:			link xml: 
DEBUG:Connected Element:				["D:[['2.9.4.2', '4.6.3'], [3.0, 26.0]]"]
DEBUG:Traversing Query:		Start check lower lever C:[['2.3', '3.5.2'], [13.0, 36.0]]
DEBUG:Main Filterer:			--- Begin Filtering --- D:[['2.9.4.2', '4.6.3'], [3.0, 26.0]]
DEBUG:Main Filterer:				Parent: D:[['1.71', '4.6.3'], [3.0, 54.0]]
DEBUG:Value Filterer:			Begin Value Filtering D:[['2.9.4.2', '4.6.3'], [3.0, 26.0]]
DEBUG:Value Filterer:				EMPTY LINK_SQL
DEBUG:Main Filterer:			Begin Connected Element Filtering D:[['2.9.4.2', '4.6.3'], [3.0, 26.0]]
DEBUG:Connected Element:			Connected element filtering
DEBUG:Connected Element:			Limit range {'A': [10.0, 34.0], 'B': [31.0, 36.0], 'C': [24.0, 36.0], 'D': [13.0, 26.0]}
DEBUG:Connected Element:				EMPTY LINK_XML
DEBUG:Traversing Query:			Start check lower lever D:[['2.9.4.2', '4.6.3'], [3.0, 26.0]]
DEBUG:Init Children:				 This is a leaf node 
DEBUG:Filter Children:				is a leaf node
DEBUG:Init Children:			 This is a leaf node 
DEBUG:Filter Children:			is a leaf node
DEBUG:Init Children:	 This is a leaf node 
DEBUG:Filter Children:	is a leaf node
DEBUG:Main Filterer:--- Begin Filtering --- A:[['1.1', '3.9.2'], [40.0, 85.0]]
DEBUG:Main Filterer:	Parent: A:[['1.1', '5.7.4'], [0.0, 100.0]]
DEBUG:Value Filterer:Begin Value Filtering A:[['1.1', '3.9.2'], [40.0, 85.0]]
DEBUG:Value Filterer:Value Filter result
DEBUG:Value Filterer:	link sql: 
DEBUG:Value Filterer:		['D_A:[[1.0, 50.0], [10.0, 94.0]]']
DEBUG:Value Filterer:		['C_A:[[24.0, 400.0], [5.0, 62.0]]', 'C_A:[[15.0, 71.0], [78.0, 99.0]]']
DEBUG:Value Filterer:		['A_B_D:[[6.0, 79.0], [31.0, 600.0], [13.0, 41.0]]']
DEBUG:Value Filterer:	intersection_range: 
DEBUG:Value Filterer:		A: ['[10.0, 62.0]', '[78.0, 79.0]']
DEBUG:Value Filterer:		B: ['[31.0, 600.0]', '[31.0, 600.0]']
DEBUG:Value Filterer:		C: ['[24.0, 400.0]', '[15.0, 71.0]']
DEBUG:Value Filterer:		D: ['[13.0, 41.0]', '[13.0, 41.0]']
DEBUG:Main Filterer:Begin Connected Element Filtering A:[['1.1', '3.9.2'], [40.0, 85.0]]
DEBUG:Connected Element:Connected element filtering
DEBUG:Connected Element:Limit range {'A': [40.0, 79.0], 'B': [31.0, 69.0], 'C': [15.0, 72.0], 'D': [13.0, 41.0]}
DEBUG:Connected Element:Connected Element Filter result
DEBUG:Connected Element:	link xml: 
DEBUG:Connected Element:		["B:[['1.4', '5.6'], [12.0, 36.0]]"]
DEBUG:Connected Element:		["C:[['2.3', '3.5.2'], [13.0, 36.0]]", "C:[['3.4', '3.7.3'], [59.0, 79.0]]"]
DEBUG:Traversing Query:Start check lower lever A:[['1.1', '3.9.2'], [40.0, 85.0]]
DEBUG:Main Filterer:	--- Begin Filtering --- B:[['1.4', '5.6'], [12.0, 36.0]]
DEBUG:Main Filterer:		Parent: B:[['1.4', '5.6'], [12.0, 82.0]]
DEBUG:Main Filterer:	Begin Connected Element Filtering B:[['1.4', '5.6'], [12.0, 36.0]]
DEBUG:Connected Element:	Connected element filtering
DEBUG:Connected Element:	Limit range {'A': [40.0, 79.0], 'B': [31.0, 36.0], 'C': [15.0, 72.0], 'D': [13.0, 41.0]}
DEBUG:Connected Element:		EMPTY LINK_XML
DEBUG:Traversing Query:	Start check lower lever B:[['1.4', '5.6'], [12.0, 36.0]]
DEBUG:Init Children:		 This is a leaf node 
DEBUG:Filter Children:		is a leaf node
DEBUG:Main Filterer:		--- Begin Filtering --- C:[['2.3', '3.5.2'], [13.0, 36.0]]
DEBUG:Main Filterer:			Parent: C:[['2.3', '3.7.3'], [13.0, 79.0]]
DEBUG:Value Filterer:		Begin Value Filtering C:[['2.3', '3.5.2'], [13.0, 36.0]]
DEBUG:Value Filterer:			EMPTY LINK_SQL
DEBUG:Main Filterer:		Begin Connected Element Filtering C:[['2.3', '3.5.2'], [13.0, 36.0]]
DEBUG:Connected Element:		Connected element filtering
DEBUG:Connected Element:		Limit range {'A': [40.0, 79.0], 'B': [31.0, 36.0], 'C': [15.0, 36.0], 'D': [13.0, 41.0]}
DEBUG:Connected Element:		Connected Element Filter result
DEBUG:Connected Element:			link xml: 
DEBUG:Connected Element:				["D:[['2.9.4.2', '4.6.3'], [3.0, 26.0]]"]
DEBUG:Traversing Query:		Start check lower lever C:[['2.3', '3.5.2'], [13.0, 36.0]]
DEBUG:Main Filterer:			--- Begin Filtering --- D:[['2.9.4.2', '4.6.3'], [3.0, 26.0]]
DEBUG:Main Filterer:				Parent: D:[['1.71', '4.6.3'], [3.0, 54.0]]
DEBUG:Value Filterer:			Begin Value Filtering D:[['2.9.4.2', '4.6.3'], [3.0, 26.0]]
DEBUG:Value Filterer:				EMPTY LINK_SQL
DEBUG:Main Filterer:			Begin Connected Element Filtering D:[['2.9.4.2', '4.6.3'], [3.0, 26.0]]
DEBUG:Connected Element:			Connected element filtering
DEBUG:Connected Element:			Limit range {'A': [40.0, 79.0], 'B': [31.0, 36.0], 'C': [15.0, 36.0], 'D': [13.0, 26.0]}
DEBUG:Connected Element:				EMPTY LINK_XML
DEBUG:Traversing Query:			Start check lower lever D:[['2.9.4.2', '4.6.3'], [3.0, 26.0]]
DEBUG:Init Children:				 This is a leaf node 
DEBUG:Filter Children:				is a leaf node
DEBUG:Init Children:			 This is a leaf node 
DEBUG:Filter Children:			is a leaf node
DEBUG:Main Filterer:		--- Begin Filtering --- C:[['3.4', '3.7.3'], [59.0, 79.0]]
DEBUG:Main Filterer:			Parent: C:[['2.3', '3.7.3'], [13.0, 79.0]]
DEBUG:Value Filterer:		Begin Value Filtering C:[['3.4', '3.7.3'], [59.0, 79.0]]
DEBUG:Value Filterer:			EMPTY LINK_SQL
DEBUG:Main Filterer:		Begin Connected Element Filtering C:[['3.4', '3.7.3'], [59.0, 79.0]]
DEBUG:Connected Element:		Connected element filtering
DEBUG:Connected Element:		Limit range {'A': [40.0, 79.0], 'B': [31.0, 36.0], 'C': [59.0, 72.0], 'D': [13.0, 41.0]}
DEBUG:Connected Element:		Connected Element Filter result
DEBUG:Connected Element:			link xml: 
DEBUG:Connected Element:				["D:[['2.9.4.2', '4.6.3'], [3.0, 26.0]]"]
DEBUG:Traversing Query:		Start check lower lever C:[['3.4', '3.7.3'], [59.0, 79.0]]
DEBUG:Main Filterer:			--- Begin Filtering --- D:[['2.9.4.2', '4.6.3'], [3.0, 26.0]]
DEBUG:Main Filterer:				Parent: D:[['1.71', '4.6.3'], [3.0, 54.0]]
DEBUG:Value Filterer:			Begin Value Filtering D:[['2.9.4.2', '4.6.3'], [3.0, 26.0]]
DEBUG:Value Filterer:				EMPTY LINK_SQL
DEBUG:Main Filterer:			Begin Connected Element Filtering D:[['2.9.4.2', '4.6.3'], [3.0, 26.0]]
DEBUG:Connected Element:			Connected element filtering
DEBUG:Connected Element:			Limit range {'A': [40.0, 79.0], 'B': [31.0, 36.0], 'C': [59.0, 72.0], 'D': [13.0, 26.0]}
DEBUG:Connected Element:				EMPTY LINK_XML
DEBUG:Traversing Query:			Start check lower lever D:[['2.9.4.2', '4.6.3'], [3.0, 26.0]]
DEBUG:Init Children:				 This is a leaf node 
DEBUG:Filter Children:				is a leaf node
DEBUG:Init Children:			 This is a leaf node 
DEBUG:Filter Children:			is a leaf node
DEBUG:Init Children:	 This is a leaf node 
DEBUG:Filter Children:	is a leaf node
DEBUG:Main Filterer:--- Begin Filtering --- A:[['3.8', '5.7.4'], [87.0, 100.0]]
DEBUG:Main Filterer:	Parent: A:[['1.1', '5.7.4'], [0.0, 100.0]]
DEBUG:Value Filterer:Begin Value Filtering A:[['3.8', '5.7.4'], [87.0, 100.0]]
DEBUG:Value Filterer:Value Filter result
DEBUG:Value Filterer:	link sql: 
DEBUG:Value Filterer:		['D_A:[[1.0, 50.0], [10.0, 94.0]]']
DEBUG:Value Filterer:		['C_A:[[15.0, 71.0], [78.0, 99.0]]']
DEBUG:Value Filterer:		['A_B_D:[[86.0, 118.0], [17.0, 85.0], [40.0, 72.0]]']
DEBUG:Value Filterer:	intersection_range: 
DEBUG:Value Filterer:		A: ['[86.0, 94.0]']
DEBUG:Value Filterer:		B: ['[17.0, 85.0]']
DEBUG:Value Filterer:		C: ['[15.0, 71.0]']
DEBUG:Value Filterer:		D: ['[40.0, 50.0]']
DEBUG:Main Filterer:Begin Connected Element Filtering A:[['3.8', '5.7.4'], [87.0, 100.0]]
DEBUG:Connected Element:Connected element filtering
DEBUG:Connected Element:Limit range {'A': [87.0, 94.0], 'B': [17.0, 69.0], 'C': [15.0, 71.0], 'D': [40.0, 50.0]}
DEBUG:Connected Element:	###
DEBUG:Connected Element:	FILTERED: Connected Element Filter: Chas no satisfying node
DEBUG:Main Filterer:	A:[['3.8', '5.7.4'], [87.0, 100.0]] FILTERED by connected_element_filtering
INFO:Joiner Filtering:Filtering time 0
INFO:Joiner Filtering:Number of node processed:  4
INFO:Joiner Filtering:Number of node filtered:  1
INFO:Joiner Filtering:Average filtering time for one node: 0
INFO:Joiner Validating:Number of remaining leaf nodes after Filtering: 2
INFO:Main:#####################
INFO:Main:#####################
INFO:Main:#####################
INFO:Loader:Loader started
INFO:Loader:Total loading time: 0
INFO:Joiner:Started Joiner
INFO:Joiner Init:Initialize link took:  0
INFO:Joiner Filtering:Filtering time 0
INFO:Joiner Filtering:Number of node processed:  4
INFO:Joiner Filtering:Number of node filtered:  1
INFO:Joiner Filtering:Average filtering time for one node: 0
INFO:Joiner Validating:Number of remaining leaf nodes after Filtering: 2
INFO:Main:#####################
INFO:Main:#####################
INFO:Main:#####################
INFO:Loader:Loader started
INFO:Loader:Total loading time: 0
INFO:Joiner:Started Joiner
INFO:Joiner Init:Initialize link took:  0
INFO:Joiner Filtering:Filtering time 0
INFO:Joiner Filtering:Number of node processed:  4
INFO:Joiner Filtering:Number of node filtered:  1
INFO:Joiner Filtering:Average filtering time for one node: 0
INFO:Joiner Validating:Number of remaining leaf nodes after Filtering: 2
INFO:Joiner Validating:Number of remaining leaf nodes after Filtering: 2
INFO:Joiner Validating:Number of remaining leaf nodes of root after validation: 1
INFO:Joiner Validating:validation time 0
INFO:Joiner Validating:Results: 
INFO:Joiner Validating:Node: A:[['2.2', '2.9'], [0.0, 34.0]]
INFO:Joiner Validating:Entry: ['2.9', 10.0]
INFO:Joiner Validating:{'B': '2.9.2', 'C': '2.9.4', 'D': '2.9.4.2', 'A': '2.9'}{'B': 31.0, 'C': 24.0, 'D': 26.0, 'A': 10.0}
INFO:Main:#####################
INFO:Main:#####################
INFO:Main:#####################
