INFO:Loader:Loader started
INFO:Loader:Total loading time: 0
INFO:Joiner:Started Joiner
INFO:Joiner Init:Initialize link took:  0
INFO:Loader:Loader started
INFO:Loader:Total loading time: 0
INFO:Joiner:Started Joiner
INFO:Joiner Init:Initialize link took:  0
INFO:Joiner Filtering:Filtering time 0
INFO:Joiner Filtering:Number of node processed:  3
INFO:Joiner Filtering:Number of node filtered:  1
INFO:Joiner Filtering:Average filtering time for one node: 0
INFO:Joiner Validating:Number of remaining leaf nodes after Filtering: 1
INFO:Joiner Validating:Number of remaining leaf nodes after Filtering: 1
INFO:Loader:Loader started
INFO:Loader:Total loading time: 0
INFO:Joiner:Started Joiner
INFO:Joiner Init:Initialize link took:  0
INFO:Joiner Filtering:Filtering time 0
INFO:Joiner Filtering:Number of node processed:  3
INFO:Joiner Filtering:Number of node filtered:  1
INFO:Joiner Filtering:Average filtering time for one node: 0
INFO:Joiner Validating:Number of remaining leaf nodes after Filtering: 1
INFO:Main:#####################
INFO:Main:#####################
INFO:Main:#####################
INFO:Loader:Loader started
INFO:Loader:Total loading time: 0
INFO:Joiner:Started Joiner
DEBUG:Joiner Init:A
DEBUG:Joiner Init:	link_xml
DEBUG:Joiner Init:		B: ["B:[['1.4', '5.6'], [12.0, 82.0]]"]
DEBUG:Joiner Init:		C: ["C:[['2.3', '3.7.3'], [13.0, 79.0]]"]
DEBUG:Joiner Init:	link_sql
DEBUG:Joiner Init:		C_A: ['C_A:[[15.0, 400.0], [5.0, 99.0]]']
DEBUG:Joiner Init:		A_B_D: ['A_B_D:[[6.0, 118.0], [17.0, 600.0], [13.0, 72.0]]']
DEBUG:Joiner Init:		D_A: ['D_A:[[1.0, 50.0], [10.0, 94.0]]']
DEBUG:Joiner Init:B
DEBUG:Joiner Init:	link_xml
DEBUG:Joiner Init:	link_sql
DEBUG:Joiner Init:		B_C: ['B_C:[[5.0, 69.0], [6.0, 72.0]]']
DEBUG:Joiner Init:C
DEBUG:Joiner Init:	link_xml
DEBUG:Joiner Init:		D: ["D:[['1.71', '4.6.3'], [3.0, 54.0]]"]
DEBUG:Joiner Init:	link_sql
DEBUG:Joiner Init:D
DEBUG:Joiner Init:	link_xml
DEBUG:Joiner Init:	link_sql
INFO:Joiner Init:Initialize link took:  0
DEBUG:Joiner Filtering:Node: A:[['1.1', '5.7.4'], [0.0, 100.0]] status: 
DEBUG:Joiner Filtering:	False
INFO:Loader:Loader started
INFO:Loader:Total loading time: 0
INFO:Joiner:Started Joiner
DEBUG:Joiner Init:A
DEBUG:Joiner Init:	link_xml
DEBUG:Joiner Init:		C: ["C:[['2.3', '3.7.3'], [13.0, 79.0]]"]
DEBUG:Joiner Init:		B: ["B:[['1.4', '5.6'], [12.0, 82.0]]"]
DEBUG:Joiner Init:	link_sql
DEBUG:Joiner Init:		C_A: ['C_A:[[15.0, 400.0], [5.0, 99.0]]']
DEBUG:Joiner Init:		A_B_D: ['A_B_D:[[6.0, 118.0], [17.0, 600.0], [13.0, 72.0]]']
DEBUG:Joiner Init:		D_A: ['D_A:[[1.0, 50.0], [10.0, 94.0]]']
DEBUG:Joiner Init:B
DEBUG:Joiner Init:	link_xml
DEBUG:Joiner Init:	link_sql
DEBUG:Joiner Init:		B_C: ['B_C:[[5.0, 69.0], [6.0, 72.0]]']
DEBUG:Joiner Init:C
DEBUG:Joiner Init:	link_xml
DEBUG:Joiner Init:		D: ["D:[['1.71', '4.6.3'], [3.0, 54.0]]"]
DEBUG:Joiner Init:	link_sql
DEBUG:Joiner Init:D
DEBUG:Joiner Init:	link_xml
DEBUG:Joiner Init:	link_sql
INFO:Joiner Init:Initialize link took:  0
DEBUG:Joiner Filtering:Node: A:[['1.1', '5.7.4'], [0.0, 100.0]] status: 
DEBUG:Joiner Filtering:	False
INFO:Loader:Loader started
INFO:Loader:Total loading time: 0
INFO:Joiner:Started Joiner
DEBUG:Joiner Init:A
DEBUG:Joiner Init:	link_xml
DEBUG:Joiner Init:		C: ["C:[['2.3', '3.7.3'], [13.0, 79.0]]"]
DEBUG:Joiner Init:		B: ["B:[['1.4', '5.6'], [12.0, 82.0]]"]
DEBUG:Joiner Init:	link_sql
DEBUG:Joiner Init:		C_A: ['C_A:[[15.0, 400.0], [5.0, 99.0]]']
DEBUG:Joiner Init:		D_A: ['D_A:[[1.0, 50.0], [10.0, 94.0]]']
DEBUG:Joiner Init:		A_B_D: ['A_B_D:[[6.0, 118.0], [17.0, 600.0], [13.0, 72.0]]']
DEBUG:Joiner Init:B
DEBUG:Joiner Init:	link_xml
DEBUG:Joiner Init:	link_sql
DEBUG:Joiner Init:		B_C: ['B_C:[[5.0, 69.0], [6.0, 72.0]]']
DEBUG:Joiner Init:C
DEBUG:Joiner Init:	link_xml
DEBUG:Joiner Init:		D: ["D:[['1.71', '4.6.3'], [3.0, 54.0]]"]
DEBUG:Joiner Init:	link_sql
DEBUG:Joiner Init:D
DEBUG:Joiner Init:	link_xml
DEBUG:Joiner Init:	link_sql
INFO:Joiner Init:Initialize link took:  0
DEBUG:Joiner Filtering:Node: A:[['1.1', '5.7.4'], [0.0, 100.0]] status: 
DEBUG:Joiner Filtering:	False
DEBUG:Joiner Filtering:	Filtering time break down: 
DEBUG:Joiner Filtering:		Value Filtering Time: 0.0001914450003823731
DEBUG:Joiner Filtering:		Connected Element Filtering Time: 5.905299985897727e-05
DEBUG:Joiner Filtering:		Check Descendants Time: 0.00048775700270198286
DEBUG:Joiner Filtering:		Init Children Time: 6.96320021233987e-05
DEBUG:Joiner Filtering:		Filter Children Time: 0.00036365499909152277
DEBUG:Joiner Filtering:	Validation time break down: 
DEBUG:Joiner Filtering:		Value Validation Time: -1
DEBUG:Joiner Filtering:		Structure validation Time: -1
DEBUG:Joiner Filtering:	False
DEBUG:Joiner Filtering:query root node A:[['1.1', '5.7.4'], [0.0, 100.0]] filter time: 0 filtered: False 
DEBUG:Joiner Filtering:
DEBUG:Joiner Filtering:Node: A:[['1.1', '3.9.2'], [0.0, 85.0]] status: 
DEBUG:Joiner Filtering:	False
DEBUG:Joiner Filtering:	Filtering time break down: 
DEBUG:Joiner Filtering:		Value Filtering Time: 0.0001785770000424236
DEBUG:Joiner Filtering:		Connected Element Filtering Time: 5.278699973132461e-05
DEBUG:Joiner Filtering:		Check Descendants Time: 0.00047354200069094077
DEBUG:Joiner Filtering:		Init Children Time: 5.912999768042937e-06
DEBUG:Joiner Filtering:		Filter Children Time: 5.451001925393939e-06
DEBUG:Joiner Filtering:	Validation time break down: 
DEBUG:Joiner Filtering:		Value Validation Time: -1
DEBUG:Joiner Filtering:		Structure validation Time: -1
DEBUG:Joiner Filtering:	False
DEBUG:Joiner Filtering:query root node A:[['1.1', '3.9.2'], [0.0, 85.0]] filter time: 0 filtered: False 
DEBUG:Joiner Filtering:
DEBUG:Joiner Filtering:Node: A:[['3.8', '5.7.4'], [87.0, 100.0]] status: 
DEBUG:Joiner Filtering:	TrueConnected Element Filter: C has no satisfying node
DEBUG:Joiner Filtering:	Filtering time break down: 
DEBUG:Joiner Filtering:		Value Filtering Time: 0.00016887099991436116
DEBUG:Joiner Filtering:		Connected Element Filtering Time: 3.9113001548685133e-05
DEBUG:Joiner Filtering:		Check Descendants Time: -1
DEBUG:Joiner Filtering:		Init Children Time: -1
DEBUG:Joiner Filtering:		Filter Children Time: -1
DEBUG:Joiner Filtering:	Validation time break down: 
DEBUG:Joiner Filtering:		Value Validation Time: -1
DEBUG:Joiner Filtering:		Structure validation Time: -1
DEBUG:Joiner Filtering:	TrueConnected Element Filter: C has no satisfying node
DEBUG:Joiner Filtering:query root node A:[['3.8', '5.7.4'], [87.0, 100.0]] filter time: 0 filtered: True Connected Element Filter: C has no satisfying node
DEBUG:Joiner Filtering:
INFO:Joiner Filtering:Total Filtering time 0
INFO:Joiner Filtering:Number of node processed:  3
INFO:Joiner Filtering:Number of node filtered:  1
INFO:Joiner Filtering:Average filtering time for one node: 0
INFO:Joiner Validating:Number of remaining leaf nodes after Filtering: 1
DEBUG:Joiner Validating:Remaining leaf nodes: [[['1.1', '3.9.2'], [0.0, 85.0]]]
INFO:Main:#####################
INFO:Main:#####################
INFO:Main:#####################
INFO:Loader:Loader started
INFO:Loader:Total loading time: 0
INFO:Joiner:Started Joiner
INFO:Joiner Init:Initialize link took:  0
INFO:Joiner Filtering:Total Filtering time 0
INFO:Joiner Filtering:Number of node processed:  3
INFO:Joiner Filtering:Number of node filtered:  1
INFO:Joiner Filtering:Average filtering time for one node: 0
INFO:Joiner Validating:Number of remaining leaf nodes after Filtering: 1
INFO:Main:#####################
INFO:Main:#####################
INFO:Main:#####################
INFO:Loader:Loader started
INFO:Loader:Loader started
INFO:Loader:Total loading time: 0
INFO:Joiner:Started Joiner
DEBUG:Joiner Init:A
DEBUG:Joiner Init:	link_xml
DEBUG:Joiner Init:		C: ["C:[['2.3', '3.7.3'], [13.0, 79.0]]"]
DEBUG:Joiner Init:		B: ["B:[['1.4', '5.6'], [12.0, 82.0]]"]
DEBUG:Joiner Init:	link_sql
DEBUG:Joiner Init:		C_A: ['C_A:[[15.0, 400.0], [5.0, 99.0]]']
DEBUG:Joiner Init:		A_B_D: ['A_B_D:[[6.0, 118.0], [17.0, 600.0], [13.0, 72.0]]']
DEBUG:Joiner Init:		D_A: ['D_A:[[1.0, 50.0], [10.0, 94.0]]']
DEBUG:Joiner Init:B
DEBUG:Joiner Init:	link_xml
DEBUG:Joiner Init:	link_sql
DEBUG:Joiner Init:		B_C: ['B_C:[[5.0, 69.0], [6.0, 72.0]]']
DEBUG:Joiner Init:C
DEBUG:Joiner Init:	link_xml
DEBUG:Joiner Init:		D: ["D:[['1.71', '4.6.3'], [3.0, 54.0]]"]
DEBUG:Joiner Init:	link_sql
DEBUG:Joiner Init:D
DEBUG:Joiner Init:	link_xml
DEBUG:Joiner Init:	link_sql
INFO:Joiner Init:Initialize link took:  0
DEBUG:Joiner Filtering:Node: A:[['1.1', '5.7.4'], [0.0, 100.0]] status: 
DEBUG:Joiner Filtering:	False
DEBUG:Joiner Filtering:	Filtering time break down: 
DEBUG:Joiner Filtering:		Value Filtering Time: 0.00016615599997749086
DEBUG:Joiner Filtering:		Connected Element Filtering Time: 5.302800127537921e-05
DEBUG:Joiner Filtering:		Check Descendants Time: 0.00043861499943886884
DEBUG:Joiner Filtering:		Init Children Time: 5.9410000176285394e-05
DEBUG:Joiner Filtering:		Filter Children Time: 0.0003232039998692926
DEBUG:Joiner Filtering:	Validation time break down: 
DEBUG:Joiner Filtering:		Value Validation Time: -1
DEBUG:Joiner Filtering:		Structure validation Time: -1
DEBUG:Joiner Filtering:	False
DEBUG:Joiner Filtering:query root node A:[['1.1', '5.7.4'], [0.0, 100.0]] filter time: 0 filtered: False 
DEBUG:Joiner Filtering:
DEBUG:Joiner Filtering:Node: A:[['1.1', '3.9.2'], [0.0, 85.0]] status: 
DEBUG:Joiner Filtering:	False
DEBUG:Joiner Filtering:	Filtering time break down: 
DEBUG:Joiner Filtering:		Value Filtering Time: 0.00015853299919399433
DEBUG:Joiner Filtering:		Connected Element Filtering Time: 4.630699913832359e-05
DEBUG:Joiner Filtering:		Check Descendants Time: 0.00041888499981723726
DEBUG:Joiner Filtering:		Init Children Time: 5.28399868926499e-06
DEBUG:Joiner Filtering:		Filter Children Time: 4.976000127498992e-06
DEBUG:Joiner Filtering:	Validation time break down: 
DEBUG:Joiner Filtering:		Value Validation Time: -1
DEBUG:Joiner Filtering:		Structure validation Time: -1
DEBUG:Joiner Filtering:	False
DEBUG:Joiner Filtering:query root node A:[['1.1', '3.9.2'], [0.0, 85.0]] filter time: 0 filtered: False 
DEBUG:Joiner Filtering:
DEBUG:Joiner Filtering:Node: A:[['3.8', '5.7.4'], [87.0, 100.0]] status: 
DEBUG:Joiner Filtering:	TrueConnected Element Filter: C has no satisfying node
DEBUG:Joiner Filtering:	Filtering time break down: 
DEBUG:Joiner Filtering:		Value Filtering Time: 0.0001539249988127267
DEBUG:Joiner Filtering:		Connected Element Filtering Time: 3.5815999581245705e-05
DEBUG:Joiner Filtering:		Check Descendants Time: -1
DEBUG:Joiner Filtering:		Init Children Time: -1
DEBUG:Joiner Filtering:		Filter Children Time: -1
DEBUG:Joiner Filtering:	Validation time break down: 
DEBUG:Joiner Filtering:		Value Validation Time: -1
DEBUG:Joiner Filtering:		Structure validation Time: -1
DEBUG:Joiner Filtering:	TrueConnected Element Filter: C has no satisfying node
DEBUG:Joiner Filtering:query root node A:[['3.8', '5.7.4'], [87.0, 100.0]] filter time: 0 filtered: True Connected Element Filter: C has no satisfying node
DEBUG:Joiner Filtering:
INFO:Joiner Filtering:Total Filtering time 0
INFO:Joiner Filtering:Number of node processed:  3
INFO:Joiner Filtering:Number of node filtered:  1
INFO:Joiner Filtering:Average filtering time for one node: 0
INFO:Joiner Validating:Number of remaining leaf nodes after Filtering: 1
DEBUG:Joiner Validating:Remaining leaf nodes: [[['1.1', '3.9.2'], [0.0, 85.0]]]
INFO:Main:#####################
INFO:Main:#####################
INFO:Main:#####################
INFO:Loader:Loader started
INFO:Loader:Total loading time: 0
INFO:Joiner:Started Joiner
DEBUG:Joiner Init:A
DEBUG:Joiner Init:	link_xml
DEBUG:Joiner Init:		C: ["C:[['2.3', '3.7.3'], [13.0, 79.0]]"]
DEBUG:Joiner Init:		B: ["B:[['1.4', '5.6'], [12.0, 82.0]]"]
DEBUG:Joiner Init:	link_sql
DEBUG:Joiner Init:		A_B_D: ['A_B_D:[[6.0, 118.0], [17.0, 600.0], [13.0, 72.0]]']
DEBUG:Joiner Init:		C_A: ['C_A:[[15.0, 400.0], [5.0, 99.0]]']
DEBUG:Joiner Init:		D_A: ['D_A:[[1.0, 50.0], [10.0, 94.0]]']
DEBUG:Joiner Init:B
DEBUG:Joiner Init:	link_xml
DEBUG:Joiner Init:	link_sql
DEBUG:Joiner Init:		B_C: ['B_C:[[5.0, 69.0], [6.0, 72.0]]']
DEBUG:Joiner Init:C
DEBUG:Joiner Init:	link_xml
DEBUG:Joiner Init:		D: ["D:[['1.71', '4.6.3'], [3.0, 54.0]]"]
DEBUG:Joiner Init:	link_sql
DEBUG:Joiner Init:D
DEBUG:Joiner Init:	link_xml
DEBUG:Joiner Init:	link_sql
INFO:Joiner Init:Initialize link took:  0
DEBUG:Joiner Filtering:Node: A:[['1.1', '5.7.4'], [0.0, 100.0]] status: 
DEBUG:Joiner Filtering:	False
DEBUG:Joiner Filtering:	Filtering time break down: 
DEBUG:Joiner Filtering:		Value Filtering Time: 0.0001771260012901621
DEBUG:Joiner Filtering:		Connected Element Filtering Time: 5.207499998505227e-05
DEBUG:Joiner Filtering:		Check Descendants Time: 0.0005140250013937475
DEBUG:Joiner Filtering:		Init Children Time: 6.117799966887105e-05
DEBUG:Joiner Filtering:		Filter Children Time: 0.0003338879996590549
DEBUG:Joiner Filtering:	Validation time break down: 
DEBUG:Joiner Filtering:		Value Validation Time: -1
DEBUG:Joiner Filtering:		Structure validation Time: -1
DEBUG:Joiner Filtering:	False
DEBUG:Joiner Filtering:query root node A:[['1.1', '5.7.4'], [0.0, 100.0]] filter time: 0 filtered: False 
DEBUG:Joiner Filtering:
DEBUG:Joiner Filtering:Node: A:[['1.1', '3.9.2'], [0.0, 85.0]] status: 
DEBUG:Joiner Filtering:	False
DEBUG:Joiner Filtering:	Filtering time break down: 
DEBUG:Joiner Filtering:		Value Filtering Time: 0.00016084700109786354
DEBUG:Joiner Filtering:		Connected Element Filtering Time: 5.054700159234926e-05
DEBUG:Joiner Filtering:		Check Descendants Time: 0.0003832040001725545
DEBUG:Joiner Filtering:		Init Children Time: 5.492000127560459e-06
DEBUG:Joiner Filtering:		Filter Children Time: 5.174999387236312e-06
DEBUG:Joiner Filtering:	Validation time break down: 
DEBUG:Joiner Filtering:		Value Validation Time: -1
DEBUG:Joiner Filtering:		Structure validation Time: -1
DEBUG:Joiner Filtering:	False
DEBUG:Joiner Filtering:query root node A:[['1.1', '3.9.2'], [0.0, 85.0]] filter time: 0 filtered: False 
DEBUG:Joiner Filtering:
DEBUG:Joiner Filtering:Node: A:[['3.8', '5.7.4'], [87.0, 100.0]] status: 
DEBUG:Joiner Filtering:	TrueConnected Element Filter: C has no satisfying node
DEBUG:Joiner Filtering:	Filtering time break down: 
DEBUG:Joiner Filtering:		Value Filtering Time: 0.0001522229995316593
DEBUG:Joiner Filtering:		Connected Element Filtering Time: 3.470999945420772e-05
DEBUG:Joiner Filtering:		Check Descendants Time: -1
DEBUG:Joiner Filtering:		Init Children Time: -1
DEBUG:Joiner Filtering:		Filter Children Time: -1
DEBUG:Joiner Filtering:	Validation time break down: 
DEBUG:Joiner Filtering:		Value Validation Time: -1
DEBUG:Joiner Filtering:		Structure validation Time: -1
DEBUG:Joiner Filtering:	TrueConnected Element Filter: C has no satisfying node
DEBUG:Joiner Filtering:query root node A:[['3.8', '5.7.4'], [87.0, 100.0]] filter time: 0 filtered: True Connected Element Filter: C has no satisfying node
DEBUG:Joiner Filtering:
INFO:Joiner Filtering:Total Filtering time 0
INFO:Joiner Filtering:Number of node processed:  3
INFO:Joiner Filtering:Number of node filtered:  1
INFO:Joiner Filtering:Average filtering time for one node: 0
INFO:Joiner Validating:Number of remaining leaf nodes after Filtering: 1
DEBUG:Joiner Validating:Remaining leaf nodes: [[['1.1', '3.9.2'], [0.0, 85.0]]]
INFO:Main:#####################
INFO:Main:#####################
INFO:Main:#####################
INFO:Loader:Loader started
INFO:Loader:Total loading time: 0
INFO:Joiner:Started Joiner
DEBUG:Joiner Init:A
DEBUG:Joiner Init:	link_xml
DEBUG:Joiner Init:		B: ["B:[['1.4', '5.6'], [12.0, 82.0]]"]
DEBUG:Joiner Init:		C: ["C:[['2.3', '3.7.3'], [13.0, 79.0]]"]
DEBUG:Joiner Init:	link_sql
DEBUG:Joiner Init:		C_A: ['C_A:[[15.0, 400.0], [5.0, 99.0]]']
DEBUG:Joiner Init:		A_B_D: ['A_B_D:[[6.0, 118.0], [17.0, 600.0], [13.0, 72.0]]']
DEBUG:Joiner Init:		D_A: ['D_A:[[1.0, 50.0], [10.0, 94.0]]']
DEBUG:Joiner Init:B
DEBUG:Joiner Init:	link_xml
DEBUG:Joiner Init:	link_sql
DEBUG:Joiner Init:		B_C: ['B_C:[[5.0, 69.0], [6.0, 72.0]]']
DEBUG:Joiner Init:C
DEBUG:Joiner Init:	link_xml
DEBUG:Joiner Init:		D: ["D:[['1.71', '4.6.3'], [3.0, 54.0]]"]
DEBUG:Joiner Init:	link_sql
DEBUG:Joiner Init:D
DEBUG:Joiner Init:	link_xml
DEBUG:Joiner Init:	link_sql
INFO:Joiner Init:Initialize link took:  0
DEBUG:Joiner Filtering:Node: A:[['1.1', '5.7.4'], [0.0, 100.0]]
DEBUG:Joiner Filtering:	status: 
#####################INFO:Loader:Loader started
INFO:Loader:Total loading time: 0
INFO:Joiner:Started Joiner
DEBUG:Joiner Init:A
DEBUG:Joiner Init:	link_xml
DEBUG:Joiner Init:		B: ["B:[['1.4', '5.6'], [12.0, 82.0]]"]
DEBUG:Joiner Init:		C: ["C:[['2.3', '3.7.3'], [13.0, 79.0]]"]
DEBUG:Joiner Init:	link_sql
DEBUG:Joiner Init:		A_B_D: ['A_B_D:[[6.0, 118.0], [17.0, 600.0], [13.0, 72.0]]']
DEBUG:Joiner Init:		C_A: ['C_A:[[15.0, 400.0], [5.0, 99.0]]']
DEBUG:Joiner Init:		D_A: ['D_A:[[1.0, 50.0], [10.0, 94.0]]']
DEBUG:Joiner Init:B
DEBUG:Joiner Init:	link_xml
DEBUG:Joiner Init:	link_sql
DEBUG:Joiner Init:		B_C: ['B_C:[[5.0, 69.0], [6.0, 72.0]]']
DEBUG:Joiner Init:C
DEBUG:Joiner Init:	link_xml
DEBUG:Joiner Init:		D: ["D:[['1.71', '4.6.3'], [3.0, 54.0]]"]
DEBUG:Joiner Init:	link_sql
DEBUG:Joiner Init:D
DEBUG:Joiner Init:	link_xml
DEBUG:Joiner Init:	link_sql
INFO:Joiner Init:Initialize link took:  0
DEBUG:Joiner Filtering:Node: A:[['1.1', '5.7.4'], [0.0, 100.0]]
DEBUG:Joiner Filtering:	status: 
DEBUG:Joiner Filtering:		Filtered: False
DEBUG:Joiner Filtering:		Reason of Filtered: 
DEBUG:Joiner Filtering:	Filtering time break down: 
DEBUG:Joiner Filtering:		Value Filtering Time: 0.00017215899970324244
DEBUG:Joiner Filtering:		Connected Element Filtering Time: 5.6959001085488126e-05
DEBUG:Joiner Filtering:		Check Descendants Time: 0.000507278000441147
DEBUG:Joiner Filtering:		Init Children Time: 6.21069993940182e-05
DEBUG:Joiner Filtering:		Filter Children Time: 0.0003302350014564581
DEBUG:Joiner Filtering:	Validation time break down: 
DEBUG:Joiner Filtering:		Value Validation Time: -1
DEBUG:Joiner Filtering:		Structure validation Time: -1
DEBUG:Joiner Filtering:	False
DEBUG:Joiner Filtering:query root node A:[['1.1', '5.7.4'], [0.0, 100.0]] filter time: 0 filtered: False 
DEBUG:Joiner Filtering:
DEBUG:Joiner Filtering:Node: A:[['1.1', '3.9.2'], [0.0, 85.0]]
DEBUG:Joiner Filtering:	status: 
DEBUG:Joiner Filtering:		Filtered: False
DEBUG:Joiner Filtering:		Reason of Filtered: 
DEBUG:Joiner Filtering:	Filtering time break down: 
DEBUG:Joiner Filtering:		Value Filtering Time: 0.00016148100075952243
DEBUG:Joiner Filtering:		Connected Element Filtering Time: 4.7293999159592204e-05
DEBUG:Joiner Filtering:		Check Descendants Time: 0.00037749500006611925
DEBUG:Joiner Filtering:		Init Children Time: 5.25900031789206e-06
DEBUG:Joiner Filtering:		Filter Children Time: 4.866000381298363e-06
DEBUG:Joiner Filtering:	Validation time break down: 
DEBUG:Joiner Filtering:		Value Validation Time: -1
DEBUG:Joiner Filtering:		Structure validation Time: -1
DEBUG:Joiner Filtering:	False
DEBUG:Joiner Filtering:query root node A:[['1.1', '3.9.2'], [0.0, 85.0]] filter time: 0 filtered: False 
DEBUG:Joiner Filtering:
DEBUG:Joiner Filtering:Node: A:[['3.8', '5.7.4'], [87.0, 100.0]]
DEBUG:Joiner Filtering:	status: 
DEBUG:Joiner Filtering:		Filtered: True
DEBUG:Joiner Filtering:		Reason of Filtered: Connected Element Filter: C has no satisfying node
DEBUG:Joiner Filtering:	Filtering time break down: 
DEBUG:Joiner Filtering:		Value Filtering Time: 0.0001648760007810779
DEBUG:Joiner Filtering:		Connected Element Filtering Time: 3.636399924289435e-05
DEBUG:Joiner Filtering:		Check Descendants Time: -1
DEBUG:Joiner Filtering:		Init Children Time: -1
DEBUG:Joiner Filtering:		Filter Children Time: -1
DEBUG:Joiner Filtering:	Validation time break down: 
DEBUG:Joiner Filtering:		Value Validation Time: -1
DEBUG:Joiner Filtering:		Structure validation Time: -1
DEBUG:Joiner Filtering:	TrueConnected Element Filter: C has no satisfying node
DEBUG:Joiner Filtering:query root node A:[['3.8', '5.7.4'], [87.0, 100.0]] filter time: 0 filtered: True Connected Element Filter: C has no satisfying node
DEBUG:Joiner Filtering:
INFO:Joiner Filtering:Total Filtering time 0
INFO:Joiner Filtering:Number of node processed:  3
INFO:Joiner Filtering:Number of node filtered:  1
INFO:Joiner Filtering:Average filtering time for one node: 0
INFO:Joiner Validating:Number of remaining leaf nodes after Filtering: 1
DEBUG:Joiner Validating:Remaining leaf nodes: [[['1.1', '3.9.2'], [0.0, 85.0]]]
INFO:Main:#####################
INFO:Main:#####################
INFO:Main:#####################
INFO:Loader:Loader started
INFO:Loader:Total loading time: 0
INFO:Joiner:Started Joiner
DEBUG:Joiner Init:A
DEBUG:Joiner Init:	link_xml
DEBUG:Joiner Init:		C: ["C:[['2.3', '3.7.3'], [13.0, 79.0]]"]
DEBUG:Joiner Init:		B: ["B:[['1.4', '5.6'], [12.0, 82.0]]"]
DEBUG:Joiner Init:	link_sql
DEBUG:Joiner Init:		C_A: ['C_A:[[15.0, 400.0], [5.0, 99.0]]']
DEBUG:Joiner Init:		A_B_D: ['A_B_D:[[6.0, 118.0], [17.0, 600.0], [13.0, 72.0]]']
DEBUG:Joiner Init:		D_A: ['D_A:[[1.0, 50.0], [10.0, 94.0]]']
DEBUG:Joiner Init:B
DEBUG:Joiner Init:	link_xml
DEBUG:Joiner Init:	link_sql
DEBUG:Joiner Init:		B_C: ['B_C:[[5.0, 69.0], [6.0, 72.0]]']
DEBUG:Joiner Init:C
DEBUG:Joiner Init:	link_xml
DEBUG:Joiner Init:		D: ["D:[['1.71', '4.6.3'], [3.0, 54.0]]"]
DEBUG:Joiner Init:	link_sql
DEBUG:Joiner Init:D
DEBUG:Joiner Init:	link_xml
DEBUG:Joiner Init:	link_sql
INFO:Joiner Init:Initialize link took:  0
DEBUG:Joiner Filtering:Node: A:[['1.1', '5.7.4'], [0.0, 100.0]]
DEBUG:Joiner Filtering:	status: 
DEBUG:Joiner Filtering:		Filtered: False
DEBUG:Joiner Filtering:		Reason of Filtered: 
DEBUG:Joiner Filtering:query root node A:[['1.1', '5.7.4'], [0.0, 100.0]] filter time: 0 filtered: False 
DEBUG:Joiner Filtering:
DEBUG:Joiner Filtering:Node: A:[['1.1', '3.9.2'], [0.0, 85.0]]
DEBUG:Joiner Filtering:	status: 
DEBUG:Joiner Filtering:		Filtered: False
DEBUG:Joiner Filtering:		Reason of Filtered: 
DEBUG:Joiner Filtering:query root node A:[['1.1', '3.9.2'], [0.0, 85.0]] filter time: 0 filtered: False 
DEBUG:Joiner Filtering:
DEBUG:Joiner Filtering:Node: A:[['3.8', '5.7.4'], [87.0, 100.0]]
DEBUG:Joiner Filtering:	status: 
DEBUG:Joiner Filtering:		Filtered: True
DEBUG:Joiner Filtering:		Reason of Filtered: Connected Element Filter: C has no satisfying node
DEBUG:Joiner Filtering:query root node A:[['3.8', '5.7.4'], [87.0, 100.0]] filter time: 0 filtered: True Connected Element Filter: C has no satisfying node
DEBUG:Joiner Filtering:
INFO:Joiner Filtering:Total Filtering time 0
INFO:Joiner Filtering:Number of node processed:  3
INFO:Joiner Filtering:Number of node filtered:  1
INFO:Joiner Filtering:Average filtering time for one node: 0
INFO:Joiner Validating:Number of remaining leaf nodes after Filtering: 1
DEBUG:Joiner Validating:Remaining leaf nodes: [[['1.1', '3.9.2'], [0.0, 85.0]]]
INFO:Main:#####################
INFO:Main:#####################
INFO:Main:#####################
INFO:Loader:Loader started
INFO:Loader:Total loading time: 0
INFO:Joiner:Started Joiner
DEBUG:Joiner Init:A
DEBUG:Joiner Init:	link_xml
DEBUG:Joiner Init:		B: ["B:[['1.4', '5.6'], [12.0, 82.0]]"]
DEBUG:Joiner Init:		C: ["C:[['2.3', '3.7.3'], [13.0, 79.0]]"]
DEBUG:Joiner Init:	link_sql
DEBUG:Joiner Init:		C_A: ['C_A:[[15.0, 400.0], [5.0, 99.0]]']
DEBUG:Joiner Init:		A_B_D: ['A_B_D:[[6.0, 118.0], [17.0, 600.0], [13.0, 72.0]]']
DEBUG:Joiner Init:		D_A: ['D_A:[[1.0, 50.0], [10.0, 94.0]]']
DEBUG:Joiner Init:B
DEBUG:Joiner Init:	link_xml
DEBUG:Joiner Init:	link_sql
DEBUG:Joiner Init:		B_C: ['B_C:[[5.0, 69.0], [6.0, 72.0]]']
DEBUG:Joiner Init:C
DEBUG:Joiner Init:	link_xml
DEBUG:Joiner Init:		D: ["D:[['1.71', '4.6.3'], [3.0, 54.0]]"]
DEBUG:Joiner Init:	link_sql
DEBUG:Joiner Init:D
DEBUG:Joiner Init:	link_xml
DEBUG:Joiner Init:	link_sql
INFO:Joiner Init:Initialize link took:  0
DEBUG:Joiner Filtering:Node: A:[['1.1', '5.7.4'], [0.0, 100.0]]
DEBUG:Joiner Filtering:	status: 
DEBUG:Joiner Filtering:		Filtered: False
DEBUG:Joiner Filtering:		Reason of Filtered:
##########

INFO:Loader:Loader started
INFO:Loader:Total loading time: 0.001
INFO:Joiner:Started Joiner
DEBUG:Joiner Init:A
DEBUG:Joiner Init:	link_xml
DEBUG:Joiner Init:		B: ["B:[['1.4', '5.6'], [12.0, 82.0]]"]
DEBUG:Joiner Init:		C: ["C:[['2.3', '3.7.3'], [13.0, 79.0]]"]
DEBUG:Joiner Init:	link_sql
DEBUG:Joiner Init:		D_A: ['D_A:[[1.0, 50.0], [10.0, 94.0]]']
DEBUG:Joiner Init:		A_B_D: ['A_B_D:[[6.0, 118.0], [17.0, 600.0], [13.0, 72.0]]']
DEBUG:Joiner Init:		C_A: ['C_A:[[15.0, 400.0], [5.0, 99.0]]']
DEBUG:Joiner Init:B
DEBUG:Joiner Init:	link_xml
DEBUG:Joiner Init:	link_sql
DEBUG:Joiner Init:		B_C: ['B_C:[[5.0, 69.0], [6.0, 72.0]]']
DEBUG:Joiner Init:C
DEBUG:Joiner Init:	link_xml
DEBUG:Joiner Init:		D: ["D:[['1.71', '4.6.3'], [3.0, 54.0]]"]
DEBUG:Joiner Init:	link_sql
DEBUG:Joiner Init:D
DEBUG:Joiner Init:	link_xml
DEBUG:Joiner Init:	link_sql
INFO:Joiner Init:Initialize link took:  0
DEBUG:Joiner Filtering:Node: A:[['1.1', '5.7.4'], [0.0, 100.0]]
DEBUG:Joiner Filtering:	status: 
DEBUG:Joiner Filtering:		Filtered: False
DEBUG:Joiner Filtering:		Reason of Filtered: 
DEBUG:Joiner Filtering:	filter time:  0.000748
DEBUG:Joiner Filtering:
DEBUG:Joiner Filtering:Node: A:[['1.1', '3.9.2'], [0.0, 85.0]]
DEBUG:Joiner Filtering:	status: 
DEBUG:Joiner Filtering:		Filtered: False
DEBUG:Joiner Filtering:		Reason of Filtered: 
DEBUG:Joiner Filtering:	filter time:  0.000480
DEBUG:Joiner Filtering:
DEBUG:Joiner Filtering:Node: A:[['3.8', '5.7.4'], [87.0, 100.0]]
DEBUG:Joiner Filtering:	status: 
DEBUG:Joiner Filtering:		Filtered: True
DEBUG:Joiner Filtering:		Reason of Filtered: Connected Element Filter: C has no satisfying node
DEBUG:Joiner Filtering:	filter time:  0.000176
DEBUG:Joiner Filtering:
INFO:Joiner Filtering:Total Filtering time 0.002095
INFO:Joiner Filtering:Number of node processed:  3
INFO:Joiner Filtering:Number of node filtered:  1
INFO:Joiner Filtering:Average filtering time for one node: 0.000698
INFO:Joiner Validating:Number of remaining leaf nodes after Filtering: 1
DEBUG:Joiner Validating:Remaining leaf nodes: [[['1.1', '3.9.2'], [0.0, 85.0]]]
INFO:Main:#####################
INFO:Main:#####################
INFO:Main:#####################
INFO:Loader:Loader started
INFO:Loader:Total loading time: 0.002
INFO:Joiner:Started Joiner
DEBUG:Joiner Init:A
DEBUG:Joiner Init:	link_xml
DEBUG:Joiner Init:		C: ["C:[['2.3', '3.7.3'], [13.0, 79.0]]"]
DEBUG:Joiner Init:		B: ["B:[['1.4', '5.6'], [12.0, 82.0]]"]
DEBUG:Joiner Init:	link_sql
DEBUG:Joiner Init:		D_A: ['D_A:[[1.0, 50.0], [10.0, 94.0]]']
DEBUG:Joiner Init:		A_B_D: ['A_B_D:[[6.0, 118.0], [17.0, 600.0], [13.0, 72.0]]']
DEBUG:Joiner Init:		C_A: ['C_A:[[15.0, 400.0], [5.0, 99.0]]']
DEBUG:Joiner Init:B
DEBUG:Joiner Init:	link_xml
DEBUG:Joiner Init:	link_sql
DEBUG:Joiner Init:		B_C: ['B_C:[[5.0, 69.0], [6.0, 72.0]]']
DEBUG:Joiner Init:C
DEBUG:Joiner Init:	link_xml
DEBUG:Joiner Init:		D: ["D:[['1.71', '4.6.3'], [3.0, 54.0]]"]
DEBUG:Joiner Init:	link_sql
DEBUG:Joiner Init:D
DEBUG:Joiner Init:	link_xml
DEBUG:Joiner Init:	link_sql
INFO:Joiner Init:Initialize link took:  0
DEBUG:Joiner Filtering:Node: A:[['1.1', '5.7.4'], [0.0, 100.0]]
DEBUG:Joiner Filtering:	status: 
DEBUG:Joiner Filtering:		Filtered: False
DEBUG:Joiner Filtering:		Reason of Filtered: 
DEBUG:Joiner Filtering:	filter time:  0.001217
DEBUG:Joiner Filtering:
DEBUG:Joiner Filtering:Node: A:[['1.1', '3.9.2'], [0.0, 85.0]]
DEBUG:Joiner Filtering:	status: 
DEBUG:Joiner Filtering:		Filtered: False
DEBUG:Joiner Filtering:		Reason of Filtered: 
DEBUG:Joiner Filtering:	filter time:  0.000668
DEBUG:Joiner Filtering:
DEBUG:Joiner Filtering:Node: A:[['3.8', '5.7.4'], [87.0, 100.0]]
DEBUG:Joiner Filtering:	status: 
DEBUG:Joiner Filtering:		Filtered: True
DEBUG:Joiner Filtering:		Reason of Filtered: Connected Element Filter: C has no satisfying node
DEBUG:Joiner Filtering:	filter time:  0.000255
DEBUG:Joiner Filtering:
INFO:Joiner Filtering:Total Filtering time 0.002960
INFO:Joiner Filtering:Number of node processed:  3
INFO:Joiner Filtering:Number of node filtered:  1
INFO:Joiner Filtering:Average filtering time for one node: 0.000987
INFO:Joiner Validating:Number of remaining leaf nodes after Filtering: 1
DEBUG:Joiner Validating:Remaining leaf nodes: [[['1.1', '3.9.2'], [0.0, 85.0]]]
INFO:Main:#####################
INFO:Main:#####################
INFO:Main:#####################
INFO:Loader:Loader started
INFO:Loader:Total loading time: 0.001
INFO:Joiner:Started Joiner
DEBUG:Joiner Init:A
DEBUG:Joiner Init:	link_xml
DEBUG:Joiner Init:		C: ["C:[['2.3', '3.7.3'], [13.0, 79.0]]"]
DEBUG:Joiner Init:		B: ["B:[['1.4', '5.6'], [12.0, 82.0]]"]
DEBUG:Joiner Init:	link_sql
DEBUG:Joiner Init:		C_A: ['C_A:[[15.0, 400.0], [5.0, 99.0]]']
DEBUG:Joiner Init:		A_B_D: ['A_B_D:[[6.0, 118.0], [17.0, 600.0], [13.0, 72.0]]']
DEBUG:Joiner Init:		D_A: ['D_A:[[1.0, 50.0], [10.0, 94.0]]']
DEBUG:Joiner Init:B
DEBUG:Joiner Init:	link_xml
DEBUG:Joiner Init:	link_sql
DEBUG:Joiner Init:		B_C: ['B_C:[[5.0, 69.0], [6.0, 72.0]]']
DEBUG:Joiner Init:C
DEBUG:Joiner Init:	link_xml
DEBUG:Joiner Init:		D: ["D:[['1.71', '4.6.3'], [3.0, 54.0]]"]
DEBUG:Joiner Init:	link_sql
DEBUG:Joiner Init:D
DEBUG:Joiner Init:	link_xml
DEBUG:Joiner Init:	link_sql
INFO:Joiner Init:Initialize link took:  0
DEBUG:Joiner Filtering:Node: A:[['1.1', '5.7.4'], [0.0, 100.0]]
DEBUG:Joiner Filtering:	status: 
DEBUG:Joiner Filtering:		Filtered: False
DEBUG:Joiner Filtering:		Reason of Filtered: 
VERBOSE:Joiner Filtering:	Filtering time break down: 
VERBOSE:Joiner Filtering:		Value Filtering Time:  0.000
VERBOSE:Joiner Filtering:		Check Descendants Time:  0.000
VERBOSE:Joiner Filtering:		Init Children Time:  0.000
VERBOSE:Joiner Filtering:		Filter Children Time:  0.000
VERBOSE:Joiner Filtering:	Validation time break down: 
VERBOSE:Joiner Filtering:		Value Validation Time: -1.000
VERBOSE:Joiner Filtering:		Structure validation Time: -1.000
DEBUG:Joiner Filtering:	filter time:  0.000743
DEBUG:Joiner Filtering:
DEBUG:Joiner Filtering:Node: A:[['1.1', '3.9.2'], [0.0, 85.0]]
DEBUG:Joiner Filtering:	status: 
DEBUG:Joiner Filtering:		Filtered: False
DEBUG:Joiner Filtering:		Reason of Filtered: 
VERBOSE:Joiner Filtering:	Filtering time break down: 
VERBOSE:Joiner Filtering:		Value Filtering Time:  0.000
VERBOSE:Joiner Filtering:		Check Descendants Time:  0.000
VERBOSE:Joiner Filtering:		Init Children Time:  0.000
VERBOSE:Joiner Filtering:		Filter Children Time:  0.000
VERBOSE:Joiner Filtering:	Validation time break down: 
VERBOSE:Joiner Filtering:		Value Validation Time: -1.000
VERBOSE:Joiner Filtering:		Structure validation Time: -1.000
DEBUG:Joiner Filtering:	filter time:  0.000418
DEBUG:Joiner Filtering:
DEBUG:Joiner Filtering:Node: A:[['3.8', '5.7.4'], [87.0, 100.0]]
DEBUG:Joiner Filtering:	status: 
DEBUG:Joiner Filtering:		Filtered: True
DEBUG:Joiner Filtering:		Reason of Filtered: Connected Element Filter: C has no satisfying node
VERBOSE:Joiner Filtering:	Filtering time break down: 
VERBOSE:Joiner Filtering:		Value Filtering Time:  0.000
VERBOSE:Joiner Filtering:		Check Descendants Time:  -1.000
VERBOSE:Joiner Filtering:		Init Children Time:  -1.000
VERBOSE:Joiner Filtering:		Filter Children Time:  -1.000
VERBOSE:Joiner Filtering:	Validation time break down: 
VERBOSE:Joiner Filtering:		Value Validation Time: -1.000
VERBOSE:Joiner Filtering:		Structure validation Time: -1.000
DEBUG:Joiner Filtering:	filter time:  0.000166
DEBUG:Joiner Filtering:
INFO:Joiner Filtering:Total Filtering time 0.003423
INFO:Joiner Filtering:Number of node processed:  3
INFO:Joiner Filtering:Number of node filtered:  1
INFO:Joiner Filtering:Average filtering time for one node: 0.001141
INFO:Joiner Validating:Number of remaining leaf nodes after Filtering: 1
DEBUG:Joiner Validating:Remaining leaf nodes: [[['1.1', '3.9.2'], [0.0, 85.0]]]
INFO:Main:#####################
INFO:Main:#####################
INFO:Main:#####################
INFO:Loader:Loader started
INFO:Loader:Total loading time: 0.002
INFO:Joiner:Started Joiner
DEBUG:Joiner Init:A
DEBUG:Joiner Init:	link_xml
DEBUG:Joiner Init:		C: ["C:[['2.3', '3.7.3'], [13.0, 79.0]]"]
DEBUG:Joiner Init:		B: ["B:[['1.4', '5.6'], [12.0, 82.0]]"]
DEBUG:Joiner Init:	link_sql
DEBUG:Joiner Init:		D_A: ['D_A:[[1.0, 50.0], [10.0, 94.0]]']
DEBUG:Joiner Init:		C_A: ['C_A:[[15.0, 400.0], [5.0, 99.0]]']
DEBUG:Joiner Init:		A_B_D: ['A_B_D:[[6.0, 118.0], [17.0, 600.0], [13.0, 72.0]]']
DEBUG:Joiner Init:B
DEBUG:Joiner Init:	link_xml
DEBUG:Joiner Init:	link_sql
DEBUG:Joiner Init:		B_C: ['B_C:[[5.0, 69.0], [6.0, 72.0]]']
DEBUG:Joiner Init:C
DEBUG:Joiner Init:	link_xml
DEBUG:Joiner Init:		D: ["D:[['1.71', '4.6.3'], [3.0, 54.0]]"]
DEBUG:Joiner Init:	link_sql
DEBUG:Joiner Init:D
DEBUG:Joiner Init:	link_xml
DEBUG:Joiner Init:	link_sql
INFO:Joiner Init:Initialize link took:  0
DEBUG:Joiner Filtering:Node: A:[['1.1', '5.7.4'], [0.0, 100.0]]
DEBUG:Joiner Filtering:	status: 
DEBUG:Joiner Filtering:		Filtered: False
DEBUG:Joiner Filtering:		Reason of Filtered: 
VERBOSE:Joiner Filtering:	Filtering time break down: 
VERBOSE:Joiner Filtering:		Value Filtering Time:  0.000
VERBOSE:Joiner Filtering:		Connected Element Filtering Time:  0.000
VERBOSE:Joiner Filtering:		Check Descendants Time:  0.001
VERBOSE:Joiner Filtering:		Init Children Time:  0.000
VERBOSE:Joiner Filtering:		Filter Children Time:  0.000
VERBOSE:Joiner Filtering:	Validation time break down: 
VERBOSE:Joiner Filtering:		Value Validation Time: -1.000
VERBOSE:Joiner Filtering:		Structure validation Time: -1.000
DEBUG:Joiner Filtering:	filter time:  0.001229
DEBUG:Joiner Filtering:
DEBUG:Joiner Filtering:Node: A:[['1.1', '3.9.2'], [0.0, 85.0]]
DEBUG:Joiner Filtering:	status: 
DEBUG:Joiner Filtering:		Filtered: False
DEBUG:Joiner Filtering:		Reason of Filtered: 
VERBOSE:Joiner Filtering:	Filtering time break down: 
VERBOSE:Joiner Filtering:		Value Filtering Time:  0.000
VERBOSE:Joiner Filtering:		Connected Element Filtering Time:  0.000
VERBOSE:Joiner Filtering:		Check Descendants Time:  0.000
VERBOSE:Joiner Filtering:		Init Children Time:  0.000
VERBOSE:Joiner Filtering:		Filter Children Time:  0.000
VERBOSE:Joiner Filtering:	Validation time break down: 
VERBOSE:Joiner Filtering:		Value Validation Time: -1.000
VERBOSE:Joiner Filtering:		Structure validation Time: -1.000
DEBUG:Joiner Filtering:	filter time:  0.000658
DEBUG:Joiner Filtering:
DEBUG:Joiner Filtering:Node: A:[['3.8', '5.7.4'], [87.0, 100.0]]
DEBUG:Joiner Filtering:	status: 
DEBUG:Joiner Filtering:		Filtered: True
DEBUG:Joiner Filtering:		Reason of Filtered: Connected Element Filter: C has no satisfying node
VERBOSE:Joiner Filtering:	Filtering time break down: 
VERBOSE:Joiner Filtering:		Value Filtering Time:  0.000
VERBOSE:Joiner Filtering:		Connected Element Filtering Time:  0.000
VERBOSE:Joiner Filtering:		Check Descendants Time:  -1.000
VERBOSE:Joiner Filtering:		Init Children Time:  -1.000
VERBOSE:Joiner Filtering:		Filter Children Time:  -1.000
VERBOSE:Joiner Filtering:	Validation time break down: 
VERBOSE:Joiner Filtering:		Value Validation Time: -1.000
VERBOSE:Joiner Filtering:		Structure validation Time: -1.000
DEBUG:Joiner Filtering:	filter time:  0.000249
DEBUG:Joiner Filtering:
INFO:Joiner Filtering:Total Filtering time 0.003673
INFO:Joiner Filtering:Number of node processed:  3
INFO:Joiner Filtering:Number of node filtered:  1
INFO:Joiner Filtering:Average filtering time for one node: 0.001224
INFO:Joiner Validating:Number of remaining leaf nodes after Filtering: 1
DEBUG:Joiner Validating:Remaining leaf nodes: [[['1.1', '3.9.2'], [0.0, 85.0]]]
INFO:Main:#####################
INFO:Main:#####################
INFO:Main:#####################
INFO:Loader:Loader started
INFO:Loader:Total loading time: 0.002
INFO:Joiner:Started Joiner
DEBUG:Joiner Init:A
DEBUG:Joiner Init:	link_xml
DEBUG:Joiner Init:		B: ["B:[['1.4', '5.6'], [12.0, 82.0]]"]
DEBUG:Joiner Init:		C: ["C:[['2.3', '3.7.3'], [13.0, 79.0]]"]
DEBUG:Joiner Init:	link_sql
DEBUG:Joiner Init:		D_A: ['D_A:[[1.0, 50.0], [10.0, 94.0]]']
DEBUG:Joiner Init:		A_B_D: ['A_B_D:[[6.0, 118.0], [17.0, 600.0], [13.0, 72.0]]']
DEBUG:Joiner Init:		C_A: ['C_A:[[15.0, 400.0], [5.0, 99.0]]']
DEBUG:Joiner Init:B
DEBUG:Joiner Init:	link_xml
DEBUG:Joiner Init:	link_sql
DEBUG:Joiner Init:		B_C: ['B_C:[[5.0, 69.0], [6.0, 72.0]]']
DEBUG:Joiner Init:C
DEBUG:Joiner Init:	link_xml
DEBUG:Joiner Init:		D: ["D:[['1.71', '4.6.3'], [3.0, 54.0]]"]
DEBUG:Joiner Init:	link_sql
DEBUG:Joiner Init:D
DEBUG:Joiner Init:	link_xml
DEBUG:Joiner Init:	link_sql
INFO:Joiner Init:Initialize link took:  0
DEBUG:Joiner Filtering:Node: A:[['1.1', '5.7.4'], [0.0, 100.0]]
DEBUG:Joiner Filtering:	status: 
DEBUG:Joiner Filtering:		Filtered: False
DEBUG:Joiner Filtering:		Reason of Filtered: 
VERBOSE:Joiner Filtering:	Filtering time break down: 
VERBOSE:Joiner Filtering:		Value Filtering Time:  0.000
VERBOSE:Joiner Filtering:		Connected Element Filtering Time:  0.000
VERBOSE:Joiner Filtering:		Check Descendants Time:  0.000
VERBOSE:Joiner Filtering:		Init Children Time:  0.000
VERBOSE:Joiner Filtering:		Filter Children Time:  0.000
VERBOSE:Joiner Filtering:	Validation time break down: 
VERBOSE:Joiner Filtering:		Value Validation Time: -1.000
VERBOSE:Joiner Filtering:		Structure validation Time: -1.000
DEBUG:Joiner Filtering:	filter time:  0.001173
DEBUG:Joiner Filtering:
DEBUG:Joiner Filtering:Node: A:[['1.1', '3.9.2'], [0.0, 85.0]]
DEBUG:Joiner Filtering:	status: 
DEBUG:Joiner Filtering:		Filtered: False
DEBUG:Joiner Filtering:		Reason of Filtered: 
VERBOSE:Joiner Filtering:	Filtering time break down: 
VERBOSE:Joiner Filtering:		Value Filtering Time:  0.000
VERBOSE:Joiner Filtering:		Connected Element Filtering Time:  0.000
VERBOSE:Joiner Filtering:		Check Descendants Time:  0.000
VERBOSE:Joiner Filtering:		Init Children Time:  0.000
VERBOSE:Joiner Filtering:		Filter Children Time:  0.000
VERBOSE:Joiner Filtering:	Validation time break down: 
VERBOSE:Joiner Filtering:		Value Validation Time: -1.000
VERBOSE:Joiner Filtering:		Structure validation Time: -1.000
DEBUG:Joiner Filtering:	filter time:  0.000643
DEBUG:Joiner Filtering:
DEBUG:Joiner Filtering:Node: A:[['3.8', '5.7.4'], [87.0, 100.0]]
DEBUG:Joiner Filtering:	status: 
DEBUG:Joiner Filtering:		Filtered: True
DEBUG:Joiner Filtering:		Reason of Filtered: Connected Element Filter: C has no satisfying node
VERBOSE:Joiner Filtering:	Filtering time break down: 
VERBOSE:Joiner Filtering:		Value Filtering Time:  0.000
VERBOSE:Joiner Filtering:		Connected Element Filtering Time:  0.000
VERBOSE:Joiner Filtering:		Check Descendants Time:  -1.000
VERBOSE:Joiner Filtering:		Init Children Time:  -1.000
VERBOSE:Joiner Filtering:		Filter Children Time:  -1.000
VERBOSE:Joiner Filtering:	Validation time break down: 
VERBOSE:Joiner Filtering:		Value Validation Time: -1.000
VERBOSE:Joiner Filtering:		Structure validation Time: -1.000
DEBUG:Joiner Filtering:	filter time:  0.000261
DEBUG:Joiner Filtering:
INFO:Joiner Filtering:Total Filtering time 0.003647
INFO:Joiner Filtering:Number of node processed:  3
INFO:Joiner Filtering:Number of node filtered:  1
INFO:Joiner Filtering:Average filtering time for one node: 0.001216
INFO:Joiner Validating:Number of remaining leaf nodes after Filtering: 1
DEBUG:Joiner Validating:Remaining leaf nodes: [[['1.1', '3.9.2'], [0.0, 85.0]]]
INFO:Main:#####################
INFO:Main:#####################
INFO:Main:#####################
INFO:Loader:Loader started
INFO:Loader:Total loading time: 0.002
INFO:Joiner:Started Joiner
DEBUG:Joiner Init:A
DEBUG:Joiner Init:	link_xml
DEBUG:Joiner Init:		C: ["C:[['2.3', '3.7.3'], [13.0, 79.0]]"]
DEBUG:Joiner Init:		B: ["B:[['1.4', '5.6'], [12.0, 82.0]]"]
DEBUG:Joiner Init:	link_sql
DEBUG:Joiner Init:		C_A: ['C_A:[[15.0, 400.0], [5.0, 99.0]]']
DEBUG:Joiner Init:		A_B_D: ['A_B_D:[[6.0, 118.0], [17.0, 600.0], [13.0, 72.0]]']
DEBUG:Joiner Init:		D_A: ['D_A:[[1.0, 50.0], [10.0, 94.0]]']
DEBUG:Joiner Init:B
DEBUG:Joiner Init:	link_xml
DEBUG:Joiner Init:	link_sql
DEBUG:Joiner Init:		B_C: ['B_C:[[5.0, 69.0], [6.0, 72.0]]']
DEBUG:Joiner Init:C
DEBUG:Joiner Init:	link_xml
DEBUG:Joiner Init:		D: ["D:[['1.71', '4.6.3'], [3.0, 54.0]]"]
DEBUG:Joiner Init:	link_sql
DEBUG:Joiner Init:D
DEBUG:Joiner Init:	link_xml
DEBUG:Joiner Init:	link_sql
INFO:Joiner Init:Initialize link took:  0
DEBUG:Joiner Filtering:Node: A:[['1.1', '5.7.4'], [0.0, 100.0]]
DEBUG:Joiner Filtering:	status: 
DEBUG:Joiner Filtering:		Filtered: False
DEBUG:Joiner Filtering:		Reason of Filtered: 
VERBOSE:Joiner Filtering:	Filtering time break down: 
VERBOSE:Joiner Filtering:		Value Filtering Time:  0.000
VERBOSE:Joiner Filtering:		Connected Element Filtering Time:  0.000
VERBOSE:Joiner Filtering:		Check Descendants Time:  0.000
VERBOSE:Joiner Filtering:		Init Children Time:  0.000
VERBOSE:Joiner Filtering:		Filter Children Time:  0.000
VERBOSE:Joiner Filtering:	Validation time break down: 
VERBOSE:Joiner Filtering:		Value Validation Time: -1.000
VERBOSE:Joiner Filtering:		Structure validation Time: -1.000
DEBUG:Joiner Filtering:	filter time:  0.001116
DEBUG:Joiner Filtering:
DEBUG:Joiner Filtering:Node: A:[['1.1', '3.9.2'], [0.0, 85.0]]
DEBUG:Joiner Filtering:	status: 
DEBUG:Joiner Filtering:		Filtered: False
DEBUG:Joiner Filtering:		Reason of Filtered: 
VERBOSE:Joiner Filtering:	Filtering time break down: 
VERBOSE:Joiner Filtering:		Value Filtering Time:  0.000
VERBOSE:Joiner Filtering:		Connected Element Filtering Time:  0.000
VERBOSE:Joiner Filtering:		Check Descendants Time:  0.000
VERBOSE:Joiner Filtering:		Init Children Time:  0.000
VERBOSE:Joiner Filtering:		Filter Children Time:  0.000
VERBOSE:Joiner Filtering:	Validation time break down: 
VERBOSE:Joiner Filtering:		Value Validation Time: -1.000
VERBOSE:Joiner Filtering:		Structure validation Time: -1.000
DEBUG:Joiner Filtering:	filter time:  0.000656
DEBUG:Joiner Filtering:
DEBUG:Joiner Filtering:Node: A:[['3.8', '5.7.4'], [87.0, 100.0]]
DEBUG:Joiner Filtering:	status: 
DEBUG:Joiner Filtering:		Filtered: True
DEBUG:Joiner Filtering:		Reason of Filtered: Connected Element Filter: C has no satisfying node
VERBOSE:Joiner Filtering:	Filtering time break down: 
VERBOSE:Joiner Filtering:		Value Filtering Time:  0.000
VERBOSE:Joiner Filtering:		Connected Element Filtering Time:  0.000
VERBOSE:Joiner Filtering:		Check Descendants Time:  -1.000
VERBOSE:Joiner Filtering:		Init Children Time:  -1.000
VERBOSE:Joiner Filtering:		Filter Children Time:  -1.000
VERBOSE:Joiner Filtering:	Validation time break down: 
VERBOSE:Joiner Filtering:		Value Validation Time: -1.000
VERBOSE:Joiner Filtering:		Structure validation Time: -1.000
DEBUG:Joiner Filtering:	filter time:  0.000261
DEBUG:Joiner Filtering:
INFO:Joiner Filtering:Total Filtering time 0.003568
INFO:Joiner Filtering:Number of node processed:  3
INFO:Joiner Filtering:Number of node filtered:  1
INFO:Joiner Filtering:Average filtering time for one node: 0.001189
INFO:Joiner Validating:Number of remaining leaf nodes after Filtering: 1
DEBUG:Joiner Validating:Remaining leaf nodes: [[['1.1', '3.9.2'], [0.0, 85.0]]]
INFO:Main:#####################
INFO:Main:#####################
INFO:Main:#####################
INFO:Loader:Loader started
INFO:Loader:Total loading time: 0.002
INFO:Joiner:Started Joiner
DEBUG:Joiner Init:A
DEBUG:Joiner Init:	link_xml
DEBUG:Joiner Init:		B: ["B:[['1.4', '5.6'], [12.0, 82.0]]"]
DEBUG:Joiner Init:		C: ["C:[['2.3', '3.7.3'], [13.0, 79.0]]"]
DEBUG:Joiner Init:	link_sql
DEBUG:Joiner Init:		C_A: ['C_A:[[15.0, 400.0], [5.0, 99.0]]']
DEBUG:Joiner Init:		A_B_D: ['A_B_D:[[6.0, 118.0], [17.0, 600.0], [13.0, 72.0]]']
DEBUG:Joiner Init:		D_A: ['D_A:[[1.0, 50.0], [10.0, 94.0]]']
DEBUG:Joiner Init:B
DEBUG:Joiner Init:	link_xml
DEBUG:Joiner Init:	link_sql
DEBUG:Joiner Init:		B_C: ['B_C:[[5.0, 69.0], [6.0, 72.0]]']
DEBUG:Joiner Init:C
DEBUG:Joiner Init:	link_xml
DEBUG:Joiner Init:		D: ["D:[['1.71', '4.6.3'], [3.0, 54.0]]"]
DEBUG:Joiner Init:	link_sql
DEBUG:Joiner Init:D
DEBUG:Joiner Init:	link_xml
DEBUG:Joiner Init:	link_sql
INFO:Joiner Init:Initialize link took:  0
DEBUG:Joiner Filtering:Node: A:[['1.1', '5.7.4'], [0.0, 100.0]]
DEBUG:Joiner Filtering:	status: 
DEBUG:Joiner Filtering:		Filtered: False
DEBUG:Joiner Filtering:		Reason of Filtered: 
VERBOSE:Joiner Filtering:	Filtering time break down: 
VERBOSE:Joiner Filtering:		Value Filtering Time:  0.000
VERBOSE:Joiner Filtering:		Connected Element Filtering Time:  0.000
VERBOSE:Joiner Filtering:		Check Descendants Time:  0.000
VERBOSE:Joiner Filtering:		Init Children Time:  0.000
VERBOSE:Joiner Filtering:		Filter Children Time:  0.000
VERBOSE:Joiner Filtering:	Validation time break down: 
VERBOSE:Joiner Filtering:		Value Validation Time: -1.000
VERBOSE:Joiner Filtering:		Structure validation Time: -1.000
DEBUG:Joiner Filtering:	filter time:  0.001096
DEBUG:Joiner Filtering:
DEBUG:Joiner Filtering:Node: A:[['1.1', '3.9.2'], [0.0, 85.0]]
DEBUG:Joiner Filtering:	status: 
DEBUG:Joiner Filtering:		Filtered: False
DEBUG:Joiner Filtering:		Reason of Filtered: 
VERBOSE:Joiner Filtering:	Filtering time break down: 
VERBOSE:Joiner Filtering:		Value Filtering Time:  0.000
VERBOSE:Joiner Filtering:		Connected Element Filtering Time:  0.000
VERBOSE:Joiner Filtering:		Check Descendants Time:  0.000
VERBOSE:Joiner Filtering:		Init Children Time:  0.000
VERBOSE:Joiner Filtering:		Filter Children Time:  0.000
VERBOSE:Joiner Filtering:	Validation time break down: 
VERBOSE:Joiner Filtering:		Value Validation Time: -1.000
VERBOSE:Joiner Filtering:		Structure validation Time: -1.000
DEBUG:Joiner Filtering:	filter time:  0.000670
DEBUG:Joiner Filtering:
DEBUG:Joiner Filtering:Node: A:[['3.8', '5.7.4'], [87.0, 100.0]]
DEBUG:Joiner Filtering:	status: 
DEBUG:Joiner Filtering:		Filtered: True
DEBUG:Joiner Filtering:		Reason of Filtered: Connected Element Filter: C has no satisfying node
VERBOSE:Joiner Filtering:	Filtering time break down: 
VERBOSE:Joiner Filtering:		Value Filtering Time:  0.000
VERBOSE:Joiner Filtering:		Connected Element Filtering Time:  0.000
VERBOSE:Joiner Filtering:		Check Descendants Time:  -1.000
VERBOSE:Joiner Filtering:		Init Children Time:  -1.000
VERBOSE:Joiner Filtering:		Filter Children Time:  -1.000
VERBOSE:Joiner Filtering:	Validation time break down: 
VERBOSE:Joiner Filtering:		Value Validation Time: -1.000
VERBOSE:Joiner Filtering:		Structure validation Time: -1.000
DEBUG:Joiner Filtering:	filter time:  0.000247
DEBUG:Joiner Filtering:
INFO:Joiner Filtering:Total Filtering time 0.003560
INFO:Joiner Filtering:Number of node processed:  3
INFO:Joiner Filtering:Number of node filtered:  1
INFO:Joiner Filtering:Average filtering time for one node: 0.001187
INFO:Joiner Validating:Number of remaining leaf nodes after Filtering: 1
DEBUG:Joiner Validating:Remaining leaf nodes: [[['1.1', '3.9.2'], [0.0, 85.0]]]
INFO:Main:#####################
INFO:Main:#####################
INFO:Main:#####################
INFO:Loader:Loader started
INFO:Loader:Loader started
INFO:Loader:Loader started
INFO:Loader:Loader started
INFO:Loader:Loader started
INFO:Loader:Loader started
INFO:Loader:Loader started
INFO:Loader:Loader started
INFO:Loader:Loader started
INFO:Loader:Total loading time: 0.002
INFO:Joiner:Started Joiner
DEBUG:Joiner Init:A
DEBUG:Joiner Init:	link_xml
DEBUG:Joiner Init:		C: ["C:[['2.3', '3.7.3'], [13.0, 79.0]]"]
DEBUG:Joiner Init:		B: ["B:[['1.4', '5.6'], [12.0, 82.0]]"]
DEBUG:Joiner Init:	link_sql
DEBUG:Joiner Init:		D_A: ['D_A:[[1.0, 50.0], [10.0, 94.0]]']
DEBUG:Joiner Init:		A_B_D: ['A_B_D:[[6.0, 118.0], [17.0, 600.0], [13.0, 72.0]]']
DEBUG:Joiner Init:		C_A: ['C_A:[[15.0, 400.0], [5.0, 99.0]]']
DEBUG:Joiner Init:B
DEBUG:Joiner Init:	link_xml
DEBUG:Joiner Init:	link_sql
DEBUG:Joiner Init:		B_C: ['B_C:[[5.0, 69.0], [6.0, 72.0]]']
DEBUG:Joiner Init:C
DEBUG:Joiner Init:	link_xml
DEBUG:Joiner Init:		D: ["D:[['1.71', '4.6.3'], [3.0, 54.0]]"]
DEBUG:Joiner Init:	link_sql
DEBUG:Joiner Init:D
DEBUG:Joiner Init:	link_xml
DEBUG:Joiner Init:	link_sql
INFO:Joiner Init:Initialize link took:  0
DEBUG:Joiner Filtering:Node: A:[['1.1', '5.7.4'], [0.0, 100.0]]
DEBUG:Joiner Filtering:	status: 
DEBUG:Joiner Filtering:		Filtered: False
DEBUG:Joiner Filtering:		Reason of Filtered: 
VERBOSE:Joiner Filtering:	Filtering time break down: 
VERBOSE:Joiner Filtering:		Value Filtering Time:  0.000
VERBOSE:Joiner Filtering:		Connected Element Filtering Time:  0.000
VERBOSE:Joiner Filtering:		Check Descendants Time:  0.000
VERBOSE:Joiner Filtering:		Init Children Time:  0.000
VERBOSE:Joiner Filtering:		Filter Children Time:  0.000
VERBOSE:Joiner Filtering:	Validation time break down: 
VERBOSE:Joiner Filtering:		Value Validation Time: -1.000
VERBOSE:Joiner Filtering:		Structure validation Time: -1.000
DEBUG:Joiner Filtering:	filter time:  0.000732
DEBUG:Joiner Filtering:
DEBUG:Joiner Filtering:Node: A:[['1.1', '3.9.2'], [0.0, 85.0]]
DEBUG:Joiner Filtering:	status: 
DEBUG:Joiner Filtering:		Filtered: False
DEBUG:Joiner Filtering:		Reason of Filtered: 
VERBOSE:Joiner Filtering:	Filtering time break down: 
VERBOSE:Joiner Filtering:		Value Filtering Time:  0.000
VERBOSE:Joiner Filtering:		Connected Element Filtering Time:  0.000
VERBOSE:Joiner Filtering:		Check Descendants Time:  0.000
VERBOSE:Joiner Filtering:		Init Children Time:  0.000
VERBOSE:Joiner Filtering:		Filter Children Time:  0.000
VERBOSE:Joiner Filtering:	Validation time break down: 
VERBOSE:Joiner Filtering:		Value Validation Time: -1.000
VERBOSE:Joiner Filtering:		Structure validation Time: -1.000
DEBUG:Joiner Filtering:	filter time:  0.000436
DEBUG:Joiner Filtering:
INFO:Loader:Loader started
INFO:Loader:Total loading time: 0.002
INFO:Joiner:Started Joiner
DEBUG:Joiner Init:A
DEBUG:Joiner Init:	link_xml
DEBUG:Joiner Init:		B: ["B:[['1.4', '5.6'], [12.0, 82.0]]"]
DEBUG:Joiner Init:		C: ["C:[['2.3', '3.7.3'], [13.0, 79.0]]"]
DEBUG:Joiner Init:	link_sql
DEBUG:Joiner Init:		C_A: ['C_A:[[15.0, 400.0], [5.0, 99.0]]']
DEBUG:Joiner Init:		A_B_D: ['A_B_D:[[6.0, 118.0], [17.0, 600.0], [13.0, 72.0]]']
DEBUG:Joiner Init:		D_A: ['D_A:[[1.0, 50.0], [10.0, 94.0]]']
DEBUG:Joiner Init:B
DEBUG:Joiner Init:	link_xml
DEBUG:Joiner Init:	link_sql
DEBUG:Joiner Init:		B_C: ['B_C:[[5.0, 69.0], [6.0, 72.0]]']
DEBUG:Joiner Init:C
DEBUG:Joiner Init:	link_xml
DEBUG:Joiner Init:		D: ["D:[['1.71', '4.6.3'], [3.0, 54.0]]"]
DEBUG:Joiner Init:	link_sql
DEBUG:Joiner Init:D
DEBUG:Joiner Init:	link_xml
DEBUG:Joiner Init:	link_sql
INFO:Joiner Init:Initialize link took:  0
DEBUG:Joiner Filtering:Node: A:[['1.1', '5.7.4'], [0.0, 100.0]]
DEBUG:Joiner Filtering:	status: 
DEBUG:Joiner Filtering:		Filtered: False
DEBUG:Joiner Filtering:		Reason of Filtered: 
VERBOSE:Joiner Filtering:	Filtering time break down: 
VERBOSE:Joiner Filtering:		Value Filtering Time:  0.000
VERBOSE:Joiner Filtering:		Connected Element Filtering Time:  0.000
VERBOSE:Joiner Filtering:		Check Descendants Time:  0.001
VERBOSE:Joiner Filtering:		Init Children Time:  0.000
VERBOSE:Joiner Filtering:		Filter Children Time:  0.000
VERBOSE:Joiner Filtering:	Validation time break down: 
VERBOSE:Joiner Filtering:		Value Validation Time: -1.000
VERBOSE:Joiner Filtering:		Structure validation Time: -1.000
DEBUG:Joiner Filtering:	filter time:  0.001191
DEBUG:Joiner Filtering:
DEBUG:Joiner Filtering:Node: A:[['1.1', '3.9.2'], [0.0, 85.0]]
DEBUG:Joiner Filtering:	status: 
DEBUG:Joiner Filtering:		Filtered: False
DEBUG:Joiner Filtering:		Reason of Filtered: 
VERBOSE:Joiner Filtering:	Filtering time break down: 
VERBOSE:Joiner Filtering:		Value Filtering Time:  0.000
VERBOSE:Joiner Filtering:		Connected Element Filtering Time:  0.000
VERBOSE:Joiner Filtering:		Check Descendants Time:  0.001
VERBOSE:Joiner Filtering:		Init Children Time:  0.000
VERBOSE:Joiner Filtering:		Filter Children Time:  0.000
VERBOSE:Joiner Filtering:	Validation time break down: 
VERBOSE:Joiner Filtering:		Value Validation Time: -1.000
VERBOSE:Joiner Filtering:		Structure validation Time: -1.000
DEBUG:Joiner Filtering:	filter time:  0.000882
DEBUG:Joiner Filtering:
INFO:Loader:Loader started
INFO:Loader:Total loading time: 0.002
INFO:Joiner:Started Joiner
DEBUG:Joiner Init:A
DEBUG:Joiner Init:	link_xml
DEBUG:Joiner Init:		C: ["C:[['2.3', '3.7.3'], [13.0, 79.0]]"]
DEBUG:Joiner Init:		B: ["B:[['1.4', '5.6'], [12.0, 82.0]]"]
DEBUG:Joiner Init:	link_sql
DEBUG:Joiner Init:		A_B_D: ['A_B_D:[[6.0, 118.0], [17.0, 600.0], [13.0, 72.0]]']
DEBUG:Joiner Init:		C_A: ['C_A:[[15.0, 400.0], [5.0, 99.0]]']
DEBUG:Joiner Init:		D_A: ['D_A:[[1.0, 50.0], [10.0, 94.0]]']
DEBUG:Joiner Init:B
DEBUG:Joiner Init:	link_xml
DEBUG:Joiner Init:	link_sql
DEBUG:Joiner Init:		B_C: ['B_C:[[5.0, 69.0], [6.0, 72.0]]']
DEBUG:Joiner Init:C
DEBUG:Joiner Init:	link_xml
DEBUG:Joiner Init:		D: ["D:[['1.71', '4.6.3'], [3.0, 54.0]]"]
DEBUG:Joiner Init:	link_sql
DEBUG:Joiner Init:D
DEBUG:Joiner Init:	link_xml
DEBUG:Joiner Init:	link_sql
INFO:Joiner Init:Initialize link took:  0
DEBUG:Joiner Filtering:Node: A:[['1.1', '5.7.4'], [0.0, 100.0]]
DEBUG:Joiner Filtering:	status: 
DEBUG:Joiner Filtering:		Filtered: False
DEBUG:Joiner Filtering:		Reason of Filtered: 
VERBOSE:Joiner Filtering:	Filtering time break down: 
VERBOSE:Joiner Filtering:		Value Filtering Time:  0.000
VERBOSE:Joiner Filtering:		Connected Element Filtering Time:  0.000
VERBOSE:Joiner Filtering:		Check Descendants Time:  0.000
VERBOSE:Joiner Filtering:		Init Children Time:  0.000
VERBOSE:Joiner Filtering:		Filter Children Time:  0.000
VERBOSE:Joiner Filtering:	Validation time break down: 
VERBOSE:Joiner Filtering:		Value Validation Time: -1.000
VERBOSE:Joiner Filtering:		Structure validation Time: -1.000
DEBUG:Joiner Filtering:	filter time:  0.001099
DEBUG:Joiner Filtering:
DEBUG:Joiner Filtering:Node: A:[['1.1', '3.9.2'], [0.0, 85.0]]
DEBUG:Joiner Filtering:	status: 
DEBUG:Joiner Filtering:		Filtered: False
DEBUG:Joiner Filtering:		Reason of Filtered: 
VERBOSE:Joiner Filtering:	Filtering time break down: 
VERBOSE:Joiner Filtering:		Value Filtering Time:  0.000
VERBOSE:Joiner Filtering:		Connected Element Filtering Time:  0.000
VERBOSE:Joiner Filtering:		Check Descendants Time:  0.000
VERBOSE:Joiner Filtering:		Init Children Time:  0.000
VERBOSE:Joiner Filtering:		Filter Children Time:  0.000
VERBOSE:Joiner Filtering:	Validation time break down: 
VERBOSE:Joiner Filtering:		Value Validation Time: -1.000
VERBOSE:Joiner Filtering:		Structure validation Time: -1.000
DEBUG:Joiner Filtering:	filter time:  0.000633
DEBUG:Joiner Filtering:
INFO:Loader:Loader started
INFO:Loader:Total loading time: 0.002
INFO:Joiner:Started Joiner
DEBUG:Joiner Init:A
DEBUG:Joiner Init:	link_xml
DEBUG:Joiner Init:		B: ["B:[['1.4', '5.6'], [12.0, 82.0]]"]
DEBUG:Joiner Init:		C: ["C:[['2.3', '3.7.3'], [13.0, 79.0]]"]
DEBUG:Joiner Init:	link_sql
DEBUG:Joiner Init:		A_B_D: ['A_B_D:[[6.0, 118.0], [17.0, 600.0], [13.0, 72.0]]']
DEBUG:Joiner Init:		C_A: ['C_A:[[15.0, 400.0], [5.0, 99.0]]']
DEBUG:Joiner Init:		D_A: ['D_A:[[1.0, 50.0], [10.0, 94.0]]']
DEBUG:Joiner Init:B
DEBUG:Joiner Init:	link_xml
DEBUG:Joiner Init:	link_sql
DEBUG:Joiner Init:		B_C: ['B_C:[[5.0, 69.0], [6.0, 72.0]]']
DEBUG:Joiner Init:C
DEBUG:Joiner Init:	link_xml
DEBUG:Joiner Init:		D: ["D:[['1.71', '4.6.3'], [3.0, 54.0]]"]
DEBUG:Joiner Init:	link_sql
DEBUG:Joiner Init:D
DEBUG:Joiner Init:	link_xml
DEBUG:Joiner Init:	link_sql
INFO:Joiner Init:Initialize link took:  0
DEBUG:Joiner Filtering:Node: A:[['1.1', '5.7.4'], [0.0, 100.0]]
DEBUG:Joiner Filtering:	status: 
DEBUG:Joiner Filtering:		Filtered: False
DEBUG:Joiner Filtering:		Reason of Filtered: 
VERBOSE:Joiner Filtering:	Filtering time break down: 
VERBOSE:Joiner Filtering:		Value Filtering Time:  0.000
VERBOSE:Joiner Filtering:		Connected Element Filtering Time:  0.000
VERBOSE:Joiner Filtering:		Check Descendants Time:  0.000
VERBOSE:Joiner Filtering:		Init Children Time:  0.000
VERBOSE:Joiner Filtering:		Filter Children Time:  0.000
VERBOSE:Joiner Filtering:	Validation time break down: 
VERBOSE:Joiner Filtering:		Value Validation Time: -1.000
VERBOSE:Joiner Filtering:		Structure validation Time: -1.000
DEBUG:Joiner Filtering:	filter time:  0.001104
DEBUG:Joiner Filtering:
DEBUG:Joiner Filtering:Node: A:[['1.1', '3.9.2'], [0.0, 85.0]]
DEBUG:Joiner Filtering:	status: 
DEBUG:Joiner Filtering:		Filtered: False
DEBUG:Joiner Filtering:		Reason of Filtered: 
VERBOSE:Joiner Filtering:	Filtering time break down: 
VERBOSE:Joiner Filtering:		Value Filtering Time:  0.000
VERBOSE:Joiner Filtering:		Connected Element Filtering Time:  0.000
VERBOSE:Joiner Filtering:		Check Descendants Time:  0.000
VERBOSE:Joiner Filtering:		Init Children Time:  0.000
VERBOSE:Joiner Filtering:		Filter Children Time:  0.000
VERBOSE:Joiner Filtering:	Validation time break down: 
VERBOSE:Joiner Filtering:		Value Validation Time: -1.000
VERBOSE:Joiner Filtering:		Structure validation Time: -1.000
DEBUG:Joiner Filtering:	filter time:  0.000644
DEBUG:Joiner Filtering:
INFO:Loader:Loader started
INFO:Loader:Total loading time: 0.002
INFO:Joiner:Started Joiner
DEBUG:Joiner Init:A
DEBUG:Joiner Init:	link_xml
DEBUG:Joiner Init:		B: ["B:[['1.4', '5.6'], [12.0, 82.0]]"]
DEBUG:Joiner Init:		C: ["C:[['2.3', '3.7.3'], [13.0, 79.0]]"]
DEBUG:Joiner Init:	link_sql
DEBUG:Joiner Init:		C_A: ['C_A:[[15.0, 400.0], [5.0, 99.0]]']
DEBUG:Joiner Init:		D_A: ['D_A:[[1.0, 50.0], [10.0, 94.0]]']
DEBUG:Joiner Init:		A_B_D: ['A_B_D:[[6.0, 118.0], [17.0, 600.0], [13.0, 72.0]]']
DEBUG:Joiner Init:B
DEBUG:Joiner Init:	link_xml
DEBUG:Joiner Init:	link_sql
DEBUG:Joiner Init:		B_C: ['B_C:[[5.0, 69.0], [6.0, 72.0]]']
DEBUG:Joiner Init:C
DEBUG:Joiner Init:	link_xml
DEBUG:Joiner Init:		D: ["D:[['1.71', '4.6.3'], [3.0, 54.0]]"]
DEBUG:Joiner Init:	link_sql
DEBUG:Joiner Init:D
DEBUG:Joiner Init:	link_xml
DEBUG:Joiner Init:	link_sql
INFO:Joiner Init:Initialize link took:  0
DEBUG:Joiner Filtering:Node: A:[['1.1', '5.7.4'], [0.0, 100.0]]
DEBUG:Joiner Filtering:	status: 
DEBUG:Joiner Filtering:		Filtered: False
DEBUG:Joiner Filtering:		Reason of Filtered: 
VERBOSE:Joiner Filtering:	Filtering time break down: 
VERBOSE:Joiner Filtering:		Value Filtering Time:  0.000
VERBOSE:Joiner Filtering:		Connected Element Filtering Time:  0.000
VERBOSE:Joiner Filtering:		Check Descendants Time:  0.000
VERBOSE:Joiner Filtering:		Init Children Time:  0.000
VERBOSE:Joiner Filtering:		Filter Children Time:  0.000
VERBOSE:Joiner Filtering:	Validation time break down: 
VERBOSE:Joiner Filtering:		Value Validation Time: -1.000
VERBOSE:Joiner Filtering:		Structure validation Time: -1.000
DEBUG:Joiner Filtering:	filter time:  0.001283
DEBUG:Joiner Filtering:
DEBUG:Joiner Filtering:Node: A:[['1.1', '3.9.2'], [0.0, 85.0]]
DEBUG:Joiner Filtering:	status: 
DEBUG:Joiner Filtering:		Filtered: False
DEBUG:Joiner Filtering:		Reason of Filtered: 
VERBOSE:Joiner Filtering:	Filtering time break down: 
VERBOSE:Joiner Filtering:		Value Filtering Time:  0.000
VERBOSE:Joiner Filtering:		Connected Element Filtering Time:  0.000
VERBOSE:Joiner Filtering:		Check Descendants Time:  0.000
VERBOSE:Joiner Filtering:		Init Children Time:  0.000
VERBOSE:Joiner Filtering:		Filter Children Time:  0.000
VERBOSE:Joiner Filtering:	Validation time break down: 
VERBOSE:Joiner Filtering:		Value Validation Time: -1.000
VERBOSE:Joiner Filtering:		Structure validation Time: -1.000
DEBUG:Joiner Filtering:	filter time:  0.000785
DEBUG:Joiner Filtering:
INFO:Loader:Loader started
INFO:Loader:Total loading time: 0.005
INFO:Joiner:Started Joiner
DEBUG:Joiner Init:A
DEBUG:Joiner Init:	link_xml
DEBUG:Joiner Init:		C: ["C:[['2.3', '3.7.3'], [13.0, 79.0]]"]
DEBUG:Joiner Init:		B: ["B:[['1.4', '5.6'], [12.0, 82.0]]"]
DEBUG:Joiner Init:	link_sql
DEBUG:Joiner Init:		A_B_D: ['A_B_D:[[6.0, 118.0], [17.0, 600.0], [13.0, 72.0]]']
DEBUG:Joiner Init:		D_A: ['D_A:[[1.0, 50.0], [10.0, 94.0]]']
DEBUG:Joiner Init:		C_A: ['C_A:[[15.0, 400.0], [5.0, 99.0]]']
DEBUG:Joiner Init:B
DEBUG:Joiner Init:	link_xml
DEBUG:Joiner Init:	link_sql
DEBUG:Joiner Init:		B_C: ['B_C:[[5.0, 69.0], [6.0, 72.0]]']
DEBUG:Joiner Init:C
DEBUG:Joiner Init:	link_xml
DEBUG:Joiner Init:		D: ["D:[['1.71', '4.6.3'], [3.0, 54.0]]"]
DEBUG:Joiner Init:	link_sql
DEBUG:Joiner Init:D
DEBUG:Joiner Init:	link_xml
DEBUG:Joiner Init:	link_sql
INFO:Joiner Init:Initialize link took:  0
DEBUG:Joiner Filtering:Node: A:[['1.1', '5.7.4'], [0.0, 100.0]]
DEBUG:Joiner Filtering:	status: 
DEBUG:Joiner Filtering:		Filtered: False
DEBUG:Joiner Filtering:		Reason of Filtered: 
VERBOSE:Joiner Filtering:	Filtering time break down: 
VERBOSE:Joiner Filtering:		Value Filtering Time:  0.001
VERBOSE:Joiner Filtering:		Connected Element Filtering Time:  0.000
VERBOSE:Joiner Filtering:		Check Descendants Time:  0.002
VERBOSE:Joiner Filtering:		Init Children Time:  0.000
VERBOSE:Joiner Filtering:		Filter Children Time:  0.001
VERBOSE:Joiner Filtering:	Validation time break down: 
VERBOSE:Joiner Filtering:		Value Validation Time: -1.000
VERBOSE:Joiner Filtering:		Structure validation Time: -1.000
DEBUG:Joiner Filtering:	filter time:  0.004185
DEBUG:Joiner Filtering:
DEBUG:Joiner Filtering:Node: A:[['1.1', '3.9.2'], [0.0, 85.0]]
DEBUG:Joiner Filtering:	status: 
DEBUG:Joiner Filtering:		Filtered: False
DEBUG:Joiner Filtering:		Reason of Filtered: 
VERBOSE:Joiner Filtering:	Filtering time break down: 
VERBOSE:Joiner Filtering:		Value Filtering Time:  0.002
VERBOSE:Joiner Filtering:		Connected Element Filtering Time:  0.001
VERBOSE:Joiner Filtering:		Check Descendants Time:  0.005
VERBOSE:Joiner Filtering:		Init Children Time:  0.000
VERBOSE:Joiner Filtering:		Filter Children Time:  0.000
VERBOSE:Joiner Filtering:	Validation time break down: 
VERBOSE:Joiner Filtering:		Value Validation Time: -1.000
VERBOSE:Joiner Filtering:		Structure validation Time: -1.000
DEBUG:Joiner Filtering:	filter time:  0.008171
DEBUG:Joiner Filtering:
INFO:Loader:Loader started
INFO:Loader:Total loading time: 0.002
INFO:Joiner:Started Joiner
DEBUG:Joiner Init:A
DEBUG:Joiner Init:	link_xml
DEBUG:Joiner Init:		C: ["C:[['2.3', '3.7.3'], [13.0, 79.0]]"]
DEBUG:Joiner Init:		B: ["B:[['1.4', '5.6'], [12.0, 82.0]]"]
DEBUG:Joiner Init:	link_sql
DEBUG:Joiner Init:		D_A: ['D_A:[[1.0, 50.0], [10.0, 94.0]]']
DEBUG:Joiner Init:		C_A: ['C_A:[[15.0, 400.0], [5.0, 99.0]]']
DEBUG:Joiner Init:		A_B_D: ['A_B_D:[[6.0, 118.0], [17.0, 600.0], [13.0, 72.0]]']
DEBUG:Joiner Init:B
DEBUG:Joiner Init:	link_xml
DEBUG:Joiner Init:	link_sql
DEBUG:Joiner Init:		B_C: ['B_C:[[5.0, 69.0], [6.0, 72.0]]']
DEBUG:Joiner Init:C
DEBUG:Joiner Init:	link_xml
DEBUG:Joiner Init:		D: ["D:[['1.71', '4.6.3'], [3.0, 54.0]]"]
DEBUG:Joiner Init:	link_sql
DEBUG:Joiner Init:D
DEBUG:Joiner Init:	link_xml
DEBUG:Joiner Init:	link_sql
INFO:Joiner Init:Initialize link took:  0
DEBUG:Joiner Filtering:Node: A:[['1.1', '5.7.4'], [0.0, 100.0]]
DEBUG:Joiner Filtering:	status: 
DEBUG:Joiner Filtering:		Filtered: False
DEBUG:Joiner Filtering:		Reason of Filtered: 
VERBOSE:Joiner Filtering:	Filtering time break down: 
VERBOSE:Joiner Filtering:		Value Filtering Time:  0.000
VERBOSE:Joiner Filtering:		Connected Element Filtering Time:  0.000
VERBOSE:Joiner Filtering:		Check Descendants Time:  0.000
VERBOSE:Joiner Filtering:		Init Children Time:  0.000
VERBOSE:Joiner Filtering:		Filter Children Time:  0.000
VERBOSE:Joiner Filtering:	Validation time break down: 
VERBOSE:Joiner Filtering:		Value Validation Time: -1.000
VERBOSE:Joiner Filtering:		Structure validation Time: -1.000
DEBUG:Joiner Filtering:	filter time:  0.001144
DEBUG:Joiner Filtering:
DEBUG:Joiner Filtering:Node: A:[['1.1', '3.9.2'], [0.0, 85.0]]
DEBUG:Joiner Filtering:	status: 
DEBUG:Joiner Filtering:		Filtered: False
DEBUG:Joiner Filtering:		Reason of Filtered: 
VERBOSE:Joiner Filtering:	Filtering time break down: 
VERBOSE:Joiner Filtering:		Value Filtering Time:  0.000
VERBOSE:Joiner Filtering:		Connected Element Filtering Time:  0.000
VERBOSE:Joiner Filtering:		Check Descendants Time:  0.000
VERBOSE:Joiner Filtering:		Init Children Time:  0.000
VERBOSE:Joiner Filtering:		Filter Children Time:  0.000
VERBOSE:Joiner Filtering:	Validation time break down: 
VERBOSE:Joiner Filtering:		Value Validation Time: -1.000
VERBOSE:Joiner Filtering:		Structure validation Time: -1.000
DEBUG:Joiner Filtering:	filter time:  0.000698
DEBUG:Joiner Filtering:
DEBUG:Joiner Filtering:Node: A:[['3.8', '5.7.4'], [87.0, 100.0]]
DEBUG:Joiner Filtering:	status: 
DEBUG:Joiner Filtering:		Filtered: True
DEBUG:Joiner Filtering:		Reason of Filtered: Connected Element Filter: C has no satisfying node
VERBOSE:Joiner Filtering:	Filtering time break down: 
VERBOSE:Joiner Filtering:		Value Filtering Time:  0.000
VERBOSE:Joiner Filtering:		Connected Element Filtering Time:  0.000
VERBOSE:Joiner Filtering:		Check Descendants Time:  -1.000
VERBOSE:Joiner Filtering:		Init Children Time:  -1.000
VERBOSE:Joiner Filtering:		Filter Children Time:  -1.000
VERBOSE:Joiner Filtering:	Validation time break down: 
VERBOSE:Joiner Filtering:		Value Validation Time: -1.000
VERBOSE:Joiner Filtering:		Structure validation Time: -1.000
DEBUG:Joiner Filtering:	filter time:  0.000274
DEBUG:Joiner Filtering:
INFO:Joiner Filtering:Total Filtering time 0.003711
INFO:Joiner Filtering:Number of node processed:  3
INFO:Joiner Filtering:Number of node filtered:  1
INFO:Joiner Filtering:Average filtering time for one node: 0.001237
INFO:Joiner Validating:Number of remaining leaf nodes after Filtering: 1
DEBUG:Joiner Validating:Remaining leaf nodes: [[['1.1', '5.7.4'], [0.0, 100.0]]]
INFO:Main:#####################
INFO:Main:#####################
INFO:Main:#####################
INFO:Loader:Loader started
INFO:Loader:Total loading time: 0.002
INFO:Joiner:Started Joiner
DEBUG:Joiner Init:A
DEBUG:Joiner Init:	link_xml
DEBUG:Joiner Init:		B: ["B:[['1.4', '5.6'], [12.0, 82.0]]"]
DEBUG:Joiner Init:		C: ["C:[['2.3', '3.7.3'], [13.0, 79.0]]"]
DEBUG:Joiner Init:	link_sql
DEBUG:Joiner Init:		C_A: ['C_A:[[15.0, 400.0], [5.0, 99.0]]']
DEBUG:Joiner Init:		D_A: ['D_A:[[1.0, 50.0], [10.0, 94.0]]']
DEBUG:Joiner Init:		A_B_D: ['A_B_D:[[6.0, 118.0], [17.0, 600.0], [13.0, 72.0]]']
DEBUG:Joiner Init:B
DEBUG:Joiner Init:	link_xml
DEBUG:Joiner Init:	link_sql
DEBUG:Joiner Init:		B_C: ['B_C:[[5.0, 69.0], [6.0, 72.0]]']
DEBUG:Joiner Init:C
DEBUG:Joiner Init:	link_xml
DEBUG:Joiner Init:		D: ["D:[['1.71', '4.6.3'], [3.0, 54.0]]"]
DEBUG:Joiner Init:	link_sql
DEBUG:Joiner Init:D
DEBUG:Joiner Init:	link_xml
DEBUG:Joiner Init:	link_sql
INFO:Joiner Init:Initialize link took:  0
DEBUG:Joiner Filtering:Node: A:[['1.1', '5.7.4'], [0.0, 100.0]]
DEBUG:Joiner Filtering:	status: 
DEBUG:Joiner Filtering:		Filtered: False
DEBUG:Joiner Filtering:		Reason of Filtered: 
VERBOSE:Joiner Filtering:	Filtering time break down: 
VERBOSE:Joiner Filtering:		Value Filtering Time:  0.000
VERBOSE:Joiner Filtering:		Connected Element Filtering Time:  0.000
VERBOSE:Joiner Filtering:		Check Descendants Time:  0.000
VERBOSE:Joiner Filtering:		Init Children Time:  0.000
VERBOSE:Joiner Filtering:		Filter Children Time:  0.000
VERBOSE:Joiner Filtering:	Validation time break down: 
VERBOSE:Joiner Filtering:		Value Validation Time: -1.000
VERBOSE:Joiner Filtering:		Structure validation Time: -1.000
DEBUG:Joiner Filtering:	filter time:  0.001097
DEBUG:Joiner Filtering:
DEBUG:Joiner Filtering:Node: A:[['1.1', '3.9.2'], [0.0, 85.0]]
DEBUG:Joiner Filtering:	status: 
DEBUG:Joiner Filtering:		Filtered: False
DEBUG:Joiner Filtering:		Reason of Filtered: 
VERBOSE:Joiner Filtering:	Filtering time break down: 
VERBOSE:Joiner Filtering:		Value Filtering Time:  0.000
VERBOSE:Joiner Filtering:		Connected Element Filtering Time:  0.000
VERBOSE:Joiner Filtering:		Check Descendants Time:  0.000
VERBOSE:Joiner Filtering:		Init Children Time:  0.000
VERBOSE:Joiner Filtering:		Filter Children Time:  0.000
VERBOSE:Joiner Filtering:	Validation time break down: 
VERBOSE:Joiner Filtering:		Value Validation Time: -1.000
VERBOSE:Joiner Filtering:		Structure validation Time: -1.000
DEBUG:Joiner Filtering:	filter time:  0.000644
DEBUG:Joiner Filtering:
DEBUG:Joiner Filtering:Node: A:[['3.8', '5.7.4'], [87.0, 100.0]]
DEBUG:Joiner Filtering:	status: 
DEBUG:Joiner Filtering:		Filtered: True
DEBUG:Joiner Filtering:		Reason of Filtered: Connected Element Filter: C has no satisfying node
VERBOSE:Joiner Filtering:	Filtering time break down: 
VERBOSE:Joiner Filtering:		Value Filtering Time:  0.000
VERBOSE:Joiner Filtering:		Connected Element Filtering Time:  0.000
VERBOSE:Joiner Filtering:		Check Descendants Time:  -1.000
VERBOSE:Joiner Filtering:		Init Children Time:  -1.000
VERBOSE:Joiner Filtering:		Filter Children Time:  -1.000
VERBOSE:Joiner Filtering:	Validation time break down: 
VERBOSE:Joiner Filtering:		Value Validation Time: -1.000
VERBOSE:Joiner Filtering:		Structure validation Time: -1.000
DEBUG:Joiner Filtering:	filter time:  0.000244
DEBUG:Joiner Filtering:
INFO:Joiner Filtering:Total Filtering time 0.003508
INFO:Joiner Filtering:Number of node processed:  3
INFO:Joiner Filtering:Number of node filtered:  1
INFO:Joiner Filtering:Average filtering time for one node: 0.001169
INFO:Joiner Validating:Number of remaining leaf nodes after Filtering: 1
DEBUG:Joiner Validating:Remaining leaf nodes: [[['1.1', '3.9.2'], [0.0, 85.0]]]
INFO:Main:#####################
INFO:Main:#####################
INFO:Main:#####################
