INFO:Loader:Loader started
INFO:Loader:all_element_name A,B,C,D
INFO:Loader:Loading element: A
DEBUG:RTree:Start bulk loading
DEBUG:RTree:Tree name: A
DEBUG:RTree:sorting took: 0
DEBUG:RTree:current_range: 0,14
DEBUG:RTree:current_n_entries: 14
DEBUG:RTree:height: 4
DEBUG:RTree:Not a leaf => add new nodes
DEBUG:RTree:n_entries_subtree 8
DEBUG:RTree:n_slices 2
DEBUG:RTree:Child node index: 0 range 0 8
DEBUG:RTree:Child node A:[1.1,2.9][0.0,64.0]
DEBUG:RTree:Child node index: 1 range 8 14
DEBUG:RTree:Child node A:[3.7,5.7.4][70.0,100.0]
DEBUG:RTree:current_range: 0,8
DEBUG:RTree:current_n_entries: 8
DEBUG:RTree:height: 3
DEBUG:RTree:Not a leaf => add new nodes
DEBUG:RTree:n_entries_subtree 4
DEBUG:RTree:n_slices 2
DEBUG:RTree:Child node index: 0 range 0 4
DEBUG:RTree:Child node A:[2.4,2.9][0.0,30.0]
DEBUG:RTree:Child node index: 1 range 4 8
DEBUG:RTree:Child node A:[1.1,2.2][34.0,64.0]
DEBUG:RTree:current_range: 8,14
DEBUG:RTree:current_n_entries: 6
DEBUG:RTree:height: 3
DEBUG:RTree:Not a leaf => add new nodes
DEBUG:RTree:n_entries_subtree 4
DEBUG:RTree:n_slices 2
DEBUG:RTree:Child node index: 0 range 8 12
DEBUG:RTree:Child node A:[3.7,4.9][70.0,89.0]
DEBUG:RTree:Child node index: 1 range 12 14
DEBUG:RTree:Child node A:[3.8,5.7.4][90.0,100.0]
DEBUG:RTree:current_range: 0,4
DEBUG:RTree:current_n_entries: 4
DEBUG:RTree:height: 2
DEBUG:RTree:Not a leaf => add new nodes
DEBUG:RTree:n_entries_subtree 2
DEBUG:RTree:n_slices 2
DEBUG:RTree:Child node index: 0 range 0 2
DEBUG:RTree:Child node A:[2.5,2.9][0.0,10.0]
DEBUG:RTree:Child node index: 1 range 2 4
DEBUG:RTree:Child node A:[2.4,2.6][16.0,30.0]
DEBUG:RTree:current_range: 4,8
DEBUG:RTree:current_n_entries: 4
DEBUG:RTree:height: 2
DEBUG:RTree:Not a leaf => add new nodes
DEBUG:RTree:n_entries_subtree 2
DEBUG:RTree:n_slices 2
DEBUG:RTree:Child node index: 0 range 4 6
DEBUG:RTree:Child node A:[1.1,2.2][34.0,40.0]
DEBUG:RTree:Child node index: 1 range 6 8
DEBUG:RTree:Child node A:[1.7,1.8.4][45.0,64.0]
DEBUG:RTree:current_range: 8,12
DEBUG:RTree:current_n_entries: 4
DEBUG:RTree:height: 2
DEBUG:RTree:Not a leaf => add new nodes
DEBUG:RTree:n_entries_subtree 2
DEBUG:RTree:n_slices 2
DEBUG:RTree:Child node index: 0 range 8 10
DEBUG:RTree:Child node A:[3.7,3.9.2][70.0,85.0]
DEBUG:RTree:Child node index: 1 range 10 12
DEBUG:RTree:Child node A:[4.6,4.9][87.0,89.0]
DEBUG:RTree:current_range: 12,14
DEBUG:RTree:current_n_entries: 2
DEBUG:RTree:height: 1
DEBUG:RTree:Found leaf => add entries
DEBUG:RTree:len(adding_entries): 2
DEBUG:RTree:current_range: 0,2
DEBUG:RTree:current_n_entries: 2
DEBUG:RTree:height: 1
DEBUG:RTree:Found leaf => add entries
DEBUG:RTree:len(adding_entries): 2
DEBUG:RTree:current_range: 2,4
DEBUG:RTree:current_n_entries: 2
DEBUG:RTree:height: 1
DEBUG:RTree:Found leaf => add entries
DEBUG:RTree:len(adding_entries): 2
DEBUG:RTree:current_range: 4,6
DEBUG:RTree:current_n_entries: 2
DEBUG:RTree:height: 1
DEBUG:RTree:Found leaf => add entries
DEBUG:RTree:len(adding_entries): 2
DEBUG:RTree:current_range: 6,8
DEBUG:RTree:current_n_entries: 2
DEBUG:RTree:height: 1
DEBUG:RTree:Found leaf => add entries
DEBUG:RTree:len(adding_entries): 2
DEBUG:RTree:current_range: 8,10
DEBUG:RTree:current_n_entries: 2
DEBUG:RTree:height: 1
DEBUG:RTree:Found leaf => add entries
DEBUG:RTree:len(adding_entries): 2
DEBUG:RTree:current_range: 10,12
DEBUG:RTree:current_n_entries: 2
DEBUG:RTree:height: 1
DEBUG:RTree:Found leaf => add entries
DEBUG:RTree:len(adding_entries): 2
INFO:Loader:Loading element took: 0
INFO:Loader:Loading element: B
DEBUG:RTree:Start bulk loading
DEBUG:RTree:Tree name: B
DEBUG:RTree:sorting took: 0
DEBUG:RTree:current_range: 0,8
DEBUG:RTree:current_n_entries: 8
DEBUG:RTree:height: 3
DEBUG:RTree:Not a leaf => add new nodes
DEBUG:RTree:n_entries_subtree 4
DEBUG:RTree:n_slices 2
DEBUG:RTree:Child node index: 0 range 0 4
DEBUG:RTree:Child node B:[1.4,2.9.2][12.0,31.0]
DEBUG:RTree:Child node index: 1 range 4 8
DEBUG:RTree:Child node B:[4.15,5.6][36.0,82.0]
DEBUG:RTree:current_range: 0,4
DEBUG:RTree:current_n_entries: 4
DEBUG:RTree:height: 2
DEBUG:RTree:Not a leaf => add new nodes
DEBUG:RTree:n_entries_subtree 2
DEBUG:RTree:n_slices 2
DEBUG:RTree:Child node index: 0 range 0 2
DEBUG:RTree:Child node B:[1.6,2.5.3][12.0,18.0]
DEBUG:RTree:Child node index: 1 range 2 4
DEBUG:RTree:Child node B:[1.4,2.9.2][20.0,31.0]
DEBUG:RTree:current_range: 4,8
DEBUG:RTree:current_n_entries: 4
DEBUG:RTree:height: 2
DEBUG:RTree:Not a leaf => add new nodes
DEBUG:RTree:n_entries_subtree 2
DEBUG:RTree:n_slices 2
DEBUG:RTree:Child node index: 0 range 4 6
DEBUG:RTree:Child node B:[5.1,5.6][36.0,49.0]
DEBUG:RTree:Child node index: 1 range 6 8
DEBUG:RTree:Child node B:[4.15,5.2][51.0,82.0]
DEBUG:RTree:current_range: 0,2
DEBUG:RTree:current_n_entries: 2
DEBUG:RTree:height: 1
DEBUG:RTree:Found leaf => add entries
DEBUG:RTree:len(adding_entries): 2
DEBUG:RTree:current_range: 2,4
DEBUG:RTree:current_n_entries: 2
DEBUG:RTree:height: 1
DEBUG:RTree:Found leaf => add entries
DEBUG:RTree:len(adding_entries): 2
DEBUG:RTree:current_range: 4,6
DEBUG:RTree:current_n_entries: 2
DEBUG:RTree:height: 1
DEBUG:RTree:Found leaf => add entries
DEBUG:RTree:len(adding_entries): 2
DEBUG:RTree:current_range: 6,8
DEBUG:RTree:current_n_entries: 2
DEBUG:RTree:height: 1
DEBUG:RTree:Found leaf => add entries
DEBUG:RTree:len(adding_entries): 2
INFO:Loader:Loading element took: 0
INFO:Loader:Loading element: C
DEBUG:RTree:Start bulk loading
DEBUG:RTree:Tree name: C
DEBUG:RTree:sorting took: 0
DEBUG:RTree:current_range: 0,8
DEBUG:RTree:current_n_entries: 8
DEBUG:RTree:height: 3
DEBUG:RTree:Not a leaf => add new nodes
DEBUG:RTree:n_entries_subtree 4
DEBUG:RTree:n_slices 2
DEBUG:RTree:Child node index: 0 range 0 4
DEBUG:RTree:Child node C:[2.3,2.9.4][13.0,30.0]
DEBUG:RTree:Child node index: 1 range 4 8
DEBUG:RTree:Child node C:[3.4,3.7.3][36.0,79.0]
DEBUG:RTree:current_range: 0,4
DEBUG:RTree:current_n_entries: 4
DEBUG:RTree:height: 2
DEBUG:RTree:Not a leaf => add new nodes
DEBUG:RTree:n_entries_subtree 2
DEBUG:RTree:n_slices 2
DEBUG:RTree:Child node index: 0 range 0 2
DEBUG:RTree:Child node C:[2.3,2.7][13.0,17.0]
DEBUG:RTree:Child node index: 1 range 2 4
DEBUG:RTree:Child node C:[2.6,2.9.4][24.0,30.0]
DEBUG:RTree:current_range: 4,8
DEBUG:RTree:current_n_entries: 4
DEBUG:RTree:height: 2
DEBUG:RTree:Not a leaf => add new nodes
DEBUG:RTree:n_entries_subtree 2
DEBUG:RTree:n_slices 2
DEBUG:RTree:Child node index: 0 range 4 6
DEBUG:RTree:Child node C:[3.4,3.5.2][36.0,59.0]
DEBUG:RTree:Child node index: 1 range 6 8
DEBUG:RTree:Child node C:[3.6,3.7.3][64.0,79.0]
DEBUG:RTree:current_range: 0,2
DEBUG:RTree:current_n_entries: 2
DEBUG:RTree:height: 1
DEBUG:RTree:Found leaf => add entries
DEBUG:RTree:len(adding_entries): 2
DEBUG:RTree:current_range: 2,4
DEBUG:RTree:current_n_entries: 2
DEBUG:RTree:height: 1
DEBUG:RTree:Found leaf => add entries
DEBUG:RTree:len(adding_entries): 2
DEBUG:RTree:current_range: 4,6
DEBUG:RTree:current_n_entries: 2
DEBUG:RTree:height: 1
DEBUG:RTree:Found leaf => add entries
DEBUG:RTree:len(adding_entries): 2
DEBUG:RTree:current_range: 6,8
DEBUG:RTree:current_n_entries: 2
DEBUG:RTree:height: 1
DEBUG:RTree:Found leaf => add entries
DEBUG:RTree:len(adding_entries): 2
INFO:Loader:Loading element took: 0
INFO:Loader:Loading element: D
DEBUG:RTree:Start bulk loading
DEBUG:RTree:Tree name: D
DEBUG:RTree:sorting took: 0
DEBUG:RTree:current_range: 0,8
DEBUG:RTree:current_n_entries: 8
DEBUG:RTree:height: 3
DEBUG:RTree:Not a leaf => add new nodes
DEBUG:RTree:n_entries_subtree 4
DEBUG:RTree:n_slices 2
DEBUG:RTree:Child node index: 0 range 0 4
DEBUG:RTree:Child node D:[4.12,4.6.3][3.0,19.0]
DEBUG:RTree:Child node index: 1 range 4 8
DEBUG:RTree:Child node D:[1.71,2.9.4.2][26.0,54.0]
DEBUG:RTree:current_range: 0,4
DEBUG:RTree:current_n_entries: 4
DEBUG:RTree:height: 2
DEBUG:RTree:Not a leaf => add new nodes
DEBUG:RTree:n_entries_subtree 2
DEBUG:RTree:n_slices 2
DEBUG:RTree:Child node index: 0 range 0 2
DEBUG:RTree:Child node D:[4.4.1,4.6.3][3.0,7.0]
DEBUG:RTree:Child node index: 1 range 2 4
DEBUG:RTree:Child node D:[4.12,4.6.3][15.0,19.0]
DEBUG:RTree:current_range: 4,8
DEBUG:RTree:current_n_entries: 4
DEBUG:RTree:height: 2
DEBUG:RTree:Not a leaf => add new nodes
DEBUG:RTree:n_entries_subtree 2
DEBUG:RTree:n_slices 2
DEBUG:RTree:Child node index: 0 range 4 6
DEBUG:RTree:Child node D:[1.8.2,2.9.4.2][26.0,30.0]
DEBUG:RTree:Child node index: 1 range 6 8
DEBUG:RTree:Child node D:[1.71,2.16.3][39.0,54.0]
DEBUG:RTree:current_range: 0,2
DEBUG:RTree:current_n_entries: 2
DEBUG:RTree:height: 1
DEBUG:RTree:Found leaf => add entries
DEBUG:RTree:len(adding_entries): 2
DEBUG:RTree:current_range: 2,4
DEBUG:RTree:current_n_entries: 2
DEBUG:RTree:height: 1
DEBUG:RTree:Found leaf => add entries
DEBUG:RTree:len(adding_entries): 2
DEBUG:RTree:current_range: 4,6
DEBUG:RTree:current_n_entries: 2
DEBUG:RTree:height: 1
DEBUG:RTree:Found leaf => add entries
DEBUG:RTree:len(adding_entries): 2
DEBUG:RTree:current_range: 6,8
DEBUG:RTree:current_n_entries: 2
DEBUG:RTree:height: 1
DEBUG:RTree:Found leaf => add entries
DEBUG:RTree:len(adding_entries): 2
INFO:Loader:Loading element took: 0
INFO:Loader:Loading table: C_A
DEBUG:RTree:Start bulk loading
DEBUG:RTree:Tree name: C_A
DEBUG:RTree:sorting took: 0
DEBUG:RTree:current_range: 0,8
DEBUG:RTree:current_n_entries: 8
DEBUG:RTree:height: 3
DEBUG:RTree:Not a leaf => add new nodes
DEBUG:RTree:n_entries_subtree 4
DEBUG:RTree:n_slices 2
DEBUG:RTree:Child node index: 0 range 0 4
DEBUG:RTree:Child node C_A:[24.0,400.0][5.0,40.0]
DEBUG:RTree:Child node index: 1 range 4 8
DEBUG:RTree:Child node C_A:[15.0,71.0][62.0,99.0]
DEBUG:RTree:current_range: 0,4
DEBUG:RTree:current_n_entries: 4
DEBUG:RTree:height: 2
DEBUG:RTree:Not a leaf => add new nodes
DEBUG:RTree:n_entries_subtree 2
DEBUG:RTree:n_slices 2
DEBUG:RTree:Child node index: 0 range 0 2
DEBUG:RTree:Child node C_A:[24.0,34.0][5.0,10.0]
DEBUG:RTree:Child node index: 1 range 2 4
DEBUG:RTree:Child node C_A:[300.0,400.0][12.0,40.0]
DEBUG:RTree:current_range: 4,8
DEBUG:RTree:current_n_entries: 4
DEBUG:RTree:height: 2
DEBUG:RTree:Not a leaf => add new nodes
DEBUG:RTree:n_entries_subtree 2
DEBUG:RTree:n_slices 2
DEBUG:RTree:Child node index: 0 range 4 6
DEBUG:RTree:Child node C_A:[15.0,42.0][62.0,78.0]
DEBUG:RTree:Child node index: 1 range 6 8
DEBUG:RTree:Child node C_A:[36.0,71.0][92.0,99.0]
DEBUG:RTree:current_range: 0,2
DEBUG:RTree:current_n_entries: 2
DEBUG:RTree:height: 1
DEBUG:RTree:Found leaf => add entries
DEBUG:RTree:len(adding_entries): 2
DEBUG:RTree:current_range: 2,4
DEBUG:RTree:current_n_entries: 2
DEBUG:RTree:height: 1
DEBUG:RTree:Found leaf => add entries
DEBUG:RTree:len(adding_entries): 2
DEBUG:RTree:current_range: 4,6
DEBUG:RTree:current_n_entries: 2
DEBUG:RTree:height: 1
DEBUG:RTree:Found leaf => add entries
DEBUG:RTree:len(adding_entries): 2
DEBUG:RTree:current_range: 6,8
DEBUG:RTree:current_n_entries: 2
DEBUG:RTree:height: 1
DEBUG:RTree:Found leaf => add entries
DEBUG:RTree:len(adding_entries): 2
INFO:Loader:Loading table: 0
INFO:Loader:Loading table: B_C
DEBUG:RTree:Start bulk loading
DEBUG:RTree:Tree name: B_C
DEBUG:RTree:sorting took: 0
DEBUG:RTree:current_range: 0,8
DEBUG:RTree:current_n_entries: 8
DEBUG:RTree:height: 3
DEBUG:RTree:Not a leaf => add new nodes
DEBUG:RTree:n_entries_subtree 4
DEBUG:RTree:n_slices 2
DEBUG:RTree:Child node index: 0 range 0 4
DEBUG:RTree:Child node B_C:[5.0,31.0][13.0,72.0]
DEBUG:RTree:Child node index: 1 range 4 8
DEBUG:RTree:Child node B_C:[44.0,69.0][6.0,41.0]
DEBUG:RTree:current_range: 0,4
DEBUG:RTree:current_n_entries: 4
DEBUG:RTree:height: 2
DEBUG:RTree:Not a leaf => add new nodes
DEBUG:RTree:n_entries_subtree 2
DEBUG:RTree:n_slices 2
DEBUG:RTree:Child node index: 0 range 0 2
DEBUG:RTree:Child node B_C:[5.0,9.0][13.0,36.0]
DEBUG:RTree:Child node index: 1 range 2 4
DEBUG:RTree:Child node B_C:[22.0,31.0][24.0,72.0]
DEBUG:RTree:current_range: 4,8
DEBUG:RTree:current_n_entries: 4
DEBUG:RTree:height: 2
DEBUG:RTree:Not a leaf => add new nodes
DEBUG:RTree:n_entries_subtree 2
DEBUG:RTree:n_slices 2
DEBUG:RTree:Child node index: 0 range 4 6
DEBUG:RTree:Child node B_C:[44.0,58.0][6.0,41.0]
DEBUG:RTree:Child node index: 1 range 6 8
DEBUG:RTree:Child node B_C:[60.0,69.0][11.0,34.0]
DEBUG:RTree:current_range: 0,2
DEBUG:RTree:current_n_entries: 2
DEBUG:RTree:height: 1
DEBUG:RTree:Found leaf => add entries
DEBUG:RTree:len(adding_entries): 2
DEBUG:RTree:current_range: 2,4
DEBUG:RTree:current_n_entries: 2
DEBUG:RTree:height: 1
DEBUG:RTree:Found leaf => add entries
DEBUG:RTree:len(adding_entries): 2
DEBUG:RTree:current_range: 4,6
DEBUG:RTree:current_n_entries: 2
DEBUG:RTree:height: 1
DEBUG:RTree:Found leaf => add entries
DEBUG:RTree:len(adding_entries): 2
DEBUG:RTree:current_range: 6,8
DEBUG:RTree:current_n_entries: 2
DEBUG:RTree:height: 1
DEBUG:RTree:Found leaf => add entries
DEBUG:RTree:len(adding_entries): 2
INFO:Loader:Loading table: 0
INFO:Loader:Loading table: A_B_D
DEBUG:RTree:Start bulk loading
DEBUG:RTree:Tree name: A_B_D
DEBUG:RTree:sorting took: 0
DEBUG:RTree:current_range: 0,8
DEBUG:RTree:current_n_entries: 8
DEBUG:RTree:height: 3
DEBUG:RTree:Not a leaf => add new nodes
DEBUG:RTree:n_entries_subtree 4
DEBUG:RTree:n_slices 2
DEBUG:RTree:Child node index: 0 range 0 4
DEBUG:RTree:Child node A_B_D:[6.0,72.0][31.0,600.0][13.0,27.0]
DEBUG:RTree:Child node index: 1 range 4 8
DEBUG:RTree:Child node A_B_D:[79.0,118.0][17.0,85.0][40.0,72.0]
DEBUG:RTree:current_range: 0,4
DEBUG:RTree:current_n_entries: 4
DEBUG:RTree:height: 2
DEBUG:RTree:Not a leaf => add new nodes
DEBUG:RTree:n_entries_subtree 2
DEBUG:RTree:n_slices 2
DEBUG:RTree:Child node index: 0 range 0 2
DEBUG:RTree:Child node A_B_D:[6.0,10.0][31.0,69.0][13.0,26.0]
DEBUG:RTree:Child node index: 1 range 2 4
DEBUG:RTree:Child node A_B_D:[18.0,72.0][500.0,600.0][19.0,27.0]
DEBUG:RTree:current_range: 4,8
DEBUG:RTree:current_n_entries: 4
DEBUG:RTree:height: 2
DEBUG:RTree:Not a leaf => add new nodes
DEBUG:RTree:n_entries_subtree 2
DEBUG:RTree:n_slices 2
DEBUG:RTree:Child node index: 0 range 4 6
DEBUG:RTree:Child node A_B_D:[79.0,86.0][17.0,51.0][41.0,54.0]
DEBUG:RTree:Child node index: 1 range 6 8
DEBUG:RTree:Child node A_B_D:[94.0,118.0][18.0,85.0][40.0,72.0]
DEBUG:RTree:current_range: 0,2
DEBUG:RTree:current_n_entries: 2
DEBUG:RTree:height: 1
DEBUG:RTree:Found leaf => add entries
DEBUG:RTree:len(adding_entries): 2
DEBUG:RTree:current_range: 2,4
DEBUG:RTree:current_n_entries: 2
DEBUG:RTree:height: 1
DEBUG:RTree:Found leaf => add entries
DEBUG:RTree:len(adding_entries): 2
DEBUG:RTree:current_range: 4,6
DEBUG:RTree:current_n_entries: 2
DEBUG:RTree:height: 1
DEBUG:RTree:Found leaf => add entries
DEBUG:RTree:len(adding_entries): 2
DEBUG:RTree:current_range: 6,8
DEBUG:RTree:current_n_entries: 2
DEBUG:RTree:height: 1
DEBUG:RTree:Found leaf => add entries
DEBUG:RTree:len(adding_entries): 2
INFO:Loader:Loading table: 0
INFO:Loader:Loading table: D_A
DEBUG:RTree:Start bulk loading
DEBUG:RTree:Tree name: D_A
DEBUG:RTree:sorting took: 0
DEBUG:RTree:current_range: 0,4
DEBUG:RTree:current_n_entries: 4
DEBUG:RTree:height: 2
DEBUG:RTree:Not a leaf => add new nodes
DEBUG:RTree:n_entries_subtree 2
DEBUG:RTree:n_slices 2
DEBUG:RTree:Child node index: 0 range 0 2
DEBUG:RTree:Child node D_A:[13.0,26.0][10.0,41.0]
DEBUG:RTree:Child node index: 1 range 2 4
DEBUG:RTree:Child node D_A:[1.0,50.0][72.0,94.0]
DEBUG:RTree:current_range: 0,2
DEBUG:RTree:current_n_entries: 2
DEBUG:RTree:height: 1
DEBUG:RTree:Found leaf => add entries
DEBUG:RTree:len(adding_entries): 2
DEBUG:RTree:current_range: 2,4
DEBUG:RTree:current_n_entries: 2
DEBUG:RTree:height: 1
DEBUG:RTree:Found leaf => add entries
DEBUG:RTree:len(adding_entries): 2
INFO:Loader:Loading table: 0
INFO:Loader:Total loading time: 0
INFO:Main:Initialize link took:  0
INFO:Main:query root node A:[1.1,5.7.4][10.0,94.0] filter time: 0
INFO:Main:query root node A:[1.1,2.9][10.0,41.0] filter time: 0
INFO:Main:query root node A:[3.7,5.7.4][72.0,94.0] filter time: 0
INFO:Main:query root node A:[2.4,2.9][10.0,30.0] filter time: 0
INFO:Main:query root node A:[1.1,2.2][34.0,41.0] filter time: 0
INFO:Main:query root node A:[2.5,2.9][10.0,10.0] filter time: 0
INFO:Main:query root node A:[2.4,2.6][18.0,30.0] filter time: 0
INFO:Main:Filtering time 0
INFO:Main:Average filtering time for one node: 0
INFO:Main:Number of remaining leaf nodes of root after Filtering: 1
INFO:Main:Number of remaining leaf nodes of root after validation: 1
INFO:Main:All Possible results:
INFO:Main:validation time 0
INFO:Runner:#####################
INFO:Runner:#####################
INFO:Runner:#####################
INFO:Loader:Loader started
INFO:Loader:all_element_name A,B,C,D
INFO:Loader:Loading element: A
DEBUG:RTree:Start bulk loading
DEBUG:RTree:Tree name: A
DEBUG:RTree:sorting took: 0
DEBUG:RTree:current_range: 0,14
DEBUG:RTree:current_n_entries: 14
DEBUG:RTree:height: 4
DEBUG:RTree:Not a leaf => add new nodes
DEBUG:RTree:n_entries_subtree 8
DEBUG:RTree:n_slices 2
DEBUG:RTree:Child node index: 0 range 0 8
DEBUG:RTree:Child node A:[1.1,2.9][0.0,64.0]
DEBUG:RTree:Child node index: 1 range 8 14
DEBUG:RTree:Child node A:[3.7,5.7.4][70.0,100.0]
DEBUG:RTree:current_range: 0,8
DEBUG:RTree:current_n_entries: 8
DEBUG:RTree:height: 3
DEBUG:RTree:Not a leaf => add new nodes
DEBUG:RTree:n_entries_subtree 4
DEBUG:RTree:n_slices 2
DEBUG:RTree:Child node index: 0 range 0 4
DEBUG:RTree:Child node A:[2.4,2.9][0.0,30.0]
DEBUG:RTree:Child node index: 1 range 4 8
DEBUG:RTree:Child node A:[1.1,2.2][34.0,64.0]
DEBUG:RTree:current_range: 8,14
DEBUG:RTree:current_n_entries: 6
DEBUG:RTree:height: 3
DEBUG:RTree:Not a leaf => add new nodes
DEBUG:RTree:n_entries_subtree 4
DEBUG:RTree:n_slices 2
DEBUG:RTree:Child node index: 0 range 8 12
DEBUG:RTree:Child node A:[3.7,4.9][70.0,89.0]
DEBUG:RTree:Child node index: 1 range 12 14
DEBUG:RTree:Child node A:[3.8,5.7.4][90.0,100.0]
DEBUG:RTree:current_range: 0,4
DEBUG:RTree:current_n_entries: 4
DEBUG:RTree:height: 2
DEBUG:RTree:Not a leaf => add new nodes
DEBUG:RTree:n_entries_subtree 2
DEBUG:RTree:n_slices 2
DEBUG:RTree:Child node index: 0 range 0 2
DEBUG:RTree:Child node A:[2.5,2.9][0.0,10.0]
DEBUG:RTree:Child node index: 1 range 2 4
DEBUG:RTree:Child node A:[2.4,2.6][16.0,30.0]
DEBUG:RTree:current_range: 4,8
DEBUG:RTree:current_n_entries: 4
DEBUG:RTree:height: 2
DEBUG:RTree:Not a leaf => add new nodes
DEBUG:RTree:n_entries_subtree 2
DEBUG:RTree:n_slices 2
DEBUG:RTree:Child node index: 0 range 4 6
DEBUG:RTree:Child node A:[1.1,2.2][34.0,40.0]
DEBUG:RTree:Child node index: 1 range 6 8
DEBUG:RTree:Child node A:[1.7,1.8.4][45.0,64.0]
DEBUG:RTree:current_range: 8,12
DEBUG:RTree:current_n_entries: 4
DEBUG:RTree:height: 2
DEBUG:RTree:Not a leaf => add new nodes
DEBUG:RTree:n_entries_subtree 2
DEBUG:RTree:n_slices 2
DEBUG:RTree:Child node index: 0 range 8 10
DEBUG:RTree:Child node A:[3.7,3.9.2][70.0,85.0]
DEBUG:RTree:Child node index: 1 range 10 12
DEBUG:RTree:Child node A:[4.6,4.9][87.0,89.0]
DEBUG:RTree:current_range: 12,14
DEBUG:RTree:current_n_entries: 2
DEBUG:RTree:height: 1
DEBUG:RTree:Found leaf => add entries
DEBUG:RTree:len(adding_entries): 2
DEBUG:RTree:current_range: 0,2
DEBUG:RTree:current_n_entries: 2
DEBUG:RTree:height: 1
DEBUG:RTree:Found leaf => add entries
DEBUG:RTree:len(adding_entries): 2
DEBUG:RTree:current_range: 2,4
DEBUG:RTree:current_n_entries: 2
DEBUG:RTree:height: 1
DEBUG:RTree:Found leaf => add entries
DEBUG:RTree:len(adding_entries): 2
DEBUG:RTree:current_range: 4,6
DEBUG:RTree:current_n_entries: 2
DEBUG:RTree:height: 1
DEBUG:RTree:Found leaf => add entries
DEBUG:RTree:len(adding_entries): 2
DEBUG:RTree:current_range: 6,8
DEBUG:RTree:current_n_entries: 2
DEBUG:RTree:height: 1
DEBUG:RTree:Found leaf => add entries
DEBUG:RTree:len(adding_entries): 2
DEBUG:RTree:current_range: 8,10
DEBUG:RTree:current_n_entries: 2
DEBUG:RTree:height: 1
DEBUG:RTree:Found leaf => add entries
DEBUG:RTree:len(adding_entries): 2
DEBUG:RTree:current_range: 10,12
DEBUG:RTree:current_n_entries: 2
DEBUG:RTree:height: 1
DEBUG:RTree:Found leaf => add entries
DEBUG:RTree:len(adding_entries): 2
INFO:Loader:Loading element took: 0
INFO:Loader:Loading element: B
DEBUG:RTree:Start bulk loading
DEBUG:RTree:Tree name: B
DEBUG:RTree:sorting took: 0
DEBUG:RTree:current_range: 0,8
DEBUG:RTree:current_n_entries: 8
DEBUG:RTree:height: 3
DEBUG:RTree:Not a leaf => add new nodes
DEBUG:RTree:n_entries_subtree 4
DEBUG:RTree:n_slices 2
DEBUG:RTree:Child node index: 0 range 0 4
DEBUG:RTree:Child node B:[1.4,2.9.2][12.0,31.0]
DEBUG:RTree:Child node index: 1 range 4 8
DEBUG:RTree:Child node B:[4.15,5.6][36.0,82.0]
DEBUG:RTree:current_range: 0,4
DEBUG:RTree:current_n_entries: 4
DEBUG:RTree:height: 2
DEBUG:RTree:Not a leaf => add new nodes
DEBUG:RTree:n_entries_subtree 2
DEBUG:RTree:n_slices 2
DEBUG:RTree:Child node index: 0 range 0 2
DEBUG:RTree:Child node B:[1.6,2.5.3][12.0,18.0]
DEBUG:RTree:Child node index: 1 range 2 4
DEBUG:RTree:Child node B:[1.4,2.9.2][20.0,31.0]
DEBUG:RTree:current_range: 4,8
DEBUG:RTree:current_n_entries: 4
DEBUG:RTree:height: 2
DEBUG:RTree:Not a leaf => add new nodes
DEBUG:RTree:n_entries_subtree 2
DEBUG:RTree:n_slices 2
DEBUG:RTree:Child node index: 0 range 4 6
DEBUG:RTree:Child node B:[5.1,5.6][36.0,49.0]
DEBUG:RTree:Child node index: 1 range 6 8
DEBUG:RTree:Child node B:[4.15,5.2][51.0,82.0]
DEBUG:RTree:current_range: 0,2
DEBUG:RTree:current_n_entries: 2
DEBUG:RTree:height: 1
DEBUG:RTree:Found leaf => add entries
DEBUG:RTree:len(adding_entries): 2
DEBUG:RTree:current_range: 2,4
DEBUG:RTree:current_n_entries: 2
DEBUG:RTree:height: 1
DEBUG:RTree:Found leaf => add entries
DEBUG:RTree:len(adding_entries): 2
DEBUG:RTree:current_range: 4,6
DEBUG:RTree:current_n_entries: 2
DEBUG:RTree:height: 1
DEBUG:RTree:Found leaf => add entries
DEBUG:RTree:len(adding_entries): 2
DEBUG:RTree:current_range: 6,8
DEBUG:RTree:current_n_entries: 2
DEBUG:RTree:height: 1
DEBUG:RTree:Found leaf => add entries
DEBUG:RTree:len(adding_entries): 2
INFO:Loader:Loading element took: 0
INFO:Loader:Loading element: C
DEBUG:RTree:Start bulk loading
DEBUG:RTree:Tree name: C
DEBUG:RTree:sorting took: 0
DEBUG:RTree:current_range: 0,8
DEBUG:RTree:current_n_entries: 8
DEBUG:RTree:height: 3
DEBUG:RTree:Not a leaf => add new nodes
DEBUG:RTree:n_entries_subtree 4
DEBUG:RTree:n_slices 2
DEBUG:RTree:Child node index: 0 range 0 4
DEBUG:RTree:Child node C:[2.3,2.9.4][13.0,30.0]
DEBUG:RTree:Child node index: 1 range 4 8
DEBUG:RTree:Child node C:[3.4,3.7.3][36.0,79.0]
DEBUG:RTree:current_range: 0,4
DEBUG:RTree:current_n_entries: 4
DEBUG:RTree:height: 2
DEBUG:RTree:Not a leaf => add new nodes
DEBUG:RTree:n_entries_subtree 2
DEBUG:RTree:n_slices 2
DEBUG:RTree:Child node index: 0 range 0 2
DEBUG:RTree:Child node C:[2.3,2.7][13.0,17.0]
DEBUG:RTree:Child node index: 1 range 2 4
DEBUG:RTree:Child node C:[2.6,2.9.4][24.0,30.0]
DEBUG:RTree:current_range: 4,8
DEBUG:RTree:current_n_entries: 4
DEBUG:RTree:height: 2
DEBUG:RTree:Not a leaf => add new nodes
DEBUG:RTree:n_entries_subtree 2
DEBUG:RTree:n_slices 2
DEBUG:RTree:Child node index: 0 range 4 6
DEBUG:RTree:Child node C:[3.4,3.5.2][36.0,59.0]
DEBUG:RTree:Child node index: 1 range 6 8
DEBUG:RTree:Child node C:[3.6,3.7.3][64.0,79.0]
DEBUG:RTree:current_range: 0,2
DEBUG:RTree:current_n_entries: 2
DEBUG:RTree:height: 1
DEBUG:RTree:Found leaf => add entries
DEBUG:RTree:len(adding_entries): 2
DEBUG:RTree:current_range: 2,4
DEBUG:RTree:current_n_entries: 2
DEBUG:RTree:height: 1
DEBUG:RTree:Found leaf => add entries
DEBUG:RTree:len(adding_entries): 2
DEBUG:RTree:current_range: 4,6
DEBUG:RTree:current_n_entries: 2
DEBUG:RTree:height: 1
DEBUG:RTree:Found leaf => add entries
DEBUG:RTree:len(adding_entries): 2
DEBUG:RTree:current_range: 6,8
DEBUG:RTree:current_n_entries: 2
DEBUG:RTree:height: 1
DEBUG:RTree:Found leaf => add entries
DEBUG:RTree:len(adding_entries): 2
INFO:Loader:Loading element took: 0
INFO:Loader:Loading element: D
DEBUG:RTree:Start bulk loading
DEBUG:RTree:Tree name: D
DEBUG:RTree:sorting took: 0
DEBUG:RTree:current_range: 0,8
DEBUG:RTree:current_n_entries: 8
DEBUG:RTree:height: 3
DEBUG:RTree:Not a leaf => add new nodes
DEBUG:RTree:n_entries_subtree 4
DEBUG:RTree:n_slices 2
DEBUG:RTree:Child node index: 0 range 0 4
DEBUG:RTree:Child node D:[4.12,4.6.3][3.0,19.0]
DEBUG:RTree:Child node index: 1 range 4 8
DEBUG:RTree:Child node D:[1.71,2.9.4.2][26.0,54.0]
DEBUG:RTree:current_range: 0,4
DEBUG:RTree:current_n_entries: 4
DEBUG:RTree:height: 2
DEBUG:RTree:Not a leaf => add new nodes
DEBUG:RTree:n_entries_subtree 2
DEBUG:RTree:n_slices 2
DEBUG:RTree:Child node index: 0 range 0 2
DEBUG:RTree:Child node D:[4.4.1,4.6.3][3.0,7.0]
DEBUG:RTree:Child node index: 1 range 2 4
DEBUG:RTree:Child node D:[4.12,4.6.3][15.0,19.0]
DEBUG:RTree:current_range: 4,8
DEBUG:RTree:current_n_entries: 4
DEBUG:RTree:height: 2
DEBUG:RTree:Not a leaf => add new nodes
DEBUG:RTree:n_entries_subtree 2
DEBUG:RTree:n_slices 2
DEBUG:RTree:Child node index: 0 range 4 6
DEBUG:RTree:Child node D:[1.8.2,2.9.4.2][26.0,30.0]
DEBUG:RTree:Child node index: 1 range 6 8
DEBUG:RTree:Child node D:[1.71,2.16.3][39.0,54.0]
DEBUG:RTree:current_range: 0,2
DEBUG:RTree:current_n_entries: 2
DEBUG:RTree:height: 1
DEBUG:RTree:Found leaf => add entries
DEBUG:RTree:len(adding_entries): 2
DEBUG:RTree:current_range: 2,4
DEBUG:RTree:current_n_entries: 2
DEBUG:RTree:height: 1
DEBUG:RTree:Found leaf => add entries
DEBUG:RTree:len(adding_entries): 2
DEBUG:RTree:current_range: 4,6
DEBUG:RTree:current_n_entries: 2
DEBUG:RTree:height: 1
DEBUG:RTree:Found leaf => add entries
DEBUG:RTree:len(adding_entries): 2
DEBUG:RTree:current_range: 6,8
DEBUG:RTree:current_n_entries: 2
DEBUG:RTree:height: 1
DEBUG:RTree:Found leaf => add entries
DEBUG:RTree:len(adding_entries): 2
INFO:Loader:Loading element took: 0
INFO:Loader:Loading table: C_A
DEBUG:RTree:Start bulk loading
DEBUG:RTree:Tree name: C_A
DEBUG:RTree:sorting took: 0
DEBUG:RTree:current_range: 0,8
DEBUG:RTree:current_n_entries: 8
DEBUG:RTree:height: 3
DEBUG:RTree:Not a leaf => add new nodes
DEBUG:RTree:n_entries_subtree 4
DEBUG:RTree:n_slices 2
DEBUG:RTree:Child node index: 0 range 0 4
DEBUG:RTree:Child node C_A:[24.0,400.0][5.0,40.0]
DEBUG:RTree:Child node index: 1 range 4 8
DEBUG:RTree:Child node C_A:[15.0,71.0][62.0,99.0]
DEBUG:RTree:current_range: 0,4
DEBUG:RTree:current_n_entries: 4
DEBUG:RTree:height: 2
DEBUG:RTree:Not a leaf => add new nodes
DEBUG:RTree:n_entries_subtree 2
DEBUG:RTree:n_slices 2
DEBUG:RTree:Child node index: 0 range 0 2
DEBUG:RTree:Child node C_A:[24.0,34.0][5.0,10.0]
DEBUG:RTree:Child node index: 1 range 2 4
DEBUG:RTree:Child node C_A:[300.0,400.0][12.0,40.0]
DEBUG:RTree:current_range: 4,8
DEBUG:RTree:current_n_entries: 4
DEBUG:RTree:height: 2
DEBUG:RTree:Not a leaf => add new nodes
DEBUG:RTree:n_entries_subtree 2
DEBUG:RTree:n_slices 2
DEBUG:RTree:Child node index: 0 range 4 6
DEBUG:RTree:Child node C_A:[15.0,42.0][62.0,78.0]
DEBUG:RTree:Child node index: 1 range 6 8
DEBUG:RTree:Child node C_A:[36.0,71.0][92.0,99.0]
DEBUG:RTree:current_range: 0,2
DEBUG:RTree:current_n_entries: 2
DEBUG:RTree:height: 1
DEBUG:RTree:Found leaf => add entries
DEBUG:RTree:len(adding_entries): 2
DEBUG:RTree:current_range: 2,4
DEBUG:RTree:current_n_entries: 2
DEBUG:RTree:height: 1
DEBUG:RTree:Found leaf => add entries
DEBUG:RTree:len(adding_entries): 2
DEBUG:RTree:current_range: 4,6
DEBUG:RTree:current_n_entries: 2
DEBUG:RTree:height: 1
DEBUG:RTree:Found leaf => add entries
DEBUG:RTree:len(adding_entries): 2
DEBUG:RTree:current_range: 6,8
DEBUG:RTree:current_n_entries: 2
DEBUG:RTree:height: 1
DEBUG:RTree:Found leaf => add entries
DEBUG:RTree:len(adding_entries): 2
INFO:Loader:Loading table: 0
INFO:Loader:Loading table: B_C
DEBUG:RTree:Start bulk loading
DEBUG:RTree:Tree name: B_C
DEBUG:RTree:sorting took: 0
DEBUG:RTree:current_range: 0,8
DEBUG:RTree:current_n_entries: 8
DEBUG:RTree:height: 3
DEBUG:RTree:Not a leaf => add new nodes
DEBUG:RTree:n_entries_subtree 4
DEBUG:RTree:n_slices 2
DEBUG:RTree:Child node index: 0 range 0 4
DEBUG:RTree:Child node B_C:[5.0,31.0][13.0,72.0]
DEBUG:RTree:Child node index: 1 range 4 8
DEBUG:RTree:Child node B_C:[44.0,69.0][6.0,41.0]
DEBUG:RTree:current_range: 0,4
DEBUG:RTree:current_n_entries: 4
DEBUG:RTree:height: 2
DEBUG:RTree:Not a leaf => add new nodes
DEBUG:RTree:n_entries_subtree 2
DEBUG:RTree:n_slices 2
DEBUG:RTree:Child node index: 0 range 0 2
DEBUG:RTree:Child node B_C:[5.0,9.0][13.0,36.0]
DEBUG:RTree:Child node index: 1 range 2 4
DEBUG:RTree:Child node B_C:[22.0,31.0][24.0,72.0]
DEBUG:RTree:current_range: 4,8
DEBUG:RTree:current_n_entries: 4
DEBUG:RTree:height: 2
DEBUG:RTree:Not a leaf => add new nodes
DEBUG:RTree:n_entries_subtree 2
DEBUG:RTree:n_slices 2
DEBUG:RTree:Child node index: 0 range 4 6
DEBUG:RTree:Child node B_C:[44.0,58.0][6.0,41.0]
DEBUG:RTree:Child node index: 1 range 6 8
DEBUG:RTree:Child node B_C:[60.0,69.0][11.0,34.0]
DEBUG:RTree:current_range: 0,2
DEBUG:RTree:current_n_entries: 2
DEBUG:RTree:height: 1
DEBUG:RTree:Found leaf => add entries
DEBUG:RTree:len(adding_entries): 2
DEBUG:RTree:current_range: 2,4
DEBUG:RTree:current_n_entries: 2
DEBUG:RTree:height: 1
DEBUG:RTree:Found leaf => add entries
DEBUG:RTree:len(adding_entries): 2
DEBUG:RTree:current_range: 4,6
DEBUG:RTree:current_n_entries: 2
DEBUG:RTree:height: 1
DEBUG:RTree:Found leaf => add entries
DEBUG:RTree:len(adding_entries): 2
DEBUG:RTree:current_range: 6,8
DEBUG:RTree:current_n_entries: 2
DEBUG:RTree:height: 1
DEBUG:RTree:Found leaf => add entries
DEBUG:RTree:len(adding_entries): 2
INFO:Loader:Loading table: 0
INFO:Loader:Loading table: A_B_D
DEBUG:RTree:Start bulk loading
DEBUG:RTree:Tree name: A_B_D
DEBUG:RTree:sorting took: 0
DEBUG:RTree:current_range: 0,8
DEBUG:RTree:current_n_entries: 8
DEBUG:RTree:height: 3
DEBUG:RTree:Not a leaf => add new nodes
DEBUG:RTree:n_entries_subtree 4
DEBUG:RTree:n_slices 2
DEBUG:RTree:Child node index: 0 range 0 4
DEBUG:RTree:Child node A_B_D:[6.0,72.0][31.0,600.0][13.0,27.0]
DEBUG:RTree:Child node index: 1 range 4 8
DEBUG:RTree:Child node A_B_D:[79.0,118.0][17.0,85.0][40.0,72.0]
DEBUG:RTree:current_range: 0,4
DEBUG:RTree:current_n_entries: 4
DEBUG:RTree:height: 2
DEBUG:RTree:Not a leaf => add new nodes
DEBUG:RTree:n_entries_subtree 2
DEBUG:RTree:n_slices 2
DEBUG:RTree:Child node index: 0 range 0 2
DEBUG:RTree:Child node A_B_D:[6.0,10.0][31.0,69.0][13.0,26.0]
DEBUG:RTree:Child node index: 1 range 2 4
DEBUG:RTree:Child node A_B_D:[18.0,72.0][500.0,600.0][19.0,27.0]
DEBUG:RTree:current_range: 4,8
DEBUG:RTree:current_n_entries: 4
DEBUG:RTree:height: 2
DEBUG:RTree:Not a leaf => add new nodes
DEBUG:RTree:n_entries_subtree 2
DEBUG:RTree:n_slices 2
DEBUG:RTree:Child node index: 0 range 4 6
DEBUG:RTree:Child node A_B_D:[79.0,86.0][17.0,51.0][41.0,54.0]
DEBUG:RTree:Child node index: 1 range 6 8
DEBUG:RTree:Child node A_B_D:[94.0,118.0][18.0,85.0][40.0,72.0]
DEBUG:RTree:current_range: 0,2
DEBUG:RTree:current_n_entries: 2
DEBUG:RTree:height: 1
DEBUG:RTree:Found leaf => add entries
DEBUG:RTree:len(adding_entries): 2
DEBUG:RTree:current_range: 2,4
DEBUG:RTree:current_n_entries: 2
DEBUG:RTree:height: 1
DEBUG:RTree:Found leaf => add entries
DEBUG:RTree:len(adding_entries): 2
DEBUG:RTree:current_range: 4,6
DEBUG:RTree:current_n_entries: 2
DEBUG:RTree:height: 1
DEBUG:RTree:Found leaf => add entries
DEBUG:RTree:len(adding_entries): 2
DEBUG:RTree:current_range: 6,8
DEBUG:RTree:current_n_entries: 2
DEBUG:RTree:height: 1
DEBUG:RTree:Found leaf => add entries
DEBUG:RTree:len(adding_entries): 2
INFO:Loader:Loading table: 0
INFO:Loader:Loading table: D_A
DEBUG:RTree:Start bulk loading
DEBUG:RTree:Tree name: D_A
DEBUG:RTree:sorting took: 0
DEBUG:RTree:current_range: 0,4
DEBUG:RTree:current_n_entries: 4
DEBUG:RTree:height: 2
DEBUG:RTree:Not a leaf => add new nodes
DEBUG:RTree:n_entries_subtree 2
DEBUG:RTree:n_slices 2
DEBUG:RTree:Child node index: 0 range 0 2
DEBUG:RTree:Child node D_A:[13.0,26.0][10.0,41.0]
DEBUG:RTree:Child node index: 1 range 2 4
DEBUG:RTree:Child node D_A:[1.0,50.0][72.0,94.0]
DEBUG:RTree:current_range: 0,2
DEBUG:RTree:current_n_entries: 2
DEBUG:RTree:height: 1
DEBUG:RTree:Found leaf => add entries
DEBUG:RTree:len(adding_entries): 2
DEBUG:RTree:current_range: 2,4
DEBUG:RTree:current_n_entries: 2
DEBUG:RTree:height: 1
DEBUG:RTree:Found leaf => add entries
DEBUG:RTree:len(adding_entries): 2
INFO:Loader:Loading table: 0
INFO:Loader:Total loading time: 0
INFO:Main:Initialize link took:  0
INFO:Main:query root node A:[1.1,5.7.4][10.0,94.0] filter time: 0
INFO:Main:query root node A:[1.1,2.9][10.0,41.0] filter time: 0
INFO:Main:query root node A:[3.7,5.7.4][72.0,94.0] filter time: 0
INFO:Main:query root node A:[2.4,2.9][10.0,30.0] filter time: 0
INFO:Main:query root node A:[1.1,2.2][34.0,41.0] filter time: 0
INFO:Main:query root node A:[2.5,2.9][10.0,10.0] filter time: 0
INFO:Main:query root node A:[2.4,2.6][18.0,30.0] filter time: 0
INFO:Main:Filtering time 0
INFO:Main:Average filtering time for one node: 0
INFO:Main:Number of remaining leaf nodes of root after Filtering: 1
INFO:Main:Number of remaining leaf nodes of root after validation: 1
INFO:Main:All Possible results:
INFO:Main:validation time 0
INFO:Runner:#####################
INFO:Runner:#####################
INFO:Runner:#####################
INFO:Loader:Loader started
INFO:Loader:all_element_name A,B,C,D
INFO:Loader:Loading element: A
DEBUG:RTree:Start bulk loading
DEBUG:RTree:Tree name: A
DEBUG:RTree:sorting took: 0
DEBUG:RTree:current_range: 0,14
DEBUG:RTree:current_n_entries: 14
DEBUG:RTree:height: 4
DEBUG:RTree:Not a leaf => add new nodes
DEBUG:RTree:n_entries_subtree 8
DEBUG:RTree:n_slices 2
DEBUG:RTree:Child node index: 0 range 0 8
DEBUG:RTree:Child node A:[['1.1', '2.9'], [0.0, 64.0]]
DEBUG:RTree:Child node index: 1 range 8 14
DEBUG:RTree:Child node A:[['3.7', '5.7.4'], [70.0, 100.0]]
DEBUG:RTree:current_range: 0,8
DEBUG:RTree:current_n_entries: 8
DEBUG:RTree:height: 3
DEBUG:RTree:Not a leaf => add new nodes
DEBUG:RTree:n_entries_subtree 4
DEBUG:RTree:n_slices 2
DEBUG:RTree:Child node index: 0 range 0 4
DEBUG:RTree:Child node A:[['2.4', '2.9'], [0.0, 30.0]]
DEBUG:RTree:Child node index: 1 range 4 8
DEBUG:RTree:Child node A:[['1.1', '2.2'], [34.0, 64.0]]
DEBUG:RTree:current_range: 8,14
DEBUG:RTree:current_n_entries: 6
DEBUG:RTree:height: 3
DEBUG:RTree:Not a leaf => add new nodes
DEBUG:RTree:n_entries_subtree 4
DEBUG:RTree:n_slices 2
DEBUG:RTree:Child node index: 0 range 8 12
DEBUG:RTree:Child node A:[['3.7', '4.9'], [70.0, 89.0]]
DEBUG:RTree:Child node index: 1 range 12 14
DEBUG:RTree:Child node A:[['3.8', '5.7.4'], [90.0, 100.0]]
DEBUG:RTree:current_range: 0,4
DEBUG:RTree:current_n_entries: 4
DEBUG:RTree:height: 2
DEBUG:RTree:Not a leaf => add new nodes
DEBUG:RTree:n_entries_subtree 2
DEBUG:RTree:n_slices 2
DEBUG:RTree:Child node index: 0 range 0 2
DEBUG:RTree:Child node A:[['2.5', '2.9'], [0.0, 10.0]]
DEBUG:RTree:Child node index: 1 range 2 4
DEBUG:RTree:Child node A:[['2.4', '2.6'], [16.0, 30.0]]
DEBUG:RTree:current_range: 4,8
DEBUG:RTree:current_n_entries: 4
DEBUG:RTree:height: 2
DEBUG:RTree:Not a leaf => add new nodes
DEBUG:RTree:n_entries_subtree 2
DEBUG:RTree:n_slices 2
DEBUG:RTree:Child node index: 0 range 4 6
DEBUG:RTree:Child node A:[['1.1', '2.2'], [34.0, 40.0]]
DEBUG:RTree:Child node index: 1 range 6 8
DEBUG:RTree:Child node A:[['1.7', '1.8.4'], [45.0, 64.0]]
DEBUG:RTree:current_range: 8,12
DEBUG:RTree:current_n_entries: 4
DEBUG:RTree:height: 2
DEBUG:RTree:Not a leaf => add new nodes
DEBUG:RTree:n_entries_subtree 2
DEBUG:RTree:n_slices 2
DEBUG:RTree:Child node index: 0 range 8 10
DEBUG:RTree:Child node A:[['3.7', '3.9.2'], [70.0, 85.0]]
DEBUG:RTree:Child node index: 1 range 10 12
DEBUG:RTree:Child node A:[['4.6', '4.9'], [87.0, 89.0]]
DEBUG:RTree:current_range: 12,14
DEBUG:RTree:current_n_entries: 2
DEBUG:RTree:height: 1
DEBUG:RTree:Found leaf => add entries
DEBUG:RTree:len(adding_entries): 2
DEBUG:RTree:current_range: 0,2
DEBUG:RTree:current_n_entries: 2
DEBUG:RTree:height: 1
DEBUG:RTree:Found leaf => add entries
DEBUG:RTree:len(adding_entries): 2
DEBUG:RTree:current_range: 2,4
DEBUG:RTree:current_n_entries: 2
DEBUG:RTree:height: 1
DEBUG:RTree:Found leaf => add entries
DEBUG:RTree:len(adding_entries): 2
DEBUG:RTree:current_range: 4,6
DEBUG:RTree:current_n_entries: 2
DEBUG:RTree:height: 1
DEBUG:RTree:Found leaf => add entries
DEBUG:RTree:len(adding_entries): 2
DEBUG:RTree:current_range: 6,8
DEBUG:RTree:current_n_entries: 2
DEBUG:RTree:height: 1
DEBUG:RTree:Found leaf => add entries
DEBUG:RTree:len(adding_entries): 2
DEBUG:RTree:current_range: 8,10
DEBUG:RTree:current_n_entries: 2
DEBUG:RTree:height: 1
DEBUG:RTree:Found leaf => add entries
DEBUG:RTree:len(adding_entries): 2
DEBUG:RTree:current_range: 10,12
DEBUG:RTree:current_n_entries: 2
DEBUG:RTree:height: 1
DEBUG:RTree:Found leaf => add entries
DEBUG:RTree:len(adding_entries): 2
INFO:Loader:Loading element took: 0
INFO:Loader:Loading element: B
DEBUG:RTree:Start bulk loading
DEBUG:RTree:Tree name: B
DEBUG:RTree:sorting took: 0
DEBUG:RTree:current_range: 0,8
DEBUG:RTree:current_n_entries: 8
DEBUG:RTree:height: 3
DEBUG:RTree:Not a leaf => add new nodes
DEBUG:RTree:n_entries_subtree 4
DEBUG:RTree:n_slices 2
DEBUG:RTree:Child node index: 0 range 0 4
DEBUG:RTree:Child node B:[['1.4', '2.9.2'], [12.0, 31.0]]
DEBUG:RTree:Child node index: 1 range 4 8
DEBUG:RTree:Child node B:[['4.15', '5.6'], [36.0, 82.0]]
DEBUG:RTree:current_range: 0,4
DEBUG:RTree:current_n_entries: 4
DEBUG:RTree:height: 2
DEBUG:RTree:Not a leaf => add new nodes
DEBUG:RTree:n_entries_subtree 2
DEBUG:RTree:n_slices 2
DEBUG:RTree:Child node index: 0 range 0 2
DEBUG:RTree:Child node B:[['1.6', '2.5.3'], [12.0, 18.0]]
DEBUG:RTree:Child node index: 1 range 2 4
DEBUG:RTree:Child node B:[['1.4', '2.9.2'], [20.0, 31.0]]
DEBUG:RTree:current_range: 4,8
DEBUG:RTree:current_n_entries: 4
DEBUG:RTree:height: 2
DEBUG:RTree:Not a leaf => add new nodes
DEBUG:RTree:n_entries_subtree 2
DEBUG:RTree:n_slices 2
DEBUG:RTree:Child node index: 0 range 4 6
DEBUG:RTree:Child node B:[['5.1', '5.6'], [36.0, 49.0]]
DEBUG:RTree:Child node index: 1 range 6 8
DEBUG:RTree:Child node B:[['4.15', '5.2'], [51.0, 82.0]]
DEBUG:RTree:current_range: 0,2
DEBUG:RTree:current_n_entries: 2
DEBUG:RTree:height: 1
DEBUG:RTree:Found leaf => add entries
DEBUG:RTree:len(adding_entries): 2
DEBUG:RTree:current_range: 2,4
DEBUG:RTree:current_n_entries: 2
DEBUG:RTree:height: 1
DEBUG:RTree:Found leaf => add entries
DEBUG:RTree:len(adding_entries): 2
DEBUG:RTree:current_range: 4,6
DEBUG:RTree:current_n_entries: 2
DEBUG:RTree:height: 1
DEBUG:RTree:Found leaf => add entries
DEBUG:RTree:len(adding_entries): 2
DEBUG:RTree:current_range: 6,8
DEBUG:RTree:current_n_entries: 2
DEBUG:RTree:height: 1
DEBUG:RTree:Found leaf => add entries
DEBUG:RTree:len(adding_entries): 2
INFO:Loader:Loading element took: 0
INFO:Loader:Loading element: C
DEBUG:RTree:Start bulk loading
DEBUG:RTree:Tree name: C
DEBUG:RTree:sorting took: 0
DEBUG:RTree:current_range: 0,8
DEBUG:RTree:current_n_entries: 8
DEBUG:RTree:height: 3
DEBUG:RTree:Not a leaf => add new nodes
DEBUG:RTree:n_entries_subtree 4
DEBUG:RTree:n_slices 2
DEBUG:RTree:Child node index: 0 range 0 4
DEBUG:RTree:Child node C:[['2.3', '2.9.4'], [13.0, 30.0]]
DEBUG:RTree:Child node index: 1 range 4 8
DEBUG:RTree:Child node C:[['3.4', '3.7.3'], [36.0, 79.0]]
DEBUG:RTree:current_range: 0,4
DEBUG:RTree:current_n_entries: 4
DEBUG:RTree:height: 2
DEBUG:RTree:Not a leaf => add new nodes
DEBUG:RTree:n_entries_subtree 2
DEBUG:RTree:n_slices 2
DEBUG:RTree:Child node index: 0 range 0 2
DEBUG:RTree:Child node C:[['2.3', '2.7'], [13.0, 17.0]]
DEBUG:RTree:Child node index: 1 range 2 4
DEBUG:RTree:Child node C:[['2.6', '2.9.4'], [24.0, 30.0]]
DEBUG:RTree:current_range: 4,8
DEBUG:RTree:current_n_entries: 4
DEBUG:RTree:height: 2
DEBUG:RTree:Not a leaf => add new nodes
DEBUG:RTree:n_entries_subtree 2
DEBUG:RTree:n_slices 2
DEBUG:RTree:Child node index: 0 range 4 6
DEBUG:RTree:Child node C:[['3.4', '3.5.2'], [36.0, 59.0]]
DEBUG:RTree:Child node index: 1 range 6 8
DEBUG:RTree:Child node C:[['3.6', '3.7.3'], [64.0, 79.0]]
DEBUG:RTree:current_range: 0,2
DEBUG:RTree:current_n_entries: 2
DEBUG:RTree:height: 1
DEBUG:RTree:Found leaf => add entries
DEBUG:RTree:len(adding_entries): 2
DEBUG:RTree:current_range: 2,4
DEBUG:RTree:current_n_entries: 2
DEBUG:RTree:height: 1
DEBUG:RTree:Found leaf => add entries
DEBUG:RTree:len(adding_entries): 2
DEBUG:RTree:current_range: 4,6
DEBUG:RTree:current_n_entries: 2
DEBUG:RTree:height: 1
DEBUG:RTree:Found leaf => add entries
DEBUG:RTree:len(adding_entries): 2
DEBUG:RTree:current_range: 6,8
DEBUG:RTree:current_n_entries: 2
DEBUG:RTree:height: 1
DEBUG:RTree:Found leaf => add entries
DEBUG:RTree:len(adding_entries): 2
INFO:Loader:Loading element took: 0
INFO:Loader:Loading element: D
DEBUG:RTree:Start bulk loading
DEBUG:RTree:Tree name: D
DEBUG:RTree:sorting took: 0
DEBUG:RTree:current_range: 0,8
DEBUG:RTree:current_n_entries: 8
DEBUG:RTree:height: 3
DEBUG:RTree:Not a leaf => add new nodes
DEBUG:RTree:n_entries_subtree 4
DEBUG:RTree:n_slices 2
DEBUG:RTree:Child node index: 0 range 0 4
DEBUG:RTree:Child node D:[['4.12', '4.6.3'], [3.0, 19.0]]
DEBUG:RTree:Child node index: 1 range 4 8
DEBUG:RTree:Child node D:[['1.71', '2.9.4.2'], [26.0, 54.0]]
DEBUG:RTree:current_range: 0,4
DEBUG:RTree:current_n_entries: 4
DEBUG:RTree:height: 2
DEBUG:RTree:Not a leaf => add new nodes
DEBUG:RTree:n_entries_subtree 2
DEBUG:RTree:n_slices 2
DEBUG:RTree:Child node index: 0 range 0 2
DEBUG:RTree:Child node D:[['4.4.1', '4.6.3'], [3.0, 7.0]]
DEBUG:RTree:Child node index: 1 range 2 4
DEBUG:RTree:Child node D:[['4.12', '4.6.3'], [15.0, 19.0]]
DEBUG:RTree:current_range: 4,8
DEBUG:RTree:current_n_entries: 4
DEBUG:RTree:height: 2
DEBUG:RTree:Not a leaf => add new nodes
DEBUG:RTree:n_entries_subtree 2
DEBUG:RTree:n_slices 2
DEBUG:RTree:Child node index: 0 range 4 6
DEBUG:RTree:Child node D:[['1.8.2', '2.9.4.2'], [26.0, 30.0]]
DEBUG:RTree:Child node index: 1 range 6 8
DEBUG:RTree:Child node D:[['1.71', '2.16.3'], [39.0, 54.0]]
DEBUG:RTree:current_range: 0,2
DEBUG:RTree:current_n_entries: 2
DEBUG:RTree:height: 1
DEBUG:RTree:Found leaf => add entries
DEBUG:RTree:len(adding_entries): 2
DEBUG:RTree:current_range: 2,4
DEBUG:RTree:current_n_entries: 2
DEBUG:RTree:height: 1
DEBUG:RTree:Found leaf => add entries
DEBUG:RTree:len(adding_entries): 2
DEBUG:RTree:current_range: 4,6
DEBUG:RTree:current_n_entries: 2
DEBUG:RTree:height: 1
DEBUG:RTree:Found leaf => add entries
DEBUG:RTree:len(adding_entries): 2
DEBUG:RTree:current_range: 6,8
DEBUG:RTree:current_n_entries: 2
DEBUG:RTree:height: 1
DEBUG:RTree:Found leaf => add entries
DEBUG:RTree:len(adding_entries): 2
INFO:Loader:Loading element took: 0
INFO:Loader:Loading table: C_A
DEBUG:RTree:Start bulk loading
DEBUG:RTree:Tree name: C_A
DEBUG:RTree:sorting took: 0
DEBUG:RTree:current_range: 0,8
DEBUG:RTree:current_n_entries: 8
DEBUG:RTree:height: 3
DEBUG:RTree:Not a leaf => add new nodes
DEBUG:RTree:n_entries_subtree 4
DEBUG:RTree:n_slices 2
DEBUG:RTree:Child node index: 0 range 0 4
DEBUG:RTree:Child node C_A:[[24.0, 400.0], [5.0, 40.0]]
DEBUG:RTree:Child node index: 1 range 4 8
DEBUG:RTree:Child node C_A:[[15.0, 71.0], [62.0, 99.0]]
DEBUG:RTree:current_range: 0,4
DEBUG:RTree:current_n_entries: 4
DEBUG:RTree:height: 2
DEBUG:RTree:Not a leaf => add new nodes
DEBUG:RTree:n_entries_subtree 2
DEBUG:RTree:n_slices 2
DEBUG:RTree:Child node index: 0 range 0 2
DEBUG:RTree:Child node C_A:[[24.0, 34.0], [5.0, 10.0]]
DEBUG:RTree:Child node index: 1 range 2 4
DEBUG:RTree:Child node C_A:[[300.0, 400.0], [12.0, 40.0]]
DEBUG:RTree:current_range: 4,8
DEBUG:RTree:current_n_entries: 4
DEBUG:RTree:height: 2
DEBUG:RTree:Not a leaf => add new nodes
DEBUG:RTree:n_entries_subtree 2
DEBUG:RTree:n_slices 2
DEBUG:RTree:Child node index: 0 range 4 6
DEBUG:RTree:Child node C_A:[[15.0, 42.0], [62.0, 78.0]]
DEBUG:RTree:Child node index: 1 range 6 8
DEBUG:RTree:Child node C_A:[[36.0, 71.0], [92.0, 99.0]]
DEBUG:RTree:current_range: 0,2
DEBUG:RTree:current_n_entries: 2
DEBUG:RTree:height: 1
DEBUG:RTree:Found leaf => add entries
DEBUG:RTree:len(adding_entries): 2
DEBUG:RTree:current_range: 2,4
DEBUG:RTree:current_n_entries: 2
DEBUG:RTree:height: 1
DEBUG:RTree:Found leaf => add entries
DEBUG:RTree:len(adding_entries): 2
DEBUG:RTree:current_range: 4,6
DEBUG:RTree:current_n_entries: 2
DEBUG:RTree:height: 1
DEBUG:RTree:Found leaf => add entries
DEBUG:RTree:len(adding_entries): 2
DEBUG:RTree:current_range: 6,8
DEBUG:RTree:current_n_entries: 2
DEBUG:RTree:height: 1
DEBUG:RTree:Found leaf => add entries
DEBUG:RTree:len(adding_entries): 2
INFO:Loader:Loading table: 0
INFO:Loader:Loading table: B_C
DEBUG:RTree:Start bulk loading
DEBUG:RTree:Tree name: B_C
DEBUG:RTree:sorting took: 0
DEBUG:RTree:current_range: 0,8
DEBUG:RTree:current_n_entries: 8
DEBUG:RTree:height: 3
DEBUG:RTree:Not a leaf => add new nodes
DEBUG:RTree:n_entries_subtree 4
DEBUG:RTree:n_slices 2
DEBUG:RTree:Child node index: 0 range 0 4
DEBUG:RTree:Child node B_C:[[5.0, 31.0], [13.0, 72.0]]
DEBUG:RTree:Child node index: 1 range 4 8
DEBUG:RTree:Child node B_C:[[44.0, 69.0], [6.0, 41.0]]
DEBUG:RTree:current_range: 0,4
DEBUG:RTree:current_n_entries: 4
DEBUG:RTree:height: 2
DEBUG:RTree:Not a leaf => add new nodes
DEBUG:RTree:n_entries_subtree 2
DEBUG:RTree:n_slices 2
DEBUG:RTree:Child node index: 0 range 0 2
DEBUG:RTree:Child node B_C:[[5.0, 9.0], [13.0, 36.0]]
DEBUG:RTree:Child node index: 1 range 2 4
DEBUG:RTree:Child node B_C:[[22.0, 31.0], [24.0, 72.0]]
DEBUG:RTree:current_range: 4,8
DEBUG:RTree:current_n_entries: 4
DEBUG:RTree:height: 2
DEBUG:RTree:Not a leaf => add new nodes
DEBUG:RTree:n_entries_subtree 2
DEBUG:RTree:n_slices 2
DEBUG:RTree:Child node index: 0 range 4 6
DEBUG:RTree:Child node B_C:[[44.0, 58.0], [6.0, 41.0]]
DEBUG:RTree:Child node index: 1 range 6 8
DEBUG:RTree:Child node B_C:[[60.0, 69.0], [11.0, 34.0]]
DEBUG:RTree:current_range: 0,2
DEBUG:RTree:current_n_entries: 2
DEBUG:RTree:height: 1
DEBUG:RTree:Found leaf => add entries
DEBUG:RTree:len(adding_entries): 2
DEBUG:RTree:current_range: 2,4
DEBUG:RTree:current_n_entries: 2
DEBUG:RTree:height: 1
DEBUG:RTree:Found leaf => add entries
DEBUG:RTree:len(adding_entries): 2
DEBUG:RTree:current_range: 4,6
DEBUG:RTree:current_n_entries: 2
DEBUG:RTree:height: 1
DEBUG:RTree:Found leaf => add entries
DEBUG:RTree:len(adding_entries): 2
DEBUG:RTree:current_range: 6,8
DEBUG:RTree:current_n_entries: 2
DEBUG:RTree:height: 1
DEBUG:RTree:Found leaf => add entries
DEBUG:RTree:len(adding_entries): 2
INFO:Loader:Loading table: 0
INFO:Loader:Loading table: A_B_D
DEBUG:RTree:Start bulk loading
DEBUG:RTree:Tree name: A_B_D
DEBUG:RTree:sorting took: 0
DEBUG:RTree:current_range: 0,8
DEBUG:RTree:current_n_entries: 8
DEBUG:RTree:height: 3
DEBUG:RTree:Not a leaf => add new nodes
DEBUG:RTree:n_entries_subtree 4
DEBUG:RTree:n_slices 2
DEBUG:RTree:Child node index: 0 range 0 4
DEBUG:RTree:Child node A_B_D:[[6.0, 72.0], [31.0, 600.0], [13.0, 27.0]]
DEBUG:RTree:Child node index: 1 range 4 8
DEBUG:RTree:Child node A_B_D:[[79.0, 118.0], [17.0, 85.0], [40.0, 72.0]]
DEBUG:RTree:current_range: 0,4
DEBUG:RTree:current_n_entries: 4
DEBUG:RTree:height: 2
DEBUG:RTree:Not a leaf => add new nodes
DEBUG:RTree:n_entries_subtree 2
DEBUG:RTree:n_slices 2
DEBUG:RTree:Child node index: 0 range 0 2
DEBUG:RTree:Child node A_B_D:[[6.0, 10.0], [31.0, 69.0], [13.0, 26.0]]
DEBUG:RTree:Child node index: 1 range 2 4
DEBUG:RTree:Child node A_B_D:[[18.0, 72.0], [500.0, 600.0], [19.0, 27.0]]
DEBUG:RTree:current_range: 4,8
DEBUG:RTree:current_n_entries: 4
DEBUG:RTree:height: 2
DEBUG:RTree:Not a leaf => add new nodes
DEBUG:RTree:n_entries_subtree 2
DEBUG:RTree:n_slices 2
DEBUG:RTree:Child node index: 0 range 4 6
DEBUG:RTree:Child node A_B_D:[[79.0, 86.0], [17.0, 51.0], [41.0, 54.0]]
DEBUG:RTree:Child node index: 1 range 6 8
DEBUG:RTree:Child node A_B_D:[[94.0, 118.0], [18.0, 85.0], [40.0, 72.0]]
DEBUG:RTree:current_range: 0,2
DEBUG:RTree:current_n_entries: 2
DEBUG:RTree:height: 1
DEBUG:RTree:Found leaf => add entries
DEBUG:RTree:len(adding_entries): 2
DEBUG:RTree:current_range: 2,4
DEBUG:RTree:current_n_entries: 2
DEBUG:RTree:height: 1
DEBUG:RTree:Found leaf => add entries
DEBUG:RTree:len(adding_entries): 2
DEBUG:RTree:current_range: 4,6
DEBUG:RTree:current_n_entries: 2
DEBUG:RTree:height: 1
DEBUG:RTree:Found leaf => add entries
DEBUG:RTree:len(adding_entries): 2
DEBUG:RTree:current_range: 6,8
DEBUG:RTree:current_n_entries: 2
DEBUG:RTree:height: 1
DEBUG:RTree:Found leaf => add entries
DEBUG:RTree:len(adding_entries): 2
INFO:Loader:Loading table: 0
INFO:Loader:Loading table: D_A
DEBUG:RTree:Start bulk loading
DEBUG:RTree:Tree name: D_A
DEBUG:RTree:sorting took: 0
DEBUG:RTree:current_range: 0,4
DEBUG:RTree:current_n_entries: 4
DEBUG:RTree:height: 2
DEBUG:RTree:Not a leaf => add new nodes
DEBUG:RTree:n_entries_subtree 2
DEBUG:RTree:n_slices 2
DEBUG:RTree:Child node index: 0 range 0 2
DEBUG:RTree:Child node D_A:[[13.0, 26.0], [10.0, 41.0]]
DEBUG:RTree:Child node index: 1 range 2 4
DEBUG:RTree:Child node D_A:[[1.0, 50.0], [72.0, 94.0]]
DEBUG:RTree:current_range: 0,2
DEBUG:RTree:current_n_entries: 2
DEBUG:RTree:height: 1
DEBUG:RTree:Found leaf => add entries
DEBUG:RTree:len(adding_entries): 2
DEBUG:RTree:current_range: 2,4
DEBUG:RTree:current_n_entries: 2
DEBUG:RTree:height: 1
DEBUG:RTree:Found leaf => add entries
DEBUG:RTree:len(adding_entries): 2
INFO:Loader:Loading table: 0
INFO:Loader:Total loading time: 0
INFO:Loader:Loader started
INFO:Loader:all_element_name A,B,C,D
INFO:Loader:Loading element: A
DEBUG:RTree:Start bulk loading
DEBUG:RTree:Tree name: A
DEBUG:RTree:sorting took: 0
DEBUG:RTree:current_range: 0,14
DEBUG:RTree:current_n_entries: 14
DEBUG:RTree:height: 4
DEBUG:RTree:Not a leaf => add new nodes
DEBUG:RTree:n_entries_subtree 8
DEBUG:RTree:n_slices 2
DEBUG:RTree:Child node index: 0 range 0 8
DEBUG:RTree:Child node A:[['1.1', '2.9'], [0.0, 64.0]]
DEBUG:RTree:Child node index: 1 range 8 14
DEBUG:RTree:Child node A:[['3.7', '5.7.4'], [70.0, 100.0]]
DEBUG:RTree:current_range: 0,8
DEBUG:RTree:current_n_entries: 8
DEBUG:RTree:height: 3
DEBUG:RTree:Not a leaf => add new nodes
DEBUG:RTree:n_entries_subtree 4
DEBUG:RTree:n_slices 2
DEBUG:RTree:Child node index: 0 range 0 4
DEBUG:RTree:Child node A:[['2.4', '2.9'], [0.0, 30.0]]
DEBUG:RTree:Child node index: 1 range 4 8
DEBUG:RTree:Child node A:[['1.1', '2.2'], [34.0, 64.0]]
DEBUG:RTree:current_range: 8,14
DEBUG:RTree:current_n_entries: 6
DEBUG:RTree:height: 3
DEBUG:RTree:Not a leaf => add new nodes
DEBUG:RTree:n_entries_subtree 4
DEBUG:RTree:n_slices 2
DEBUG:RTree:Child node index: 0 range 8 12
DEBUG:RTree:Child node A:[['3.7', '4.9'], [70.0, 89.0]]
DEBUG:RTree:Child node index: 1 range 12 14
DEBUG:RTree:Child node A:[['3.8', '5.7.4'], [90.0, 100.0]]
DEBUG:RTree:current_range: 0,4
DEBUG:RTree:current_n_entries: 4
DEBUG:RTree:height: 2
DEBUG:RTree:Not a leaf => add new nodes
DEBUG:RTree:n_entries_subtree 2
DEBUG:RTree:n_slices 2
DEBUG:RTree:Child node index: 0 range 0 2
DEBUG:RTree:Child node A:[['2.5', '2.9'], [0.0, 10.0]]
DEBUG:RTree:Child node index: 1 range 2 4
DEBUG:RTree:Child node A:[['2.4', '2.6'], [16.0, 30.0]]
DEBUG:RTree:current_range: 4,8
DEBUG:RTree:current_n_entries: 4
DEBUG:RTree:height: 2
DEBUG:RTree:Not a leaf => add new nodes
DEBUG:RTree:n_entries_subtree 2
DEBUG:RTree:n_slices 2
DEBUG:RTree:Child node index: 0 range 4 6
DEBUG:RTree:Child node A:[['1.1', '2.2'], [34.0, 40.0]]
DEBUG:RTree:Child node index: 1 range 6 8
DEBUG:RTree:Child node A:[['1.7', '1.8.4'], [45.0, 64.0]]
DEBUG:RTree:current_range: 8,12
DEBUG:RTree:current_n_entries: 4
DEBUG:RTree:height: 2
DEBUG:RTree:Not a leaf => add new nodes
DEBUG:RTree:n_entries_subtree 2
DEBUG:RTree:n_slices 2
DEBUG:RTree:Child node index: 0 range 8 10
DEBUG:RTree:Child node A:[['3.7', '3.9.2'], [70.0, 85.0]]
DEBUG:RTree:Child node index: 1 range 10 12
DEBUG:RTree:Child node A:[['4.6', '4.9'], [87.0, 89.0]]
DEBUG:RTree:current_range: 12,14
DEBUG:RTree:current_n_entries: 2
DEBUG:RTree:height: 1
DEBUG:RTree:Found leaf => add entries
DEBUG:RTree:len(adding_entries): 2
DEBUG:RTree:current_range: 0,2
DEBUG:RTree:current_n_entries: 2
DEBUG:RTree:height: 1
DEBUG:RTree:Found leaf => add entries
DEBUG:RTree:len(adding_entries): 2
DEBUG:RTree:current_range: 2,4
DEBUG:RTree:current_n_entries: 2
DEBUG:RTree:height: 1
DEBUG:RTree:Found leaf => add entries
DEBUG:RTree:len(adding_entries): 2
DEBUG:RTree:current_range: 4,6
DEBUG:RTree:current_n_entries: 2
DEBUG:RTree:height: 1
DEBUG:RTree:Found leaf => add entries
DEBUG:RTree:len(adding_entries): 2
DEBUG:RTree:current_range: 6,8
DEBUG:RTree:current_n_entries: 2
DEBUG:RTree:height: 1
DEBUG:RTree:Found leaf => add entries
DEBUG:RTree:len(adding_entries): 2
DEBUG:RTree:current_range: 8,10
DEBUG:RTree:current_n_entries: 2
DEBUG:RTree:height: 1
DEBUG:RTree:Found leaf => add entries
DEBUG:RTree:len(adding_entries): 2
DEBUG:RTree:current_range: 10,12
DEBUG:RTree:current_n_entries: 2
DEBUG:RTree:height: 1
DEBUG:RTree:Found leaf => add entries
DEBUG:RTree:len(adding_entries): 2
INFO:Loader:Loading element took: 0
INFO:Loader:Loading element: B
DEBUG:RTree:Start bulk loading
DEBUG:RTree:Tree name: B
DEBUG:RTree:sorting took: 0
DEBUG:RTree:current_range: 0,8
DEBUG:RTree:current_n_entries: 8
DEBUG:RTree:height: 3
DEBUG:RTree:Not a leaf => add new nodes
DEBUG:RTree:n_entries_subtree 4
DEBUG:RTree:n_slices 2
DEBUG:RTree:Child node index: 0 range 0 4
DEBUG:RTree:Child node B:[['1.4', '2.9.2'], [12.0, 31.0]]
DEBUG:RTree:Child node index: 1 range 4 8
DEBUG:RTree:Child node B:[['4.15', '5.6'], [36.0, 82.0]]
DEBUG:RTree:current_range: 0,4
DEBUG:RTree:current_n_entries: 4
DEBUG:RTree:height: 2
DEBUG:RTree:Not a leaf => add new nodes
DEBUG:RTree:n_entries_subtree 2
DEBUG:RTree:n_slices 2
DEBUG:RTree:Child node index: 0 range 0 2
DEBUG:RTree:Child node B:[['1.6', '2.5.3'], [12.0, 18.0]]
DEBUG:RTree:Child node index: 1 range 2 4
DEBUG:RTree:Child node B:[['1.4', '2.9.2'], [20.0, 31.0]]
DEBUG:RTree:current_range: 4,8
DEBUG:RTree:current_n_entries: 4
DEBUG:RTree:height: 2
DEBUG:RTree:Not a leaf => add new nodes
DEBUG:RTree:n_entries_subtree 2
DEBUG:RTree:n_slices 2
DEBUG:RTree:Child node index: 0 range 4 6
DEBUG:RTree:Child node B:[['5.1', '5.6'], [36.0, 49.0]]
DEBUG:RTree:Child node index: 1 range 6 8
DEBUG:RTree:Child node B:[['4.15', '5.2'], [51.0, 82.0]]
DEBUG:RTree:current_range: 0,2
DEBUG:RTree:current_n_entries: 2
DEBUG:RTree:height: 1
DEBUG:RTree:Found leaf => add entries
DEBUG:RTree:len(adding_entries): 2
DEBUG:RTree:current_range: 2,4
DEBUG:RTree:current_n_entries: 2
DEBUG:RTree:height: 1
DEBUG:RTree:Found leaf => add entries
DEBUG:RTree:len(adding_entries): 2
DEBUG:RTree:current_range: 4,6
DEBUG:RTree:current_n_entries: 2
DEBUG:RTree:height: 1
DEBUG:RTree:Found leaf => add entries
DEBUG:RTree:len(adding_entries): 2
DEBUG:RTree:current_range: 6,8
DEBUG:RTree:current_n_entries: 2
DEBUG:RTree:height: 1
DEBUG:RTree:Found leaf => add entries
DEBUG:RTree:len(adding_entries): 2
INFO:Loader:Loading element took: 0
INFO:Loader:Loading element: C
DEBUG:RTree:Start bulk loading
DEBUG:RTree:Tree name: C
DEBUG:RTree:sorting took: 0
DEBUG:RTree:current_range: 0,8
DEBUG:RTree:current_n_entries: 8
DEBUG:RTree:height: 3
DEBUG:RTree:Not a leaf => add new nodes
DEBUG:RTree:n_entries_subtree 4
DEBUG:RTree:n_slices 2
DEBUG:RTree:Child node index: 0 range 0 4
DEBUG:RTree:Child node C:[['2.3', '2.9.4'], [13.0, 30.0]]
DEBUG:RTree:Child node index: 1 range 4 8
DEBUG:RTree:Child node C:[['3.4', '3.7.3'], [36.0, 79.0]]
DEBUG:RTree:current_range: 0,4
DEBUG:RTree:current_n_entries: 4
DEBUG:RTree:height: 2
DEBUG:RTree:Not a leaf => add new nodes
DEBUG:RTree:n_entries_subtree 2
DEBUG:RTree:n_slices 2
DEBUG:RTree:Child node index: 0 range 0 2
DEBUG:RTree:Child node C:[['2.3', '2.7'], [13.0, 17.0]]
DEBUG:RTree:Child node index: 1 range 2 4
DEBUG:RTree:Child node C:[['2.6', '2.9.4'], [24.0, 30.0]]
DEBUG:RTree:current_range: 4,8
DEBUG:RTree:current_n_entries: 4
DEBUG:RTree:height: 2
DEBUG:RTree:Not a leaf => add new nodes
DEBUG:RTree:n_entries_subtree 2
DEBUG:RTree:n_slices 2
DEBUG:RTree:Child node index: 0 range 4 6
DEBUG:RTree:Child node C:[['3.4', '3.5.2'], [36.0, 59.0]]
DEBUG:RTree:Child node index: 1 range 6 8
DEBUG:RTree:Child node C:[['3.6', '3.7.3'], [64.0, 79.0]]
DEBUG:RTree:current_range: 0,2
DEBUG:RTree:current_n_entries: 2
DEBUG:RTree:height: 1
DEBUG:RTree:Found leaf => add entries
DEBUG:RTree:len(adding_entries): 2
DEBUG:RTree:current_range: 2,4
DEBUG:RTree:current_n_entries: 2
DEBUG:RTree:height: 1
DEBUG:RTree:Found leaf => add entries
DEBUG:RTree:len(adding_entries): 2
DEBUG:RTree:current_range: 4,6
DEBUG:RTree:current_n_entries: 2
DEBUG:RTree:height: 1
DEBUG:RTree:Found leaf => add entries
DEBUG:RTree:len(adding_entries): 2
DEBUG:RTree:current_range: 6,8
DEBUG:RTree:current_n_entries: 2
DEBUG:RTree:height: 1
DEBUG:RTree:Found leaf => add entries
DEBUG:RTree:len(adding_entries): 2
INFO:Loader:Loading element took: 0
INFO:Loader:Loading element: D
DEBUG:RTree:Start bulk loading
DEBUG:RTree:Tree name: D
DEBUG:RTree:sorting took: 0
DEBUG:RTree:current_range: 0,8
DEBUG:RTree:current_n_entries: 8
DEBUG:RTree:height: 3
DEBUG:RTree:Not a leaf => add new nodes
DEBUG:RTree:n_entries_subtree 4
DEBUG:RTree:n_slices 2
DEBUG:RTree:Child node index: 0 range 0 4
DEBUG:RTree:Child node D:[['4.12', '4.6.3'], [3.0, 19.0]]
DEBUG:RTree:Child node index: 1 range 4 8
DEBUG:RTree:Child node D:[['1.71', '2.9.4.2'], [26.0, 54.0]]
DEBUG:RTree:current_range: 0,4
DEBUG:RTree:current_n_entries: 4
DEBUG:RTree:height: 2
DEBUG:RTree:Not a leaf => add new nodes
DEBUG:RTree:n_entries_subtree 2
DEBUG:RTree:n_slices 2
DEBUG:RTree:Child node index: 0 range 0 2
DEBUG:RTree:Child node D:[['4.4.1', '4.6.3'], [3.0, 7.0]]
DEBUG:RTree:Child node index: 1 range 2 4
DEBUG:RTree:Child node D:[['4.12', '4.6.3'], [15.0, 19.0]]
DEBUG:RTree:current_range: 4,8
DEBUG:RTree:current_n_entries: 4
DEBUG:RTree:height: 2
DEBUG:RTree:Not a leaf => add new nodes
DEBUG:RTree:n_entries_subtree 2
DEBUG:RTree:n_slices 2
DEBUG:RTree:Child node index: 0 range 4 6
DEBUG:RTree:Child node D:[['1.8.2', '2.9.4.2'], [26.0, 30.0]]
DEBUG:RTree:Child node index: 1 range 6 8
DEBUG:RTree:Child node D:[['1.71', '2.16.3'], [39.0, 54.0]]
DEBUG:RTree:current_range: 0,2
DEBUG:RTree:current_n_entries: 2
DEBUG:RTree:height: 1
DEBUG:RTree:Found leaf => add entries
DEBUG:RTree:len(adding_entries): 2
DEBUG:RTree:current_range: 2,4
DEBUG:RTree:current_n_entries: 2
DEBUG:RTree:height: 1
DEBUG:RTree:Found leaf => add entries
DEBUG:RTree:len(adding_entries): 2
DEBUG:RTree:current_range: 4,6
DEBUG:RTree:current_n_entries: 2
DEBUG:RTree:height: 1
DEBUG:RTree:Found leaf => add entries
DEBUG:RTree:len(adding_entries): 2
DEBUG:RTree:current_range: 6,8
DEBUG:RTree:current_n_entries: 2
DEBUG:RTree:height: 1
DEBUG:RTree:Found leaf => add entries
DEBUG:RTree:len(adding_entries): 2
INFO:Loader:Loading element took: 0
INFO:Loader:Loading table: C_A
DEBUG:RTree:Start bulk loading
DEBUG:RTree:Tree name: C_A
DEBUG:RTree:sorting took: 0
DEBUG:RTree:current_range: 0,8
DEBUG:RTree:current_n_entries: 8
DEBUG:RTree:height: 3
DEBUG:RTree:Not a leaf => add new nodes
DEBUG:RTree:n_entries_subtree 4
DEBUG:RTree:n_slices 2
DEBUG:RTree:Child node index: 0 range 0 4
DEBUG:RTree:Child node C_A:[[24.0, 400.0], [5.0, 40.0]]
DEBUG:RTree:Child node index: 1 range 4 8
DEBUG:RTree:Child node C_A:[[15.0, 71.0], [62.0, 99.0]]
DEBUG:RTree:current_range: 0,4
DEBUG:RTree:current_n_entries: 4
DEBUG:RTree:height: 2
DEBUG:RTree:Not a leaf => add new nodes
DEBUG:RTree:n_entries_subtree 2
DEBUG:RTree:n_slices 2
DEBUG:RTree:Child node index: 0 range 0 2
DEBUG:RTree:Child node C_A:[[24.0, 34.0], [5.0, 10.0]]
DEBUG:RTree:Child node index: 1 range 2 4
DEBUG:RTree:Child node C_A:[[300.0, 400.0], [12.0, 40.0]]
DEBUG:RTree:current_range: 4,8
DEBUG:RTree:current_n_entries: 4
DEBUG:RTree:height: 2
DEBUG:RTree:Not a leaf => add new nodes
DEBUG:RTree:n_entries_subtree 2
DEBUG:RTree:n_slices 2
DEBUG:RTree:Child node index: 0 range 4 6
DEBUG:RTree:Child node C_A:[[15.0, 42.0], [62.0, 78.0]]
DEBUG:RTree:Child node index: 1 range 6 8
DEBUG:RTree:Child node C_A:[[36.0, 71.0], [92.0, 99.0]]
DEBUG:RTree:current_range: 0,2
DEBUG:RTree:current_n_entries: 2
DEBUG:RTree:height: 1
DEBUG:RTree:Found leaf => add entries
DEBUG:RTree:len(adding_entries): 2
DEBUG:RTree:current_range: 2,4
DEBUG:RTree:current_n_entries: 2
DEBUG:RTree:height: 1
DEBUG:RTree:Found leaf => add entries
DEBUG:RTree:len(adding_entries): 2
DEBUG:RTree:current_range: 4,6
DEBUG:RTree:current_n_entries: 2
DEBUG:RTree:height: 1
DEBUG:RTree:Found leaf => add entries
DEBUG:RTree:len(adding_entries): 2
DEBUG:RTree:current_range: 6,8
DEBUG:RTree:current_n_entries: 2
DEBUG:RTree:height: 1
DEBUG:RTree:Found leaf => add entries
DEBUG:RTree:len(adding_entries): 2
INFO:Loader:Loading table: 0
INFO:Loader:Loading table: B_C
DEBUG:RTree:Start bulk loading
DEBUG:RTree:Tree name: B_C
DEBUG:RTree:sorting took: 0
DEBUG:RTree:current_range: 0,8
DEBUG:RTree:current_n_entries: 8
DEBUG:RTree:height: 3
DEBUG:RTree:Not a leaf => add new nodes
DEBUG:RTree:n_entries_subtree 4
DEBUG:RTree:n_slices 2
DEBUG:RTree:Child node index: 0 range 0 4
DEBUG:RTree:Child node B_C:[[5.0, 31.0], [13.0, 72.0]]
DEBUG:RTree:Child node index: 1 range 4 8
DEBUG:RTree:Child node B_C:[[44.0, 69.0], [6.0, 41.0]]
DEBUG:RTree:current_range: 0,4
DEBUG:RTree:current_n_entries: 4
DEBUG:RTree:height: 2
DEBUG:RTree:Not a leaf => add new nodes
DEBUG:RTree:n_entries_subtree 2
DEBUG:RTree:n_slices 2
DEBUG:RTree:Child node index: 0 range 0 2
DEBUG:RTree:Child node B_C:[[5.0, 9.0], [13.0, 36.0]]
DEBUG:RTree:Child node index: 1 range 2 4
DEBUG:RTree:Child node B_C:[[22.0, 31.0], [24.0, 72.0]]
DEBUG:RTree:current_range: 4,8
DEBUG:RTree:current_n_entries: 4
DEBUG:RTree:height: 2
DEBUG:RTree:Not a leaf => add new nodes
DEBUG:RTree:n_entries_subtree 2
DEBUG:RTree:n_slices 2
DEBUG:RTree:Child node index: 0 range 4 6
DEBUG:RTree:Child node B_C:[[44.0, 58.0], [6.0, 41.0]]
DEBUG:RTree:Child node index: 1 range 6 8
DEBUG:RTree:Child node B_C:[[60.0, 69.0], [11.0, 34.0]]
DEBUG:RTree:current_range: 0,2
DEBUG:RTree:current_n_entries: 2
DEBUG:RTree:height: 1
DEBUG:RTree:Found leaf => add entries
DEBUG:RTree:len(adding_entries): 2
DEBUG:RTree:current_range: 2,4
DEBUG:RTree:current_n_entries: 2
DEBUG:RTree:height: 1
DEBUG:RTree:Found leaf => add entries
DEBUG:RTree:len(adding_entries): 2
DEBUG:RTree:current_range: 4,6
DEBUG:RTree:current_n_entries: 2
DEBUG:RTree:height: 1
DEBUG:RTree:Found leaf => add entries
DEBUG:RTree:len(adding_entries): 2
DEBUG:RTree:current_range: 6,8
DEBUG:RTree:current_n_entries: 2
DEBUG:RTree:height: 1
DEBUG:RTree:Found leaf => add entries
DEBUG:RTree:len(adding_entries): 2
INFO:Loader:Loading table: 0
INFO:Loader:Loading table: A_B_D
DEBUG:RTree:Start bulk loading
DEBUG:RTree:Tree name: A_B_D
DEBUG:RTree:sorting took: 0
DEBUG:RTree:current_range: 0,8
DEBUG:RTree:current_n_entries: 8
DEBUG:RTree:height: 3
DEBUG:RTree:Not a leaf => add new nodes
DEBUG:RTree:n_entries_subtree 4
DEBUG:RTree:n_slices 2
DEBUG:RTree:Child node index: 0 range 0 4
DEBUG:RTree:Child node A_B_D:[[6.0, 72.0], [31.0, 600.0], [13.0, 27.0]]
DEBUG:RTree:Child node index: 1 range 4 8
DEBUG:RTree:Child node A_B_D:[[79.0, 118.0], [17.0, 85.0], [40.0, 72.0]]
DEBUG:RTree:current_range: 0,4
DEBUG:RTree:current_n_entries: 4
DEBUG:RTree:height: 2
DEBUG:RTree:Not a leaf => add new nodes
DEBUG:RTree:n_entries_subtree 2
DEBUG:RTree:n_slices 2
DEBUG:RTree:Child node index: 0 range 0 2
DEBUG:RTree:Child node A_B_D:[[6.0, 10.0], [31.0, 69.0], [13.0, 26.0]]
DEBUG:RTree:Child node index: 1 range 2 4
DEBUG:RTree:Child node A_B_D:[[18.0, 72.0], [500.0, 600.0], [19.0, 27.0]]
DEBUG:RTree:current_range: 4,8
DEBUG:RTree:current_n_entries: 4
DEBUG:RTree:height: 2
DEBUG:RTree:Not a leaf => add new nodes
DEBUG:RTree:n_entries_subtree 2
DEBUG:RTree:n_slices 2
DEBUG:RTree:Child node index: 0 range 4 6
DEBUG:RTree:Child node A_B_D:[[79.0, 86.0], [17.0, 51.0], [41.0, 54.0]]
DEBUG:RTree:Child node index: 1 range 6 8
DEBUG:RTree:Child node A_B_D:[[94.0, 118.0], [18.0, 85.0], [40.0, 72.0]]
DEBUG:RTree:current_range: 0,2
DEBUG:RTree:current_n_entries: 2
DEBUG:RTree:height: 1
DEBUG:RTree:Found leaf => add entries
DEBUG:RTree:len(adding_entries): 2
DEBUG:RTree:current_range: 2,4
DEBUG:RTree:current_n_entries: 2
DEBUG:RTree:height: 1
DEBUG:RTree:Found leaf => add entries
DEBUG:RTree:len(adding_entries): 2
DEBUG:RTree:current_range: 4,6
DEBUG:RTree:current_n_entries: 2
DEBUG:RTree:height: 1
DEBUG:RTree:Found leaf => add entries
DEBUG:RTree:len(adding_entries): 2
DEBUG:RTree:current_range: 6,8
DEBUG:RTree:current_n_entries: 2
DEBUG:RTree:height: 1
DEBUG:RTree:Found leaf => add entries
DEBUG:RTree:len(adding_entries): 2
INFO:Loader:Loading table: 0
INFO:Loader:Loading table: D_A
DEBUG:RTree:Start bulk loading
DEBUG:RTree:Tree name: D_A
DEBUG:RTree:sorting took: 0
DEBUG:RTree:current_range: 0,4
DEBUG:RTree:current_n_entries: 4
DEBUG:RTree:height: 2
DEBUG:RTree:Not a leaf => add new nodes
DEBUG:RTree:n_entries_subtree 2
DEBUG:RTree:n_slices 2
DEBUG:RTree:Child node index: 0 range 0 2
DEBUG:RTree:Child node D_A:[[13.0, 26.0], [10.0, 41.0]]
DEBUG:RTree:Child node index: 1 range 2 4
DEBUG:RTree:Child node D_A:[[1.0, 50.0], [72.0, 94.0]]
DEBUG:RTree:current_range: 0,2
DEBUG:RTree:current_n_entries: 2
DEBUG:RTree:height: 1
DEBUG:RTree:Found leaf => add entries
DEBUG:RTree:len(adding_entries): 2
DEBUG:RTree:current_range: 2,4
DEBUG:RTree:current_n_entries: 2
DEBUG:RTree:height: 1
DEBUG:RTree:Found leaf => add entries
DEBUG:RTree:len(adding_entries): 2
INFO:Loader:Loading table: 0
INFO:Loader:Total loading time: 0
INFO:Main:Initialize link took:  0
INFO:Main:query root node A:[['1.1', '5.7.4'], [10.0, 94.0]] filter time: 0
INFO:Main:query root node A:[['1.1', '2.9'], [10.0, 40.0]] filter time: 0
INFO:Main:query root node A:[['3.7', '5.7.4'], [72.0, 94.0]] filter time: 0
INFO:Main:query root node A:[['2.4', '2.9'], [10.0, 30.0]] filter time: 0
INFO:Main:query root node A:[['1.1', '2.2'], [34.0, 40.0]] filter time: 0
INFO:Main:query root node A:[['2.5', '2.9'], [10.0, 10.0]] filter time: 0
INFO:Main:query root node A:[['2.4', '2.6'], [18.0, 30.0]] filter time: 0
INFO:Main:Filtering time 0
INFO:Main:Average filtering time for one node: 0
INFO:Main:Number of remaining leaf nodes of root after Filtering: 1
INFO:Main:Number of remaining leaf nodes of root after validation: 1
INFO:Main:All Possible results:
INFO:Main:validation time 0
INFO:Runner:#####################
INFO:Runner:#####################
INFO:Runner:#####################
INFO:Loader:Loader started
INFO:Loader:all_element_name A,B,C,D
INFO:Loader:Loading element: A
INFO:Loader:Loading element took: 0
INFO:Loader:Loading element: B
INFO:Loader:Loading element took: 0
INFO:Loader:Loading element: C
INFO:Loader:Loading element took: 0
INFO:Loader:Loading element: D
INFO:Loader:Loading element took: 0
INFO:Loader:Loading table: C_A
INFO:Loader:Loading table: 0
INFO:Loader:Loading table: B_C
INFO:Loader:Loading table: 0
INFO:Loader:Loading table: A_B_D
INFO:Loader:Loading table: 0
INFO:Loader:Loading table: D_A
INFO:Loader:Loading table: 0
INFO:Loader:Total loading time: 0
INFO:Main:Initialize link took:  0
INFO:Main:query root node A:[['1.1', '5.7.4'], [10.0, 94.0]] filter time: 0
INFO:Main:query root node A:[['1.1', '2.9'], [10.0, 41.0]] filter time: 0
INFO:Main:query root node A:[['3.7', '5.7.4'], [72.0, 94.0]] filter time: 0
INFO:Main:query root node A:[['2.4', '2.9'], [10.0, 30.0]] filter time: 0
INFO:Main:query root node A:[['1.1', '2.2'], [34.0, 41.0]] filter time: 0
INFO:Main:query root node A:[['2.5', '2.9'], [10.0, 10.0]] filter time: 0
INFO:Main:query root node A:[['2.4', '2.6'], [18.0, 30.0]] filter time: 0
INFO:Main:Filtering time 0
INFO:Main:Average filtering time for one node: 0
INFO:Main:Number of remaining leaf nodes of root after Filtering: 1
INFO:Main:Number of remaining leaf nodes of root after validation: 1
INFO:Main:All Possible results:
INFO:Main:validation time 0
INFO:Runner:#####################
INFO:Runner:#####################
INFO:Runner:#####################
INFO:Loader:Loader started
INFO:Loader:all_element_name A,B,C,D
INFO:Loader:Loading element: A
INFO:Loader:Loading element took: 0
INFO:Loader:Loading element: B
INFO:Loader:Loading element took: 0
INFO:Loader:Loading element: C
INFO:Loader:Loading element took: 0
INFO:Loader:Loading element: D
INFO:Loader:Loading element took: 0
INFO:Loader:Loading table: C_A
INFO:Loader:Loading table: 0
INFO:Loader:Loading table: B_C
INFO:Loader:Loading table: 0
INFO:Loader:Loading table: A_B_D
INFO:Loader:Loading table: 0
INFO:Loader:Loading table: D_A
INFO:Loader:Loading table: 0
INFO:Loader:Total loading time: 0
INFO:Main:Initialize link took:  0
INFO:Main:query root node A:[['1.1', '5.7.4'], [10.0, 94.0]] filter time: 0
INFO:Main:query root node A:[['1.1', '2.9'], [10.0, 41.0]] filter time: 0
INFO:Main:query root node A:[['3.7', '5.7.4'], [72.0, 94.0]] filter time: 0
INFO:Main:query root node A:[['2.4', '2.9'], [10.0, 30.0]] filter time: 0
INFO:Main:query root node A:[['1.1', '2.2'], [34.0, 41.0]] filter time: 0
INFO:Main:query root node A:[['2.5', '2.9'], [10.0, 10.0]] filter time: 0
INFO:Main:query root node A:[['2.4', '2.6'], [18.0, 30.0]] filter time: 0
INFO:Main:Filtering time 0
INFO:Main:Average filtering time for one node: 0
INFO:Main:Number of remaining leaf nodes of root after Filtering: 1
INFO:Main:Number of remaining leaf nodes of root after validation: 1
INFO:Main:All Possible results:
INFO:Main:validation time 0
INFO:Runner:#####################
INFO:Runner:#####################
INFO:Runner:#####################
INFO:Main:Initialize link took:  0
INFO:Main:query root node A:[['1.1', '5.7.4'], [10.0, 94.0]] filter time: 0
INFO:Main:query root node A:[['1.1', '2.9'], [10.0, 41.0]] filter time: 0
INFO:Main:query root node A:[['3.7', '5.7.4'], [72.0, 94.0]] filter time: 0
INFO:Main:query root node A:[['2.4', '2.9'], [10.0, 30.0]] filter time: 0
INFO:Main:query root node A:[['1.1', '2.2'], [34.0, 41.0]] filter time: 0
INFO:Main:query root node A:[['2.5', '2.9'], [10.0, 10.0]] filter time: 0
INFO:Main:query root node A:[['2.4', '2.6'], [18.0, 30.0]] filter time: 0
INFO:Main:Filtering time 0
INFO:Main:Average filtering time for one node: 0
INFO:Main:Number of remaining leaf nodes of root after Filtering: 1
INFO:Main:Number of remaining leaf nodes of root after validation: 1
INFO:Main:All Possible results:
INFO:Main:validation time 0
INFO:Runner:#####################
INFO:Runner:#####################
INFO:Runner:#####################
INFO:Main:Initialize link took:  0
INFO:Main:query root node A:[['1.1', '5.7.4'], [10.0, 94.0]] filter time: 0
INFO:Main:Filtering time 0
INFO:Main:Average filtering time for one node: 0
INFO:Main:Number of remaining leaf nodes of root after Filtering: 0
INFO:Main:Number of remaining leaf nodes of root after validation: 0
INFO:Main:All Possible results:
INFO:Main:validation time 0
INFO:Runner:#####################
INFO:Runner:#####################
INFO:Runner:#####################
INFO:Main:Initialize link took:  0
INFO:Main:query root node A:[['1.1', '5.7.4'], [10.0, 94.0]] filter time: 0
INFO:Main:query root node A:[['1.1', '2.9'], [10.0, 41.0]] filter time: 0
INFO:Main:query root node A:[['3.7', '5.7.4'], [72.0, 94.0]] filter time: 0
INFO:Main:query root node A:[['2.4', '2.9'], [10.0, 30.0]] filter time: 0
INFO:Main:query root node A:[['1.1', '2.2'], [34.0, 41.0]] filter time: 0
INFO:Main:query root node A:[['2.5', '2.9'], [10.0, 10.0]] filter time: 0
INFO:Main:query root node A:[['2.4', '2.6'], [18.0, 30.0]] filter time: 0
INFO:Main:Filtering time 0
INFO:Main:Average filtering time for one node: 0
INFO:Main:Number of remaining leaf nodes of root after Filtering: 1
INFO:Main:Number of remaining leaf nodes of root after validation: 1
INFO:Main:All Possible results:
INFO:Main:validation time 0
INFO:Runner:#####################
INFO:Runner:#####################
INFO:Runner:#####################
INFO:Main:Initialize link took:  0
INFO:Main:query root node A:[['1.1', '5.7.4'], [10.0, 94.0]] filter time: 0
INFO:Main:query root node A:[['1.1', '2.9'], [10.0, 41.0]] filter time: 0
INFO:Main:query root node A:[['3.7', '5.7.4'], [72.0, 94.0]] filter time: 0
INFO:Main:query root node A:[['2.4', '2.9'], [10.0, 30.0]] filter time: 0
INFO:Main:query root node A:[['1.1', '2.2'], [34.0, 41.0]] filter time: 0
INFO:Main:query root node A:[['2.5', '2.9'], [10.0, 10.0]] filter time: 0
INFO:Main:query root node A:[['2.4', '2.6'], [18.0, 30.0]] filter time: 0
INFO:Main:Filtering time 0
INFO:Main:Average filtering time for one node: 0
INFO:Main:Number of remaining leaf nodes of root after Filtering: 1
INFO:Main:["A:[['2.5', '2.9'], [10.0, 10.0]]"]
INFO:Main:Number of remaining leaf nodes of root after validation: 1
INFO:Main:All Possible results:
INFO:Main:validation time 0
INFO:Runner:#####################
INFO:Runner:#####################
INFO:Runner:#####################
INFO:Main:Initialize link took:  0
DEBUG:Main Filterer:--- Begin Filtering --- A:[['1.1', '5.7.4'], [0.0, 100.0]]
DEBUG:Main Filterer:	Parent: None
DEBUG:Main Filterer:	Limit range: {'B': [12.0, 82.0], 'D': [3.0, 54.0], 'C': [13.0, 79.0], 'A': [0.0, 100.0]}
DEBUG:Main Filterer:	Limit range UPDATED based on node value{'B': [12.0, 82.0], 'D': [3.0, 54.0], 'C': [13.0, 79.0], 'A': [0.0, 100.0]}
DEBUG:Value Filterer:Begin Value Filtering A:[['1.1', '5.7.4'], [0.0, 100.0]]
INFO:Main:Initialize link took:  0
DEBUG:Main Filterer:--- Begin Filtering --- A:[['1.1', '5.7.4'], [0.0, 100.0]]
DEBUG:Main Filterer:	Parent: None
DEBUG:Main Filterer:	Limit range: {'A': [0.0, 100.0], 'D': [3.0, 54.0], 'C': [13.0, 79.0], 'B': [12.0, 82.0]}
DEBUG:Main Filterer:	Limit range UPDATED based on node value{'A': [0.0, 100.0], 'D': [3.0, 54.0], 'C': [13.0, 79.0], 'B': [12.0, 82.0]}
DEBUG:Value Filterer:Begin Value Filtering A:[['1.1', '5.7.4'], [0.0, 100.0]]
INFO:Main:Initialize link took:  0
DEBUG:Main Filterer:--- Begin Filtering --- A:[['1.1', '5.7.4'], [0.0, 100.0]]
DEBUG:Main Filterer:	Parent: None
DEBUG:Main Filterer:	Limit range: {'C': [13.0, 79.0], 'A': [0.0, 100.0], 'D': [3.0, 54.0], 'B': [12.0, 82.0]}
DEBUG:Main Filterer:	Limit range UPDATED based on node value{'C': [13.0, 79.0], 'A': [0.0, 100.0], 'D': [3.0, 54.0], 'B': [12.0, 82.0]}
DEBUG:Value Filterer:Begin Value Filtering A:[['1.1', '5.7.4'], [0.0, 100.0]]
INFO:Main:Initialize link took:  0
DEBUG:Main Filterer:--- Begin Filtering --- A:[['1.1', '5.7.4'], [0.0, 100.0]]
DEBUG:Main Filterer:	Parent: None
DEBUG:Main Filterer:	Limit range: {'A': [0.0, 100.0], 'D': [3.0, 54.0], 'C': [13.0, 79.0], 'B': [12.0, 82.0]}
DEBUG:Main Filterer:	Limit range UPDATED based on node value{'A': [0.0, 100.0], 'D': [3.0, 54.0], 'C': [13.0, 79.0], 'B': [12.0, 82.0]}
DEBUG:Value Filterer:Begin Value Filtering A:[['1.1', '5.7.4'], [0.0, 100.0]]
INFO:Main:Initialize link took:  0
DEBUG:Main Filterer:--- Begin Filtering --- A:[['1.1', '5.7.4'], [0.0, 100.0]]
DEBUG:Main Filterer:	Parent: None
DEBUG:Main Filterer:	Limit range: {'D': [3.0, 54.0], 'C': [13.0, 79.0], 'B': [12.0, 82.0], 'A': [0.0, 100.0]}
DEBUG:Main Filterer:	Limit range UPDATED based on node value{'D': [3.0, 54.0], 'C': [13.0, 79.0], 'B': [12.0, 82.0], 'A': [0.0, 100.0]}
DEBUG:Value Filterer:Begin Value Filtering A:[['1.1', '5.7.4'], [0.0, 100.0]]
INFO:Main:Initialize link took:  0
DEBUG:Main Filterer:--- Begin Filtering --- A:[['1.1', '5.7.4'], [0.0, 100.0]]
DEBUG:Main Filterer:	Parent: None
DEBUG:Main Filterer:	Limit range: {'D': [3.0, 54.0], 'C': [13.0, 79.0], 'A': [0.0, 100.0], 'B': [12.0, 82.0]}
DEBUG:Main Filterer:	Limit range UPDATED based on node value{'D': [3.0, 54.0], 'C': [13.0, 79.0], 'A': [0.0, 100.0], 'B': [12.0, 82.0]}
DEBUG:Value Filterer:Begin Value Filtering A:[['1.1', '5.7.4'], [0.0, 100.0]]
INFO:Main:Initialize link took:  0
DEBUG:Main Filterer:--- Begin Filtering --- A:[['1.1', '5.7.4'], [0.0, 100.0]]
DEBUG:Main Filterer:	Parent: None
DEBUG:Main Filterer:	Limit range: {'A': [0.0, 100.0], 'D': [3.0, 54.0], 'C': [13.0, 79.0], 'B': [12.0, 82.0]}
DEBUG:Main Filterer:	Limit range UPDATED based on node value{'A': [0.0, 100.0], 'D': [3.0, 54.0], 'C': [13.0, 79.0], 'B': [12.0, 82.0]}
DEBUG:Value Filterer:Begin Value Filtering A:[['1.1', '5.7.4'], [0.0, 100.0]]
INFO:Main:Initialize link took:  0
DEBUG:Main Filterer:--- Begin Filtering --- A:[['1.1', '5.7.4'], [0.0, 100.0]]
DEBUG:Main Filterer:	Parent: None
DEBUG:Main Filterer:	Limit range: {'C': [13.0, 79.0], 'A': [0.0, 100.0], 'D': [3.0, 54.0], 'B': [12.0, 82.0]}
DEBUG:Main Filterer:	Limit range UPDATED based on node value{'C': [13.0, 79.0], 'A': [0.0, 100.0], 'D': [3.0, 54.0], 'B': [12.0, 82.0]}
DEBUG:Value Filterer:Begin Value Filtering A:[['1.1', '5.7.4'], [0.0, 100.0]]
DEBUG:Main Filterer:Limit range UPDATED based on value filtering{'C': [15.0, 79.0], 'A': [10.0, 94.0], 'D': [13.0, 50.0], 'B': [17.0, 82.0]}
DEBUG:Main Filterer:Begin Connected Element FilteringA:[['1.1', '5.7.4'], [0.0, 100.0]]
DEBUG:Connected Element Filterer:Connected element filtering
DEBUG:Connected Element Filterer:Limit range {'C': [15.0, 79.0], 'A': [10.0, 94.0], 'D': [13.0, 50.0], 'B': [17.0, 82.0]}
DEBUG:Connected Element Filterer:	Checking: C
DEBUG:Connected Element Filterer:		C:[['2.3', '3.7.3'], [13.0, 79.0]]
DEBUG:Connected Element Filterer:	Remaining nodes: ["C:[['2.3', '3.7.3'], [13.0, 79.0]]"]
DEBUG:Connected Element Filterer:	Checking: B
DEBUG:Connected Element Filterer:		B:[['1.4', '5.6'], [12.0, 82.0]]
DEBUG:Connected Element Filterer:	Remaining nodes: ["B:[['1.4', '5.6'], [12.0, 82.0]]"]
DEBUG:Traversing Query:Start check lower lever A:[['1.1', '5.7.4'], [0.0, 100.0]]
DEBUG:Traversing Query:	Traverse down C
DEBUG:Main Filterer:		--- Begin Filtering --- C:[['2.3', '3.7.3'], [13.0, 79.0]]
DEBUG:Main Filterer:			Parent: None
DEBUG:Main Filterer:			Limit range: {'C': [15.0, 79.0], 'A': [10.0, 94.0], 'D': [13.0, 50.0], 'B': [17.0, 82.0]}
DEBUG:Main Filterer:			Limit range UPDATED based on node value{'C': [15.0, 79.0], 'A': [10.0, 94.0], 'D': [13.0, 50.0], 'B': [17.0, 82.0]}
DEBUG:Value Filterer:		Begin Value Filtering C:[['2.3', '3.7.3'], [13.0, 79.0]]
INFO:Main:Initialize link took:  0
DEBUG:Main Filterer:--- Begin Filtering --- A:[['1.1', '5.7.4'], [0.0, 100.0]]
DEBUG:Main Filterer:	Parent: None
DEBUG:Main Filterer:	Limit range: {'A': [0.0, 100.0], 'B': [12.0, 82.0], 'C': [13.0, 79.0], 'D': [3.0, 54.0]}
DEBUG:Main Filterer:	Limit range UPDATED based on node value{'A': [0.0, 100.0], 'B': [12.0, 82.0], 'C': [13.0, 79.0], 'D': [3.0, 54.0]}
DEBUG:Value Filterer:Begin Value Filtering A:[['1.1', '5.7.4'], [0.0, 100.0]]
DEBUG:Main Filterer:Limit range UPDATED based on value filtering{'A': [10.0, 94.0], 'B': [17.0, 82.0], 'C': [15.0, 79.0], 'D': [13.0, 50.0]}
DEBUG:Main Filterer:Begin Connected Element FilteringA:[['1.1', '5.7.4'], [0.0, 100.0]]
DEBUG:Connected Element Filterer:Connected element filtering
DEBUG:Connected Element Filterer:Limit range {'A': [10.0, 94.0], 'B': [17.0, 82.0], 'C': [15.0, 79.0], 'D': [13.0, 50.0]}
DEBUG:Connected Element Filterer:	Checking: B
DEBUG:Connected Element Filterer:		B:[['1.4', '5.6'], [12.0, 82.0]]
DEBUG:Connected Element Filterer:	Remaining nodes: ["B:[['1.4', '5.6'], [12.0, 82.0]]"]
DEBUG:Connected Element Filterer:	Checking: C
DEBUG:Connected Element Filterer:		C:[['2.3', '3.7.3'], [13.0, 79.0]]
DEBUG:Connected Element Filterer:	Remaining nodes: ["C:[['2.3', '3.7.3'], [13.0, 79.0]]"]
DEBUG:Traversing Query:Start check lower lever A:[['1.1', '5.7.4'], [0.0, 100.0]]
DEBUG:Traversing Query:	Traverse down B
DEBUG:Main Filterer:	--- Begin Filtering --- B:[['1.4', '5.6'], [12.0, 82.0]]
DEBUG:Main Filterer:		Parent: None
DEBUG:Main Filterer:		Limit range: {'A': [10.0, 94.0], 'B': [17.0, 82.0], 'C': [15.0, 79.0], 'D': [13.0, 50.0]}
DEBUG:Main Filterer:		Limit range UPDATED based on node value{'A': [10.0, 94.0], 'B': [17.0, 82.0], 'C': [15.0, 79.0], 'D': [13.0, 50.0]}
DEBUG:Value Filterer:	Begin Value Filtering B:[['1.4', '5.6'], [12.0, 82.0]]
DEBUG:Main Filterer:	Limit range UPDATED based on value filtering{'A': [10.0, 94.0], 'B': [17.0, 69.0], 'C': [15.0, 72.0], 'D': [13.0, 50.0]}
DEBUG:Main Filterer:	Begin Connected Element FilteringB:[['1.4', '5.6'], [12.0, 82.0]]
DEBUG:Connected Element Filterer:	Connected element filtering
DEBUG:Connected Element Filterer:	Limit range {'A': [10.0, 94.0], 'B': [17.0, 69.0], 'C': [15.0, 72.0], 'D': [13.0, 50.0]}
DEBUG:Traversing Query:	Start check lower lever B:[['1.4', '5.6'], [12.0, 82.0]]
DEBUG:Init Children:	Start initialize children link B:[['1.4', '5.6'], [12.0, 82.0]]
DEBUG:Init Children:	limit_range {'A': [10.0, 94.0], 'B': [17.0, 69.0], 'C': [15.0, 72.0], 'D': [13.0, 50.0]}
DEBUG:Init Children:		link_sql[B_C] ['B_C:[[5.0, 31.0], [13.0, 72.0]]', 'B_C:[[44.0, 69.0], [6.0, 41.0]]']
