/home/tri/UDBMS/UDBMS_RTree/venv/bin/python /home/tri/UDBMS/UDBMS_RTree/runner.py
     NODE  [['1.1', '5.7.4'], [0.0, 100.0]]
         NODE  [['1.1', '2.9'], [0.0, 64.0]]
             NODE  [['2.4', '2.9'], [0.0, 30.0]]
                 NODE  [['2.5', '2.9'], [0.0, 10.0]] is Leaf
                 ['2.5', 0.0]
                 ['2.9', 10.0]
                 NODE  [['2.4', '2.6'], [16.0, 30.0]] is Leaf
                 ['2.6', 16.0]
                 ['2.4', 30.0]
             NODE  [['1.1', '2.2'], [34.0, 64.0]]
                 NODE  [['1.1', '2.2'], [34.0, 40.0]] is Leaf
                 ['2.2', 34.0]
                 ['1.1', 40.0]
                 NODE  [['1.7', '1.8.4'], [45.0, 64.0]] is Leaf
                 ['1.7', 45.0]
                 ['1.8.4', 64.0]
         NODE  [['3.7', '5.7.4'], [70.0, 100.0]]
             NODE  [['3.7', '4.9'], [70.0, 89.0]]
                 NODE  [['3.7', '3.9.2'], [70.0, 85.0]] is Leaf
                 ['3.9.2', 70.0]
                 ['3.7', 85.0]
                 NODE  [['4.6', '4.9'], [87.0, 89.0]] is Leaf
                 ['4.9', 87.0]
                 ['4.6', 89.0]
             NODE  [['3.8', '5.7.4'], [90.0, 100.0]] is Leaf
             ['3.8', 90.0]
             ['5.7.4', 100.0]
     NODE  [['1.4', '5.6'], [12.0, 82.0]]
         NODE  [['1.4', '2.9.2'], [12.0, 31.0]]
             NODE  [['1.6', '2.5.3'], [12.0, 18.0]] is Leaf
             ['2.5.3', 12.0]
             ['1.6', 18.0]
             NODE  [['1.4', '2.9.2'], [20.0, 31.0]] is Leaf
             ['1.4', 20.0]
             ['2.9.2', 31.0]
         NODE  [['4.15', '5.6'], [36.0, 82.0]]
             NODE  [['5.1', '5.6'], [36.0, 49.0]] is Leaf
             ['5.6', 36.0]
             ['5.1', 49.0]
             NODE  [['4.15', '5.2'], [51.0, 82.0]] is Leaf
             ['4.15', 51.0]
             ['5.2', 82.0]
     NODE  [['2.3', '3.7.3'], [13.0, 79.0]]
         NODE  [['2.3', '2.9.4'], [13.0, 30.0]]
             NODE  [['2.3', '2.7'], [13.0, 17.0]] is Leaf
             ['2.3', 13.0]
             ['2.7', 17.0]
             NODE  [['2.6', '2.9.4'], [24.0, 30.0]] is Leaf
             ['2.9.4', 24.0]
             ['2.6', 30.0]
         NODE  [['3.4', '3.7.3'], [36.0, 79.0]]
             NODE  [['3.4', '3.5.2'], [36.0, 59.0]] is Leaf
             ['3.5.2', 36.0]
             ['3.4', 59.0]
             NODE  [['3.6', '3.7.3'], [64.0, 79.0]] is Leaf
             ['3.6', 64.0]
             ['3.7.3', 79.0]
     NODE  [['1.71', '4.6.3'], [3.0, 54.0]]
         NODE  [['4.12', '4.6.3'], [3.0, 19.0]]
             NODE  [['4.4.1', '4.6.3'], [3.0, 7.0]] is Leaf
             ['4.6.3', 3.0]
             ['4.4.1', 7.0]
             NODE  [['4.12', '4.6.3'], [15.0, 19.0]] is Leaf
             ['4.12', 15.0]
             ['4.6.3', 19.0]
         NODE  [['1.71', '2.9.4.2'], [26.0, 54.0]]
             NODE  [['1.8.2', '2.9.4.2'], [26.0, 30.0]] is Leaf
             ['2.9.4.2', 26.0]
             ['1.8.2', 30.0]
             NODE  [['1.71', '2.16.3'], [39.0, 54.0]] is Leaf
             ['1.71', 39.0]
             ['2.16.3', 54.0]
     NODE  [[15.0, 400.0], [5.0, 99.0]]
         NODE  [[24.0, 400.0], [5.0, 40.0]]
             NODE  [[24.0, 34.0], [5.0, 10.0]] is Leaf
             [34.0, 5.0]
             [24.0, 10.0]
             NODE  [[300.0, 400.0], [12.0, 40.0]] is Leaf
             [400.0, 12.0]
             [300.0, 40.0]
         NODE  [[15.0, 71.0], [62.0, 99.0]]
             NODE  [[15.0, 42.0], [62.0, 78.0]] is Leaf
             [42.0, 62.0]
             [15.0, 78.0]
             NODE  [[36.0, 71.0], [92.0, 99.0]] is Leaf
             [36.0, 92.0]
             [71.0, 99.0]
     NODE  [[5.0, 69.0], [6.0, 72.0]]
         NODE  [[5.0, 31.0], [13.0, 72.0]]
             NODE  [[5.0, 9.0], [13.0, 36.0]] is Leaf
             [5.0, 13.0]
             [9.0, 36.0]
             NODE  [[22.0, 31.0], [24.0, 72.0]] is Leaf
             [22.0, 72.0]
             [31.0, 24.0]
         NODE  [[44.0, 69.0], [6.0, 41.0]]
             NODE  [[44.0, 58.0], [6.0, 41.0]] is Leaf
             [44.0, 41.0]
             [58.0, 6.0]
             NODE  [[60.0, 69.0], [11.0, 34.0]] is Leaf
             [60.0, 34.0]
             [69.0, 11.0]
     NODE  [[6.0, 118.0], [17.0, 600.0], [13.0, 72.0]]
         NODE  [[6.0, 72.0], [31.0, 600.0], [13.0, 27.0]]
             NODE  [[6.0, 10.0], [31.0, 69.0], [13.0, 26.0]] is Leaf
             [6.0, 69.0, 13.0]
             [10.0, 31.0, 26.0]
             NODE  [[18.0, 72.0], [500.0, 600.0], [19.0, 27.0]] is Leaf
             [18.0, 600.0, 27.0]
             [72.0, 500.0, 19.0]
         NODE  [[79.0, 118.0], [17.0, 85.0], [40.0, 72.0]]
             NODE  [[79.0, 86.0], [17.0, 51.0], [41.0, 54.0]] is Leaf
             [79.0, 51.0, 41.0]
             [86.0, 17.0, 54.0]
             NODE  [[94.0, 118.0], [18.0, 85.0], [40.0, 72.0]] is Leaf
             [94.0, 85.0, 72.0]
             [118.0, 18.0, 40.0]
     NODE  [[1.0, 50.0], [10.0, 94.0]]
         NODE  [[13.0, 26.0], [10.0, 41.0]] is Leaf
         [26.0, 10.0]
         [13.0, 41.0]
         NODE  [[1.0, 50.0], [72.0, 94.0]] is Leaf
         [1.0, 72.0]
         [50.0, 94.0]

Process finished with exit code 0
